ARM GAS  C:\Users\seblo\AppData\Local\Temp\ccKmK7av.s 			page 1


   1              		.cpu cortex-m7
   2              		.eabi_attribute 27, 1
   3              		.eabi_attribute 28, 1
   4              		.eabi_attribute 20, 1
   5              		.eabi_attribute 21, 1
   6              		.eabi_attribute 23, 3
   7              		.eabi_attribute 24, 1
   8              		.eabi_attribute 25, 1
   9              		.eabi_attribute 26, 1
  10              		.eabi_attribute 30, 1
  11              		.eabi_attribute 34, 1
  12              		.eabi_attribute 18, 4
  13              		.file	"diskio.c"
  14              		.text
  15              	.Ltext0:
  16              		.cfi_sections	.debug_frame
  17              		.section	.text.disk_status,"ax",%progbits
  18              		.align	1
  19              		.global	disk_status
  20              		.arch armv7e-m
  21              		.syntax unified
  22              		.thumb
  23              		.thumb_func
  24              		.fpu fpv5-sp-d16
  26              	disk_status:
  27              	.LVL0:
  28              	.LFB146:
  29              		.file 1 "Middlewares/Third_Party/FatFs/src/diskio.c"
   1:Middlewares/Third_Party/FatFs/src/diskio.c **** /*-----------------------------------------------------------------------*/
   2:Middlewares/Third_Party/FatFs/src/diskio.c **** /* Low level disk I/O module skeleton for FatFs     (C)ChaN, 2017        */
   3:Middlewares/Third_Party/FatFs/src/diskio.c **** /*                                                                       */
   4:Middlewares/Third_Party/FatFs/src/diskio.c **** /*   Portions COPYRIGHT 2017 STMicroelectronics                          */
   5:Middlewares/Third_Party/FatFs/src/diskio.c **** /*   Portions Copyright (C) 2017, ChaN, all right reserved               */
   6:Middlewares/Third_Party/FatFs/src/diskio.c **** /*-----------------------------------------------------------------------*/
   7:Middlewares/Third_Party/FatFs/src/diskio.c **** /* If a working storage control module is available, it should be        */
   8:Middlewares/Third_Party/FatFs/src/diskio.c **** /* attached to the FatFs via a glue function rather than modifying it.   */
   9:Middlewares/Third_Party/FatFs/src/diskio.c **** /* This is an example of glue functions to attach various existing      */
  10:Middlewares/Third_Party/FatFs/src/diskio.c **** /* storage control modules to the FatFs module with a defined API.       */
  11:Middlewares/Third_Party/FatFs/src/diskio.c **** /*-----------------------------------------------------------------------*/
  12:Middlewares/Third_Party/FatFs/src/diskio.c **** 
  13:Middlewares/Third_Party/FatFs/src/diskio.c **** /* Includes ------------------------------------------------------------------*/
  14:Middlewares/Third_Party/FatFs/src/diskio.c **** #include "diskio.h"
  15:Middlewares/Third_Party/FatFs/src/diskio.c **** #include "ff_gen_drv.h"
  16:Middlewares/Third_Party/FatFs/src/diskio.c **** 
  17:Middlewares/Third_Party/FatFs/src/diskio.c **** #if defined ( __GNUC__ )
  18:Middlewares/Third_Party/FatFs/src/diskio.c **** #ifndef __weak
  19:Middlewares/Third_Party/FatFs/src/diskio.c **** #define __weak __attribute__((weak))
  20:Middlewares/Third_Party/FatFs/src/diskio.c **** #endif
  21:Middlewares/Third_Party/FatFs/src/diskio.c **** #endif
  22:Middlewares/Third_Party/FatFs/src/diskio.c **** 
  23:Middlewares/Third_Party/FatFs/src/diskio.c **** /* Private typedef -----------------------------------------------------------*/
  24:Middlewares/Third_Party/FatFs/src/diskio.c **** /* Private define ------------------------------------------------------------*/
  25:Middlewares/Third_Party/FatFs/src/diskio.c **** /* Private variables ---------------------------------------------------------*/
  26:Middlewares/Third_Party/FatFs/src/diskio.c **** extern Disk_drvTypeDef  disk;
  27:Middlewares/Third_Party/FatFs/src/diskio.c **** 
  28:Middlewares/Third_Party/FatFs/src/diskio.c **** /* Private function prototypes -----------------------------------------------*/
  29:Middlewares/Third_Party/FatFs/src/diskio.c **** /* Private functions ---------------------------------------------------------*/
ARM GAS  C:\Users\seblo\AppData\Local\Temp\ccKmK7av.s 			page 2


  30:Middlewares/Third_Party/FatFs/src/diskio.c **** 
  31:Middlewares/Third_Party/FatFs/src/diskio.c **** /**
  32:Middlewares/Third_Party/FatFs/src/diskio.c ****   * @brief  Gets Disk Status
  33:Middlewares/Third_Party/FatFs/src/diskio.c ****   * @param  pdrv: Physical drive number (0..)
  34:Middlewares/Third_Party/FatFs/src/diskio.c ****   * @retval DSTATUS: Operation status
  35:Middlewares/Third_Party/FatFs/src/diskio.c ****   */
  36:Middlewares/Third_Party/FatFs/src/diskio.c **** DSTATUS disk_status (
  37:Middlewares/Third_Party/FatFs/src/diskio.c **** 	BYTE pdrv		/* Physical drive number to identify the drive */
  38:Middlewares/Third_Party/FatFs/src/diskio.c **** )
  39:Middlewares/Third_Party/FatFs/src/diskio.c **** {
  30              		.loc 1 39 1 view -0
  31              		.cfi_startproc
  32              		@ args = 0, pretend = 0, frame = 0
  33              		@ frame_needed = 0, uses_anonymous_args = 0
  34              		.loc 1 39 1 is_stmt 0 view .LVU1
  35 0000 08B5     		push	{r3, lr}
  36              	.LCFI0:
  37              		.cfi_def_cfa_offset 8
  38              		.cfi_offset 3, -8
  39              		.cfi_offset 14, -4
  40:Middlewares/Third_Party/FatFs/src/diskio.c ****   DSTATUS stat;
  40              		.loc 1 40 3 is_stmt 1 view .LVU2
  41:Middlewares/Third_Party/FatFs/src/diskio.c **** 
  42:Middlewares/Third_Party/FatFs/src/diskio.c ****   stat = disk.drv[pdrv]->disk_status(disk.lun[pdrv]);
  41              		.loc 1 42 3 view .LVU3
  42              		.loc 1 42 18 is_stmt 0 view .LVU4
  43 0002 044B     		ldr	r3, .L3
  44 0004 03EB8002 		add	r2, r3, r0, lsl #2
  45 0008 5268     		ldr	r2, [r2, #4]
  46              		.loc 1 42 24 view .LVU5
  47 000a 5268     		ldr	r2, [r2, #4]
  48              		.loc 1 42 10 view .LVU6
  49 000c 0344     		add	r3, r3, r0
  50 000e 187A     		ldrb	r0, [r3, #8]	@ zero_extendqisi2
  51              	.LVL1:
  52              		.loc 1 42 10 view .LVU7
  53 0010 9047     		blx	r2
  54              	.LVL2:
  43:Middlewares/Third_Party/FatFs/src/diskio.c ****   return stat;
  55              		.loc 1 43 3 is_stmt 1 view .LVU8
  44:Middlewares/Third_Party/FatFs/src/diskio.c **** }
  56              		.loc 1 44 1 is_stmt 0 view .LVU9
  57 0012 08BD     		pop	{r3, pc}
  58              	.L4:
  59              		.align	2
  60              	.L3:
  61 0014 00000000 		.word	disk
  62              		.cfi_endproc
  63              	.LFE146:
  65              		.section	.text.disk_initialize,"ax",%progbits
  66              		.align	1
  67              		.global	disk_initialize
  68              		.syntax unified
  69              		.thumb
  70              		.thumb_func
  71              		.fpu fpv5-sp-d16
  73              	disk_initialize:
ARM GAS  C:\Users\seblo\AppData\Local\Temp\ccKmK7av.s 			page 3


  74              	.LVL3:
  75              	.LFB147:
  45:Middlewares/Third_Party/FatFs/src/diskio.c **** 
  46:Middlewares/Third_Party/FatFs/src/diskio.c **** /**
  47:Middlewares/Third_Party/FatFs/src/diskio.c ****   * @brief  Initializes a Drive
  48:Middlewares/Third_Party/FatFs/src/diskio.c ****   * @param  pdrv: Physical drive number (0..)
  49:Middlewares/Third_Party/FatFs/src/diskio.c ****   * @retval DSTATUS: Operation status
  50:Middlewares/Third_Party/FatFs/src/diskio.c ****   */
  51:Middlewares/Third_Party/FatFs/src/diskio.c **** DSTATUS disk_initialize (
  52:Middlewares/Third_Party/FatFs/src/diskio.c **** 	BYTE pdrv				/* Physical drive nmuber to identify the drive */
  53:Middlewares/Third_Party/FatFs/src/diskio.c **** )
  54:Middlewares/Third_Party/FatFs/src/diskio.c **** {
  76              		.loc 1 54 1 is_stmt 1 view -0
  77              		.cfi_startproc
  78              		@ args = 0, pretend = 0, frame = 0
  79              		@ frame_needed = 0, uses_anonymous_args = 0
  80              		.loc 1 54 1 is_stmt 0 view .LVU11
  81 0000 08B5     		push	{r3, lr}
  82              	.LCFI1:
  83              		.cfi_def_cfa_offset 8
  84              		.cfi_offset 3, -8
  85              		.cfi_offset 14, -4
  55:Middlewares/Third_Party/FatFs/src/diskio.c ****   DSTATUS stat = RES_OK;
  86              		.loc 1 55 3 is_stmt 1 view .LVU12
  87              	.LVL4:
  56:Middlewares/Third_Party/FatFs/src/diskio.c **** 
  57:Middlewares/Third_Party/FatFs/src/diskio.c ****   if(disk.is_initialized[pdrv] == 0)
  88              		.loc 1 57 3 view .LVU13
  89              		.loc 1 57 25 is_stmt 0 view .LVU14
  90 0002 084B     		ldr	r3, .L9
  91 0004 1B5C     		ldrb	r3, [r3, r0]	@ zero_extendqisi2
  92              		.loc 1 57 5 view .LVU15
  93 0006 53B9     		cbnz	r3, .L7
  58:Middlewares/Third_Party/FatFs/src/diskio.c ****   {
  59:Middlewares/Third_Party/FatFs/src/diskio.c ****     disk.is_initialized[pdrv] = 1;
  94              		.loc 1 59 5 is_stmt 1 view .LVU16
  95              		.loc 1 59 31 is_stmt 0 view .LVU17
  96 0008 064B     		ldr	r3, .L9
  97 000a 0122     		movs	r2, #1
  98 000c 1A54     		strb	r2, [r3, r0]
  60:Middlewares/Third_Party/FatFs/src/diskio.c ****     stat = disk.drv[pdrv]->disk_initialize(disk.lun[pdrv]);
  99              		.loc 1 60 5 is_stmt 1 view .LVU18
 100              		.loc 1 60 20 is_stmt 0 view .LVU19
 101 000e 03EB8002 		add	r2, r3, r0, lsl #2
 102 0012 5268     		ldr	r2, [r2, #4]
 103              		.loc 1 60 26 view .LVU20
 104 0014 1268     		ldr	r2, [r2]
 105              		.loc 1 60 12 view .LVU21
 106 0016 1844     		add	r0, r0, r3
 107              	.LVL5:
 108              		.loc 1 60 12 view .LVU22
 109 0018 007A     		ldrb	r0, [r0, #8]	@ zero_extendqisi2
 110 001a 9047     		blx	r2
 111              	.LVL6:
 112              	.L6:
  61:Middlewares/Third_Party/FatFs/src/diskio.c ****   }
  62:Middlewares/Third_Party/FatFs/src/diskio.c ****   return stat;
ARM GAS  C:\Users\seblo\AppData\Local\Temp\ccKmK7av.s 			page 4


 113              		.loc 1 62 3 is_stmt 1 view .LVU23
  63:Middlewares/Third_Party/FatFs/src/diskio.c **** }
 114              		.loc 1 63 1 is_stmt 0 view .LVU24
 115 001c 08BD     		pop	{r3, pc}
 116              	.LVL7:
 117              	.L7:
  55:Middlewares/Third_Party/FatFs/src/diskio.c **** 
 118              		.loc 1 55 11 view .LVU25
 119 001e 0020     		movs	r0, #0
 120              	.LVL8:
  55:Middlewares/Third_Party/FatFs/src/diskio.c **** 
 121              		.loc 1 55 11 view .LVU26
 122 0020 FCE7     		b	.L6
 123              	.L10:
 124 0022 00BF     		.align	2
 125              	.L9:
 126 0024 00000000 		.word	disk
 127              		.cfi_endproc
 128              	.LFE147:
 130              		.section	.text.disk_read,"ax",%progbits
 131              		.align	1
 132              		.global	disk_read
 133              		.syntax unified
 134              		.thumb
 135              		.thumb_func
 136              		.fpu fpv5-sp-d16
 138              	disk_read:
 139              	.LVL9:
 140              	.LFB148:
  64:Middlewares/Third_Party/FatFs/src/diskio.c **** 
  65:Middlewares/Third_Party/FatFs/src/diskio.c **** /**
  66:Middlewares/Third_Party/FatFs/src/diskio.c ****   * @brief  Reads Sector(s)
  67:Middlewares/Third_Party/FatFs/src/diskio.c ****   * @param  pdrv: Physical drive number (0..)
  68:Middlewares/Third_Party/FatFs/src/diskio.c ****   * @param  *buff: Data buffer to store read data
  69:Middlewares/Third_Party/FatFs/src/diskio.c ****   * @param  sector: Sector address (LBA)
  70:Middlewares/Third_Party/FatFs/src/diskio.c ****   * @param  count: Number of sectors to read (1..128)
  71:Middlewares/Third_Party/FatFs/src/diskio.c ****   * @retval DRESULT: Operation result
  72:Middlewares/Third_Party/FatFs/src/diskio.c ****   */
  73:Middlewares/Third_Party/FatFs/src/diskio.c **** DRESULT disk_read (
  74:Middlewares/Third_Party/FatFs/src/diskio.c **** 	BYTE pdrv,		/* Physical drive nmuber to identify the drive */
  75:Middlewares/Third_Party/FatFs/src/diskio.c **** 	BYTE *buff,		/* Data buffer to store read data */
  76:Middlewares/Third_Party/FatFs/src/diskio.c **** 	DWORD sector,	        /* Sector address in LBA */
  77:Middlewares/Third_Party/FatFs/src/diskio.c **** 	UINT count		/* Number of sectors to read */
  78:Middlewares/Third_Party/FatFs/src/diskio.c **** )
  79:Middlewares/Third_Party/FatFs/src/diskio.c **** {
 141              		.loc 1 79 1 is_stmt 1 view -0
 142              		.cfi_startproc
 143              		@ args = 0, pretend = 0, frame = 0
 144              		@ frame_needed = 0, uses_anonymous_args = 0
 145              		.loc 1 79 1 is_stmt 0 view .LVU28
 146 0000 38B5     		push	{r3, r4, r5, lr}
 147              	.LCFI2:
 148              		.cfi_def_cfa_offset 16
 149              		.cfi_offset 3, -16
 150              		.cfi_offset 4, -12
 151              		.cfi_offset 5, -8
 152              		.cfi_offset 14, -4
ARM GAS  C:\Users\seblo\AppData\Local\Temp\ccKmK7av.s 			page 5


  80:Middlewares/Third_Party/FatFs/src/diskio.c ****   DRESULT res;
 153              		.loc 1 80 3 is_stmt 1 view .LVU29
  81:Middlewares/Third_Party/FatFs/src/diskio.c **** 
  82:Middlewares/Third_Party/FatFs/src/diskio.c ****   res = disk.drv[pdrv]->disk_read(disk.lun[pdrv], buff, sector, count);
 154              		.loc 1 82 3 view .LVU30
 155              		.loc 1 82 17 is_stmt 0 view .LVU31
 156 0002 044C     		ldr	r4, .L13
 157 0004 04EB8005 		add	r5, r4, r0, lsl #2
 158 0008 6D68     		ldr	r5, [r5, #4]
 159              		.loc 1 82 23 view .LVU32
 160 000a AD68     		ldr	r5, [r5, #8]
 161              		.loc 1 82 9 view .LVU33
 162 000c 0444     		add	r4, r4, r0
 163 000e 207A     		ldrb	r0, [r4, #8]	@ zero_extendqisi2
 164              	.LVL10:
 165              		.loc 1 82 9 view .LVU34
 166 0010 A847     		blx	r5
 167              	.LVL11:
  83:Middlewares/Third_Party/FatFs/src/diskio.c ****   return res;
 168              		.loc 1 83 3 is_stmt 1 view .LVU35
  84:Middlewares/Third_Party/FatFs/src/diskio.c **** }
 169              		.loc 1 84 1 is_stmt 0 view .LVU36
 170 0012 38BD     		pop	{r3, r4, r5, pc}
 171              	.L14:
 172              		.align	2
 173              	.L13:
 174 0014 00000000 		.word	disk
 175              		.cfi_endproc
 176              	.LFE148:
 178              		.section	.text.disk_write,"ax",%progbits
 179              		.align	1
 180              		.global	disk_write
 181              		.syntax unified
 182              		.thumb
 183              		.thumb_func
 184              		.fpu fpv5-sp-d16
 186              	disk_write:
 187              	.LVL12:
 188              	.LFB149:
  85:Middlewares/Third_Party/FatFs/src/diskio.c **** 
  86:Middlewares/Third_Party/FatFs/src/diskio.c **** /**
  87:Middlewares/Third_Party/FatFs/src/diskio.c ****   * @brief  Writes Sector(s)
  88:Middlewares/Third_Party/FatFs/src/diskio.c ****   * @param  pdrv: Physical drive number (0..)
  89:Middlewares/Third_Party/FatFs/src/diskio.c ****   * @param  *buff: Data to be written
  90:Middlewares/Third_Party/FatFs/src/diskio.c ****   * @param  sector: Sector address (LBA)
  91:Middlewares/Third_Party/FatFs/src/diskio.c ****   * @param  count: Number of sectors to write (1..128)
  92:Middlewares/Third_Party/FatFs/src/diskio.c ****   * @retval DRESULT: Operation result
  93:Middlewares/Third_Party/FatFs/src/diskio.c ****   */
  94:Middlewares/Third_Party/FatFs/src/diskio.c **** #if _USE_WRITE == 1
  95:Middlewares/Third_Party/FatFs/src/diskio.c **** DRESULT disk_write (
  96:Middlewares/Third_Party/FatFs/src/diskio.c **** 	BYTE pdrv,		/* Physical drive nmuber to identify the drive */
  97:Middlewares/Third_Party/FatFs/src/diskio.c **** 	const BYTE *buff,	/* Data to be written */
  98:Middlewares/Third_Party/FatFs/src/diskio.c **** 	DWORD sector,		/* Sector address in LBA */
  99:Middlewares/Third_Party/FatFs/src/diskio.c **** 	UINT count        	/* Number of sectors to write */
 100:Middlewares/Third_Party/FatFs/src/diskio.c **** )
 101:Middlewares/Third_Party/FatFs/src/diskio.c **** {
 189              		.loc 1 101 1 is_stmt 1 view -0
ARM GAS  C:\Users\seblo\AppData\Local\Temp\ccKmK7av.s 			page 6


 190              		.cfi_startproc
 191              		@ args = 0, pretend = 0, frame = 0
 192              		@ frame_needed = 0, uses_anonymous_args = 0
 193              		.loc 1 101 1 is_stmt 0 view .LVU38
 194 0000 38B5     		push	{r3, r4, r5, lr}
 195              	.LCFI3:
 196              		.cfi_def_cfa_offset 16
 197              		.cfi_offset 3, -16
 198              		.cfi_offset 4, -12
 199              		.cfi_offset 5, -8
 200              		.cfi_offset 14, -4
 102:Middlewares/Third_Party/FatFs/src/diskio.c ****   DRESULT res;
 201              		.loc 1 102 3 is_stmt 1 view .LVU39
 103:Middlewares/Third_Party/FatFs/src/diskio.c **** 
 104:Middlewares/Third_Party/FatFs/src/diskio.c ****   res = disk.drv[pdrv]->disk_write(disk.lun[pdrv], buff, sector, count);
 202              		.loc 1 104 3 view .LVU40
 203              		.loc 1 104 17 is_stmt 0 view .LVU41
 204 0002 044C     		ldr	r4, .L17
 205 0004 04EB8005 		add	r5, r4, r0, lsl #2
 206 0008 6D68     		ldr	r5, [r5, #4]
 207              		.loc 1 104 23 view .LVU42
 208 000a ED68     		ldr	r5, [r5, #12]
 209              		.loc 1 104 9 view .LVU43
 210 000c 0444     		add	r4, r4, r0
 211 000e 207A     		ldrb	r0, [r4, #8]	@ zero_extendqisi2
 212              	.LVL13:
 213              		.loc 1 104 9 view .LVU44
 214 0010 A847     		blx	r5
 215              	.LVL14:
 105:Middlewares/Third_Party/FatFs/src/diskio.c ****   return res;
 216              		.loc 1 105 3 is_stmt 1 view .LVU45
 106:Middlewares/Third_Party/FatFs/src/diskio.c **** }
 217              		.loc 1 106 1 is_stmt 0 view .LVU46
 218 0012 38BD     		pop	{r3, r4, r5, pc}
 219              	.L18:
 220              		.align	2
 221              	.L17:
 222 0014 00000000 		.word	disk
 223              		.cfi_endproc
 224              	.LFE149:
 226              		.section	.text.disk_ioctl,"ax",%progbits
 227              		.align	1
 228              		.global	disk_ioctl
 229              		.syntax unified
 230              		.thumb
 231              		.thumb_func
 232              		.fpu fpv5-sp-d16
 234              	disk_ioctl:
 235              	.LVL15:
 236              	.LFB150:
 107:Middlewares/Third_Party/FatFs/src/diskio.c **** #endif /* _USE_WRITE == 1 */
 108:Middlewares/Third_Party/FatFs/src/diskio.c **** 
 109:Middlewares/Third_Party/FatFs/src/diskio.c **** /**
 110:Middlewares/Third_Party/FatFs/src/diskio.c ****   * @brief  I/O control operation
 111:Middlewares/Third_Party/FatFs/src/diskio.c ****   * @param  pdrv: Physical drive number (0..)
 112:Middlewares/Third_Party/FatFs/src/diskio.c ****   * @param  cmd: Control code
 113:Middlewares/Third_Party/FatFs/src/diskio.c ****   * @param  *buff: Buffer to send/receive control data
ARM GAS  C:\Users\seblo\AppData\Local\Temp\ccKmK7av.s 			page 7


 114:Middlewares/Third_Party/FatFs/src/diskio.c ****   * @retval DRESULT: Operation result
 115:Middlewares/Third_Party/FatFs/src/diskio.c ****   */
 116:Middlewares/Third_Party/FatFs/src/diskio.c **** #if _USE_IOCTL == 1
 117:Middlewares/Third_Party/FatFs/src/diskio.c **** DRESULT disk_ioctl (
 118:Middlewares/Third_Party/FatFs/src/diskio.c **** 	BYTE pdrv,		/* Physical drive nmuber (0..) */
 119:Middlewares/Third_Party/FatFs/src/diskio.c **** 	BYTE cmd,		/* Control code */
 120:Middlewares/Third_Party/FatFs/src/diskio.c **** 	void *buff		/* Buffer to send/receive control data */
 121:Middlewares/Third_Party/FatFs/src/diskio.c **** )
 122:Middlewares/Third_Party/FatFs/src/diskio.c **** {
 237              		.loc 1 122 1 is_stmt 1 view -0
 238              		.cfi_startproc
 239              		@ args = 0, pretend = 0, frame = 0
 240              		@ frame_needed = 0, uses_anonymous_args = 0
 241              		.loc 1 122 1 is_stmt 0 view .LVU48
 242 0000 10B5     		push	{r4, lr}
 243              	.LCFI4:
 244              		.cfi_def_cfa_offset 8
 245              		.cfi_offset 4, -8
 246              		.cfi_offset 14, -4
 123:Middlewares/Third_Party/FatFs/src/diskio.c ****   DRESULT res;
 247              		.loc 1 123 3 is_stmt 1 view .LVU49
 124:Middlewares/Third_Party/FatFs/src/diskio.c **** 
 125:Middlewares/Third_Party/FatFs/src/diskio.c ****   res = disk.drv[pdrv]->disk_ioctl(disk.lun[pdrv], cmd, buff);
 248              		.loc 1 125 3 view .LVU50
 249              		.loc 1 125 17 is_stmt 0 view .LVU51
 250 0002 044B     		ldr	r3, .L21
 251 0004 03EB8004 		add	r4, r3, r0, lsl #2
 252 0008 6468     		ldr	r4, [r4, #4]
 253              		.loc 1 125 23 view .LVU52
 254 000a 2469     		ldr	r4, [r4, #16]
 255              		.loc 1 125 9 view .LVU53
 256 000c 0344     		add	r3, r3, r0
 257 000e 187A     		ldrb	r0, [r3, #8]	@ zero_extendqisi2
 258              	.LVL16:
 259              		.loc 1 125 9 view .LVU54
 260 0010 A047     		blx	r4
 261              	.LVL17:
 126:Middlewares/Third_Party/FatFs/src/diskio.c ****   return res;
 262              		.loc 1 126 3 is_stmt 1 view .LVU55
 127:Middlewares/Third_Party/FatFs/src/diskio.c **** }
 263              		.loc 1 127 1 is_stmt 0 view .LVU56
 264 0012 10BD     		pop	{r4, pc}
 265              	.L22:
 266              		.align	2
 267              	.L21:
 268 0014 00000000 		.word	disk
 269              		.cfi_endproc
 270              	.LFE150:
 272              		.section	.text.get_fattime,"ax",%progbits
 273              		.align	1
 274              		.weak	get_fattime
 275              		.syntax unified
 276              		.thumb
 277              		.thumb_func
 278              		.fpu fpv5-sp-d16
 280              	get_fattime:
 281              	.LFB151:
ARM GAS  C:\Users\seblo\AppData\Local\Temp\ccKmK7av.s 			page 8


 128:Middlewares/Third_Party/FatFs/src/diskio.c **** #endif /* _USE_IOCTL == 1 */
 129:Middlewares/Third_Party/FatFs/src/diskio.c **** 
 130:Middlewares/Third_Party/FatFs/src/diskio.c **** /**
 131:Middlewares/Third_Party/FatFs/src/diskio.c ****   * @brief  Gets Time from RTC
 132:Middlewares/Third_Party/FatFs/src/diskio.c ****   * @param  None
 133:Middlewares/Third_Party/FatFs/src/diskio.c ****   * @retval Time in DWORD
 134:Middlewares/Third_Party/FatFs/src/diskio.c ****   */
 135:Middlewares/Third_Party/FatFs/src/diskio.c **** __weak DWORD get_fattime (void)
 136:Middlewares/Third_Party/FatFs/src/diskio.c **** {
 282              		.loc 1 136 1 is_stmt 1 view -0
 283              		.cfi_startproc
 284              		@ args = 0, pretend = 0, frame = 0
 285              		@ frame_needed = 0, uses_anonymous_args = 0
 286              		@ link register save eliminated.
 137:Middlewares/Third_Party/FatFs/src/diskio.c ****   return 0;
 287              		.loc 1 137 3 view .LVU58
 138:Middlewares/Third_Party/FatFs/src/diskio.c **** }
 288              		.loc 1 138 1 is_stmt 0 view .LVU59
 289 0000 0020     		movs	r0, #0
 290 0002 7047     		bx	lr
 291              		.cfi_endproc
 292              	.LFE151:
 294              		.text
 295              	.Letext0:
 296              		.file 2 "Middlewares/Third_Party/FatFs/src/integer.h"
 297              		.file 3 "Middlewares/Third_Party/FatFs/src/diskio.h"
 298              		.file 4 "c:\\program files (x86)\\gnu arm embedded toolchain\\10 2020-q4-major\\arm-none-eabi\\inc
 299              		.file 5 "c:\\program files (x86)\\gnu arm embedded toolchain\\10 2020-q4-major\\arm-none-eabi\\inc
 300              		.file 6 "Middlewares/Third_Party/FatFs/src/ff_gen_drv.h"
ARM GAS  C:\Users\seblo\AppData\Local\Temp\ccKmK7av.s 			page 9


DEFINED SYMBOLS
                            *ABS*:00000000 diskio.c
C:\Users\seblo\AppData\Local\Temp\ccKmK7av.s:18     .text.disk_status:00000000 $t
C:\Users\seblo\AppData\Local\Temp\ccKmK7av.s:26     .text.disk_status:00000000 disk_status
C:\Users\seblo\AppData\Local\Temp\ccKmK7av.s:61     .text.disk_status:00000014 $d
C:\Users\seblo\AppData\Local\Temp\ccKmK7av.s:66     .text.disk_initialize:00000000 $t
C:\Users\seblo\AppData\Local\Temp\ccKmK7av.s:73     .text.disk_initialize:00000000 disk_initialize
C:\Users\seblo\AppData\Local\Temp\ccKmK7av.s:126    .text.disk_initialize:00000024 $d
C:\Users\seblo\AppData\Local\Temp\ccKmK7av.s:131    .text.disk_read:00000000 $t
C:\Users\seblo\AppData\Local\Temp\ccKmK7av.s:138    .text.disk_read:00000000 disk_read
C:\Users\seblo\AppData\Local\Temp\ccKmK7av.s:174    .text.disk_read:00000014 $d
C:\Users\seblo\AppData\Local\Temp\ccKmK7av.s:179    .text.disk_write:00000000 $t
C:\Users\seblo\AppData\Local\Temp\ccKmK7av.s:186    .text.disk_write:00000000 disk_write
C:\Users\seblo\AppData\Local\Temp\ccKmK7av.s:222    .text.disk_write:00000014 $d
C:\Users\seblo\AppData\Local\Temp\ccKmK7av.s:227    .text.disk_ioctl:00000000 $t
C:\Users\seblo\AppData\Local\Temp\ccKmK7av.s:234    .text.disk_ioctl:00000000 disk_ioctl
C:\Users\seblo\AppData\Local\Temp\ccKmK7av.s:268    .text.disk_ioctl:00000014 $d
C:\Users\seblo\AppData\Local\Temp\ccKmK7av.s:273    .text.get_fattime:00000000 $t
C:\Users\seblo\AppData\Local\Temp\ccKmK7av.s:280    .text.get_fattime:00000000 get_fattime

UNDEFINED SYMBOLS
disk
