ARM GAS  C:\Users\seblo\AppData\Local\Temp\ccpMZLbP.s 			page 1


   1              		.cpu cortex-m7
   2              		.eabi_attribute 27, 1
   3              		.eabi_attribute 28, 1
   4              		.eabi_attribute 20, 1
   5              		.eabi_attribute 21, 1
   6              		.eabi_attribute 23, 3
   7              		.eabi_attribute 24, 1
   8              		.eabi_attribute 25, 1
   9              		.eabi_attribute 26, 1
  10              		.eabi_attribute 30, 1
  11              		.eabi_attribute 34, 1
  12              		.eabi_attribute 18, 4
  13              		.file	"fatfs.c"
  14              		.text
  15              	.Ltext0:
  16              		.cfi_sections	.debug_frame
  17              		.section	.text.MX_FATFS_Init,"ax",%progbits
  18              		.align	1
  19              		.global	MX_FATFS_Init
  20              		.arch armv7e-m
  21              		.syntax unified
  22              		.thumb
  23              		.thumb_func
  24              		.fpu fpv5-sp-d16
  26              	MX_FATFS_Init:
  27              	.LFB146:
  28              		.file 1 "FATFS/App/fatfs.c"
   1:FATFS/App/fatfs.c **** /**
   2:FATFS/App/fatfs.c ****   ******************************************************************************
   3:FATFS/App/fatfs.c ****   * @file   fatfs.c
   4:FATFS/App/fatfs.c ****   * @brief  Code for fatfs applications
   5:FATFS/App/fatfs.c ****   ******************************************************************************
   6:FATFS/App/fatfs.c ****   * @attention
   7:FATFS/App/fatfs.c ****   *
   8:FATFS/App/fatfs.c ****   * <h2><center>&copy; Copyright (c) 2021 STMicroelectronics.
   9:FATFS/App/fatfs.c ****   * All rights reserved.</center></h2>
  10:FATFS/App/fatfs.c ****   *
  11:FATFS/App/fatfs.c ****   * This software component is licensed by ST under Ultimate Liberty license
  12:FATFS/App/fatfs.c ****   * SLA0044, the "License"; You may not use this file except in compliance with
  13:FATFS/App/fatfs.c ****   * the License. You may obtain a copy of the License at:
  14:FATFS/App/fatfs.c ****   *                             www.st.com/SLA0044
  15:FATFS/App/fatfs.c ****   *
  16:FATFS/App/fatfs.c ****   ******************************************************************************
  17:FATFS/App/fatfs.c ****   */
  18:FATFS/App/fatfs.c **** 
  19:FATFS/App/fatfs.c **** #include "fatfs.h"
  20:FATFS/App/fatfs.c **** 
  21:FATFS/App/fatfs.c **** uint8_t retSD;    /* Return value for SD */
  22:FATFS/App/fatfs.c **** char SDPath[4];   /* SD logical drive path */
  23:FATFS/App/fatfs.c **** FATFS SDFatFS;    /* File system object for SD logical drive */
  24:FATFS/App/fatfs.c **** FIL SDFile;       /* File object for SD */
  25:FATFS/App/fatfs.c **** 
  26:FATFS/App/fatfs.c **** /* USER CODE BEGIN Variables */
  27:FATFS/App/fatfs.c **** 
  28:FATFS/App/fatfs.c **** /* USER CODE END Variables */
  29:FATFS/App/fatfs.c **** 
  30:FATFS/App/fatfs.c **** void MX_FATFS_Init(void)
ARM GAS  C:\Users\seblo\AppData\Local\Temp\ccpMZLbP.s 			page 2


  31:FATFS/App/fatfs.c **** {
  29              		.loc 1 31 1 view -0
  30              		.cfi_startproc
  31              		@ args = 0, pretend = 0, frame = 0
  32              		@ frame_needed = 0, uses_anonymous_args = 0
  33 0000 08B5     		push	{r3, lr}
  34              	.LCFI0:
  35              		.cfi_def_cfa_offset 8
  36              		.cfi_offset 3, -8
  37              		.cfi_offset 14, -4
  32:FATFS/App/fatfs.c ****   /*## FatFS: Link the SD driver ###########################*/
  33:FATFS/App/fatfs.c ****   retSD = FATFS_LinkDriver(&SD_Driver, SDPath);
  38              		.loc 1 33 3 view .LVU1
  39              		.loc 1 33 11 is_stmt 0 view .LVU2
  40 0002 0349     		ldr	r1, .L3
  41 0004 0348     		ldr	r0, .L3+4
  42 0006 FFF7FEFF 		bl	FATFS_LinkDriver
  43              	.LVL0:
  44              		.loc 1 33 9 view .LVU3
  45 000a 034B     		ldr	r3, .L3+8
  46 000c 1870     		strb	r0, [r3]
  34:FATFS/App/fatfs.c **** 
  35:FATFS/App/fatfs.c ****   /* USER CODE BEGIN Init */
  36:FATFS/App/fatfs.c ****   /* additional user code for init */
  37:FATFS/App/fatfs.c ****   /* USER CODE END Init */
  38:FATFS/App/fatfs.c **** }
  47              		.loc 1 38 1 view .LVU4
  48 000e 08BD     		pop	{r3, pc}
  49              	.L4:
  50              		.align	2
  51              	.L3:
  52 0010 00000000 		.word	.LANCHOR0
  53 0014 00000000 		.word	SD_Driver
  54 0018 00000000 		.word	.LANCHOR1
  55              		.cfi_endproc
  56              	.LFE146:
  58              		.section	.text.get_fattime,"ax",%progbits
  59              		.align	1
  60              		.global	get_fattime
  61              		.syntax unified
  62              		.thumb
  63              		.thumb_func
  64              		.fpu fpv5-sp-d16
  66              	get_fattime:
  67              	.LFB147:
  39:FATFS/App/fatfs.c **** 
  40:FATFS/App/fatfs.c **** /**
  41:FATFS/App/fatfs.c ****   * @brief  Gets Time from RTC
  42:FATFS/App/fatfs.c ****   * @param  None
  43:FATFS/App/fatfs.c ****   * @retval Time in DWORD
  44:FATFS/App/fatfs.c ****   */
  45:FATFS/App/fatfs.c **** DWORD get_fattime(void)
  46:FATFS/App/fatfs.c **** {
  68              		.loc 1 46 1 is_stmt 1 view -0
  69              		.cfi_startproc
  70              		@ args = 0, pretend = 0, frame = 0
  71              		@ frame_needed = 0, uses_anonymous_args = 0
ARM GAS  C:\Users\seblo\AppData\Local\Temp\ccpMZLbP.s 			page 3


  72              		@ link register save eliminated.
  47:FATFS/App/fatfs.c ****   /* USER CODE BEGIN get_fattime */
  48:FATFS/App/fatfs.c ****   return 0;
  73              		.loc 1 48 3 view .LVU6
  49:FATFS/App/fatfs.c ****   /* USER CODE END get_fattime */
  50:FATFS/App/fatfs.c **** }
  74              		.loc 1 50 1 is_stmt 0 view .LVU7
  75 0000 0020     		movs	r0, #0
  76 0002 7047     		bx	lr
  77              		.cfi_endproc
  78              	.LFE147:
  80              		.global	SDFile
  81              		.global	SDFatFS
  82              		.global	SDPath
  83              		.global	retSD
  84              		.section	.bss.SDFatFS,"aw",%nobits
  85              		.align	2
  88              	SDFatFS:
  89 0000 00000000 		.space	564
  89      00000000 
  89      00000000 
  89      00000000 
  89      00000000 
  90              		.section	.bss.SDFile,"aw",%nobits
  91              		.align	2
  94              	SDFile:
  95 0000 00000000 		.space	560
  95      00000000 
  95      00000000 
  95      00000000 
  95      00000000 
  96              		.section	.bss.SDPath,"aw",%nobits
  97              		.align	2
  98              		.set	.LANCHOR0,. + 0
 101              	SDPath:
 102 0000 00000000 		.space	4
 103              		.section	.bss.retSD,"aw",%nobits
 104              		.set	.LANCHOR1,. + 0
 107              	retSD:
 108 0000 00       		.space	1
 109              		.text
 110              	.Letext0:
 111              		.file 2 "Middlewares/Third_Party/FatFs/src/integer.h"
 112              		.file 3 "c:\\program files (x86)\\gnu arm embedded toolchain\\10 2020-q4-major\\arm-none-eabi\\inc
 113              		.file 4 "c:\\program files (x86)\\gnu arm embedded toolchain\\10 2020-q4-major\\arm-none-eabi\\inc
 114              		.file 5 "Middlewares/Third_Party/FreeRTOS/Source/include/queue.h"
 115              		.file 6 "Middlewares/Third_Party/FreeRTOS/Source/include/semphr.h"
 116              		.file 7 "Middlewares/Third_Party/FreeRTOS/Source/CMSIS_RTOS/cmsis_os.h"
 117              		.file 8 "Middlewares/Third_Party/FatFs/src/ff.h"
 118              		.file 9 "Middlewares/Third_Party/FatFs/src/diskio.h"
 119              		.file 10 "Middlewares/Third_Party/FatFs/src/ff_gen_drv.h"
 120              		.file 11 "FATFS/Target/sd_diskio.h"
 121              		.file 12 "FATFS/App/fatfs.h"
ARM GAS  C:\Users\seblo\AppData\Local\Temp\ccpMZLbP.s 			page 4


DEFINED SYMBOLS
                            *ABS*:00000000 fatfs.c
C:\Users\seblo\AppData\Local\Temp\ccpMZLbP.s:18     .text.MX_FATFS_Init:00000000 $t
C:\Users\seblo\AppData\Local\Temp\ccpMZLbP.s:26     .text.MX_FATFS_Init:00000000 MX_FATFS_Init
C:\Users\seblo\AppData\Local\Temp\ccpMZLbP.s:52     .text.MX_FATFS_Init:00000010 $d
C:\Users\seblo\AppData\Local\Temp\ccpMZLbP.s:59     .text.get_fattime:00000000 $t
C:\Users\seblo\AppData\Local\Temp\ccpMZLbP.s:66     .text.get_fattime:00000000 get_fattime
C:\Users\seblo\AppData\Local\Temp\ccpMZLbP.s:94     .bss.SDFile:00000000 SDFile
C:\Users\seblo\AppData\Local\Temp\ccpMZLbP.s:88     .bss.SDFatFS:00000000 SDFatFS
C:\Users\seblo\AppData\Local\Temp\ccpMZLbP.s:101    .bss.SDPath:00000000 SDPath
C:\Users\seblo\AppData\Local\Temp\ccpMZLbP.s:107    .bss.retSD:00000000 retSD
C:\Users\seblo\AppData\Local\Temp\ccpMZLbP.s:85     .bss.SDFatFS:00000000 $d
C:\Users\seblo\AppData\Local\Temp\ccpMZLbP.s:91     .bss.SDFile:00000000 $d
C:\Users\seblo\AppData\Local\Temp\ccpMZLbP.s:97     .bss.SDPath:00000000 $d
C:\Users\seblo\AppData\Local\Temp\ccpMZLbP.s:108    .bss.retSD:00000000 $d

UNDEFINED SYMBOLS
FATFS_LinkDriver
SD_Driver
