ARM GAS  C:\Users\seblo\AppData\Local\Temp\cc77oMwy.s 			page 1


   1              		.cpu cortex-m7
   2              		.eabi_attribute 27, 1
   3              		.eabi_attribute 28, 1
   4              		.eabi_attribute 20, 1
   5              		.eabi_attribute 21, 1
   6              		.eabi_attribute 23, 3
   7              		.eabi_attribute 24, 1
   8              		.eabi_attribute 25, 1
   9              		.eabi_attribute 26, 1
  10              		.eabi_attribute 30, 1
  11              		.eabi_attribute 34, 1
  12              		.eabi_attribute 18, 4
  13              		.file	"ff_gen_drv.c"
  14              		.text
  15              	.Ltext0:
  16              		.cfi_sections	.debug_frame
  17              		.section	.text.FATFS_LinkDriverEx,"ax",%progbits
  18              		.align	1
  19              		.global	FATFS_LinkDriverEx
  20              		.arch armv7e-m
  21              		.syntax unified
  22              		.thumb
  23              		.thumb_func
  24              		.fpu fpv5-sp-d16
  26              	FATFS_LinkDriverEx:
  27              	.LVL0:
  28              	.LFB146:
  29              		.file 1 "Middlewares/Third_Party/FatFs/src/ff_gen_drv.c"
   1:Middlewares/Third_Party/FatFs/src/ff_gen_drv.c **** /**
   2:Middlewares/Third_Party/FatFs/src/ff_gen_drv.c ****   ******************************************************************************
   3:Middlewares/Third_Party/FatFs/src/ff_gen_drv.c ****   * @file    ff_gen_drv.c
   4:Middlewares/Third_Party/FatFs/src/ff_gen_drv.c ****   * @author  MCD Application Team
   5:Middlewares/Third_Party/FatFs/src/ff_gen_drv.c ****   * @brief   FatFs generic low level driver.
   6:Middlewares/Third_Party/FatFs/src/ff_gen_drv.c ****   *****************************************************************************
   7:Middlewares/Third_Party/FatFs/src/ff_gen_drv.c ****   * @attention
   8:Middlewares/Third_Party/FatFs/src/ff_gen_drv.c ****   *
   9:Middlewares/Third_Party/FatFs/src/ff_gen_drv.c ****   * Copyright (c) 2017 STMicroelectronics. All rights reserved.
  10:Middlewares/Third_Party/FatFs/src/ff_gen_drv.c ****   *
  11:Middlewares/Third_Party/FatFs/src/ff_gen_drv.c ****   * This software component is licensed by ST under BSD 3-Clause license,
  12:Middlewares/Third_Party/FatFs/src/ff_gen_drv.c ****   * the "License"; You may not use this file except in compliance with the
  13:Middlewares/Third_Party/FatFs/src/ff_gen_drv.c ****   * License. You may obtain a copy of the License at:
  14:Middlewares/Third_Party/FatFs/src/ff_gen_drv.c ****   *                       opensource.org/licenses/BSD-3-Clause
  15:Middlewares/Third_Party/FatFs/src/ff_gen_drv.c ****   *
  16:Middlewares/Third_Party/FatFs/src/ff_gen_drv.c ****   ******************************************************************************
  17:Middlewares/Third_Party/FatFs/src/ff_gen_drv.c **** **/
  18:Middlewares/Third_Party/FatFs/src/ff_gen_drv.c **** /* Includes ------------------------------------------------------------------*/
  19:Middlewares/Third_Party/FatFs/src/ff_gen_drv.c **** #include "ff_gen_drv.h"
  20:Middlewares/Third_Party/FatFs/src/ff_gen_drv.c **** 
  21:Middlewares/Third_Party/FatFs/src/ff_gen_drv.c **** /* Private typedef -----------------------------------------------------------*/
  22:Middlewares/Third_Party/FatFs/src/ff_gen_drv.c **** /* Private define ------------------------------------------------------------*/
  23:Middlewares/Third_Party/FatFs/src/ff_gen_drv.c **** /* Private variables ---------------------------------------------------------*/
  24:Middlewares/Third_Party/FatFs/src/ff_gen_drv.c **** Disk_drvTypeDef disk = {{0},{0},{0},0};
  25:Middlewares/Third_Party/FatFs/src/ff_gen_drv.c **** 
  26:Middlewares/Third_Party/FatFs/src/ff_gen_drv.c **** /* Private function prototypes -----------------------------------------------*/
  27:Middlewares/Third_Party/FatFs/src/ff_gen_drv.c **** /* Private functions ---------------------------------------------------------*/
  28:Middlewares/Third_Party/FatFs/src/ff_gen_drv.c **** 
  29:Middlewares/Third_Party/FatFs/src/ff_gen_drv.c **** /**
ARM GAS  C:\Users\seblo\AppData\Local\Temp\cc77oMwy.s 			page 2


  30:Middlewares/Third_Party/FatFs/src/ff_gen_drv.c ****   * @brief  Links a compatible diskio driver/lun id and increments the number of active
  31:Middlewares/Third_Party/FatFs/src/ff_gen_drv.c ****   *         linked drivers.
  32:Middlewares/Third_Party/FatFs/src/ff_gen_drv.c ****   * @note   The number of linked drivers (volumes) is up to 10 due to FatFs limits.
  33:Middlewares/Third_Party/FatFs/src/ff_gen_drv.c ****   * @param  drv: pointer to the disk IO Driver structure
  34:Middlewares/Third_Party/FatFs/src/ff_gen_drv.c ****   * @param  path: pointer to the logical drive path
  35:Middlewares/Third_Party/FatFs/src/ff_gen_drv.c ****   * @param  lun : only used for USB Key Disk to add multi-lun management
  36:Middlewares/Third_Party/FatFs/src/ff_gen_drv.c ****             else the parameter must be equal to 0
  37:Middlewares/Third_Party/FatFs/src/ff_gen_drv.c ****   * @retval Returns 0 in case of success, otherwise 1.
  38:Middlewares/Third_Party/FatFs/src/ff_gen_drv.c ****   */
  39:Middlewares/Third_Party/FatFs/src/ff_gen_drv.c **** uint8_t FATFS_LinkDriverEx(const Diskio_drvTypeDef *drv, char *path, uint8_t lun)
  40:Middlewares/Third_Party/FatFs/src/ff_gen_drv.c **** {
  30              		.loc 1 40 1 view -0
  31              		.cfi_startproc
  32              		@ args = 0, pretend = 0, frame = 0
  33              		@ frame_needed = 0, uses_anonymous_args = 0
  41:Middlewares/Third_Party/FatFs/src/ff_gen_drv.c ****   uint8_t ret = 1;
  34              		.loc 1 41 3 view .LVU1
  42:Middlewares/Third_Party/FatFs/src/ff_gen_drv.c ****   uint8_t DiskNum = 0;
  35              		.loc 1 42 3 view .LVU2
  43:Middlewares/Third_Party/FatFs/src/ff_gen_drv.c **** 
  44:Middlewares/Third_Party/FatFs/src/ff_gen_drv.c ****   if(disk.nbr < _VOLUMES)
  36              		.loc 1 44 3 view .LVU3
  37              		.loc 1 44 10 is_stmt 0 view .LVU4
  38 0000 134B     		ldr	r3, .L8
  39 0002 5B7A     		ldrb	r3, [r3, #9]	@ zero_extendqisi2
  40              		.loc 1 44 5 view .LVU5
  41 0004 13BB     		cbnz	r3, .L3
  40:Middlewares/Third_Party/FatFs/src/ff_gen_drv.c ****   uint8_t ret = 1;
  42              		.loc 1 40 1 view .LVU6
  43 0006 10B5     		push	{r4, lr}
  44              	.LCFI0:
  45              		.cfi_def_cfa_offset 8
  46              		.cfi_offset 4, -8
  47              		.cfi_offset 14, -4
  48 0008 0446     		mov	r4, r0
  49 000a 03F0FF00 		and	r0, r3, #255
  50              	.LVL1:
  45:Middlewares/Third_Party/FatFs/src/ff_gen_drv.c ****   {
  46:Middlewares/Third_Party/FatFs/src/ff_gen_drv.c ****     disk.is_initialized[disk.nbr] = 0;
  51              		.loc 1 46 5 is_stmt 1 view .LVU7
  52              		.loc 1 46 29 is_stmt 0 view .LVU8
  53 000e 104B     		ldr	r3, .L8
  54 0010 93F809C0 		ldrb	ip, [r3, #9]	@ zero_extendqisi2
  55 0014 5FFA8CFC 		uxtb	ip, ip
  56              		.loc 1 46 35 view .LVU9
  57 0018 4FF0000E 		mov	lr, #0
  58 001c 03F80CE0 		strb	lr, [r3, ip]
  47:Middlewares/Third_Party/FatFs/src/ff_gen_drv.c ****     disk.drv[disk.nbr] = drv;
  59              		.loc 1 47 5 is_stmt 1 view .LVU10
  60              		.loc 1 47 18 is_stmt 0 view .LVU11
  61 0020 93F809C0 		ldrb	ip, [r3, #9]	@ zero_extendqisi2
  62              		.loc 1 47 24 view .LVU12
  63 0024 03EB8C0C 		add	ip, r3, ip, lsl #2
  64 0028 CCF80440 		str	r4, [ip, #4]
  48:Middlewares/Third_Party/FatFs/src/ff_gen_drv.c ****     disk.lun[disk.nbr] = lun;
  65              		.loc 1 48 5 is_stmt 1 view .LVU13
  66              		.loc 1 48 18 is_stmt 0 view .LVU14
ARM GAS  C:\Users\seblo\AppData\Local\Temp\cc77oMwy.s 			page 3


  67 002c 5C7A     		ldrb	r4, [r3, #9]	@ zero_extendqisi2
  68              	.LVL2:
  69              		.loc 1 48 24 view .LVU15
  70 002e 1C44     		add	r4, r4, r3
  71 0030 2272     		strb	r2, [r4, #8]
  49:Middlewares/Third_Party/FatFs/src/ff_gen_drv.c ****     DiskNum = disk.nbr++;
  72              		.loc 1 49 5 is_stmt 1 view .LVU16
  73              		.loc 1 49 19 is_stmt 0 view .LVU17
  74 0032 5A7A     		ldrb	r2, [r3, #9]	@ zero_extendqisi2
  75              	.LVL3:
  76              		.loc 1 49 23 view .LVU18
  77 0034 541C     		adds	r4, r2, #1
  78              	.LVL4:
  79              		.loc 1 49 23 view .LVU19
  80 0036 E4B2     		uxtb	r4, r4
  81 0038 5C72     		strb	r4, [r3, #9]
  82              	.LVL5:
  50:Middlewares/Third_Party/FatFs/src/ff_gen_drv.c ****     path[0] = DiskNum + '0';
  83              		.loc 1 50 5 is_stmt 1 view .LVU20
  84              		.loc 1 50 23 is_stmt 0 view .LVU21
  85 003a 3032     		adds	r2, r2, #48
  86              	.LVL6:
  87              		.loc 1 50 13 view .LVU22
  88 003c 0A70     		strb	r2, [r1]
  89              	.LVL7:
  51:Middlewares/Third_Party/FatFs/src/ff_gen_drv.c ****     path[1] = ':';
  90              		.loc 1 51 5 is_stmt 1 view .LVU23
  91              		.loc 1 51 13 is_stmt 0 view .LVU24
  92 003e 3A23     		movs	r3, #58
  93 0040 4B70     		strb	r3, [r1, #1]
  52:Middlewares/Third_Party/FatFs/src/ff_gen_drv.c ****     path[2] = '/';
  94              		.loc 1 52 5 is_stmt 1 view .LVU25
  95              		.loc 1 52 13 is_stmt 0 view .LVU26
  96 0042 2F23     		movs	r3, #47
  97 0044 8B70     		strb	r3, [r1, #2]
  53:Middlewares/Third_Party/FatFs/src/ff_gen_drv.c ****     path[3] = 0;
  98              		.loc 1 53 5 is_stmt 1 view .LVU27
  99              		.loc 1 53 13 is_stmt 0 view .LVU28
 100 0046 81F803E0 		strb	lr, [r1, #3]
  54:Middlewares/Third_Party/FatFs/src/ff_gen_drv.c ****     ret = 0;
 101              		.loc 1 54 5 is_stmt 1 view .LVU29
 102              	.LVL8:
  55:Middlewares/Third_Party/FatFs/src/ff_gen_drv.c ****   }
  56:Middlewares/Third_Party/FatFs/src/ff_gen_drv.c **** 
  57:Middlewares/Third_Party/FatFs/src/ff_gen_drv.c ****   return ret;
 103              		.loc 1 57 3 view .LVU30
  58:Middlewares/Third_Party/FatFs/src/ff_gen_drv.c **** }
 104              		.loc 1 58 1 is_stmt 0 view .LVU31
 105 004a 10BD     		pop	{r4, pc}
 106              	.LVL9:
 107              	.L3:
 108              	.LCFI1:
 109              		.cfi_def_cfa_offset 0
 110              		.cfi_restore 4
 111              		.cfi_restore 14
  41:Middlewares/Third_Party/FatFs/src/ff_gen_drv.c ****   uint8_t DiskNum = 0;
 112              		.loc 1 41 11 view .LVU32
ARM GAS  C:\Users\seblo\AppData\Local\Temp\cc77oMwy.s 			page 4


 113 004c 0120     		movs	r0, #1
 114              	.LVL10:
  57:Middlewares/Third_Party/FatFs/src/ff_gen_drv.c **** }
 115              		.loc 1 57 3 is_stmt 1 view .LVU33
 116              		.loc 1 58 1 is_stmt 0 view .LVU34
 117 004e 7047     		bx	lr
 118              	.L9:
 119              		.align	2
 120              	.L8:
 121 0050 00000000 		.word	.LANCHOR0
 122              		.cfi_endproc
 123              	.LFE146:
 125              		.section	.text.FATFS_LinkDriver,"ax",%progbits
 126              		.align	1
 127              		.global	FATFS_LinkDriver
 128              		.syntax unified
 129              		.thumb
 130              		.thumb_func
 131              		.fpu fpv5-sp-d16
 133              	FATFS_LinkDriver:
 134              	.LVL11:
 135              	.LFB147:
  59:Middlewares/Third_Party/FatFs/src/ff_gen_drv.c **** 
  60:Middlewares/Third_Party/FatFs/src/ff_gen_drv.c **** /**
  61:Middlewares/Third_Party/FatFs/src/ff_gen_drv.c ****   * @brief  Links a compatible diskio driver and increments the number of active
  62:Middlewares/Third_Party/FatFs/src/ff_gen_drv.c ****   *         linked drivers.
  63:Middlewares/Third_Party/FatFs/src/ff_gen_drv.c ****   * @note   The number of linked drivers (volumes) is up to 10 due to FatFs limits
  64:Middlewares/Third_Party/FatFs/src/ff_gen_drv.c ****   * @param  drv: pointer to the disk IO Driver structure
  65:Middlewares/Third_Party/FatFs/src/ff_gen_drv.c ****   * @param  path: pointer to the logical drive path
  66:Middlewares/Third_Party/FatFs/src/ff_gen_drv.c ****   * @retval Returns 0 in case of success, otherwise 1.
  67:Middlewares/Third_Party/FatFs/src/ff_gen_drv.c ****   */
  68:Middlewares/Third_Party/FatFs/src/ff_gen_drv.c **** uint8_t FATFS_LinkDriver(const Diskio_drvTypeDef *drv, char *path)
  69:Middlewares/Third_Party/FatFs/src/ff_gen_drv.c **** {
 136              		.loc 1 69 1 is_stmt 1 view -0
 137              		.cfi_startproc
 138              		@ args = 0, pretend = 0, frame = 0
 139              		@ frame_needed = 0, uses_anonymous_args = 0
 140              		.loc 1 69 1 is_stmt 0 view .LVU36
 141 0000 08B5     		push	{r3, lr}
 142              	.LCFI2:
 143              		.cfi_def_cfa_offset 8
 144              		.cfi_offset 3, -8
 145              		.cfi_offset 14, -4
  70:Middlewares/Third_Party/FatFs/src/ff_gen_drv.c ****   return FATFS_LinkDriverEx(drv, path, 0);
 146              		.loc 1 70 3 is_stmt 1 view .LVU37
 147              		.loc 1 70 10 is_stmt 0 view .LVU38
 148 0002 0022     		movs	r2, #0
 149 0004 FFF7FEFF 		bl	FATFS_LinkDriverEx
 150              	.LVL12:
  71:Middlewares/Third_Party/FatFs/src/ff_gen_drv.c **** }
 151              		.loc 1 71 1 view .LVU39
 152 0008 08BD     		pop	{r3, pc}
 153              		.cfi_endproc
 154              	.LFE147:
 156              		.section	.text.FATFS_UnLinkDriverEx,"ax",%progbits
 157              		.align	1
 158              		.global	FATFS_UnLinkDriverEx
ARM GAS  C:\Users\seblo\AppData\Local\Temp\cc77oMwy.s 			page 5


 159              		.syntax unified
 160              		.thumb
 161              		.thumb_func
 162              		.fpu fpv5-sp-d16
 164              	FATFS_UnLinkDriverEx:
 165              	.LVL13:
 166              	.LFB148:
  72:Middlewares/Third_Party/FatFs/src/ff_gen_drv.c **** 
  73:Middlewares/Third_Party/FatFs/src/ff_gen_drv.c **** /**
  74:Middlewares/Third_Party/FatFs/src/ff_gen_drv.c ****   * @brief  Unlinks a diskio driver and decrements the number of active linked
  75:Middlewares/Third_Party/FatFs/src/ff_gen_drv.c ****   *         drivers.
  76:Middlewares/Third_Party/FatFs/src/ff_gen_drv.c ****   * @param  path: pointer to the logical drive path
  77:Middlewares/Third_Party/FatFs/src/ff_gen_drv.c ****   * @param  lun : not used
  78:Middlewares/Third_Party/FatFs/src/ff_gen_drv.c ****   * @retval Returns 0 in case of success, otherwise 1.
  79:Middlewares/Third_Party/FatFs/src/ff_gen_drv.c ****   */
  80:Middlewares/Third_Party/FatFs/src/ff_gen_drv.c **** uint8_t FATFS_UnLinkDriverEx(char *path, uint8_t lun)
  81:Middlewares/Third_Party/FatFs/src/ff_gen_drv.c **** {
 167              		.loc 1 81 1 is_stmt 1 view -0
 168              		.cfi_startproc
 169              		@ args = 0, pretend = 0, frame = 0
 170              		@ frame_needed = 0, uses_anonymous_args = 0
 171              		@ link register save eliminated.
  82:Middlewares/Third_Party/FatFs/src/ff_gen_drv.c ****   uint8_t DiskNum = 0;
 172              		.loc 1 82 3 view .LVU41
  83:Middlewares/Third_Party/FatFs/src/ff_gen_drv.c ****   uint8_t ret = 1;
 173              		.loc 1 83 3 view .LVU42
  84:Middlewares/Third_Party/FatFs/src/ff_gen_drv.c **** 
  85:Middlewares/Third_Party/FatFs/src/ff_gen_drv.c ****   if(disk.nbr >= 1)
 174              		.loc 1 85 3 view .LVU43
 175              		.loc 1 85 10 is_stmt 0 view .LVU44
 176 0000 0D4B     		ldr	r3, .L16
 177 0002 5B7A     		ldrb	r3, [r3, #9]	@ zero_extendqisi2
 178              		.loc 1 85 5 view .LVU45
 179 0004 9BB1     		cbz	r3, .L14
  86:Middlewares/Third_Party/FatFs/src/ff_gen_drv.c ****   {
  87:Middlewares/Third_Party/FatFs/src/ff_gen_drv.c ****     DiskNum = path[0] - '0';
 180              		.loc 1 87 5 is_stmt 1 view .LVU46
 181              		.loc 1 87 19 is_stmt 0 view .LVU47
 182 0006 0378     		ldrb	r3, [r0]	@ zero_extendqisi2
 183              		.loc 1 87 13 view .LVU48
 184 0008 303B     		subs	r3, r3, #48
 185 000a DBB2     		uxtb	r3, r3
 186              	.LVL14:
  88:Middlewares/Third_Party/FatFs/src/ff_gen_drv.c ****     if(disk.drv[DiskNum] != 0)
 187              		.loc 1 88 5 is_stmt 1 view .LVU49
 188              		.loc 1 88 16 is_stmt 0 view .LVU50
 189 000c 0A4A     		ldr	r2, .L16
 190 000e 02EB8302 		add	r2, r2, r3, lsl #2
 191 0012 5268     		ldr	r2, [r2, #4]
 192              		.loc 1 88 7 view .LVU51
 193 0014 6AB1     		cbz	r2, .L15
  89:Middlewares/Third_Party/FatFs/src/ff_gen_drv.c ****     {
  90:Middlewares/Third_Party/FatFs/src/ff_gen_drv.c ****       disk.drv[DiskNum] = 0;
 194              		.loc 1 90 7 is_stmt 1 view .LVU52
 195              		.loc 1 90 25 is_stmt 0 view .LVU53
 196 0016 084A     		ldr	r2, .L16
 197 0018 02EB8301 		add	r1, r2, r3, lsl #2
ARM GAS  C:\Users\seblo\AppData\Local\Temp\cc77oMwy.s 			page 6


 198              	.LVL15:
 199              		.loc 1 90 25 view .LVU54
 200 001c 0020     		movs	r0, #0
 201              	.LVL16:
 202              		.loc 1 90 25 view .LVU55
 203 001e 4860     		str	r0, [r1, #4]
  91:Middlewares/Third_Party/FatFs/src/ff_gen_drv.c ****       disk.lun[DiskNum] = 0;
 204              		.loc 1 91 7 is_stmt 1 view .LVU56
 205              		.loc 1 91 25 is_stmt 0 view .LVU57
 206 0020 1344     		add	r3, r3, r2
 207 0022 1872     		strb	r0, [r3, #8]
  92:Middlewares/Third_Party/FatFs/src/ff_gen_drv.c ****       disk.nbr--;
 208              		.loc 1 92 7 is_stmt 1 view .LVU58
 209              		.loc 1 92 11 is_stmt 0 view .LVU59
 210 0024 537A     		ldrb	r3, [r2, #9]	@ zero_extendqisi2
 211              		.loc 1 92 15 view .LVU60
 212 0026 013B     		subs	r3, r3, #1
 213 0028 DBB2     		uxtb	r3, r3
 214 002a 5372     		strb	r3, [r2, #9]
  93:Middlewares/Third_Party/FatFs/src/ff_gen_drv.c ****       ret = 0;
 215              		.loc 1 93 7 is_stmt 1 view .LVU61
 216              	.LVL17:
 217              		.loc 1 93 7 is_stmt 0 view .LVU62
 218 002c 7047     		bx	lr
 219              	.LVL18:
 220              	.L14:
  83:Middlewares/Third_Party/FatFs/src/ff_gen_drv.c **** 
 221              		.loc 1 83 11 view .LVU63
 222 002e 0120     		movs	r0, #1
 223              	.LVL19:
  83:Middlewares/Third_Party/FatFs/src/ff_gen_drv.c **** 
 224              		.loc 1 83 11 view .LVU64
 225 0030 7047     		bx	lr
 226              	.LVL20:
 227              	.L15:
  83:Middlewares/Third_Party/FatFs/src/ff_gen_drv.c **** 
 228              		.loc 1 83 11 view .LVU65
 229 0032 0120     		movs	r0, #1
 230              	.LVL21:
  94:Middlewares/Third_Party/FatFs/src/ff_gen_drv.c ****     }
  95:Middlewares/Third_Party/FatFs/src/ff_gen_drv.c ****   }
  96:Middlewares/Third_Party/FatFs/src/ff_gen_drv.c **** 
  97:Middlewares/Third_Party/FatFs/src/ff_gen_drv.c ****   return ret;
 231              		.loc 1 97 3 is_stmt 1 view .LVU66
  98:Middlewares/Third_Party/FatFs/src/ff_gen_drv.c **** }
 232              		.loc 1 98 1 is_stmt 0 view .LVU67
 233 0034 7047     		bx	lr
 234              	.L17:
 235 0036 00BF     		.align	2
 236              	.L16:
 237 0038 00000000 		.word	.LANCHOR0
 238              		.cfi_endproc
 239              	.LFE148:
 241              		.section	.text.FATFS_UnLinkDriver,"ax",%progbits
 242              		.align	1
 243              		.global	FATFS_UnLinkDriver
 244              		.syntax unified
ARM GAS  C:\Users\seblo\AppData\Local\Temp\cc77oMwy.s 			page 7


 245              		.thumb
 246              		.thumb_func
 247              		.fpu fpv5-sp-d16
 249              	FATFS_UnLinkDriver:
 250              	.LVL22:
 251              	.LFB149:
  99:Middlewares/Third_Party/FatFs/src/ff_gen_drv.c **** 
 100:Middlewares/Third_Party/FatFs/src/ff_gen_drv.c **** /**
 101:Middlewares/Third_Party/FatFs/src/ff_gen_drv.c ****   * @brief  Unlinks a diskio driver and decrements the number of active linked
 102:Middlewares/Third_Party/FatFs/src/ff_gen_drv.c ****   *         drivers.
 103:Middlewares/Third_Party/FatFs/src/ff_gen_drv.c ****   * @param  path: pointer to the logical drive path
 104:Middlewares/Third_Party/FatFs/src/ff_gen_drv.c ****   * @retval Returns 0 in case of success, otherwise 1.
 105:Middlewares/Third_Party/FatFs/src/ff_gen_drv.c ****   */
 106:Middlewares/Third_Party/FatFs/src/ff_gen_drv.c **** uint8_t FATFS_UnLinkDriver(char *path)
 107:Middlewares/Third_Party/FatFs/src/ff_gen_drv.c **** {
 252              		.loc 1 107 1 is_stmt 1 view -0
 253              		.cfi_startproc
 254              		@ args = 0, pretend = 0, frame = 0
 255              		@ frame_needed = 0, uses_anonymous_args = 0
 256              		.loc 1 107 1 is_stmt 0 view .LVU69
 257 0000 08B5     		push	{r3, lr}
 258              	.LCFI3:
 259              		.cfi_def_cfa_offset 8
 260              		.cfi_offset 3, -8
 261              		.cfi_offset 14, -4
 108:Middlewares/Third_Party/FatFs/src/ff_gen_drv.c ****   return FATFS_UnLinkDriverEx(path, 0);
 262              		.loc 1 108 3 is_stmt 1 view .LVU70
 263              		.loc 1 108 10 is_stmt 0 view .LVU71
 264 0002 0021     		movs	r1, #0
 265 0004 FFF7FEFF 		bl	FATFS_UnLinkDriverEx
 266              	.LVL23:
 109:Middlewares/Third_Party/FatFs/src/ff_gen_drv.c **** }
 267              		.loc 1 109 1 view .LVU72
 268 0008 08BD     		pop	{r3, pc}
 269              		.cfi_endproc
 270              	.LFE149:
 272              		.section	.text.FATFS_GetAttachedDriversNbr,"ax",%progbits
 273              		.align	1
 274              		.global	FATFS_GetAttachedDriversNbr
 275              		.syntax unified
 276              		.thumb
 277              		.thumb_func
 278              		.fpu fpv5-sp-d16
 280              	FATFS_GetAttachedDriversNbr:
 281              	.LFB150:
 110:Middlewares/Third_Party/FatFs/src/ff_gen_drv.c **** 
 111:Middlewares/Third_Party/FatFs/src/ff_gen_drv.c **** /**
 112:Middlewares/Third_Party/FatFs/src/ff_gen_drv.c ****   * @brief  Gets number of linked drivers to the FatFs module.
 113:Middlewares/Third_Party/FatFs/src/ff_gen_drv.c ****   * @param  None
 114:Middlewares/Third_Party/FatFs/src/ff_gen_drv.c ****   * @retval Number of attached drivers.
 115:Middlewares/Third_Party/FatFs/src/ff_gen_drv.c ****   */
 116:Middlewares/Third_Party/FatFs/src/ff_gen_drv.c **** uint8_t FATFS_GetAttachedDriversNbr(void)
 117:Middlewares/Third_Party/FatFs/src/ff_gen_drv.c **** {
 282              		.loc 1 117 1 is_stmt 1 view -0
 283              		.cfi_startproc
 284              		@ args = 0, pretend = 0, frame = 0
 285              		@ frame_needed = 0, uses_anonymous_args = 0
ARM GAS  C:\Users\seblo\AppData\Local\Temp\cc77oMwy.s 			page 8


 286              		@ link register save eliminated.
 118:Middlewares/Third_Party/FatFs/src/ff_gen_drv.c ****   return disk.nbr;
 287              		.loc 1 118 3 view .LVU74
 288              		.loc 1 118 14 is_stmt 0 view .LVU75
 289 0000 014B     		ldr	r3, .L21
 290 0002 587A     		ldrb	r0, [r3, #9]	@ zero_extendqisi2
 119:Middlewares/Third_Party/FatFs/src/ff_gen_drv.c **** }
 291              		.loc 1 119 1 view .LVU76
 292 0004 7047     		bx	lr
 293              	.L22:
 294 0006 00BF     		.align	2
 295              	.L21:
 296 0008 00000000 		.word	.LANCHOR0
 297              		.cfi_endproc
 298              	.LFE150:
 300              		.global	disk
 301              		.section	.bss.disk,"aw",%nobits
 302              		.align	2
 303              		.set	.LANCHOR0,. + 0
 306              	disk:
 307 0000 00000000 		.space	12
 307      00000000 
 307      00000000 
 308              		.text
 309              	.Letext0:
 310              		.file 2 "Middlewares/Third_Party/FatFs/src/integer.h"
 311              		.file 3 "Middlewares/Third_Party/FatFs/src/diskio.h"
 312              		.file 4 "c:\\program files (x86)\\gnu arm embedded toolchain\\10 2020-q4-major\\arm-none-eabi\\inc
 313              		.file 5 "c:\\program files (x86)\\gnu arm embedded toolchain\\10 2020-q4-major\\arm-none-eabi\\inc
 314              		.file 6 "Middlewares/Third_Party/FatFs/src/ff_gen_drv.h"
ARM GAS  C:\Users\seblo\AppData\Local\Temp\cc77oMwy.s 			page 9


DEFINED SYMBOLS
                            *ABS*:00000000 ff_gen_drv.c
C:\Users\seblo\AppData\Local\Temp\cc77oMwy.s:18     .text.FATFS_LinkDriverEx:00000000 $t
C:\Users\seblo\AppData\Local\Temp\cc77oMwy.s:26     .text.FATFS_LinkDriverEx:00000000 FATFS_LinkDriverEx
C:\Users\seblo\AppData\Local\Temp\cc77oMwy.s:121    .text.FATFS_LinkDriverEx:00000050 $d
C:\Users\seblo\AppData\Local\Temp\cc77oMwy.s:126    .text.FATFS_LinkDriver:00000000 $t
C:\Users\seblo\AppData\Local\Temp\cc77oMwy.s:133    .text.FATFS_LinkDriver:00000000 FATFS_LinkDriver
C:\Users\seblo\AppData\Local\Temp\cc77oMwy.s:157    .text.FATFS_UnLinkDriverEx:00000000 $t
C:\Users\seblo\AppData\Local\Temp\cc77oMwy.s:164    .text.FATFS_UnLinkDriverEx:00000000 FATFS_UnLinkDriverEx
C:\Users\seblo\AppData\Local\Temp\cc77oMwy.s:237    .text.FATFS_UnLinkDriverEx:00000038 $d
C:\Users\seblo\AppData\Local\Temp\cc77oMwy.s:242    .text.FATFS_UnLinkDriver:00000000 $t
C:\Users\seblo\AppData\Local\Temp\cc77oMwy.s:249    .text.FATFS_UnLinkDriver:00000000 FATFS_UnLinkDriver
C:\Users\seblo\AppData\Local\Temp\cc77oMwy.s:273    .text.FATFS_GetAttachedDriversNbr:00000000 $t
C:\Users\seblo\AppData\Local\Temp\cc77oMwy.s:280    .text.FATFS_GetAttachedDriversNbr:00000000 FATFS_GetAttachedDriversNbr
C:\Users\seblo\AppData\Local\Temp\cc77oMwy.s:296    .text.FATFS_GetAttachedDriversNbr:00000008 $d
C:\Users\seblo\AppData\Local\Temp\cc77oMwy.s:306    .bss.disk:00000000 disk
C:\Users\seblo\AppData\Local\Temp\cc77oMwy.s:302    .bss.disk:00000000 $d

NO UNDEFINED SYMBOLS
