ARM GAS  C:\Users\seblo\AppData\Local\Temp\ccRm7B6h.s 			page 1


   1              		.cpu cortex-m7
   2              		.eabi_attribute 27, 1
   3              		.eabi_attribute 28, 1
   4              		.eabi_attribute 20, 1
   5              		.eabi_attribute 21, 1
   6              		.eabi_attribute 23, 3
   7              		.eabi_attribute 24, 1
   8              		.eabi_attribute 25, 1
   9              		.eabi_attribute 26, 1
  10              		.eabi_attribute 30, 1
  11              		.eabi_attribute 34, 1
  12              		.eabi_attribute 18, 4
  13              		.file	"SEGGER_RTT_printf.c"
  14              		.text
  15              	.Ltext0:
  16              		.cfi_sections	.debug_frame
  17              		.section	.text._StoreChar,"ax",%progbits
  18              		.align	1
  19              		.arch armv7e-m
  20              		.syntax unified
  21              		.thumb
  22              		.thumb_func
  23              		.fpu fpv5-sp-d16
  25              	_StoreChar:
  26              	.LVL0:
  27              	.LFB0:
  28              		.file 1 "Drivers/RTT/SEGGER_RTT_printf.c"
   1:Drivers/RTT/SEGGER_RTT_printf.c **** /*********************************************************************
   2:Drivers/RTT/SEGGER_RTT_printf.c **** *                    SEGGER Microcontroller GmbH                     *
   3:Drivers/RTT/SEGGER_RTT_printf.c **** *                        The Embedded Experts                        *
   4:Drivers/RTT/SEGGER_RTT_printf.c **** **********************************************************************
   5:Drivers/RTT/SEGGER_RTT_printf.c **** *                                                                    *
   6:Drivers/RTT/SEGGER_RTT_printf.c **** *            (c) 1995 - 2021 SEGGER Microcontroller GmbH             *
   7:Drivers/RTT/SEGGER_RTT_printf.c **** *                                                                    *
   8:Drivers/RTT/SEGGER_RTT_printf.c **** *       www.segger.com     Support: support@segger.com               *
   9:Drivers/RTT/SEGGER_RTT_printf.c **** *                                                                    *
  10:Drivers/RTT/SEGGER_RTT_printf.c **** **********************************************************************
  11:Drivers/RTT/SEGGER_RTT_printf.c **** *                                                                    *
  12:Drivers/RTT/SEGGER_RTT_printf.c **** *       SEGGER RTT * Real Time Transfer for embedded targets         *
  13:Drivers/RTT/SEGGER_RTT_printf.c **** *                                                                    *
  14:Drivers/RTT/SEGGER_RTT_printf.c **** **********************************************************************
  15:Drivers/RTT/SEGGER_RTT_printf.c **** *                                                                    *
  16:Drivers/RTT/SEGGER_RTT_printf.c **** * All rights reserved.                                               *
  17:Drivers/RTT/SEGGER_RTT_printf.c **** *                                                                    *
  18:Drivers/RTT/SEGGER_RTT_printf.c **** * SEGGER strongly recommends to not make any changes                 *
  19:Drivers/RTT/SEGGER_RTT_printf.c **** * to or modify the source code of this software in order to stay     *
  20:Drivers/RTT/SEGGER_RTT_printf.c **** * compatible with the RTT protocol and J-Link.                       *
  21:Drivers/RTT/SEGGER_RTT_printf.c **** *                                                                    *
  22:Drivers/RTT/SEGGER_RTT_printf.c **** * Redistribution and use in source and binary forms, with or         *
  23:Drivers/RTT/SEGGER_RTT_printf.c **** * without modification, are permitted provided that the following    *
  24:Drivers/RTT/SEGGER_RTT_printf.c **** * condition is met:                                                  *
  25:Drivers/RTT/SEGGER_RTT_printf.c **** *                                                                    *
  26:Drivers/RTT/SEGGER_RTT_printf.c **** * o Redistributions of source code must retain the above copyright   *
  27:Drivers/RTT/SEGGER_RTT_printf.c **** *   notice, this condition and the following disclaimer.             *
  28:Drivers/RTT/SEGGER_RTT_printf.c **** *                                                                    *
  29:Drivers/RTT/SEGGER_RTT_printf.c **** * THIS SOFTWARE IS PROVIDED BY THE COPYRIGHT HOLDERS AND             *
  30:Drivers/RTT/SEGGER_RTT_printf.c **** * CONTRIBUTORS "AS IS" AND ANY EXPRESS OR IMPLIED WARRANTIES,        *
ARM GAS  C:\Users\seblo\AppData\Local\Temp\ccRm7B6h.s 			page 2


  31:Drivers/RTT/SEGGER_RTT_printf.c **** * INCLUDING, BUT NOT LIMITED TO, THE IMPLIED WARRANTIES OF           *
  32:Drivers/RTT/SEGGER_RTT_printf.c **** * MERCHANTABILITY AND FITNESS FOR A PARTICULAR PURPOSE ARE           *
  33:Drivers/RTT/SEGGER_RTT_printf.c **** * DISCLAIMED. IN NO EVENT SHALL SEGGER Microcontroller BE LIABLE FOR *
  34:Drivers/RTT/SEGGER_RTT_printf.c **** * ANY DIRECT, INDIRECT, INCIDENTAL, SPECIAL, EXEMPLARY, OR           *
  35:Drivers/RTT/SEGGER_RTT_printf.c **** * CONSEQUENTIAL DAMAGES (INCLUDING, BUT NOT LIMITED TO, PROCUREMENT  *
  36:Drivers/RTT/SEGGER_RTT_printf.c **** * OF SUBSTITUTE GOODS OR SERVICES; LOSS OF USE, DATA, OR PROFITS;    *
  37:Drivers/RTT/SEGGER_RTT_printf.c **** * OR BUSINESS INTERRUPTION) HOWEVER CAUSED AND ON ANY THEORY OF      *
  38:Drivers/RTT/SEGGER_RTT_printf.c **** * LIABILITY, WHETHER IN CONTRACT, STRICT LIABILITY, OR TORT          *
  39:Drivers/RTT/SEGGER_RTT_printf.c **** * (INCLUDING NEGLIGENCE OR OTHERWISE) ARISING IN ANY WAY OUT OF THE  *
  40:Drivers/RTT/SEGGER_RTT_printf.c **** * USE OF THIS SOFTWARE, EVEN IF ADVISED OF THE POSSIBILITY OF SUCH   *
  41:Drivers/RTT/SEGGER_RTT_printf.c **** * DAMAGE.                                                            *
  42:Drivers/RTT/SEGGER_RTT_printf.c **** *                                                                    *
  43:Drivers/RTT/SEGGER_RTT_printf.c **** **********************************************************************
  44:Drivers/RTT/SEGGER_RTT_printf.c **** *                                                                    *
  45:Drivers/RTT/SEGGER_RTT_printf.c **** *       RTT version: 7.20b                                           *
  46:Drivers/RTT/SEGGER_RTT_printf.c **** *                                                                    *
  47:Drivers/RTT/SEGGER_RTT_printf.c **** **********************************************************************
  48:Drivers/RTT/SEGGER_RTT_printf.c **** 
  49:Drivers/RTT/SEGGER_RTT_printf.c **** ---------------------------END-OF-HEADER------------------------------
  50:Drivers/RTT/SEGGER_RTT_printf.c **** File    : SEGGER_RTT_printf.c
  51:Drivers/RTT/SEGGER_RTT_printf.c **** Purpose : Replacement for printf to write formatted data via RTT
  52:Drivers/RTT/SEGGER_RTT_printf.c **** Revision: $Rev: 17697 $
  53:Drivers/RTT/SEGGER_RTT_printf.c **** ----------------------------------------------------------------------
  54:Drivers/RTT/SEGGER_RTT_printf.c **** */
  55:Drivers/RTT/SEGGER_RTT_printf.c **** #include "SEGGER_RTT.h"
  56:Drivers/RTT/SEGGER_RTT_printf.c **** #include "SEGGER_RTT_Conf.h"
  57:Drivers/RTT/SEGGER_RTT_printf.c **** 
  58:Drivers/RTT/SEGGER_RTT_printf.c **** /*********************************************************************
  59:Drivers/RTT/SEGGER_RTT_printf.c **** *
  60:Drivers/RTT/SEGGER_RTT_printf.c **** *       Defines, configurable
  61:Drivers/RTT/SEGGER_RTT_printf.c **** *
  62:Drivers/RTT/SEGGER_RTT_printf.c **** **********************************************************************
  63:Drivers/RTT/SEGGER_RTT_printf.c **** */
  64:Drivers/RTT/SEGGER_RTT_printf.c **** 
  65:Drivers/RTT/SEGGER_RTT_printf.c **** #ifndef SEGGER_RTT_PRINTF_BUFFER_SIZE
  66:Drivers/RTT/SEGGER_RTT_printf.c ****   #define SEGGER_RTT_PRINTF_BUFFER_SIZE (64)
  67:Drivers/RTT/SEGGER_RTT_printf.c **** #endif
  68:Drivers/RTT/SEGGER_RTT_printf.c **** 
  69:Drivers/RTT/SEGGER_RTT_printf.c **** #include <stdlib.h>
  70:Drivers/RTT/SEGGER_RTT_printf.c **** #include <stdarg.h>
  71:Drivers/RTT/SEGGER_RTT_printf.c **** 
  72:Drivers/RTT/SEGGER_RTT_printf.c **** 
  73:Drivers/RTT/SEGGER_RTT_printf.c **** #define FORMAT_FLAG_LEFT_JUSTIFY   (1u << 0)
  74:Drivers/RTT/SEGGER_RTT_printf.c **** #define FORMAT_FLAG_PAD_ZERO       (1u << 1)
  75:Drivers/RTT/SEGGER_RTT_printf.c **** #define FORMAT_FLAG_PRINT_SIGN     (1u << 2)
  76:Drivers/RTT/SEGGER_RTT_printf.c **** #define FORMAT_FLAG_ALTERNATE      (1u << 3)
  77:Drivers/RTT/SEGGER_RTT_printf.c **** 
  78:Drivers/RTT/SEGGER_RTT_printf.c **** /*********************************************************************
  79:Drivers/RTT/SEGGER_RTT_printf.c **** *
  80:Drivers/RTT/SEGGER_RTT_printf.c **** *       Types
  81:Drivers/RTT/SEGGER_RTT_printf.c **** *
  82:Drivers/RTT/SEGGER_RTT_printf.c **** **********************************************************************
  83:Drivers/RTT/SEGGER_RTT_printf.c **** */
  84:Drivers/RTT/SEGGER_RTT_printf.c **** 
  85:Drivers/RTT/SEGGER_RTT_printf.c **** typedef struct {
  86:Drivers/RTT/SEGGER_RTT_printf.c ****   char*     pBuffer;
  87:Drivers/RTT/SEGGER_RTT_printf.c ****   unsigned  BufferSize;
ARM GAS  C:\Users\seblo\AppData\Local\Temp\ccRm7B6h.s 			page 3


  88:Drivers/RTT/SEGGER_RTT_printf.c ****   unsigned  Cnt;
  89:Drivers/RTT/SEGGER_RTT_printf.c **** 
  90:Drivers/RTT/SEGGER_RTT_printf.c ****   int   ReturnValue;
  91:Drivers/RTT/SEGGER_RTT_printf.c **** 
  92:Drivers/RTT/SEGGER_RTT_printf.c ****   unsigned RTTBufferIndex;
  93:Drivers/RTT/SEGGER_RTT_printf.c **** } SEGGER_RTT_PRINTF_DESC;
  94:Drivers/RTT/SEGGER_RTT_printf.c **** 
  95:Drivers/RTT/SEGGER_RTT_printf.c **** /*********************************************************************
  96:Drivers/RTT/SEGGER_RTT_printf.c **** *
  97:Drivers/RTT/SEGGER_RTT_printf.c **** *       Function prototypes
  98:Drivers/RTT/SEGGER_RTT_printf.c **** *
  99:Drivers/RTT/SEGGER_RTT_printf.c **** **********************************************************************
 100:Drivers/RTT/SEGGER_RTT_printf.c **** */
 101:Drivers/RTT/SEGGER_RTT_printf.c **** 
 102:Drivers/RTT/SEGGER_RTT_printf.c **** /*********************************************************************
 103:Drivers/RTT/SEGGER_RTT_printf.c **** *
 104:Drivers/RTT/SEGGER_RTT_printf.c **** *       Static code
 105:Drivers/RTT/SEGGER_RTT_printf.c **** *
 106:Drivers/RTT/SEGGER_RTT_printf.c **** **********************************************************************
 107:Drivers/RTT/SEGGER_RTT_printf.c **** */
 108:Drivers/RTT/SEGGER_RTT_printf.c **** /*********************************************************************
 109:Drivers/RTT/SEGGER_RTT_printf.c **** *
 110:Drivers/RTT/SEGGER_RTT_printf.c **** *       _StoreChar
 111:Drivers/RTT/SEGGER_RTT_printf.c **** */
 112:Drivers/RTT/SEGGER_RTT_printf.c **** static void _StoreChar(SEGGER_RTT_PRINTF_DESC * p, char c) {
  29              		.loc 1 112 60 view -0
  30              		.cfi_startproc
  31              		@ args = 0, pretend = 0, frame = 0
  32              		@ frame_needed = 0, uses_anonymous_args = 0
  33              		.loc 1 112 60 is_stmt 0 view .LVU1
  34 0000 10B5     		push	{r4, lr}
  35              	.LCFI0:
  36              		.cfi_def_cfa_offset 8
  37              		.cfi_offset 4, -8
  38              		.cfi_offset 14, -4
  39 0002 0446     		mov	r4, r0
 113:Drivers/RTT/SEGGER_RTT_printf.c ****   unsigned Cnt;
  40              		.loc 1 113 3 is_stmt 1 view .LVU2
 114:Drivers/RTT/SEGGER_RTT_printf.c **** 
 115:Drivers/RTT/SEGGER_RTT_printf.c ****   Cnt = p->Cnt;
  41              		.loc 1 115 3 view .LVU3
  42              		.loc 1 115 7 is_stmt 0 view .LVU4
  43 0004 8268     		ldr	r2, [r0, #8]
  44              	.LVL1:
 116:Drivers/RTT/SEGGER_RTT_printf.c ****   if ((Cnt + 1u) <= p->BufferSize) {
  45              		.loc 1 116 3 is_stmt 1 view .LVU5
  46              		.loc 1 116 12 is_stmt 0 view .LVU6
  47 0006 531C     		adds	r3, r2, #1
  48              		.loc 1 116 22 view .LVU7
  49 0008 4068     		ldr	r0, [r0, #4]
  50              	.LVL2:
  51              		.loc 1 116 6 view .LVU8
  52 000a 8342     		cmp	r3, r0
  53 000c 05D8     		bhi	.L2
 117:Drivers/RTT/SEGGER_RTT_printf.c ****     *(p->pBuffer + Cnt) = c;
  54              		.loc 1 117 5 is_stmt 1 view .LVU9
  55              		.loc 1 117 8 is_stmt 0 view .LVU10
ARM GAS  C:\Users\seblo\AppData\Local\Temp\ccRm7B6h.s 			page 4


  56 000e 2068     		ldr	r0, [r4]
  57              		.loc 1 117 25 view .LVU11
  58 0010 8154     		strb	r1, [r0, r2]
 118:Drivers/RTT/SEGGER_RTT_printf.c ****     p->Cnt = Cnt + 1u;
  59              		.loc 1 118 5 is_stmt 1 view .LVU12
  60              		.loc 1 118 12 is_stmt 0 view .LVU13
  61 0012 A360     		str	r3, [r4, #8]
 119:Drivers/RTT/SEGGER_RTT_printf.c ****     p->ReturnValue++;
  62              		.loc 1 119 5 is_stmt 1 view .LVU14
  63              		.loc 1 119 6 is_stmt 0 view .LVU15
  64 0014 E368     		ldr	r3, [r4, #12]
  65              		.loc 1 119 19 view .LVU16
  66 0016 0133     		adds	r3, r3, #1
  67 0018 E360     		str	r3, [r4, #12]
  68              	.L2:
 120:Drivers/RTT/SEGGER_RTT_printf.c ****   }
 121:Drivers/RTT/SEGGER_RTT_printf.c ****   //
 122:Drivers/RTT/SEGGER_RTT_printf.c ****   // Write part of string, when the buffer is full
 123:Drivers/RTT/SEGGER_RTT_printf.c ****   //
 124:Drivers/RTT/SEGGER_RTT_printf.c ****   if (p->Cnt == p->BufferSize) {
  69              		.loc 1 124 3 is_stmt 1 view .LVU17
  70              		.loc 1 124 8 is_stmt 0 view .LVU18
  71 001a A268     		ldr	r2, [r4, #8]
  72              	.LVL3:
  73              		.loc 1 124 18 view .LVU19
  74 001c 6368     		ldr	r3, [r4, #4]
  75              		.loc 1 124 6 view .LVU20
  76 001e 9A42     		cmp	r2, r3
  77 0020 00D0     		beq	.L6
  78              	.LVL4:
  79              	.L1:
 125:Drivers/RTT/SEGGER_RTT_printf.c ****     if (SEGGER_RTT_Write(p->RTTBufferIndex, p->pBuffer, p->Cnt) != p->Cnt) {
 126:Drivers/RTT/SEGGER_RTT_printf.c ****       p->ReturnValue = -1;
 127:Drivers/RTT/SEGGER_RTT_printf.c ****     } else {
 128:Drivers/RTT/SEGGER_RTT_printf.c ****       p->Cnt = 0u;
 129:Drivers/RTT/SEGGER_RTT_printf.c ****     }
 130:Drivers/RTT/SEGGER_RTT_printf.c ****   }
 131:Drivers/RTT/SEGGER_RTT_printf.c **** }
  80              		.loc 1 131 1 view .LVU21
  81 0022 10BD     		pop	{r4, pc}
  82              	.LVL5:
  83              	.L6:
 125:Drivers/RTT/SEGGER_RTT_printf.c ****     if (SEGGER_RTT_Write(p->RTTBufferIndex, p->pBuffer, p->Cnt) != p->Cnt) {
  84              		.loc 1 125 5 is_stmt 1 view .LVU22
 125:Drivers/RTT/SEGGER_RTT_printf.c ****     if (SEGGER_RTT_Write(p->RTTBufferIndex, p->pBuffer, p->Cnt) != p->Cnt) {
  85              		.loc 1 125 9 is_stmt 0 view .LVU23
  86 0024 2168     		ldr	r1, [r4]
  87              	.LVL6:
 125:Drivers/RTT/SEGGER_RTT_printf.c ****     if (SEGGER_RTT_Write(p->RTTBufferIndex, p->pBuffer, p->Cnt) != p->Cnt) {
  88              		.loc 1 125 9 view .LVU24
  89 0026 2069     		ldr	r0, [r4, #16]
  90 0028 FFF7FEFF 		bl	SEGGER_RTT_Write
  91              	.LVL7:
 125:Drivers/RTT/SEGGER_RTT_printf.c ****     if (SEGGER_RTT_Write(p->RTTBufferIndex, p->pBuffer, p->Cnt) != p->Cnt) {
  92              		.loc 1 125 69 view .LVU25
  93 002c A368     		ldr	r3, [r4, #8]
 125:Drivers/RTT/SEGGER_RTT_printf.c ****     if (SEGGER_RTT_Write(p->RTTBufferIndex, p->pBuffer, p->Cnt) != p->Cnt) {
ARM GAS  C:\Users\seblo\AppData\Local\Temp\ccRm7B6h.s 			page 5


  94              		.loc 1 125 8 view .LVU26
  95 002e 9842     		cmp	r0, r3
  96 0030 03D0     		beq	.L4
 126:Drivers/RTT/SEGGER_RTT_printf.c ****     } else {
  97              		.loc 1 126 7 is_stmt 1 view .LVU27
 126:Drivers/RTT/SEGGER_RTT_printf.c ****     } else {
  98              		.loc 1 126 22 is_stmt 0 view .LVU28
  99 0032 4FF0FF33 		mov	r3, #-1
 100 0036 E360     		str	r3, [r4, #12]
 101 0038 F3E7     		b	.L1
 102              	.L4:
 128:Drivers/RTT/SEGGER_RTT_printf.c ****     }
 103              		.loc 1 128 7 is_stmt 1 view .LVU29
 128:Drivers/RTT/SEGGER_RTT_printf.c ****     }
 104              		.loc 1 128 14 is_stmt 0 view .LVU30
 105 003a 0023     		movs	r3, #0
 106 003c A360     		str	r3, [r4, #8]
 107              		.loc 1 131 1 view .LVU31
 108 003e F0E7     		b	.L1
 109              		.cfi_endproc
 110              	.LFE0:
 112              		.section	.text._PrintUnsigned,"ax",%progbits
 113              		.align	1
 114              		.syntax unified
 115              		.thumb
 116              		.thumb_func
 117              		.fpu fpv5-sp-d16
 119              	_PrintUnsigned:
 120              	.LVL8:
 121              	.LFB1:
 132:Drivers/RTT/SEGGER_RTT_printf.c **** 
 133:Drivers/RTT/SEGGER_RTT_printf.c **** /*********************************************************************
 134:Drivers/RTT/SEGGER_RTT_printf.c **** *
 135:Drivers/RTT/SEGGER_RTT_printf.c **** *       _PrintUnsigned
 136:Drivers/RTT/SEGGER_RTT_printf.c **** */
 137:Drivers/RTT/SEGGER_RTT_printf.c **** static void _PrintUnsigned(SEGGER_RTT_PRINTF_DESC * pBufferDesc, unsigned v, unsigned Base, unsigne
 122              		.loc 1 137 156 is_stmt 1 view -0
 123              		.cfi_startproc
 124              		@ args = 8, pretend = 0, frame = 0
 125              		@ frame_needed = 0, uses_anonymous_args = 0
 126              		.loc 1 137 156 is_stmt 0 view .LVU33
 127 0000 2DE9F84F 		push	{r3, r4, r5, r6, r7, r8, r9, r10, fp, lr}
 128              	.LCFI1:
 129              		.cfi_def_cfa_offset 40
 130              		.cfi_offset 3, -40
 131              		.cfi_offset 4, -36
 132              		.cfi_offset 5, -32
 133              		.cfi_offset 6, -28
 134              		.cfi_offset 7, -24
 135              		.cfi_offset 8, -20
 136              		.cfi_offset 9, -16
 137              		.cfi_offset 10, -12
 138              		.cfi_offset 11, -8
 139              		.cfi_offset 14, -4
 140 0004 8146     		mov	r9, r0
 141 0006 0F46     		mov	r7, r1
 142 0008 1546     		mov	r5, r2
ARM GAS  C:\Users\seblo\AppData\Local\Temp\ccRm7B6h.s 			page 6


 143 000a 1E46     		mov	r6, r3
 144 000c DDF828A0 		ldr	r10, [sp, #40]
 145 0010 0B9A     		ldr	r2, [sp, #44]
 146              	.LVL9:
 138:Drivers/RTT/SEGGER_RTT_printf.c ****   static const char _aV2C[16] = {'0', '1', '2', '3', '4', '5', '6', '7', '8', '9', 'A', 'B', 'C', '
 147              		.loc 1 138 3 is_stmt 1 view .LVU34
 139:Drivers/RTT/SEGGER_RTT_printf.c ****   unsigned Div;
 148              		.loc 1 139 3 view .LVU35
 140:Drivers/RTT/SEGGER_RTT_printf.c ****   unsigned Digit;
 149              		.loc 1 140 3 view .LVU36
 141:Drivers/RTT/SEGGER_RTT_printf.c ****   unsigned Number;
 150              		.loc 1 141 3 view .LVU37
 142:Drivers/RTT/SEGGER_RTT_printf.c ****   unsigned Width;
 151              		.loc 1 142 3 view .LVU38
 143:Drivers/RTT/SEGGER_RTT_printf.c ****   char c;
 152              		.loc 1 143 3 view .LVU39
 144:Drivers/RTT/SEGGER_RTT_printf.c **** 
 145:Drivers/RTT/SEGGER_RTT_printf.c ****   Number = v;
 153              		.loc 1 145 3 view .LVU40
 146:Drivers/RTT/SEGGER_RTT_printf.c ****   Digit = 1u;
 154              		.loc 1 146 3 view .LVU41
 147:Drivers/RTT/SEGGER_RTT_printf.c ****   //
 148:Drivers/RTT/SEGGER_RTT_printf.c ****   // Get actual field width
 149:Drivers/RTT/SEGGER_RTT_printf.c ****   //
 150:Drivers/RTT/SEGGER_RTT_printf.c ****   Width = 1u;
 155              		.loc 1 150 3 view .LVU42
 151:Drivers/RTT/SEGGER_RTT_printf.c ****   while (Number >= Base) {
 156              		.loc 1 151 3 view .LVU43
 145:Drivers/RTT/SEGGER_RTT_printf.c ****   Digit = 1u;
 157              		.loc 1 145 10 is_stmt 0 view .LVU44
 158 0012 0B46     		mov	r3, r1
 159              	.LVL10:
 150:Drivers/RTT/SEGGER_RTT_printf.c ****   while (Number >= Base) {
 160              		.loc 1 150 9 view .LVU45
 161 0014 4FF00108 		mov	r8, #1
 162              		.loc 1 151 9 view .LVU46
 163 0018 03E0     		b	.L8
 164              	.LVL11:
 165              	.L9:
 152:Drivers/RTT/SEGGER_RTT_printf.c ****     Number = (Number / Base);
 166              		.loc 1 152 5 is_stmt 1 view .LVU47
 167              		.loc 1 152 12 is_stmt 0 view .LVU48
 168 001a B3FBF5F3 		udiv	r3, r3, r5
 169              	.LVL12:
 153:Drivers/RTT/SEGGER_RTT_printf.c ****     Width++;
 170              		.loc 1 153 5 is_stmt 1 view .LVU49
 171              		.loc 1 153 10 is_stmt 0 view .LVU50
 172 001e 08F10108 		add	r8, r8, #1
 173              	.LVL13:
 174              	.L8:
 151:Drivers/RTT/SEGGER_RTT_printf.c ****     Number = (Number / Base);
 175              		.loc 1 151 9 is_stmt 1 view .LVU51
 176 0022 AB42     		cmp	r3, r5
 177 0024 F9D2     		bcs	.L9
 154:Drivers/RTT/SEGGER_RTT_printf.c ****   }
 155:Drivers/RTT/SEGGER_RTT_printf.c ****   if (NumDigits > Width) {
 178              		.loc 1 155 3 view .LVU52
ARM GAS  C:\Users\seblo\AppData\Local\Temp\ccRm7B6h.s 			page 7


 179              		.loc 1 155 6 is_stmt 0 view .LVU53
 180 0026 B045     		cmp	r8, r6
 181 0028 00D2     		bcs	.L10
 156:Drivers/RTT/SEGGER_RTT_printf.c ****     Width = NumDigits;
 182              		.loc 1 156 11 view .LVU54
 183 002a B046     		mov	r8, r6
 184              	.LVL14:
 185              	.L10:
 157:Drivers/RTT/SEGGER_RTT_printf.c ****   }
 158:Drivers/RTT/SEGGER_RTT_printf.c ****   //
 159:Drivers/RTT/SEGGER_RTT_printf.c ****   // Print leading chars if necessary
 160:Drivers/RTT/SEGGER_RTT_printf.c ****   //
 161:Drivers/RTT/SEGGER_RTT_printf.c ****   if ((FormatFlags & FORMAT_FLAG_LEFT_JUSTIFY) == 0u) {
 186              		.loc 1 161 3 is_stmt 1 view .LVU55
 187              		.loc 1 161 6 is_stmt 0 view .LVU56
 188 002c 12F0010B 		ands	fp, r2, #1
 189 0030 15D1     		bne	.L11
 162:Drivers/RTT/SEGGER_RTT_printf.c ****     if (FieldWidth != 0u) {
 190              		.loc 1 162 5 is_stmt 1 view .LVU57
 191              		.loc 1 162 8 is_stmt 0 view .LVU58
 192 0032 BAF1000F 		cmp	r10, #0
 193 0036 12D0     		beq	.L11
 163:Drivers/RTT/SEGGER_RTT_printf.c ****       if (((FormatFlags & FORMAT_FLAG_PAD_ZERO) == FORMAT_FLAG_PAD_ZERO) && (NumDigits == 0u)) {
 194              		.loc 1 163 7 is_stmt 1 view .LVU59
 195              		.loc 1 163 10 is_stmt 0 view .LVU60
 196 0038 12F0020F 		tst	r2, #2
 197 003c 02D0     		beq	.L24
 198              		.loc 1 163 74 discriminator 1 view .LVU61
 199 003e A6B1     		cbz	r6, .L25
 164:Drivers/RTT/SEGGER_RTT_printf.c ****         c = '0';
 165:Drivers/RTT/SEGGER_RTT_printf.c ****       } else {
 166:Drivers/RTT/SEGGER_RTT_printf.c ****         c = ' ';
 200              		.loc 1 166 11 view .LVU62
 201 0040 2024     		movs	r4, #32
 202 0042 00E0     		b	.L13
 203              	.L24:
 204 0044 2024     		movs	r4, #32
 205              	.LVL15:
 206              	.L13:
 167:Drivers/RTT/SEGGER_RTT_printf.c ****       }
 168:Drivers/RTT/SEGGER_RTT_printf.c ****       while ((FieldWidth != 0u) && (Width < FieldWidth)) {
 207              		.loc 1 168 13 is_stmt 1 view .LVU63
 208 0046 C245     		cmp	r10, r8
 209 0048 09D9     		bls	.L11
 169:Drivers/RTT/SEGGER_RTT_printf.c ****         FieldWidth--;
 210              		.loc 1 169 9 view .LVU64
 211              		.loc 1 169 19 is_stmt 0 view .LVU65
 212 004a 0AF1FF3A 		add	r10, r10, #-1
 213              	.LVL16:
 170:Drivers/RTT/SEGGER_RTT_printf.c ****         _StoreChar(pBufferDesc, c);
 214              		.loc 1 170 9 is_stmt 1 view .LVU66
 215 004e 2146     		mov	r1, r4
 216 0050 4846     		mov	r0, r9
 217 0052 FFF7FEFF 		bl	_StoreChar
 218              	.LVL17:
 171:Drivers/RTT/SEGGER_RTT_printf.c ****         if (pBufferDesc->ReturnValue < 0) {
 219              		.loc 1 171 9 view .LVU67
ARM GAS  C:\Users\seblo\AppData\Local\Temp\ccRm7B6h.s 			page 8


 220              		.loc 1 171 24 is_stmt 0 view .LVU68
 221 0056 D9F80C30 		ldr	r3, [r9, #12]
 222              		.loc 1 171 12 view .LVU69
 223 005a 002B     		cmp	r3, #0
 224 005c F3DA     		bge	.L13
 225              	.LVL18:
 226              	.L11:
 172:Drivers/RTT/SEGGER_RTT_printf.c ****           break;
 173:Drivers/RTT/SEGGER_RTT_printf.c ****         }
 174:Drivers/RTT/SEGGER_RTT_printf.c ****       }
 175:Drivers/RTT/SEGGER_RTT_printf.c ****     }
 176:Drivers/RTT/SEGGER_RTT_printf.c ****   }
 177:Drivers/RTT/SEGGER_RTT_printf.c ****   if (pBufferDesc->ReturnValue >= 0) {
 227              		.loc 1 177 3 is_stmt 1 view .LVU70
 228              		.loc 1 177 18 is_stmt 0 view .LVU71
 229 005e D9F80C30 		ldr	r3, [r9, #12]
 230              		.loc 1 177 6 view .LVU72
 231 0062 002B     		cmp	r3, #0
 232 0064 25DB     		blt	.L7
 146:Drivers/RTT/SEGGER_RTT_printf.c ****   //
 233              		.loc 1 146 9 view .LVU73
 234 0066 0124     		movs	r4, #1
 235 0068 04E0     		b	.L19
 236              	.LVL19:
 237              	.L25:
 164:Drivers/RTT/SEGGER_RTT_printf.c ****       } else {
 238              		.loc 1 164 11 view .LVU74
 239 006a 3024     		movs	r4, #48
 240 006c EBE7     		b	.L13
 241              	.LVL20:
 242              	.L28:
 178:Drivers/RTT/SEGGER_RTT_printf.c ****     //
 179:Drivers/RTT/SEGGER_RTT_printf.c ****     // Compute Digit.
 180:Drivers/RTT/SEGGER_RTT_printf.c ****     // Loop until Digit has the value of the highest digit required.
 181:Drivers/RTT/SEGGER_RTT_printf.c ****     // Example: If the output is 345 (Base 10), loop 2 times until Digit is 100.
 182:Drivers/RTT/SEGGER_RTT_printf.c ****     //
 183:Drivers/RTT/SEGGER_RTT_printf.c ****     while (1) {
 184:Drivers/RTT/SEGGER_RTT_printf.c ****       if (NumDigits > 1u) {       // User specified a min number of digits to print? => Make sure w
 185:Drivers/RTT/SEGGER_RTT_printf.c ****         NumDigits--;
 243              		.loc 1 185 9 is_stmt 1 view .LVU75
 244              		.loc 1 185 18 is_stmt 0 view .LVU76
 245 006e 013E     		subs	r6, r6, #1
 246              	.LVL21:
 247              	.L17:
 186:Drivers/RTT/SEGGER_RTT_printf.c ****       } else {
 187:Drivers/RTT/SEGGER_RTT_printf.c ****         Div = v / Digit;
 188:Drivers/RTT/SEGGER_RTT_printf.c ****         if (Div < Base) {        // Is our divider big enough to extract the highest digit from val
 189:Drivers/RTT/SEGGER_RTT_printf.c ****           break;
 190:Drivers/RTT/SEGGER_RTT_printf.c ****         }
 191:Drivers/RTT/SEGGER_RTT_printf.c ****       }
 192:Drivers/RTT/SEGGER_RTT_printf.c ****       Digit *= Base;
 248              		.loc 1 192 7 is_stmt 1 view .LVU77
 249              		.loc 1 192 13 is_stmt 0 view .LVU78
 250 0070 05FB04F4 		mul	r4, r5, r4
 251              	.LVL22:
 183:Drivers/RTT/SEGGER_RTT_printf.c ****       if (NumDigits > 1u) {       // User specified a min number of digits to print? => Make sure w
 252              		.loc 1 183 11 is_stmt 1 view .LVU79
ARM GAS  C:\Users\seblo\AppData\Local\Temp\ccRm7B6h.s 			page 9


 253              	.L19:
 183:Drivers/RTT/SEGGER_RTT_printf.c ****       if (NumDigits > 1u) {       // User specified a min number of digits to print? => Make sure w
 254              		.loc 1 183 5 view .LVU80
 184:Drivers/RTT/SEGGER_RTT_printf.c ****         NumDigits--;
 255              		.loc 1 184 7 view .LVU81
 184:Drivers/RTT/SEGGER_RTT_printf.c ****         NumDigits--;
 256              		.loc 1 184 10 is_stmt 0 view .LVU82
 257 0074 012E     		cmp	r6, #1
 258 0076 FAD8     		bhi	.L28
 187:Drivers/RTT/SEGGER_RTT_printf.c ****         if (Div < Base) {        // Is our divider big enough to extract the highest digit from val
 259              		.loc 1 187 9 is_stmt 1 view .LVU83
 187:Drivers/RTT/SEGGER_RTT_printf.c ****         if (Div < Base) {        // Is our divider big enough to extract the highest digit from val
 260              		.loc 1 187 13 is_stmt 0 view .LVU84
 261 0078 B7FBF4F3 		udiv	r3, r7, r4
 262              	.LVL23:
 188:Drivers/RTT/SEGGER_RTT_printf.c ****           break;
 263              		.loc 1 188 9 is_stmt 1 view .LVU85
 188:Drivers/RTT/SEGGER_RTT_printf.c ****           break;
 264              		.loc 1 188 12 is_stmt 0 view .LVU86
 265 007c 9D42     		cmp	r5, r3
 266 007e F7D9     		bls	.L17
 267 0080 00E0     		b	.L18
 268              	.LVL24:
 269              	.L26:
 193:Drivers/RTT/SEGGER_RTT_printf.c ****     }
 194:Drivers/RTT/SEGGER_RTT_printf.c ****     //
 195:Drivers/RTT/SEGGER_RTT_printf.c ****     // Output digits
 196:Drivers/RTT/SEGGER_RTT_printf.c ****     //
 197:Drivers/RTT/SEGGER_RTT_printf.c ****     do {
 198:Drivers/RTT/SEGGER_RTT_printf.c ****       Div = v / Digit;
 199:Drivers/RTT/SEGGER_RTT_printf.c ****       v -= Div * Digit;
 200:Drivers/RTT/SEGGER_RTT_printf.c ****       _StoreChar(pBufferDesc, _aV2C[Div]);
 201:Drivers/RTT/SEGGER_RTT_printf.c ****       if (pBufferDesc->ReturnValue < 0) {
 202:Drivers/RTT/SEGGER_RTT_printf.c ****         break;
 203:Drivers/RTT/SEGGER_RTT_printf.c ****       }
 204:Drivers/RTT/SEGGER_RTT_printf.c ****       Digit /= Base;
 270              		.loc 1 204 13 view .LVU87
 271 0082 1C46     		mov	r4, r3
 272              	.LVL25:
 273              	.L18:
 197:Drivers/RTT/SEGGER_RTT_printf.c ****       Div = v / Digit;
 274              		.loc 1 197 5 is_stmt 1 view .LVU88
 198:Drivers/RTT/SEGGER_RTT_printf.c ****       v -= Div * Digit;
 275              		.loc 1 198 7 view .LVU89
 198:Drivers/RTT/SEGGER_RTT_printf.c ****       v -= Div * Digit;
 276              		.loc 1 198 11 is_stmt 0 view .LVU90
 277 0084 B7FBF4F3 		udiv	r3, r7, r4
 278              	.LVL26:
 199:Drivers/RTT/SEGGER_RTT_printf.c ****       _StoreChar(pBufferDesc, _aV2C[Div]);
 279              		.loc 1 199 7 is_stmt 1 view .LVU91
 280 0088 04FB1377 		mls	r7, r4, r3, r7
 281              	.LVL27:
 200:Drivers/RTT/SEGGER_RTT_printf.c ****       if (pBufferDesc->ReturnValue < 0) {
 282              		.loc 1 200 7 view .LVU92
 283 008c 104A     		ldr	r2, .L29
 284 008e D15C     		ldrb	r1, [r2, r3]	@ zero_extendqisi2
 285 0090 4846     		mov	r0, r9
ARM GAS  C:\Users\seblo\AppData\Local\Temp\ccRm7B6h.s 			page 10


 286 0092 FFF7FEFF 		bl	_StoreChar
 287              	.LVL28:
 201:Drivers/RTT/SEGGER_RTT_printf.c ****         break;
 288              		.loc 1 201 7 view .LVU93
 201:Drivers/RTT/SEGGER_RTT_printf.c ****         break;
 289              		.loc 1 201 22 is_stmt 0 view .LVU94
 290 0096 D9F80C30 		ldr	r3, [r9, #12]
 201:Drivers/RTT/SEGGER_RTT_printf.c ****         break;
 291              		.loc 1 201 10 view .LVU95
 292 009a 002B     		cmp	r3, #0
 293 009c 03DB     		blt	.L20
 294              		.loc 1 204 7 is_stmt 1 view .LVU96
 295              		.loc 1 204 13 is_stmt 0 view .LVU97
 296 009e B4FBF5F3 		udiv	r3, r4, r5
 297              	.LVL29:
 205:Drivers/RTT/SEGGER_RTT_printf.c ****     } while (Digit);
 298              		.loc 1 205 13 is_stmt 1 view .LVU98
 299              		.loc 1 205 5 is_stmt 0 view .LVU99
 300 00a2 AC42     		cmp	r4, r5
 301 00a4 EDD2     		bcs	.L26
 302              	.LVL30:
 303              	.L20:
 206:Drivers/RTT/SEGGER_RTT_printf.c ****     //
 207:Drivers/RTT/SEGGER_RTT_printf.c ****     // Print trailing spaces if necessary
 208:Drivers/RTT/SEGGER_RTT_printf.c ****     //
 209:Drivers/RTT/SEGGER_RTT_printf.c ****     if ((FormatFlags & FORMAT_FLAG_LEFT_JUSTIFY) == FORMAT_FLAG_LEFT_JUSTIFY) {
 304              		.loc 1 209 5 is_stmt 1 view .LVU100
 305              		.loc 1 209 8 is_stmt 0 view .LVU101
 306 00a6 BBF1000F 		cmp	fp, #0
 307 00aa 02D0     		beq	.L7
 210:Drivers/RTT/SEGGER_RTT_printf.c ****       if (FieldWidth != 0u) {
 308              		.loc 1 210 7 is_stmt 1 view .LVU102
 309              		.loc 1 210 10 is_stmt 0 view .LVU103
 310 00ac BAF1000F 		cmp	r10, #0
 311 00b0 01D1     		bne	.L21
 312              	.L7:
 211:Drivers/RTT/SEGGER_RTT_printf.c ****         while ((FieldWidth != 0u) && (Width < FieldWidth)) {
 212:Drivers/RTT/SEGGER_RTT_printf.c ****           FieldWidth--;
 213:Drivers/RTT/SEGGER_RTT_printf.c ****           _StoreChar(pBufferDesc, ' ');
 214:Drivers/RTT/SEGGER_RTT_printf.c ****           if (pBufferDesc->ReturnValue < 0) {
 215:Drivers/RTT/SEGGER_RTT_printf.c ****             break;
 216:Drivers/RTT/SEGGER_RTT_printf.c ****           }
 217:Drivers/RTT/SEGGER_RTT_printf.c ****         }
 218:Drivers/RTT/SEGGER_RTT_printf.c ****       }
 219:Drivers/RTT/SEGGER_RTT_printf.c ****     }
 220:Drivers/RTT/SEGGER_RTT_printf.c ****   }
 221:Drivers/RTT/SEGGER_RTT_printf.c **** }
 313              		.loc 1 221 1 view .LVU104
 314 00b2 BDE8F88F 		pop	{r3, r4, r5, r6, r7, r8, r9, r10, fp, pc}
 315              	.LVL31:
 316              	.L21:
 211:Drivers/RTT/SEGGER_RTT_printf.c ****         while ((FieldWidth != 0u) && (Width < FieldWidth)) {
 317              		.loc 1 211 15 is_stmt 1 view .LVU105
 318 00b6 C245     		cmp	r10, r8
 319 00b8 FBD9     		bls	.L7
 212:Drivers/RTT/SEGGER_RTT_printf.c ****           _StoreChar(pBufferDesc, ' ');
 320              		.loc 1 212 11 view .LVU106
ARM GAS  C:\Users\seblo\AppData\Local\Temp\ccRm7B6h.s 			page 11


 212:Drivers/RTT/SEGGER_RTT_printf.c ****           _StoreChar(pBufferDesc, ' ');
 321              		.loc 1 212 21 is_stmt 0 view .LVU107
 322 00ba 0AF1FF3A 		add	r10, r10, #-1
 323              	.LVL32:
 213:Drivers/RTT/SEGGER_RTT_printf.c ****           if (pBufferDesc->ReturnValue < 0) {
 324              		.loc 1 213 11 is_stmt 1 view .LVU108
 325 00be 2021     		movs	r1, #32
 326 00c0 4846     		mov	r0, r9
 327 00c2 FFF7FEFF 		bl	_StoreChar
 328              	.LVL33:
 214:Drivers/RTT/SEGGER_RTT_printf.c ****             break;
 329              		.loc 1 214 11 view .LVU109
 214:Drivers/RTT/SEGGER_RTT_printf.c ****             break;
 330              		.loc 1 214 26 is_stmt 0 view .LVU110
 331 00c6 D9F80C30 		ldr	r3, [r9, #12]
 214:Drivers/RTT/SEGGER_RTT_printf.c ****             break;
 332              		.loc 1 214 14 view .LVU111
 333 00ca 002B     		cmp	r3, #0
 334 00cc F3DA     		bge	.L21
 335 00ce F0E7     		b	.L7
 336              	.L30:
 337              		.align	2
 338              	.L29:
 339 00d0 00000000 		.word	.LANCHOR0
 340              		.cfi_endproc
 341              	.LFE1:
 343              		.section	.text._PrintInt,"ax",%progbits
 344              		.align	1
 345              		.syntax unified
 346              		.thumb
 347              		.thumb_func
 348              		.fpu fpv5-sp-d16
 350              	_PrintInt:
 351              	.LVL34:
 352              	.LFB2:
 222:Drivers/RTT/SEGGER_RTT_printf.c **** 
 223:Drivers/RTT/SEGGER_RTT_printf.c **** /*********************************************************************
 224:Drivers/RTT/SEGGER_RTT_printf.c **** *
 225:Drivers/RTT/SEGGER_RTT_printf.c **** *       _PrintInt
 226:Drivers/RTT/SEGGER_RTT_printf.c **** */
 227:Drivers/RTT/SEGGER_RTT_printf.c **** static void _PrintInt(SEGGER_RTT_PRINTF_DESC * pBufferDesc, int v, unsigned Base, unsigned NumDigit
 353              		.loc 1 227 146 is_stmt 1 view -0
 354              		.cfi_startproc
 355              		@ args = 8, pretend = 0, frame = 0
 356              		@ frame_needed = 0, uses_anonymous_args = 0
 357              		.loc 1 227 146 is_stmt 0 view .LVU113
 358 0000 2DE9F047 		push	{r4, r5, r6, r7, r8, r9, r10, lr}
 359              	.LCFI2:
 360              		.cfi_def_cfa_offset 32
 361              		.cfi_offset 4, -32
 362              		.cfi_offset 5, -28
 363              		.cfi_offset 6, -24
 364              		.cfi_offset 7, -20
 365              		.cfi_offset 8, -16
 366              		.cfi_offset 9, -12
 367              		.cfi_offset 10, -8
 368              		.cfi_offset 14, -4
ARM GAS  C:\Users\seblo\AppData\Local\Temp\ccRm7B6h.s 			page 12


 369 0004 82B0     		sub	sp, sp, #8
 370              	.LCFI3:
 371              		.cfi_def_cfa_offset 40
 372 0006 0646     		mov	r6, r0
 373 0008 8846     		mov	r8, r1
 374 000a 1546     		mov	r5, r2
 375 000c 9946     		mov	r9, r3
 376 000e 0A9F     		ldr	r7, [sp, #40]
 377 0010 DDF82CA0 		ldr	r10, [sp, #44]
 228:Drivers/RTT/SEGGER_RTT_printf.c ****   unsigned Width;
 378              		.loc 1 228 3 is_stmt 1 view .LVU114
 229:Drivers/RTT/SEGGER_RTT_printf.c ****   int Number;
 379              		.loc 1 229 3 view .LVU115
 230:Drivers/RTT/SEGGER_RTT_printf.c **** 
 231:Drivers/RTT/SEGGER_RTT_printf.c ****   Number = (v < 0) ? -v : v;
 380              		.loc 1 231 3 view .LVU116
 381              		.loc 1 231 10 is_stmt 0 view .LVU117
 382 0014 81EAE17C 		eor	ip, r1, r1, asr #31
 383 0018 ACEBE17C 		sub	ip, ip, r1, asr #31
 384              	.LVL35:
 232:Drivers/RTT/SEGGER_RTT_printf.c **** 
 233:Drivers/RTT/SEGGER_RTT_printf.c ****   //
 234:Drivers/RTT/SEGGER_RTT_printf.c ****   // Get actual field width
 235:Drivers/RTT/SEGGER_RTT_printf.c ****   //
 236:Drivers/RTT/SEGGER_RTT_printf.c ****   Width = 1u;
 385              		.loc 1 236 3 is_stmt 1 view .LVU118
 237:Drivers/RTT/SEGGER_RTT_printf.c ****   while (Number >= (int)Base) {
 386              		.loc 1 237 3 view .LVU119
 236:Drivers/RTT/SEGGER_RTT_printf.c ****   while (Number >= (int)Base) {
 387              		.loc 1 236 9 is_stmt 0 view .LVU120
 388 001c 0124     		movs	r4, #1
 389              		.loc 1 237 9 view .LVU121
 390 001e 02E0     		b	.L32
 391              	.LVL36:
 392              	.L33:
 238:Drivers/RTT/SEGGER_RTT_printf.c ****     Number = (Number / (int)Base);
 393              		.loc 1 238 5 is_stmt 1 view .LVU122
 394              		.loc 1 238 12 is_stmt 0 view .LVU123
 395 0020 9CFBF5FC 		sdiv	ip, ip, r5
 396              	.LVL37:
 239:Drivers/RTT/SEGGER_RTT_printf.c ****     Width++;
 397              		.loc 1 239 5 is_stmt 1 view .LVU124
 398              		.loc 1 239 10 is_stmt 0 view .LVU125
 399 0024 0134     		adds	r4, r4, #1
 400              	.LVL38:
 401              	.L32:
 237:Drivers/RTT/SEGGER_RTT_printf.c ****     Number = (Number / (int)Base);
 402              		.loc 1 237 9 is_stmt 1 view .LVU126
 403 0026 6545     		cmp	r5, ip
 404 0028 FADD     		ble	.L33
 240:Drivers/RTT/SEGGER_RTT_printf.c ****   }
 241:Drivers/RTT/SEGGER_RTT_printf.c ****   if (NumDigits > Width) {
 405              		.loc 1 241 3 view .LVU127
 406              		.loc 1 241 6 is_stmt 0 view .LVU128
 407 002a 4C45     		cmp	r4, r9
 408 002c 00D2     		bcs	.L34
 242:Drivers/RTT/SEGGER_RTT_printf.c ****     Width = NumDigits;
ARM GAS  C:\Users\seblo\AppData\Local\Temp\ccRm7B6h.s 			page 13


 409              		.loc 1 242 11 view .LVU129
 410 002e 4C46     		mov	r4, r9
 411              	.LVL39:
 412              	.L34:
 243:Drivers/RTT/SEGGER_RTT_printf.c ****   }
 244:Drivers/RTT/SEGGER_RTT_printf.c ****   if ((FieldWidth > 0u) && ((v < 0) || ((FormatFlags & FORMAT_FLAG_PRINT_SIGN) == FORMAT_FLAG_PRINT
 413              		.loc 1 244 3 is_stmt 1 view .LVU130
 414              		.loc 1 244 6 is_stmt 0 view .LVU131
 415 0030 37B1     		cbz	r7, .L35
 416              		.loc 1 244 25 discriminator 1 view .LVU132
 417 0032 B8F1000F 		cmp	r8, #0
 418 0036 02DB     		blt	.L36
 419              		.loc 1 244 37 discriminator 2 view .LVU133
 420 0038 1AF0040F 		tst	r10, #4
 421 003c 00D0     		beq	.L35
 422              	.L36:
 245:Drivers/RTT/SEGGER_RTT_printf.c ****     FieldWidth--;
 423              		.loc 1 245 5 is_stmt 1 view .LVU134
 424              		.loc 1 245 15 is_stmt 0 view .LVU135
 425 003e 013F     		subs	r7, r7, #1
 426              	.LVL40:
 427              	.L35:
 246:Drivers/RTT/SEGGER_RTT_printf.c ****   }
 247:Drivers/RTT/SEGGER_RTT_printf.c **** 
 248:Drivers/RTT/SEGGER_RTT_printf.c ****   //
 249:Drivers/RTT/SEGGER_RTT_printf.c ****   // Print leading spaces if necessary
 250:Drivers/RTT/SEGGER_RTT_printf.c ****   //
 251:Drivers/RTT/SEGGER_RTT_printf.c ****   if ((((FormatFlags & FORMAT_FLAG_PAD_ZERO) == 0u) || (NumDigits != 0u)) && ((FormatFlags & FORMAT
 428              		.loc 1 251 3 is_stmt 1 view .LVU136
 429              		.loc 1 251 6 is_stmt 0 view .LVU137
 430 0040 1AF0020F 		tst	r10, #2
 431 0044 02D0     		beq	.L37
 432              		.loc 1 251 53 discriminator 2 view .LVU138
 433 0046 B9F1000F 		cmp	r9, #0
 434 004a 03D0     		beq	.L38
 435              	.L37:
 436              		.loc 1 251 75 discriminator 3 view .LVU139
 437 004c 1AF0010F 		tst	r10, #1
 438 0050 00D1     		bne	.L38
 252:Drivers/RTT/SEGGER_RTT_printf.c ****     if (FieldWidth != 0u) {
 439              		.loc 1 252 5 is_stmt 1 view .LVU140
 440              		.loc 1 252 8 is_stmt 0 view .LVU141
 441 0052 AFB9     		cbnz	r7, .L39
 442              	.LVL41:
 443              	.L38:
 253:Drivers/RTT/SEGGER_RTT_printf.c ****       while ((FieldWidth != 0u) && (Width < FieldWidth)) {
 254:Drivers/RTT/SEGGER_RTT_printf.c ****         FieldWidth--;
 255:Drivers/RTT/SEGGER_RTT_printf.c ****         _StoreChar(pBufferDesc, ' ');
 256:Drivers/RTT/SEGGER_RTT_printf.c ****         if (pBufferDesc->ReturnValue < 0) {
 257:Drivers/RTT/SEGGER_RTT_printf.c ****           break;
 258:Drivers/RTT/SEGGER_RTT_printf.c ****         }
 259:Drivers/RTT/SEGGER_RTT_printf.c ****       }
 260:Drivers/RTT/SEGGER_RTT_printf.c ****     }
 261:Drivers/RTT/SEGGER_RTT_printf.c ****   }
 262:Drivers/RTT/SEGGER_RTT_printf.c ****   //
 263:Drivers/RTT/SEGGER_RTT_printf.c ****   // Print sign if necessary
 264:Drivers/RTT/SEGGER_RTT_printf.c ****   //
ARM GAS  C:\Users\seblo\AppData\Local\Temp\ccRm7B6h.s 			page 14


 265:Drivers/RTT/SEGGER_RTT_printf.c ****   if (pBufferDesc->ReturnValue >= 0) {
 444              		.loc 1 265 3 is_stmt 1 view .LVU142
 445              		.loc 1 265 18 is_stmt 0 view .LVU143
 446 0054 F368     		ldr	r3, [r6, #12]
 447              		.loc 1 265 6 view .LVU144
 448 0056 002B     		cmp	r3, #0
 449 0058 0FDB     		blt	.L31
 266:Drivers/RTT/SEGGER_RTT_printf.c ****     if (v < 0) {
 450              		.loc 1 266 5 is_stmt 1 view .LVU145
 451              		.loc 1 266 8 is_stmt 0 view .LVU146
 452 005a B8F1000F 		cmp	r8, #0
 453 005e 1ADB     		blt	.L49
 267:Drivers/RTT/SEGGER_RTT_printf.c ****       v = -v;
 268:Drivers/RTT/SEGGER_RTT_printf.c ****       _StoreChar(pBufferDesc, '-');
 269:Drivers/RTT/SEGGER_RTT_printf.c ****     } else if ((FormatFlags & FORMAT_FLAG_PRINT_SIGN) == FORMAT_FLAG_PRINT_SIGN) {
 454              		.loc 1 269 12 is_stmt 1 view .LVU147
 455              		.loc 1 269 15 is_stmt 0 view .LVU148
 456 0060 1AF0040F 		tst	r10, #4
 457 0064 1ED1     		bne	.L50
 458              	.L43:
 270:Drivers/RTT/SEGGER_RTT_printf.c ****       _StoreChar(pBufferDesc, '+');
 271:Drivers/RTT/SEGGER_RTT_printf.c ****     } else {
 272:Drivers/RTT/SEGGER_RTT_printf.c **** 
 273:Drivers/RTT/SEGGER_RTT_printf.c ****     }
 459              		.loc 1 273 5 is_stmt 1 view .LVU149
 274:Drivers/RTT/SEGGER_RTT_printf.c ****     if (pBufferDesc->ReturnValue >= 0) {
 460              		.loc 1 274 5 view .LVU150
 461              		.loc 1 274 20 is_stmt 0 view .LVU151
 462 0066 F368     		ldr	r3, [r6, #12]
 463              		.loc 1 274 8 view .LVU152
 464 0068 002B     		cmp	r3, #0
 465 006a 06DB     		blt	.L31
 275:Drivers/RTT/SEGGER_RTT_printf.c ****       //
 276:Drivers/RTT/SEGGER_RTT_printf.c ****       // Print leading zeros if necessary
 277:Drivers/RTT/SEGGER_RTT_printf.c ****       //
 278:Drivers/RTT/SEGGER_RTT_printf.c ****       if (((FormatFlags & FORMAT_FLAG_PAD_ZERO) == FORMAT_FLAG_PAD_ZERO) && ((FormatFlags & FORMAT_
 466              		.loc 1 278 7 is_stmt 1 view .LVU153
 467              		.loc 1 278 74 is_stmt 0 view .LVU154
 468 006c 0AF00303 		and	r3, r10, #3
 469              		.loc 1 278 10 view .LVU155
 470 0070 022B     		cmp	r3, #2
 471 0072 1CD0     		beq	.L51
 472              	.L44:
 279:Drivers/RTT/SEGGER_RTT_printf.c ****         if (FieldWidth != 0u) {
 280:Drivers/RTT/SEGGER_RTT_printf.c ****           while ((FieldWidth != 0u) && (Width < FieldWidth)) {
 281:Drivers/RTT/SEGGER_RTT_printf.c ****             FieldWidth--;
 282:Drivers/RTT/SEGGER_RTT_printf.c ****             _StoreChar(pBufferDesc, '0');
 283:Drivers/RTT/SEGGER_RTT_printf.c ****             if (pBufferDesc->ReturnValue < 0) {
 284:Drivers/RTT/SEGGER_RTT_printf.c ****               break;
 285:Drivers/RTT/SEGGER_RTT_printf.c ****             }
 286:Drivers/RTT/SEGGER_RTT_printf.c ****           }
 287:Drivers/RTT/SEGGER_RTT_printf.c ****         }
 288:Drivers/RTT/SEGGER_RTT_printf.c ****       }
 289:Drivers/RTT/SEGGER_RTT_printf.c ****       if (pBufferDesc->ReturnValue >= 0) {
 473              		.loc 1 289 7 is_stmt 1 view .LVU156
 474              		.loc 1 289 22 is_stmt 0 view .LVU157
 475 0074 F368     		ldr	r3, [r6, #12]
ARM GAS  C:\Users\seblo\AppData\Local\Temp\ccRm7B6h.s 			page 15


 476              		.loc 1 289 10 view .LVU158
 477 0076 002B     		cmp	r3, #0
 478 0078 29DA     		bge	.L52
 479              	.L31:
 290:Drivers/RTT/SEGGER_RTT_printf.c ****         //
 291:Drivers/RTT/SEGGER_RTT_printf.c ****         // Print number without sign
 292:Drivers/RTT/SEGGER_RTT_printf.c ****         //
 293:Drivers/RTT/SEGGER_RTT_printf.c ****         _PrintUnsigned(pBufferDesc, (unsigned)v, Base, NumDigits, FieldWidth, FormatFlags);
 294:Drivers/RTT/SEGGER_RTT_printf.c ****       }
 295:Drivers/RTT/SEGGER_RTT_printf.c ****     }
 296:Drivers/RTT/SEGGER_RTT_printf.c ****   }
 297:Drivers/RTT/SEGGER_RTT_printf.c **** }
 480              		.loc 1 297 1 view .LVU159
 481 007a 02B0     		add	sp, sp, #8
 482              	.LCFI4:
 483              		.cfi_remember_state
 484              		.cfi_def_cfa_offset 32
 485              		@ sp needed
 486 007c BDE8F087 		pop	{r4, r5, r6, r7, r8, r9, r10, pc}
 487              	.LVL42:
 488              	.L39:
 489              	.LCFI5:
 490              		.cfi_restore_state
 253:Drivers/RTT/SEGGER_RTT_printf.c ****         FieldWidth--;
 491              		.loc 1 253 13 is_stmt 1 view .LVU160
 492 0080 A742     		cmp	r7, r4
 493 0082 E7D9     		bls	.L38
 254:Drivers/RTT/SEGGER_RTT_printf.c ****         _StoreChar(pBufferDesc, ' ');
 494              		.loc 1 254 9 view .LVU161
 254:Drivers/RTT/SEGGER_RTT_printf.c ****         _StoreChar(pBufferDesc, ' ');
 495              		.loc 1 254 19 is_stmt 0 view .LVU162
 496 0084 013F     		subs	r7, r7, #1
 497              	.LVL43:
 255:Drivers/RTT/SEGGER_RTT_printf.c ****         if (pBufferDesc->ReturnValue < 0) {
 498              		.loc 1 255 9 is_stmt 1 view .LVU163
 499 0086 2021     		movs	r1, #32
 500 0088 3046     		mov	r0, r6
 501 008a FFF7FEFF 		bl	_StoreChar
 502              	.LVL44:
 256:Drivers/RTT/SEGGER_RTT_printf.c ****           break;
 503              		.loc 1 256 9 view .LVU164
 256:Drivers/RTT/SEGGER_RTT_printf.c ****           break;
 504              		.loc 1 256 24 is_stmt 0 view .LVU165
 505 008e F368     		ldr	r3, [r6, #12]
 256:Drivers/RTT/SEGGER_RTT_printf.c ****           break;
 506              		.loc 1 256 12 view .LVU166
 507 0090 002B     		cmp	r3, #0
 508 0092 F5DA     		bge	.L39
 509 0094 DEE7     		b	.L38
 510              	.L49:
 267:Drivers/RTT/SEGGER_RTT_printf.c ****       _StoreChar(pBufferDesc, '-');
 511              		.loc 1 267 7 is_stmt 1 view .LVU167
 267:Drivers/RTT/SEGGER_RTT_printf.c ****       _StoreChar(pBufferDesc, '-');
 512              		.loc 1 267 9 is_stmt 0 view .LVU168
 513 0096 C8F10008 		rsb	r8, r8, #0
 514              	.LVL45:
 268:Drivers/RTT/SEGGER_RTT_printf.c ****     } else if ((FormatFlags & FORMAT_FLAG_PRINT_SIGN) == FORMAT_FLAG_PRINT_SIGN) {
ARM GAS  C:\Users\seblo\AppData\Local\Temp\ccRm7B6h.s 			page 16


 515              		.loc 1 268 7 is_stmt 1 view .LVU169
 516 009a 2D21     		movs	r1, #45
 517 009c 3046     		mov	r0, r6
 518 009e FFF7FEFF 		bl	_StoreChar
 519              	.LVL46:
 520 00a2 E0E7     		b	.L43
 521              	.L50:
 270:Drivers/RTT/SEGGER_RTT_printf.c ****     } else {
 522              		.loc 1 270 7 view .LVU170
 523 00a4 2B21     		movs	r1, #43
 524 00a6 3046     		mov	r0, r6
 525 00a8 FFF7FEFF 		bl	_StoreChar
 526              	.LVL47:
 527 00ac DBE7     		b	.L43
 528              	.L51:
 278:Drivers/RTT/SEGGER_RTT_printf.c ****         if (FieldWidth != 0u) {
 529              		.loc 1 278 126 is_stmt 0 discriminator 1 view .LVU171
 530 00ae B9F1000F 		cmp	r9, #0
 531 00b2 DFD1     		bne	.L44
 279:Drivers/RTT/SEGGER_RTT_printf.c ****           while ((FieldWidth != 0u) && (Width < FieldWidth)) {
 532              		.loc 1 279 9 is_stmt 1 view .LVU172
 279:Drivers/RTT/SEGGER_RTT_printf.c ****           while ((FieldWidth != 0u) && (Width < FieldWidth)) {
 533              		.loc 1 279 12 is_stmt 0 view .LVU173
 534 00b4 002F     		cmp	r7, #0
 535 00b6 DDD0     		beq	.L44
 536              	.L45:
 280:Drivers/RTT/SEGGER_RTT_printf.c ****             FieldWidth--;
 537              		.loc 1 280 17 is_stmt 1 view .LVU174
 538 00b8 A742     		cmp	r7, r4
 539 00ba DBD9     		bls	.L44
 281:Drivers/RTT/SEGGER_RTT_printf.c ****             _StoreChar(pBufferDesc, '0');
 540              		.loc 1 281 13 view .LVU175
 281:Drivers/RTT/SEGGER_RTT_printf.c ****             _StoreChar(pBufferDesc, '0');
 541              		.loc 1 281 23 is_stmt 0 view .LVU176
 542 00bc 013F     		subs	r7, r7, #1
 543              	.LVL48:
 282:Drivers/RTT/SEGGER_RTT_printf.c ****             if (pBufferDesc->ReturnValue < 0) {
 544              		.loc 1 282 13 is_stmt 1 view .LVU177
 545 00be 3021     		movs	r1, #48
 546 00c0 3046     		mov	r0, r6
 547 00c2 FFF7FEFF 		bl	_StoreChar
 548              	.LVL49:
 283:Drivers/RTT/SEGGER_RTT_printf.c ****               break;
 549              		.loc 1 283 13 view .LVU178
 283:Drivers/RTT/SEGGER_RTT_printf.c ****               break;
 550              		.loc 1 283 28 is_stmt 0 view .LVU179
 551 00c6 F368     		ldr	r3, [r6, #12]
 283:Drivers/RTT/SEGGER_RTT_printf.c ****               break;
 552              		.loc 1 283 16 view .LVU180
 553 00c8 002B     		cmp	r3, #0
 554 00ca F5DA     		bge	.L45
 555 00cc D2E7     		b	.L44
 556              	.L52:
 293:Drivers/RTT/SEGGER_RTT_printf.c ****       }
 557              		.loc 1 293 9 is_stmt 1 view .LVU181
 558 00ce CDF804A0 		str	r10, [sp, #4]
 559 00d2 0097     		str	r7, [sp]
ARM GAS  C:\Users\seblo\AppData\Local\Temp\ccRm7B6h.s 			page 17


 560 00d4 4B46     		mov	r3, r9
 561 00d6 2A46     		mov	r2, r5
 562 00d8 4146     		mov	r1, r8
 563 00da 3046     		mov	r0, r6
 564 00dc FFF7FEFF 		bl	_PrintUnsigned
 565              	.LVL50:
 566              		.loc 1 297 1 is_stmt 0 view .LVU182
 567 00e0 CBE7     		b	.L31
 568              		.cfi_endproc
 569              	.LFE2:
 571              		.section	.text.SEGGER_RTT_vprintf,"ax",%progbits
 572              		.align	1
 573              		.global	SEGGER_RTT_vprintf
 574              		.syntax unified
 575              		.thumb
 576              		.thumb_func
 577              		.fpu fpv5-sp-d16
 579              	SEGGER_RTT_vprintf:
 580              	.LVL51:
 581              	.LFB3:
 298:Drivers/RTT/SEGGER_RTT_printf.c **** 
 299:Drivers/RTT/SEGGER_RTT_printf.c **** /*********************************************************************
 300:Drivers/RTT/SEGGER_RTT_printf.c **** *
 301:Drivers/RTT/SEGGER_RTT_printf.c **** *       Public code
 302:Drivers/RTT/SEGGER_RTT_printf.c **** *
 303:Drivers/RTT/SEGGER_RTT_printf.c **** **********************************************************************
 304:Drivers/RTT/SEGGER_RTT_printf.c **** */
 305:Drivers/RTT/SEGGER_RTT_printf.c **** /*********************************************************************
 306:Drivers/RTT/SEGGER_RTT_printf.c **** *
 307:Drivers/RTT/SEGGER_RTT_printf.c **** *       SEGGER_RTT_vprintf
 308:Drivers/RTT/SEGGER_RTT_printf.c **** *
 309:Drivers/RTT/SEGGER_RTT_printf.c **** *  Function description
 310:Drivers/RTT/SEGGER_RTT_printf.c **** *    Stores a formatted string in SEGGER RTT control block.
 311:Drivers/RTT/SEGGER_RTT_printf.c **** *    This data is read by the host.
 312:Drivers/RTT/SEGGER_RTT_printf.c **** *
 313:Drivers/RTT/SEGGER_RTT_printf.c **** *  Parameters
 314:Drivers/RTT/SEGGER_RTT_printf.c **** *    BufferIndex  Index of "Up"-buffer to be used. (e.g. 0 for "Terminal")
 315:Drivers/RTT/SEGGER_RTT_printf.c **** *    sFormat      Pointer to format string
 316:Drivers/RTT/SEGGER_RTT_printf.c **** *    pParamList   Pointer to the list of arguments for the format string
 317:Drivers/RTT/SEGGER_RTT_printf.c **** *
 318:Drivers/RTT/SEGGER_RTT_printf.c **** *  Return values
 319:Drivers/RTT/SEGGER_RTT_printf.c **** *    >= 0:  Number of bytes which have been stored in the "Up"-buffer.
 320:Drivers/RTT/SEGGER_RTT_printf.c **** *     < 0:  Error
 321:Drivers/RTT/SEGGER_RTT_printf.c **** */
 322:Drivers/RTT/SEGGER_RTT_printf.c **** int SEGGER_RTT_vprintf(unsigned BufferIndex, const char * sFormat, va_list * pParamList) {
 582              		.loc 1 322 90 is_stmt 1 view -0
 583              		.cfi_startproc
 584              		@ args = 0, pretend = 0, frame = 88
 585              		@ frame_needed = 0, uses_anonymous_args = 0
 586              		.loc 1 322 90 is_stmt 0 view .LVU184
 587 0000 F0B5     		push	{r4, r5, r6, r7, lr}
 588              	.LCFI6:
 589              		.cfi_def_cfa_offset 20
 590              		.cfi_offset 4, -20
 591              		.cfi_offset 5, -16
 592              		.cfi_offset 6, -12
 593              		.cfi_offset 7, -8
ARM GAS  C:\Users\seblo\AppData\Local\Temp\ccRm7B6h.s 			page 18


 594              		.cfi_offset 14, -4
 595 0002 99B0     		sub	sp, sp, #100
 596              	.LCFI7:
 597              		.cfi_def_cfa_offset 120
 598 0004 0746     		mov	r7, r0
 599 0006 0C46     		mov	r4, r1
 600 0008 1646     		mov	r6, r2
 323:Drivers/RTT/SEGGER_RTT_printf.c ****   char c;
 601              		.loc 1 323 3 is_stmt 1 view .LVU185
 324:Drivers/RTT/SEGGER_RTT_printf.c ****   SEGGER_RTT_PRINTF_DESC BufferDesc;
 602              		.loc 1 324 3 view .LVU186
 325:Drivers/RTT/SEGGER_RTT_printf.c ****   int v;
 603              		.loc 1 325 3 view .LVU187
 326:Drivers/RTT/SEGGER_RTT_printf.c ****   unsigned NumDigits;
 604              		.loc 1 326 3 view .LVU188
 327:Drivers/RTT/SEGGER_RTT_printf.c ****   unsigned FormatFlags;
 605              		.loc 1 327 3 view .LVU189
 328:Drivers/RTT/SEGGER_RTT_printf.c ****   unsigned FieldWidth;
 606              		.loc 1 328 3 view .LVU190
 329:Drivers/RTT/SEGGER_RTT_printf.c ****   char acBuffer[SEGGER_RTT_PRINTF_BUFFER_SIZE];
 607              		.loc 1 329 3 view .LVU191
 330:Drivers/RTT/SEGGER_RTT_printf.c **** 
 331:Drivers/RTT/SEGGER_RTT_printf.c ****   BufferDesc.pBuffer        = acBuffer;
 608              		.loc 1 331 3 view .LVU192
 609              		.loc 1 331 29 is_stmt 0 view .LVU193
 610 000a 03AB     		add	r3, sp, #12
 611 000c 1393     		str	r3, [sp, #76]
 332:Drivers/RTT/SEGGER_RTT_printf.c ****   BufferDesc.BufferSize     = SEGGER_RTT_PRINTF_BUFFER_SIZE;
 612              		.loc 1 332 3 is_stmt 1 view .LVU194
 613              		.loc 1 332 29 is_stmt 0 view .LVU195
 614 000e 4023     		movs	r3, #64
 615 0010 1493     		str	r3, [sp, #80]
 333:Drivers/RTT/SEGGER_RTT_printf.c ****   BufferDesc.Cnt            = 0u;
 616              		.loc 1 333 3 is_stmt 1 view .LVU196
 617              		.loc 1 333 29 is_stmt 0 view .LVU197
 618 0012 0023     		movs	r3, #0
 619 0014 1593     		str	r3, [sp, #84]
 334:Drivers/RTT/SEGGER_RTT_printf.c ****   BufferDesc.RTTBufferIndex = BufferIndex;
 620              		.loc 1 334 3 is_stmt 1 view .LVU198
 621              		.loc 1 334 29 is_stmt 0 view .LVU199
 622 0016 1790     		str	r0, [sp, #92]
 335:Drivers/RTT/SEGGER_RTT_printf.c ****   BufferDesc.ReturnValue    = 0;
 623              		.loc 1 335 3 is_stmt 1 view .LVU200
 624              		.loc 1 335 29 is_stmt 0 view .LVU201
 625 0018 1693     		str	r3, [sp, #88]
 626 001a 88E0     		b	.L80
 627              	.LVL52:
 628              	.L90:
 336:Drivers/RTT/SEGGER_RTT_printf.c **** 
 337:Drivers/RTT/SEGGER_RTT_printf.c ****   do {
 338:Drivers/RTT/SEGGER_RTT_printf.c ****     c = *sFormat;
 339:Drivers/RTT/SEGGER_RTT_printf.c ****     sFormat++;
 340:Drivers/RTT/SEGGER_RTT_printf.c ****     if (c == 0u) {
 341:Drivers/RTT/SEGGER_RTT_printf.c ****       break;
 342:Drivers/RTT/SEGGER_RTT_printf.c ****     }
 343:Drivers/RTT/SEGGER_RTT_printf.c ****     if (c == '%') {
 344:Drivers/RTT/SEGGER_RTT_printf.c ****       //
ARM GAS  C:\Users\seblo\AppData\Local\Temp\ccRm7B6h.s 			page 19


 345:Drivers/RTT/SEGGER_RTT_printf.c ****       // Filter out flags
 346:Drivers/RTT/SEGGER_RTT_printf.c ****       //
 347:Drivers/RTT/SEGGER_RTT_printf.c ****       FormatFlags = 0u;
 629              		.loc 1 347 19 view .LVU202
 630 001c 0020     		movs	r0, #0
 348:Drivers/RTT/SEGGER_RTT_printf.c ****       v = 1;
 631              		.loc 1 348 9 view .LVU203
 632 001e 0122     		movs	r2, #1
 633 0020 11E0     		b	.L62
 634              	.LVL53:
 635              	.L59:
 349:Drivers/RTT/SEGGER_RTT_printf.c ****       do {
 350:Drivers/RTT/SEGGER_RTT_printf.c ****         c = *sFormat;
 351:Drivers/RTT/SEGGER_RTT_printf.c ****         switch (c) {
 352:Drivers/RTT/SEGGER_RTT_printf.c ****         case '-': FormatFlags |= FORMAT_FLAG_LEFT_JUSTIFY; sFormat++; break;
 636              		.loc 1 352 19 is_stmt 1 view .LVU204
 637              		.loc 1 352 31 is_stmt 0 view .LVU205
 638 0022 40F00100 		orr	r0, r0, #1
 639              	.LVL54:
 640              		.loc 1 352 60 is_stmt 1 view .LVU206
 641              		.loc 1 352 67 is_stmt 0 view .LVU207
 642 0026 0134     		adds	r4, r4, #1
 643              	.LVL55:
 644              		.loc 1 352 71 is_stmt 1 view .LVU208
 645              		.loc 1 352 9 is_stmt 0 view .LVU209
 646 0028 0CE0     		b	.L56
 647              	.L57:
 353:Drivers/RTT/SEGGER_RTT_printf.c ****         case '0': FormatFlags |= FORMAT_FLAG_PAD_ZERO;     sFormat++; break;
 648              		.loc 1 353 19 is_stmt 1 view .LVU210
 649              		.loc 1 353 31 is_stmt 0 view .LVU211
 650 002a 40F00200 		orr	r0, r0, #2
 651              	.LVL56:
 652              		.loc 1 353 60 is_stmt 1 view .LVU212
 653              		.loc 1 353 67 is_stmt 0 view .LVU213
 654 002e 0134     		adds	r4, r4, #1
 655              	.LVL57:
 656              		.loc 1 353 71 is_stmt 1 view .LVU214
 657              		.loc 1 353 9 is_stmt 0 view .LVU215
 658 0030 08E0     		b	.L56
 659              	.L60:
 354:Drivers/RTT/SEGGER_RTT_printf.c ****         case '+': FormatFlags |= FORMAT_FLAG_PRINT_SIGN;   sFormat++; break;
 660              		.loc 1 354 19 is_stmt 1 view .LVU216
 661              		.loc 1 354 31 is_stmt 0 view .LVU217
 662 0032 40F00400 		orr	r0, r0, #4
 663              	.LVL58:
 664              		.loc 1 354 60 is_stmt 1 view .LVU218
 665              		.loc 1 354 67 is_stmt 0 view .LVU219
 666 0036 0134     		adds	r4, r4, #1
 667              	.LVL59:
 668              		.loc 1 354 71 is_stmt 1 view .LVU220
 669              		.loc 1 354 9 is_stmt 0 view .LVU221
 670 0038 04E0     		b	.L56
 671              	.L61:
 355:Drivers/RTT/SEGGER_RTT_printf.c ****         case '#': FormatFlags |= FORMAT_FLAG_ALTERNATE;    sFormat++; break;
 672              		.loc 1 355 19 is_stmt 1 view .LVU222
 673              		.loc 1 355 31 is_stmt 0 view .LVU223
 674 003a 40F00800 		orr	r0, r0, #8
ARM GAS  C:\Users\seblo\AppData\Local\Temp\ccRm7B6h.s 			page 20


 675              	.LVL60:
 676              		.loc 1 355 60 is_stmt 1 view .LVU224
 677              		.loc 1 355 67 is_stmt 0 view .LVU225
 678 003e 0134     		adds	r4, r4, #1
 679              	.LVL61:
 680              		.loc 1 355 71 is_stmt 1 view .LVU226
 681              		.loc 1 355 9 is_stmt 0 view .LVU227
 682 0040 00E0     		b	.L56
 683              	.L83:
 350:Drivers/RTT/SEGGER_RTT_printf.c ****         switch (c) {
 684              		.loc 1 350 11 view .LVU228
 685 0042 0022     		movs	r2, #0
 686              	.LVL62:
 687              	.L56:
 356:Drivers/RTT/SEGGER_RTT_printf.c ****         default:  v = 0; break;
 357:Drivers/RTT/SEGGER_RTT_printf.c ****         }
 358:Drivers/RTT/SEGGER_RTT_printf.c ****       } while (v);
 688              		.loc 1 358 15 is_stmt 1 view .LVU229
 689              		.loc 1 358 7 is_stmt 0 view .LVU230
 690 0044 12B3     		cbz	r2, .L86
 691              	.LVL63:
 692              	.L62:
 349:Drivers/RTT/SEGGER_RTT_printf.c ****         c = *sFormat;
 693              		.loc 1 349 7 is_stmt 1 view .LVU231
 350:Drivers/RTT/SEGGER_RTT_printf.c ****         switch (c) {
 694              		.loc 1 350 9 view .LVU232
 350:Drivers/RTT/SEGGER_RTT_printf.c ****         switch (c) {
 695              		.loc 1 350 11 is_stmt 0 view .LVU233
 696 0046 2378     		ldrb	r3, [r4]	@ zero_extendqisi2
 697              	.LVL64:
 351:Drivers/RTT/SEGGER_RTT_printf.c ****         case '-': FormatFlags |= FORMAT_FLAG_LEFT_JUSTIFY; sFormat++; break;
 698              		.loc 1 351 9 is_stmt 1 view .LVU234
 699 0048 233B     		subs	r3, r3, #35
 700              	.LVL65:
 351:Drivers/RTT/SEGGER_RTT_printf.c ****         case '-': FormatFlags |= FORMAT_FLAG_LEFT_JUSTIFY; sFormat++; break;
 701              		.loc 1 351 9 is_stmt 0 view .LVU235
 702 004a 0D2B     		cmp	r3, #13
 703 004c F9D8     		bhi	.L83
 704 004e 01A1     		adr	r1, .L58
 705 0050 51F823F0 		ldr	pc, [r1, r3, lsl #2]
 706              		.p2align 2
 707              	.L58:
 708 0054 3B000000 		.word	.L61+1
 709 0058 43000000 		.word	.L83+1
 710 005c 43000000 		.word	.L83+1
 711 0060 43000000 		.word	.L83+1
 712 0064 43000000 		.word	.L83+1
 713 0068 43000000 		.word	.L83+1
 714 006c 43000000 		.word	.L83+1
 715 0070 43000000 		.word	.L83+1
 716 0074 33000000 		.word	.L60+1
 717 0078 43000000 		.word	.L83+1
 718 007c 23000000 		.word	.L59+1
 719 0080 43000000 		.word	.L83+1
 720 0084 43000000 		.word	.L83+1
 721 0088 2B000000 		.word	.L57+1
 722              		.p2align 1
ARM GAS  C:\Users\seblo\AppData\Local\Temp\ccRm7B6h.s 			page 21


 723              	.L86:
 359:Drivers/RTT/SEGGER_RTT_printf.c ****       //
 360:Drivers/RTT/SEGGER_RTT_printf.c ****       // filter out field with
 361:Drivers/RTT/SEGGER_RTT_printf.c ****       //
 362:Drivers/RTT/SEGGER_RTT_printf.c ****       FieldWidth = 0u;
 724              		.loc 1 362 18 view .LVU236
 725 008c 0025     		movs	r5, #0
 726 008e 06E0     		b	.L64
 727              	.LVL66:
 728              	.L87:
 363:Drivers/RTT/SEGGER_RTT_printf.c ****       do {
 364:Drivers/RTT/SEGGER_RTT_printf.c ****         c = *sFormat;
 365:Drivers/RTT/SEGGER_RTT_printf.c ****         if ((c < '0') || (c > '9')) {
 366:Drivers/RTT/SEGGER_RTT_printf.c ****           break;
 367:Drivers/RTT/SEGGER_RTT_printf.c ****         }
 368:Drivers/RTT/SEGGER_RTT_printf.c ****         sFormat++;
 729              		.loc 1 368 9 is_stmt 1 view .LVU237
 730              		.loc 1 368 16 is_stmt 0 view .LVU238
 731 0090 0134     		adds	r4, r4, #1
 732              	.LVL67:
 369:Drivers/RTT/SEGGER_RTT_printf.c ****         FieldWidth = (FieldWidth * 10u) + ((unsigned)c - '0');
 733              		.loc 1 369 9 is_stmt 1 view .LVU239
 734              		.loc 1 369 34 is_stmt 0 view .LVU240
 735 0092 05EB8505 		add	r5, r5, r5, lsl #2
 736              	.LVL68:
 737              		.loc 1 369 41 view .LVU241
 738 0096 03EB4503 		add	r3, r3, r5, lsl #1
 739              	.LVL69:
 740              		.loc 1 369 20 view .LVU242
 741 009a A3F13005 		sub	r5, r3, #48
 742              	.LVL70:
 370:Drivers/RTT/SEGGER_RTT_printf.c ****       } while (1);
 743              		.loc 1 370 15 is_stmt 1 view .LVU243
 744              	.L64:
 363:Drivers/RTT/SEGGER_RTT_printf.c ****       do {
 745              		.loc 1 363 7 view .LVU244
 364:Drivers/RTT/SEGGER_RTT_printf.c ****         if ((c < '0') || (c > '9')) {
 746              		.loc 1 364 9 view .LVU245
 364:Drivers/RTT/SEGGER_RTT_printf.c ****         if ((c < '0') || (c > '9')) {
 747              		.loc 1 364 11 is_stmt 0 view .LVU246
 748 009e 2378     		ldrb	r3, [r4]	@ zero_extendqisi2
 749              	.LVL71:
 365:Drivers/RTT/SEGGER_RTT_printf.c ****           break;
 750              		.loc 1 365 9 is_stmt 1 view .LVU247
 365:Drivers/RTT/SEGGER_RTT_printf.c ****           break;
 751              		.loc 1 365 23 is_stmt 0 view .LVU248
 752 00a0 A3F13002 		sub	r2, r3, #48
 753 00a4 D2B2     		uxtb	r2, r2
 365:Drivers/RTT/SEGGER_RTT_printf.c ****           break;
 754              		.loc 1 365 12 view .LVU249
 755 00a6 092A     		cmp	r2, #9
 756 00a8 F2D9     		bls	.L87
 371:Drivers/RTT/SEGGER_RTT_printf.c **** 
 372:Drivers/RTT/SEGGER_RTT_printf.c ****       //
 373:Drivers/RTT/SEGGER_RTT_printf.c ****       // Filter out precision (number of digits to display)
 374:Drivers/RTT/SEGGER_RTT_printf.c ****       //
 375:Drivers/RTT/SEGGER_RTT_printf.c ****       NumDigits = 0u;
ARM GAS  C:\Users\seblo\AppData\Local\Temp\ccRm7B6h.s 			page 22


 757              		.loc 1 375 7 is_stmt 1 view .LVU250
 758              	.LVL72:
 376:Drivers/RTT/SEGGER_RTT_printf.c ****       c = *sFormat;
 759              		.loc 1 376 7 view .LVU251
 377:Drivers/RTT/SEGGER_RTT_printf.c ****       if (c == '.') {
 760              		.loc 1 377 7 view .LVU252
 761              		.loc 1 377 10 is_stmt 0 view .LVU253
 762 00aa 2E2B     		cmp	r3, #46
 763 00ac 02D0     		beq	.L88
 375:Drivers/RTT/SEGGER_RTT_printf.c ****       c = *sFormat;
 764              		.loc 1 375 17 view .LVU254
 765 00ae 0023     		movs	r3, #0
 766              	.LVL73:
 767              	.L65:
 378:Drivers/RTT/SEGGER_RTT_printf.c ****         sFormat++;
 379:Drivers/RTT/SEGGER_RTT_printf.c ****         do {
 380:Drivers/RTT/SEGGER_RTT_printf.c ****           c = *sFormat;
 381:Drivers/RTT/SEGGER_RTT_printf.c ****           if ((c < '0') || (c > '9')) {
 382:Drivers/RTT/SEGGER_RTT_printf.c ****             break;
 383:Drivers/RTT/SEGGER_RTT_printf.c ****           }
 384:Drivers/RTT/SEGGER_RTT_printf.c ****           sFormat++;
 385:Drivers/RTT/SEGGER_RTT_printf.c ****           NumDigits = NumDigits * 10u + ((unsigned)c - '0');
 386:Drivers/RTT/SEGGER_RTT_printf.c ****         } while (1);
 387:Drivers/RTT/SEGGER_RTT_printf.c ****       }
 388:Drivers/RTT/SEGGER_RTT_printf.c ****       //
 389:Drivers/RTT/SEGGER_RTT_printf.c ****       // Filter out length modifier
 390:Drivers/RTT/SEGGER_RTT_printf.c ****       //
 391:Drivers/RTT/SEGGER_RTT_printf.c ****       c = *sFormat;
 768              		.loc 1 391 7 is_stmt 1 view .LVU255
 769              		.loc 1 391 9 is_stmt 0 view .LVU256
 770 00b0 2278     		ldrb	r2, [r4]	@ zero_extendqisi2
 771              	.LVL74:
 772              		.loc 1 391 9 view .LVU257
 773 00b2 10E0     		b	.L68
 774              	.LVL75:
 775              	.L88:
 378:Drivers/RTT/SEGGER_RTT_printf.c ****         sFormat++;
 776              		.loc 1 378 9 is_stmt 1 view .LVU258
 378:Drivers/RTT/SEGGER_RTT_printf.c ****         sFormat++;
 777              		.loc 1 378 16 is_stmt 0 view .LVU259
 778 00b4 0134     		adds	r4, r4, #1
 779              	.LVL76:
 375:Drivers/RTT/SEGGER_RTT_printf.c ****       c = *sFormat;
 780              		.loc 1 375 17 view .LVU260
 781 00b6 0023     		movs	r3, #0
 782              	.LVL77:
 783              	.L66:
 379:Drivers/RTT/SEGGER_RTT_printf.c ****           c = *sFormat;
 784              		.loc 1 379 9 is_stmt 1 view .LVU261
 380:Drivers/RTT/SEGGER_RTT_printf.c ****           if ((c < '0') || (c > '9')) {
 785              		.loc 1 380 11 view .LVU262
 380:Drivers/RTT/SEGGER_RTT_printf.c ****           if ((c < '0') || (c > '9')) {
 786              		.loc 1 380 13 is_stmt 0 view .LVU263
 787 00b8 2278     		ldrb	r2, [r4]	@ zero_extendqisi2
 788              	.LVL78:
 381:Drivers/RTT/SEGGER_RTT_printf.c ****             break;
 789              		.loc 1 381 11 is_stmt 1 view .LVU264
ARM GAS  C:\Users\seblo\AppData\Local\Temp\ccRm7B6h.s 			page 23


 381:Drivers/RTT/SEGGER_RTT_printf.c ****             break;
 790              		.loc 1 381 25 is_stmt 0 view .LVU265
 791 00ba A2F13001 		sub	r1, r2, #48
 792 00be C9B2     		uxtb	r1, r1
 381:Drivers/RTT/SEGGER_RTT_printf.c ****             break;
 793              		.loc 1 381 14 view .LVU266
 794 00c0 0929     		cmp	r1, #9
 795 00c2 F5D8     		bhi	.L65
 384:Drivers/RTT/SEGGER_RTT_printf.c ****           NumDigits = NumDigits * 10u + ((unsigned)c - '0');
 796              		.loc 1 384 11 is_stmt 1 view .LVU267
 384:Drivers/RTT/SEGGER_RTT_printf.c ****           NumDigits = NumDigits * 10u + ((unsigned)c - '0');
 797              		.loc 1 384 18 is_stmt 0 view .LVU268
 798 00c4 0134     		adds	r4, r4, #1
 799              	.LVL79:
 385:Drivers/RTT/SEGGER_RTT_printf.c ****         } while (1);
 800              		.loc 1 385 11 is_stmt 1 view .LVU269
 385:Drivers/RTT/SEGGER_RTT_printf.c ****         } while (1);
 801              		.loc 1 385 33 is_stmt 0 view .LVU270
 802 00c6 03EB8303 		add	r3, r3, r3, lsl #2
 803              	.LVL80:
 385:Drivers/RTT/SEGGER_RTT_printf.c ****         } while (1);
 804              		.loc 1 385 39 view .LVU271
 805 00ca 02EB4303 		add	r3, r2, r3, lsl #1
 385:Drivers/RTT/SEGGER_RTT_printf.c ****         } while (1);
 806              		.loc 1 385 21 view .LVU272
 807 00ce 303B     		subs	r3, r3, #48
 808              	.LVL81:
 386:Drivers/RTT/SEGGER_RTT_printf.c ****       }
 809              		.loc 1 386 17 is_stmt 1 view .LVU273
 380:Drivers/RTT/SEGGER_RTT_printf.c ****           if ((c < '0') || (c > '9')) {
 810              		.loc 1 380 13 is_stmt 0 view .LVU274
 811 00d0 F2E7     		b	.L66
 812              	.L89:
 392:Drivers/RTT/SEGGER_RTT_printf.c ****       do {
 393:Drivers/RTT/SEGGER_RTT_printf.c ****         if ((c == 'l') || (c == 'h')) {
 394:Drivers/RTT/SEGGER_RTT_printf.c ****           sFormat++;
 813              		.loc 1 394 11 is_stmt 1 view .LVU275
 814              	.LVL82:
 395:Drivers/RTT/SEGGER_RTT_printf.c ****           c = *sFormat;
 815              		.loc 1 395 11 view .LVU276
 816              		.loc 1 395 13 is_stmt 0 view .LVU277
 817 00d2 14F8012F 		ldrb	r2, [r4, #1]!	@ zero_extendqisi2
 818              	.LVL83:
 396:Drivers/RTT/SEGGER_RTT_printf.c ****         } else {
 397:Drivers/RTT/SEGGER_RTT_printf.c ****           break;
 398:Drivers/RTT/SEGGER_RTT_printf.c ****         }
 399:Drivers/RTT/SEGGER_RTT_printf.c ****       } while (1);
 819              		.loc 1 399 15 is_stmt 1 view .LVU278
 820              	.L68:
 392:Drivers/RTT/SEGGER_RTT_printf.c ****         if ((c == 'l') || (c == 'h')) {
 821              		.loc 1 392 7 view .LVU279
 393:Drivers/RTT/SEGGER_RTT_printf.c ****           sFormat++;
 822              		.loc 1 393 9 view .LVU280
 393:Drivers/RTT/SEGGER_RTT_printf.c ****           sFormat++;
 823              		.loc 1 393 12 is_stmt 0 view .LVU281
 824 00d6 682A     		cmp	r2, #104
 825 00d8 18BF     		it	ne
ARM GAS  C:\Users\seblo\AppData\Local\Temp\ccRm7B6h.s 			page 24


 826 00da 6C2A     		cmpne	r2, #108
 827 00dc F9D0     		beq	.L89
 400:Drivers/RTT/SEGGER_RTT_printf.c ****       //
 401:Drivers/RTT/SEGGER_RTT_printf.c ****       // Handle specifiers
 402:Drivers/RTT/SEGGER_RTT_printf.c ****       //
 403:Drivers/RTT/SEGGER_RTT_printf.c ****       switch (c) {
 828              		.loc 1 403 7 is_stmt 1 view .LVU282
 829 00de 252A     		cmp	r2, #37
 830 00e0 6DD0     		beq	.L69
 831 00e2 20D3     		bcc	.L70
 832 00e4 782A     		cmp	r2, #120
 833 00e6 1ED8     		bhi	.L70
 834 00e8 582A     		cmp	r2, #88
 835 00ea 1CD3     		bcc	.L70
 836 00ec 583A     		subs	r2, r2, #88
 837              	.LVL84:
 838              		.loc 1 403 7 is_stmt 0 view .LVU283
 839 00ee 202A     		cmp	r2, #32
 840 00f0 19D8     		bhi	.L70
 841 00f2 DFE802F0 		tbb	[pc, r2]
 842              	.L72:
 843 00f6 3D       		.byte	(.L71-.L72)/2
 844 00f7 18       		.byte	(.L70-.L72)/2
 845 00f8 18       		.byte	(.L70-.L72)/2
 846 00f9 18       		.byte	(.L70-.L72)/2
 847 00fa 18       		.byte	(.L70-.L72)/2
 848 00fb 18       		.byte	(.L70-.L72)/2
 849 00fc 18       		.byte	(.L70-.L72)/2
 850 00fd 18       		.byte	(.L70-.L72)/2
 851 00fe 18       		.byte	(.L70-.L72)/2
 852 00ff 18       		.byte	(.L70-.L72)/2
 853 0100 18       		.byte	(.L70-.L72)/2
 854 0101 11       		.byte	(.L77-.L72)/2
 855 0102 27       		.byte	(.L76-.L72)/2
 856 0103 18       		.byte	(.L70-.L72)/2
 857 0104 18       		.byte	(.L70-.L72)/2
 858 0105 18       		.byte	(.L70-.L72)/2
 859 0106 18       		.byte	(.L70-.L72)/2
 860 0107 18       		.byte	(.L70-.L72)/2
 861 0108 18       		.byte	(.L70-.L72)/2
 862 0109 18       		.byte	(.L70-.L72)/2
 863 010a 18       		.byte	(.L70-.L72)/2
 864 010b 18       		.byte	(.L70-.L72)/2
 865 010c 18       		.byte	(.L70-.L72)/2
 866 010d 18       		.byte	(.L70-.L72)/2
 867 010e 57       		.byte	(.L75-.L72)/2
 868 010f 18       		.byte	(.L70-.L72)/2
 869 0110 18       		.byte	(.L70-.L72)/2
 870 0111 48       		.byte	(.L74-.L72)/2
 871 0112 18       		.byte	(.L70-.L72)/2
 872 0113 32       		.byte	(.L73-.L72)/2
 873 0114 18       		.byte	(.L70-.L72)/2
 874 0115 18       		.byte	(.L70-.L72)/2
 875 0116 3D       		.byte	(.L71-.L72)/2
 876 0117 00       		.p2align 1
 877              	.L77:
 878              	.LBB2:
ARM GAS  C:\Users\seblo\AppData\Local\Temp\ccRm7B6h.s 			page 25


 404:Drivers/RTT/SEGGER_RTT_printf.c ****       case 'c': {
 405:Drivers/RTT/SEGGER_RTT_printf.c ****         char c0;
 879              		.loc 1 405 9 is_stmt 1 view .LVU284
 406:Drivers/RTT/SEGGER_RTT_printf.c ****         v = va_arg(*pParamList, int);
 880              		.loc 1 406 9 view .LVU285
 881              		.loc 1 406 11 is_stmt 0 view .LVU286
 882 0118 3368     		ldr	r3, [r6]
 883              	.LVL85:
 884              		.loc 1 406 11 view .LVU287
 885 011a 1A1D     		adds	r2, r3, #4
 886 011c 3260     		str	r2, [r6]
 407:Drivers/RTT/SEGGER_RTT_printf.c ****         c0 = (char)v;
 887              		.loc 1 407 9 is_stmt 1 view .LVU288
 888              	.LVL86:
 408:Drivers/RTT/SEGGER_RTT_printf.c ****         _StoreChar(&BufferDesc, c0);
 889              		.loc 1 408 9 view .LVU289
 890 011e 1978     		ldrb	r1, [r3]	@ zero_extendqisi2
 891 0120 13A8     		add	r0, sp, #76
 892              	.LVL87:
 893              		.loc 1 408 9 is_stmt 0 view .LVU290
 894 0122 FFF7FEFF 		bl	_StoreChar
 895              	.LVL88:
 409:Drivers/RTT/SEGGER_RTT_printf.c ****         break;
 896              		.loc 1 409 9 is_stmt 1 view .LVU291
 897              	.L70:
 898              		.loc 1 409 9 is_stmt 0 view .LVU292
 899              	.LBE2:
 410:Drivers/RTT/SEGGER_RTT_printf.c ****       }
 411:Drivers/RTT/SEGGER_RTT_printf.c ****       case 'd':
 412:Drivers/RTT/SEGGER_RTT_printf.c ****         v = va_arg(*pParamList, int);
 413:Drivers/RTT/SEGGER_RTT_printf.c ****         _PrintInt(&BufferDesc, v, 10u, NumDigits, FieldWidth, FormatFlags);
 414:Drivers/RTT/SEGGER_RTT_printf.c ****         break;
 415:Drivers/RTT/SEGGER_RTT_printf.c ****       case 'u':
 416:Drivers/RTT/SEGGER_RTT_printf.c ****         v = va_arg(*pParamList, int);
 417:Drivers/RTT/SEGGER_RTT_printf.c ****         _PrintUnsigned(&BufferDesc, (unsigned)v, 10u, NumDigits, FieldWidth, FormatFlags);
 418:Drivers/RTT/SEGGER_RTT_printf.c ****         break;
 419:Drivers/RTT/SEGGER_RTT_printf.c ****       case 'x':
 420:Drivers/RTT/SEGGER_RTT_printf.c ****       case 'X':
 421:Drivers/RTT/SEGGER_RTT_printf.c ****         v = va_arg(*pParamList, int);
 422:Drivers/RTT/SEGGER_RTT_printf.c ****         _PrintUnsigned(&BufferDesc, (unsigned)v, 16u, NumDigits, FieldWidth, FormatFlags);
 423:Drivers/RTT/SEGGER_RTT_printf.c ****         break;
 424:Drivers/RTT/SEGGER_RTT_printf.c ****       case 's':
 425:Drivers/RTT/SEGGER_RTT_printf.c ****         {
 426:Drivers/RTT/SEGGER_RTT_printf.c ****           const char * s = va_arg(*pParamList, const char *);
 427:Drivers/RTT/SEGGER_RTT_printf.c ****           do {
 428:Drivers/RTT/SEGGER_RTT_printf.c ****             c = *s;
 429:Drivers/RTT/SEGGER_RTT_printf.c ****             s++;
 430:Drivers/RTT/SEGGER_RTT_printf.c ****             if (c == '\0') {
 431:Drivers/RTT/SEGGER_RTT_printf.c ****               break;
 432:Drivers/RTT/SEGGER_RTT_printf.c ****             }
 433:Drivers/RTT/SEGGER_RTT_printf.c ****            _StoreChar(&BufferDesc, c);
 434:Drivers/RTT/SEGGER_RTT_printf.c ****           } while (BufferDesc.ReturnValue >= 0);
 435:Drivers/RTT/SEGGER_RTT_printf.c ****         }
 436:Drivers/RTT/SEGGER_RTT_printf.c ****         break;
 437:Drivers/RTT/SEGGER_RTT_printf.c ****       case 'p':
 438:Drivers/RTT/SEGGER_RTT_printf.c ****         v = va_arg(*pParamList, int);
 439:Drivers/RTT/SEGGER_RTT_printf.c ****         _PrintUnsigned(&BufferDesc, (unsigned)v, 16u, 8u, 8u, 0u);
ARM GAS  C:\Users\seblo\AppData\Local\Temp\ccRm7B6h.s 			page 26


 440:Drivers/RTT/SEGGER_RTT_printf.c ****         break;
 441:Drivers/RTT/SEGGER_RTT_printf.c ****       case '%':
 442:Drivers/RTT/SEGGER_RTT_printf.c ****         _StoreChar(&BufferDesc, '%');
 443:Drivers/RTT/SEGGER_RTT_printf.c ****         break;
 444:Drivers/RTT/SEGGER_RTT_printf.c ****       default:
 445:Drivers/RTT/SEGGER_RTT_printf.c ****         break;
 446:Drivers/RTT/SEGGER_RTT_printf.c ****       }
 447:Drivers/RTT/SEGGER_RTT_printf.c ****       sFormat++;
 900              		.loc 1 447 7 is_stmt 1 view .LVU293
 901              		.loc 1 447 14 is_stmt 0 view .LVU294
 902 0126 0134     		adds	r4, r4, #1
 903              	.LVL89:
 904              	.L79:
 448:Drivers/RTT/SEGGER_RTT_printf.c ****     } else {
 449:Drivers/RTT/SEGGER_RTT_printf.c ****       _StoreChar(&BufferDesc, c);
 450:Drivers/RTT/SEGGER_RTT_printf.c ****     }
 451:Drivers/RTT/SEGGER_RTT_printf.c ****   } while (BufferDesc.ReturnValue >= 0);
 905              		.loc 1 451 11 is_stmt 1 view .LVU295
 906              		.loc 1 451 22 is_stmt 0 view .LVU296
 907 0128 169B     		ldr	r3, [sp, #88]
 908              		.loc 1 451 3 view .LVU297
 909 012a 002B     		cmp	r3, #0
 910 012c 4CDB     		blt	.L54
 911              	.L80:
 337:Drivers/RTT/SEGGER_RTT_printf.c ****     c = *sFormat;
 912              		.loc 1 337 3 is_stmt 1 view .LVU298
 338:Drivers/RTT/SEGGER_RTT_printf.c ****     sFormat++;
 913              		.loc 1 338 5 view .LVU299
 338:Drivers/RTT/SEGGER_RTT_printf.c ****     sFormat++;
 914              		.loc 1 338 7 is_stmt 0 view .LVU300
 915 012e 14F8011B 		ldrb	r1, [r4], #1	@ zero_extendqisi2
 916              	.LVL90:
 339:Drivers/RTT/SEGGER_RTT_printf.c ****     if (c == 0u) {
 917              		.loc 1 339 5 is_stmt 1 view .LVU301
 340:Drivers/RTT/SEGGER_RTT_printf.c ****       break;
 918              		.loc 1 340 5 view .LVU302
 340:Drivers/RTT/SEGGER_RTT_printf.c ****       break;
 919              		.loc 1 340 8 is_stmt 0 view .LVU303
 920 0132 0029     		cmp	r1, #0
 921 0134 48D0     		beq	.L54
 343:Drivers/RTT/SEGGER_RTT_printf.c ****       //
 922              		.loc 1 343 5 is_stmt 1 view .LVU304
 343:Drivers/RTT/SEGGER_RTT_printf.c ****       //
 923              		.loc 1 343 8 is_stmt 0 view .LVU305
 924 0136 2529     		cmp	r1, #37
 925 0138 3FF470AF 		beq	.L90
 449:Drivers/RTT/SEGGER_RTT_printf.c ****     }
 926              		.loc 1 449 7 is_stmt 1 view .LVU306
 927 013c 13A8     		add	r0, sp, #76
 928 013e FFF7FEFF 		bl	_StoreChar
 929              	.LVL91:
 449:Drivers/RTT/SEGGER_RTT_printf.c ****     }
 930              		.loc 1 449 7 is_stmt 0 view .LVU307
 931 0142 F1E7     		b	.L79
 932              	.LVL92:
 933              	.L76:
 412:Drivers/RTT/SEGGER_RTT_printf.c ****         _PrintInt(&BufferDesc, v, 10u, NumDigits, FieldWidth, FormatFlags);
ARM GAS  C:\Users\seblo\AppData\Local\Temp\ccRm7B6h.s 			page 27


 934              		.loc 1 412 9 is_stmt 1 view .LVU308
 412:Drivers/RTT/SEGGER_RTT_printf.c ****         _PrintInt(&BufferDesc, v, 10u, NumDigits, FieldWidth, FormatFlags);
 935              		.loc 1 412 11 is_stmt 0 view .LVU309
 936 0144 3268     		ldr	r2, [r6]
 937 0146 111D     		adds	r1, r2, #4
 938 0148 3160     		str	r1, [r6]
 939 014a 1168     		ldr	r1, [r2]
 413:Drivers/RTT/SEGGER_RTT_printf.c ****         break;
 940              		.loc 1 413 9 is_stmt 1 view .LVU310
 941 014c 0190     		str	r0, [sp, #4]
 942 014e 0095     		str	r5, [sp]
 943 0150 0A22     		movs	r2, #10
 944 0152 13A8     		add	r0, sp, #76
 945              	.LVL93:
 413:Drivers/RTT/SEGGER_RTT_printf.c ****         break;
 946              		.loc 1 413 9 is_stmt 0 view .LVU311
 947 0154 FFF7FEFF 		bl	_PrintInt
 948              	.LVL94:
 414:Drivers/RTT/SEGGER_RTT_printf.c ****       case 'u':
 949              		.loc 1 414 9 is_stmt 1 view .LVU312
 950 0158 E5E7     		b	.L70
 951              	.LVL95:
 952              	.L73:
 416:Drivers/RTT/SEGGER_RTT_printf.c ****         _PrintUnsigned(&BufferDesc, (unsigned)v, 10u, NumDigits, FieldWidth, FormatFlags);
 953              		.loc 1 416 9 view .LVU313
 416:Drivers/RTT/SEGGER_RTT_printf.c ****         _PrintUnsigned(&BufferDesc, (unsigned)v, 10u, NumDigits, FieldWidth, FormatFlags);
 954              		.loc 1 416 11 is_stmt 0 view .LVU314
 955 015a 3268     		ldr	r2, [r6]
 956 015c 111D     		adds	r1, r2, #4
 957 015e 3160     		str	r1, [r6]
 958 0160 1168     		ldr	r1, [r2]
 417:Drivers/RTT/SEGGER_RTT_printf.c ****         break;
 959              		.loc 1 417 9 is_stmt 1 view .LVU315
 960 0162 0190     		str	r0, [sp, #4]
 961 0164 0095     		str	r5, [sp]
 962 0166 0A22     		movs	r2, #10
 963 0168 13A8     		add	r0, sp, #76
 964              	.LVL96:
 417:Drivers/RTT/SEGGER_RTT_printf.c ****         break;
 965              		.loc 1 417 9 is_stmt 0 view .LVU316
 966 016a FFF7FEFF 		bl	_PrintUnsigned
 967              	.LVL97:
 418:Drivers/RTT/SEGGER_RTT_printf.c ****       case 'x':
 968              		.loc 1 418 9 is_stmt 1 view .LVU317
 969 016e DAE7     		b	.L70
 970              	.LVL98:
 971              	.L71:
 421:Drivers/RTT/SEGGER_RTT_printf.c ****         _PrintUnsigned(&BufferDesc, (unsigned)v, 16u, NumDigits, FieldWidth, FormatFlags);
 972              		.loc 1 421 9 view .LVU318
 421:Drivers/RTT/SEGGER_RTT_printf.c ****         _PrintUnsigned(&BufferDesc, (unsigned)v, 16u, NumDigits, FieldWidth, FormatFlags);
 973              		.loc 1 421 11 is_stmt 0 view .LVU319
 974 0170 3268     		ldr	r2, [r6]
 975 0172 111D     		adds	r1, r2, #4
 976 0174 3160     		str	r1, [r6]
 977 0176 1168     		ldr	r1, [r2]
 422:Drivers/RTT/SEGGER_RTT_printf.c ****         break;
 978              		.loc 1 422 9 is_stmt 1 view .LVU320
ARM GAS  C:\Users\seblo\AppData\Local\Temp\ccRm7B6h.s 			page 28


 979 0178 0190     		str	r0, [sp, #4]
 980 017a 0095     		str	r5, [sp]
 981 017c 1022     		movs	r2, #16
 982 017e 13A8     		add	r0, sp, #76
 983              	.LVL99:
 422:Drivers/RTT/SEGGER_RTT_printf.c ****         break;
 984              		.loc 1 422 9 is_stmt 0 view .LVU321
 985 0180 FFF7FEFF 		bl	_PrintUnsigned
 986              	.LVL100:
 423:Drivers/RTT/SEGGER_RTT_printf.c ****       case 's':
 987              		.loc 1 423 9 is_stmt 1 view .LVU322
 988 0184 CFE7     		b	.L70
 989              	.LVL101:
 990              	.L74:
 991              	.LBB3:
 426:Drivers/RTT/SEGGER_RTT_printf.c ****           do {
 992              		.loc 1 426 11 view .LVU323
 426:Drivers/RTT/SEGGER_RTT_printf.c ****           do {
 993              		.loc 1 426 24 is_stmt 0 view .LVU324
 994 0186 3368     		ldr	r3, [r6]
 995              	.LVL102:
 426:Drivers/RTT/SEGGER_RTT_printf.c ****           do {
 996              		.loc 1 426 24 view .LVU325
 997 0188 1A1D     		adds	r2, r3, #4
 998 018a 3260     		str	r2, [r6]
 999 018c 1D68     		ldr	r5, [r3]
 1000              	.LVL103:
 1001              	.L78:
 427:Drivers/RTT/SEGGER_RTT_printf.c ****             c = *s;
 1002              		.loc 1 427 11 is_stmt 1 view .LVU326
 428:Drivers/RTT/SEGGER_RTT_printf.c ****             s++;
 1003              		.loc 1 428 13 view .LVU327
 428:Drivers/RTT/SEGGER_RTT_printf.c ****             s++;
 1004              		.loc 1 428 15 is_stmt 0 view .LVU328
 1005 018e 15F8011B 		ldrb	r1, [r5], #1	@ zero_extendqisi2
 1006              	.LVL104:
 429:Drivers/RTT/SEGGER_RTT_printf.c ****             if (c == '\0') {
 1007              		.loc 1 429 13 is_stmt 1 view .LVU329
 430:Drivers/RTT/SEGGER_RTT_printf.c ****               break;
 1008              		.loc 1 430 13 view .LVU330
 430:Drivers/RTT/SEGGER_RTT_printf.c ****               break;
 1009              		.loc 1 430 16 is_stmt 0 view .LVU331
 1010 0192 0029     		cmp	r1, #0
 1011 0194 C7D0     		beq	.L70
 433:Drivers/RTT/SEGGER_RTT_printf.c ****           } while (BufferDesc.ReturnValue >= 0);
 1012              		.loc 1 433 12 is_stmt 1 view .LVU332
 1013 0196 13A8     		add	r0, sp, #76
 1014 0198 FFF7FEFF 		bl	_StoreChar
 1015              	.LVL105:
 434:Drivers/RTT/SEGGER_RTT_printf.c ****         }
 1016              		.loc 1 434 19 view .LVU333
 434:Drivers/RTT/SEGGER_RTT_printf.c ****         }
 1017              		.loc 1 434 30 is_stmt 0 view .LVU334
 1018 019c 169B     		ldr	r3, [sp, #88]
 434:Drivers/RTT/SEGGER_RTT_printf.c ****         }
 1019              		.loc 1 434 11 view .LVU335
 1020 019e 002B     		cmp	r3, #0
ARM GAS  C:\Users\seblo\AppData\Local\Temp\ccRm7B6h.s 			page 29


 1021 01a0 F5DA     		bge	.L78
 1022 01a2 C0E7     		b	.L70
 1023              	.LVL106:
 1024              	.L75:
 434:Drivers/RTT/SEGGER_RTT_printf.c ****         }
 1025              		.loc 1 434 11 view .LVU336
 1026              	.LBE3:
 438:Drivers/RTT/SEGGER_RTT_printf.c ****         _PrintUnsigned(&BufferDesc, (unsigned)v, 16u, 8u, 8u, 0u);
 1027              		.loc 1 438 9 is_stmt 1 view .LVU337
 438:Drivers/RTT/SEGGER_RTT_printf.c ****         _PrintUnsigned(&BufferDesc, (unsigned)v, 16u, 8u, 8u, 0u);
 1028              		.loc 1 438 11 is_stmt 0 view .LVU338
 1029 01a4 3368     		ldr	r3, [r6]
 1030              	.LVL107:
 438:Drivers/RTT/SEGGER_RTT_printf.c ****         _PrintUnsigned(&BufferDesc, (unsigned)v, 16u, 8u, 8u, 0u);
 1031              		.loc 1 438 11 view .LVU339
 1032 01a6 1A1D     		adds	r2, r3, #4
 1033 01a8 3260     		str	r2, [r6]
 1034 01aa 1968     		ldr	r1, [r3]
 439:Drivers/RTT/SEGGER_RTT_printf.c ****         break;
 1035              		.loc 1 439 9 is_stmt 1 view .LVU340
 1036 01ac 0023     		movs	r3, #0
 1037 01ae 0193     		str	r3, [sp, #4]
 1038 01b0 0823     		movs	r3, #8
 1039 01b2 0093     		str	r3, [sp]
 1040 01b4 1022     		movs	r2, #16
 1041 01b6 13A8     		add	r0, sp, #76
 1042              	.LVL108:
 439:Drivers/RTT/SEGGER_RTT_printf.c ****         break;
 1043              		.loc 1 439 9 is_stmt 0 view .LVU341
 1044 01b8 FFF7FEFF 		bl	_PrintUnsigned
 1045              	.LVL109:
 440:Drivers/RTT/SEGGER_RTT_printf.c ****       case '%':
 1046              		.loc 1 440 9 is_stmt 1 view .LVU342
 1047 01bc B3E7     		b	.L70
 1048              	.LVL110:
 1049              	.L69:
 442:Drivers/RTT/SEGGER_RTT_printf.c ****         break;
 1050              		.loc 1 442 9 view .LVU343
 1051 01be 2521     		movs	r1, #37
 1052 01c0 13A8     		add	r0, sp, #76
 1053              	.LVL111:
 442:Drivers/RTT/SEGGER_RTT_printf.c ****         break;
 1054              		.loc 1 442 9 is_stmt 0 view .LVU344
 1055 01c2 FFF7FEFF 		bl	_StoreChar
 1056              	.LVL112:
 443:Drivers/RTT/SEGGER_RTT_printf.c ****       default:
 1057              		.loc 1 443 9 is_stmt 1 view .LVU345
 1058 01c6 AEE7     		b	.L70
 1059              	.LVL113:
 1060              	.L54:
 452:Drivers/RTT/SEGGER_RTT_printf.c **** 
 453:Drivers/RTT/SEGGER_RTT_printf.c ****   if (BufferDesc.ReturnValue > 0) {
 1061              		.loc 1 453 3 view .LVU346
 1062              		.loc 1 453 17 is_stmt 0 view .LVU347
 1063 01c8 169B     		ldr	r3, [sp, #88]
 1064              		.loc 1 453 6 view .LVU348
 1065 01ca 002B     		cmp	r3, #0
ARM GAS  C:\Users\seblo\AppData\Local\Temp\ccRm7B6h.s 			page 30


 1066 01cc 05DD     		ble	.L81
 454:Drivers/RTT/SEGGER_RTT_printf.c ****     //
 455:Drivers/RTT/SEGGER_RTT_printf.c ****     // Write remaining data, if any
 456:Drivers/RTT/SEGGER_RTT_printf.c ****     //
 457:Drivers/RTT/SEGGER_RTT_printf.c ****     if (BufferDesc.Cnt != 0u) {
 1067              		.loc 1 457 5 is_stmt 1 view .LVU349
 1068              		.loc 1 457 19 is_stmt 0 view .LVU350
 1069 01ce 159A     		ldr	r2, [sp, #84]
 1070              		.loc 1 457 8 view .LVU351
 1071 01d0 32B9     		cbnz	r2, .L91
 1072              	.L82:
 458:Drivers/RTT/SEGGER_RTT_printf.c ****       SEGGER_RTT_Write(BufferIndex, acBuffer, BufferDesc.Cnt);
 459:Drivers/RTT/SEGGER_RTT_printf.c ****     }
 460:Drivers/RTT/SEGGER_RTT_printf.c ****     BufferDesc.ReturnValue += (int)BufferDesc.Cnt;
 1073              		.loc 1 460 5 is_stmt 1 view .LVU352
 1074              		.loc 1 460 28 is_stmt 0 view .LVU353
 1075 01d2 159A     		ldr	r2, [sp, #84]
 1076 01d4 169B     		ldr	r3, [sp, #88]
 1077 01d6 1344     		add	r3, r3, r2
 1078 01d8 1693     		str	r3, [sp, #88]
 1079              	.L81:
 461:Drivers/RTT/SEGGER_RTT_printf.c ****   }
 462:Drivers/RTT/SEGGER_RTT_printf.c ****   return BufferDesc.ReturnValue;
 1080              		.loc 1 462 3 is_stmt 1 view .LVU354
 463:Drivers/RTT/SEGGER_RTT_printf.c **** }
 1081              		.loc 1 463 1 is_stmt 0 view .LVU355
 1082 01da 1698     		ldr	r0, [sp, #88]
 1083 01dc 19B0     		add	sp, sp, #100
 1084              	.LCFI8:
 1085              		.cfi_remember_state
 1086              		.cfi_def_cfa_offset 20
 1087              		@ sp needed
 1088 01de F0BD     		pop	{r4, r5, r6, r7, pc}
 1089              	.LVL114:
 1090              	.L91:
 1091              	.LCFI9:
 1092              		.cfi_restore_state
 458:Drivers/RTT/SEGGER_RTT_printf.c ****       SEGGER_RTT_Write(BufferIndex, acBuffer, BufferDesc.Cnt);
 1093              		.loc 1 458 7 is_stmt 1 view .LVU356
 1094 01e0 03A9     		add	r1, sp, #12
 1095 01e2 3846     		mov	r0, r7
 1096 01e4 FFF7FEFF 		bl	SEGGER_RTT_Write
 1097              	.LVL115:
 1098 01e8 F3E7     		b	.L82
 1099              		.cfi_endproc
 1100              	.LFE3:
 1102 01ea 00BF     		.section	.text.SEGGER_RTT_printf,"ax",%progbits
 1103              		.align	1
 1104              		.global	SEGGER_RTT_printf
 1105              		.syntax unified
 1106              		.thumb
 1107              		.thumb_func
 1108              		.fpu fpv5-sp-d16
 1110              	SEGGER_RTT_printf:
 1111              	.LVL116:
 1112              	.LFB4:
 464:Drivers/RTT/SEGGER_RTT_printf.c **** 
ARM GAS  C:\Users\seblo\AppData\Local\Temp\ccRm7B6h.s 			page 31


 465:Drivers/RTT/SEGGER_RTT_printf.c **** /*********************************************************************
 466:Drivers/RTT/SEGGER_RTT_printf.c **** *
 467:Drivers/RTT/SEGGER_RTT_printf.c **** *       SEGGER_RTT_printf
 468:Drivers/RTT/SEGGER_RTT_printf.c **** *
 469:Drivers/RTT/SEGGER_RTT_printf.c **** *  Function description
 470:Drivers/RTT/SEGGER_RTT_printf.c **** *    Stores a formatted string in SEGGER RTT control block.
 471:Drivers/RTT/SEGGER_RTT_printf.c **** *    This data is read by the host.
 472:Drivers/RTT/SEGGER_RTT_printf.c **** *
 473:Drivers/RTT/SEGGER_RTT_printf.c **** *  Parameters
 474:Drivers/RTT/SEGGER_RTT_printf.c **** *    BufferIndex  Index of "Up"-buffer to be used. (e.g. 0 for "Terminal")
 475:Drivers/RTT/SEGGER_RTT_printf.c **** *    sFormat      Pointer to format string, followed by the arguments for conversion
 476:Drivers/RTT/SEGGER_RTT_printf.c **** *
 477:Drivers/RTT/SEGGER_RTT_printf.c **** *  Return values
 478:Drivers/RTT/SEGGER_RTT_printf.c **** *    >= 0:  Number of bytes which have been stored in the "Up"-buffer.
 479:Drivers/RTT/SEGGER_RTT_printf.c **** *     < 0:  Error
 480:Drivers/RTT/SEGGER_RTT_printf.c **** *
 481:Drivers/RTT/SEGGER_RTT_printf.c **** *  Notes
 482:Drivers/RTT/SEGGER_RTT_printf.c **** *    (1) Conversion specifications have following syntax:
 483:Drivers/RTT/SEGGER_RTT_printf.c **** *          %[flags][FieldWidth][.Precision]ConversionSpecifier
 484:Drivers/RTT/SEGGER_RTT_printf.c **** *    (2) Supported flags:
 485:Drivers/RTT/SEGGER_RTT_printf.c **** *          -: Left justify within the field width
 486:Drivers/RTT/SEGGER_RTT_printf.c **** *          +: Always print sign extension for signed conversions
 487:Drivers/RTT/SEGGER_RTT_printf.c **** *          0: Pad with 0 instead of spaces. Ignored when using '-'-flag or precision
 488:Drivers/RTT/SEGGER_RTT_printf.c **** *        Supported conversion specifiers:
 489:Drivers/RTT/SEGGER_RTT_printf.c **** *          c: Print the argument as one char
 490:Drivers/RTT/SEGGER_RTT_printf.c **** *          d: Print the argument as a signed integer
 491:Drivers/RTT/SEGGER_RTT_printf.c **** *          u: Print the argument as an unsigned integer
 492:Drivers/RTT/SEGGER_RTT_printf.c **** *          x: Print the argument as an hexadecimal integer
 493:Drivers/RTT/SEGGER_RTT_printf.c **** *          s: Print the string pointed to by the argument
 494:Drivers/RTT/SEGGER_RTT_printf.c **** *          p: Print the argument as an 8-digit hexadecimal integer. (Argument shall be a pointer to
 495:Drivers/RTT/SEGGER_RTT_printf.c **** */
 496:Drivers/RTT/SEGGER_RTT_printf.c **** int SEGGER_RTT_printf(unsigned BufferIndex, const char * sFormat, ...) {
 1113              		.loc 1 496 72 view -0
 1114              		.cfi_startproc
 1115              		@ args = 4, pretend = 12, frame = 8
 1116              		@ frame_needed = 0, uses_anonymous_args = 1
 1117              		.loc 1 496 72 is_stmt 0 view .LVU358
 1118 0000 0EB4     		push	{r1, r2, r3}
 1119              	.LCFI10:
 1120              		.cfi_def_cfa_offset 12
 1121              		.cfi_offset 1, -12
 1122              		.cfi_offset 2, -8
 1123              		.cfi_offset 3, -4
 1124 0002 00B5     		push	{lr}
 1125              	.LCFI11:
 1126              		.cfi_def_cfa_offset 16
 1127              		.cfi_offset 14, -16
 1128 0004 82B0     		sub	sp, sp, #8
 1129              	.LCFI12:
 1130              		.cfi_def_cfa_offset 24
 1131 0006 03AB     		add	r3, sp, #12
 1132 0008 53F8041B 		ldr	r1, [r3], #4
 497:Drivers/RTT/SEGGER_RTT_printf.c ****   int r;
 1133              		.loc 1 497 3 is_stmt 1 view .LVU359
 498:Drivers/RTT/SEGGER_RTT_printf.c ****   va_list ParamList;
 1134              		.loc 1 498 3 view .LVU360
 499:Drivers/RTT/SEGGER_RTT_printf.c **** 
ARM GAS  C:\Users\seblo\AppData\Local\Temp\ccRm7B6h.s 			page 32


 500:Drivers/RTT/SEGGER_RTT_printf.c ****   va_start(ParamList, sFormat);
 1135              		.loc 1 500 3 view .LVU361
 1136 000c 0193     		str	r3, [sp, #4]
 501:Drivers/RTT/SEGGER_RTT_printf.c ****   r = SEGGER_RTT_vprintf(BufferIndex, sFormat, &ParamList);
 1137              		.loc 1 501 3 view .LVU362
 1138              		.loc 1 501 7 is_stmt 0 view .LVU363
 1139 000e 01AA     		add	r2, sp, #4
 1140 0010 FFF7FEFF 		bl	SEGGER_RTT_vprintf
 1141              	.LVL117:
 502:Drivers/RTT/SEGGER_RTT_printf.c ****   va_end(ParamList);
 1142              		.loc 1 502 3 is_stmt 1 view .LVU364
 503:Drivers/RTT/SEGGER_RTT_printf.c ****   return r;
 1143              		.loc 1 503 3 view .LVU365
 504:Drivers/RTT/SEGGER_RTT_printf.c **** }
 1144              		.loc 1 504 1 is_stmt 0 view .LVU366
 1145 0014 02B0     		add	sp, sp, #8
 1146              	.LCFI13:
 1147              		.cfi_def_cfa_offset 16
 1148              		@ sp needed
 1149 0016 5DF804EB 		ldr	lr, [sp], #4
 1150              	.LCFI14:
 1151              		.cfi_restore 14
 1152              		.cfi_def_cfa_offset 12
 1153 001a 03B0     		add	sp, sp, #12
 1154              	.LCFI15:
 1155              		.cfi_restore 3
 1156              		.cfi_restore 2
 1157              		.cfi_restore 1
 1158              		.cfi_def_cfa_offset 0
 1159 001c 7047     		bx	lr
 1160              		.cfi_endproc
 1161              	.LFE4:
 1163              		.section	.rodata._aV2C.0,"a"
 1164              		.align	2
 1165              		.set	.LANCHOR0,. + 0
 1168              	_aV2C.0:
 1169 0000 30313233 		.ascii	"0123456789ABCDEF"
 1169      34353637 
 1169      38394142 
 1169      43444546 
 1170              		.text
 1171              	.Letext0:
 1172              		.file 2 "c:\\program files (x86)\\gnu arm embedded toolchain\\10 2020-q4-major\\lib\\gcc\\arm-none
 1173              		.file 3 "<built-in>"
 1174              		.file 4 "Drivers/RTT/SEGGER_RTT.h"
ARM GAS  C:\Users\seblo\AppData\Local\Temp\ccRm7B6h.s 			page 33


DEFINED SYMBOLS
                            *ABS*:00000000 SEGGER_RTT_printf.c
C:\Users\seblo\AppData\Local\Temp\ccRm7B6h.s:18     .text._StoreChar:00000000 $t
C:\Users\seblo\AppData\Local\Temp\ccRm7B6h.s:25     .text._StoreChar:00000000 _StoreChar
C:\Users\seblo\AppData\Local\Temp\ccRm7B6h.s:113    .text._PrintUnsigned:00000000 $t
C:\Users\seblo\AppData\Local\Temp\ccRm7B6h.s:119    .text._PrintUnsigned:00000000 _PrintUnsigned
C:\Users\seblo\AppData\Local\Temp\ccRm7B6h.s:339    .text._PrintUnsigned:000000d0 $d
C:\Users\seblo\AppData\Local\Temp\ccRm7B6h.s:344    .text._PrintInt:00000000 $t
C:\Users\seblo\AppData\Local\Temp\ccRm7B6h.s:350    .text._PrintInt:00000000 _PrintInt
C:\Users\seblo\AppData\Local\Temp\ccRm7B6h.s:572    .text.SEGGER_RTT_vprintf:00000000 $t
C:\Users\seblo\AppData\Local\Temp\ccRm7B6h.s:579    .text.SEGGER_RTT_vprintf:00000000 SEGGER_RTT_vprintf
C:\Users\seblo\AppData\Local\Temp\ccRm7B6h.s:708    .text.SEGGER_RTT_vprintf:00000054 $d
C:\Users\seblo\AppData\Local\Temp\ccRm7B6h.s:722    .text.SEGGER_RTT_vprintf:0000008c $t
C:\Users\seblo\AppData\Local\Temp\ccRm7B6h.s:843    .text.SEGGER_RTT_vprintf:000000f6 $d
C:\Users\seblo\AppData\Local\Temp\ccRm7B6h.s:1103   .text.SEGGER_RTT_printf:00000000 $t
C:\Users\seblo\AppData\Local\Temp\ccRm7B6h.s:1110   .text.SEGGER_RTT_printf:00000000 SEGGER_RTT_printf
C:\Users\seblo\AppData\Local\Temp\ccRm7B6h.s:1164   .rodata._aV2C.0:00000000 $d
C:\Users\seblo\AppData\Local\Temp\ccRm7B6h.s:1168   .rodata._aV2C.0:00000000 _aV2C.0
C:\Users\seblo\AppData\Local\Temp\ccRm7B6h.s:876    .text.SEGGER_RTT_vprintf:00000117 $d
C:\Users\seblo\AppData\Local\Temp\ccRm7B6h.s:876    .text.SEGGER_RTT_vprintf:00000118 $t

UNDEFINED SYMBOLS
SEGGER_RTT_Write
