ARM GAS  C:\Users\seblo\AppData\Local\Temp\ccokrZSP.s 			page 1


   1              		.cpu cortex-m7
   2              		.eabi_attribute 27, 1
   3              		.eabi_attribute 28, 1
   4              		.eabi_attribute 20, 1
   5              		.eabi_attribute 21, 1
   6              		.eabi_attribute 23, 3
   7              		.eabi_attribute 24, 1
   8              		.eabi_attribute 25, 1
   9              		.eabi_attribute 26, 1
  10              		.eabi_attribute 30, 1
  11              		.eabi_attribute 34, 1
  12              		.eabi_attribute 18, 4
  13              		.file	"stm32f7xx_hal_exti.c"
  14              		.text
  15              	.Ltext0:
  16              		.cfi_sections	.debug_frame
  17              		.section	.text.HAL_EXTI_SetConfigLine,"ax",%progbits
  18              		.align	1
  19              		.global	HAL_EXTI_SetConfigLine
  20              		.arch armv7e-m
  21              		.syntax unified
  22              		.thumb
  23              		.thumb_func
  24              		.fpu fpv5-sp-d16
  26              	HAL_EXTI_SetConfigLine:
  27              	.LVL0:
  28              	.LFB141:
  29              		.file 1 "Drivers/STM32F7xx_HAL_Driver/Src/stm32f7xx_hal_exti.c"
   1:Drivers/STM32F7xx_HAL_Driver/Src/stm32f7xx_hal_exti.c **** /**
   2:Drivers/STM32F7xx_HAL_Driver/Src/stm32f7xx_hal_exti.c ****   ******************************************************************************
   3:Drivers/STM32F7xx_HAL_Driver/Src/stm32f7xx_hal_exti.c ****   * @file    stm32F7xx_hal_exti.c
   4:Drivers/STM32F7xx_HAL_Driver/Src/stm32f7xx_hal_exti.c ****   * @author  MCD Application Team
   5:Drivers/STM32F7xx_HAL_Driver/Src/stm32f7xx_hal_exti.c ****   * @brief   EXTI HAL module driver.
   6:Drivers/STM32F7xx_HAL_Driver/Src/stm32f7xx_hal_exti.c ****   *          This file provides firmware functions to manage the following
   7:Drivers/STM32F7xx_HAL_Driver/Src/stm32f7xx_hal_exti.c ****   *          functionalities of the Extended Interrupts and events controller (EXTI) peripheral:
   8:Drivers/STM32F7xx_HAL_Driver/Src/stm32f7xx_hal_exti.c ****   *           + Initialization and de-initialization functions
   9:Drivers/STM32F7xx_HAL_Driver/Src/stm32f7xx_hal_exti.c ****   *           + IO operation functions
  10:Drivers/STM32F7xx_HAL_Driver/Src/stm32f7xx_hal_exti.c ****   *
  11:Drivers/STM32F7xx_HAL_Driver/Src/stm32f7xx_hal_exti.c ****   @verbatim
  12:Drivers/STM32F7xx_HAL_Driver/Src/stm32f7xx_hal_exti.c ****   ==============================================================================
  13:Drivers/STM32F7xx_HAL_Driver/Src/stm32f7xx_hal_exti.c ****                     ##### EXTI Peripheral features #####
  14:Drivers/STM32F7xx_HAL_Driver/Src/stm32f7xx_hal_exti.c ****   ==============================================================================
  15:Drivers/STM32F7xx_HAL_Driver/Src/stm32f7xx_hal_exti.c ****   [..]
  16:Drivers/STM32F7xx_HAL_Driver/Src/stm32f7xx_hal_exti.c ****     (+) Each Exti line can be configured within this driver.
  17:Drivers/STM32F7xx_HAL_Driver/Src/stm32f7xx_hal_exti.c **** 
  18:Drivers/STM32F7xx_HAL_Driver/Src/stm32f7xx_hal_exti.c ****     (+) Exti line can be configured in 3 different modes
  19:Drivers/STM32F7xx_HAL_Driver/Src/stm32f7xx_hal_exti.c ****         (++) Interrupt
  20:Drivers/STM32F7xx_HAL_Driver/Src/stm32f7xx_hal_exti.c ****         (++) Event
  21:Drivers/STM32F7xx_HAL_Driver/Src/stm32f7xx_hal_exti.c ****         (++) Both of them
  22:Drivers/STM32F7xx_HAL_Driver/Src/stm32f7xx_hal_exti.c **** 
  23:Drivers/STM32F7xx_HAL_Driver/Src/stm32f7xx_hal_exti.c ****     (+) Configurable Exti lines can be configured with 3 different triggers
  24:Drivers/STM32F7xx_HAL_Driver/Src/stm32f7xx_hal_exti.c ****         (++) Rising
  25:Drivers/STM32F7xx_HAL_Driver/Src/stm32f7xx_hal_exti.c ****         (++) Falling
  26:Drivers/STM32F7xx_HAL_Driver/Src/stm32f7xx_hal_exti.c ****         (++) Both of them
  27:Drivers/STM32F7xx_HAL_Driver/Src/stm32f7xx_hal_exti.c **** 
  28:Drivers/STM32F7xx_HAL_Driver/Src/stm32f7xx_hal_exti.c ****     (+) When set in interrupt mode, configurable Exti lines have two different
  29:Drivers/STM32F7xx_HAL_Driver/Src/stm32f7xx_hal_exti.c ****         interrupts pending registers which allow to distinguish which transition
ARM GAS  C:\Users\seblo\AppData\Local\Temp\ccokrZSP.s 			page 2


  30:Drivers/STM32F7xx_HAL_Driver/Src/stm32f7xx_hal_exti.c ****         occurs:
  31:Drivers/STM32F7xx_HAL_Driver/Src/stm32f7xx_hal_exti.c ****         (++) Rising edge pending interrupt
  32:Drivers/STM32F7xx_HAL_Driver/Src/stm32f7xx_hal_exti.c ****         (++) Falling
  33:Drivers/STM32F7xx_HAL_Driver/Src/stm32f7xx_hal_exti.c **** 
  34:Drivers/STM32F7xx_HAL_Driver/Src/stm32f7xx_hal_exti.c ****     (+) Exti lines 0 to 15 are linked to gpio pin number 0 to 15. Gpio port can
  35:Drivers/STM32F7xx_HAL_Driver/Src/stm32f7xx_hal_exti.c ****         be selected through multiplexer.
  36:Drivers/STM32F7xx_HAL_Driver/Src/stm32f7xx_hal_exti.c **** 
  37:Drivers/STM32F7xx_HAL_Driver/Src/stm32f7xx_hal_exti.c ****                      ##### How to use this driver #####
  38:Drivers/STM32F7xx_HAL_Driver/Src/stm32f7xx_hal_exti.c ****   ==============================================================================
  39:Drivers/STM32F7xx_HAL_Driver/Src/stm32f7xx_hal_exti.c ****   [..]
  40:Drivers/STM32F7xx_HAL_Driver/Src/stm32f7xx_hal_exti.c **** 
  41:Drivers/STM32F7xx_HAL_Driver/Src/stm32f7xx_hal_exti.c ****     (#) Configure the EXTI line using HAL_EXTI_SetConfigLine().
  42:Drivers/STM32F7xx_HAL_Driver/Src/stm32f7xx_hal_exti.c ****         (++) Choose the interrupt line number by setting "Line" member from
  43:Drivers/STM32F7xx_HAL_Driver/Src/stm32f7xx_hal_exti.c ****              EXTI_ConfigTypeDef structure.
  44:Drivers/STM32F7xx_HAL_Driver/Src/stm32f7xx_hal_exti.c ****         (++) Configure the interrupt and/or event mode using "Mode" member from
  45:Drivers/STM32F7xx_HAL_Driver/Src/stm32f7xx_hal_exti.c ****              EXTI_ConfigTypeDef structure.
  46:Drivers/STM32F7xx_HAL_Driver/Src/stm32f7xx_hal_exti.c ****         (++) For configurable lines, configure rising and/or falling trigger
  47:Drivers/STM32F7xx_HAL_Driver/Src/stm32f7xx_hal_exti.c ****              "Trigger" member from EXTI_ConfigTypeDef structure.
  48:Drivers/STM32F7xx_HAL_Driver/Src/stm32f7xx_hal_exti.c ****         (++) For Exti lines linked to gpio, choose gpio port using "GPIOSel"
  49:Drivers/STM32F7xx_HAL_Driver/Src/stm32f7xx_hal_exti.c ****              member from GPIO_InitTypeDef structure.
  50:Drivers/STM32F7xx_HAL_Driver/Src/stm32f7xx_hal_exti.c **** 
  51:Drivers/STM32F7xx_HAL_Driver/Src/stm32f7xx_hal_exti.c ****     (#) Get current Exti configuration of a dedicated line using
  52:Drivers/STM32F7xx_HAL_Driver/Src/stm32f7xx_hal_exti.c ****         HAL_EXTI_GetConfigLine().
  53:Drivers/STM32F7xx_HAL_Driver/Src/stm32f7xx_hal_exti.c ****         (++) Provide exiting handle as parameter.
  54:Drivers/STM32F7xx_HAL_Driver/Src/stm32f7xx_hal_exti.c ****         (++) Provide pointer on EXTI_ConfigTypeDef structure as second parameter.
  55:Drivers/STM32F7xx_HAL_Driver/Src/stm32f7xx_hal_exti.c **** 
  56:Drivers/STM32F7xx_HAL_Driver/Src/stm32f7xx_hal_exti.c ****     (#) Clear Exti configuration of a dedicated line using HAL_EXTI_GetConfigLine().
  57:Drivers/STM32F7xx_HAL_Driver/Src/stm32f7xx_hal_exti.c ****         (++) Provide exiting handle as parameter.
  58:Drivers/STM32F7xx_HAL_Driver/Src/stm32f7xx_hal_exti.c **** 
  59:Drivers/STM32F7xx_HAL_Driver/Src/stm32f7xx_hal_exti.c ****     (#) Register callback to treat Exti interrupts using HAL_EXTI_RegisterCallback().
  60:Drivers/STM32F7xx_HAL_Driver/Src/stm32f7xx_hal_exti.c ****         (++) Provide exiting handle as first parameter.
  61:Drivers/STM32F7xx_HAL_Driver/Src/stm32f7xx_hal_exti.c ****         (++) Provide which callback will be registered using one value from
  62:Drivers/STM32F7xx_HAL_Driver/Src/stm32f7xx_hal_exti.c ****              EXTI_CallbackIDTypeDef.
  63:Drivers/STM32F7xx_HAL_Driver/Src/stm32f7xx_hal_exti.c ****         (++) Provide callback function pointer.
  64:Drivers/STM32F7xx_HAL_Driver/Src/stm32f7xx_hal_exti.c **** 
  65:Drivers/STM32F7xx_HAL_Driver/Src/stm32f7xx_hal_exti.c ****     (#) Get interrupt pending bit using HAL_EXTI_GetPending().
  66:Drivers/STM32F7xx_HAL_Driver/Src/stm32f7xx_hal_exti.c **** 
  67:Drivers/STM32F7xx_HAL_Driver/Src/stm32f7xx_hal_exti.c ****     (#) Clear interrupt pending bit using HAL_EXTI_GetPending().
  68:Drivers/STM32F7xx_HAL_Driver/Src/stm32f7xx_hal_exti.c **** 
  69:Drivers/STM32F7xx_HAL_Driver/Src/stm32f7xx_hal_exti.c ****     (#) Generate software interrupt using HAL_EXTI_GenerateSWI().
  70:Drivers/STM32F7xx_HAL_Driver/Src/stm32f7xx_hal_exti.c **** 
  71:Drivers/STM32F7xx_HAL_Driver/Src/stm32f7xx_hal_exti.c ****   @endverbatim
  72:Drivers/STM32F7xx_HAL_Driver/Src/stm32f7xx_hal_exti.c ****   ******************************************************************************
  73:Drivers/STM32F7xx_HAL_Driver/Src/stm32f7xx_hal_exti.c ****   * @attention
  74:Drivers/STM32F7xx_HAL_Driver/Src/stm32f7xx_hal_exti.c ****   *
  75:Drivers/STM32F7xx_HAL_Driver/Src/stm32f7xx_hal_exti.c ****   * <h2><center>&copy; Copyright (c) 2018 STMicroelectronics.
  76:Drivers/STM32F7xx_HAL_Driver/Src/stm32f7xx_hal_exti.c ****   * All rights reserved.</center></h2>
  77:Drivers/STM32F7xx_HAL_Driver/Src/stm32f7xx_hal_exti.c ****   *
  78:Drivers/STM32F7xx_HAL_Driver/Src/stm32f7xx_hal_exti.c ****   * This software component is licensed by ST under BSD 3-Clause license,
  79:Drivers/STM32F7xx_HAL_Driver/Src/stm32f7xx_hal_exti.c ****   * the "License"; You may not use this file except in compliance with the
  80:Drivers/STM32F7xx_HAL_Driver/Src/stm32f7xx_hal_exti.c ****   * License. You may obtain a copy of the License at:
  81:Drivers/STM32F7xx_HAL_Driver/Src/stm32f7xx_hal_exti.c ****   *                        opensource.org/licenses/BSD-3-Clause
  82:Drivers/STM32F7xx_HAL_Driver/Src/stm32f7xx_hal_exti.c ****   *
  83:Drivers/STM32F7xx_HAL_Driver/Src/stm32f7xx_hal_exti.c ****   ******************************************************************************
  84:Drivers/STM32F7xx_HAL_Driver/Src/stm32f7xx_hal_exti.c ****   */
  85:Drivers/STM32F7xx_HAL_Driver/Src/stm32f7xx_hal_exti.c **** 
  86:Drivers/STM32F7xx_HAL_Driver/Src/stm32f7xx_hal_exti.c **** /* Includes ------------------------------------------------------------------*/
ARM GAS  C:\Users\seblo\AppData\Local\Temp\ccokrZSP.s 			page 3


  87:Drivers/STM32F7xx_HAL_Driver/Src/stm32f7xx_hal_exti.c **** #include "stm32f7xx_hal.h"
  88:Drivers/STM32F7xx_HAL_Driver/Src/stm32f7xx_hal_exti.c **** 
  89:Drivers/STM32F7xx_HAL_Driver/Src/stm32f7xx_hal_exti.c **** /** @addtogroup STM32F7xx_HAL_Driver
  90:Drivers/STM32F7xx_HAL_Driver/Src/stm32f7xx_hal_exti.c ****   * @{
  91:Drivers/STM32F7xx_HAL_Driver/Src/stm32f7xx_hal_exti.c ****   */
  92:Drivers/STM32F7xx_HAL_Driver/Src/stm32f7xx_hal_exti.c **** 
  93:Drivers/STM32F7xx_HAL_Driver/Src/stm32f7xx_hal_exti.c **** /** @addtogroup EXTI
  94:Drivers/STM32F7xx_HAL_Driver/Src/stm32f7xx_hal_exti.c ****   * @{
  95:Drivers/STM32F7xx_HAL_Driver/Src/stm32f7xx_hal_exti.c ****   */
  96:Drivers/STM32F7xx_HAL_Driver/Src/stm32f7xx_hal_exti.c **** /** MISRA C:2012 deviation rule has been granted for following rule:
  97:Drivers/STM32F7xx_HAL_Driver/Src/stm32f7xx_hal_exti.c ****   * Rule-18.1_b - Medium: Array `EXTICR' 1st subscript interval [0,7] may be out
  98:Drivers/STM32F7xx_HAL_Driver/Src/stm32f7xx_hal_exti.c ****   * of bounds [0,3] in following API :
  99:Drivers/STM32F7xx_HAL_Driver/Src/stm32f7xx_hal_exti.c ****   * HAL_EXTI_SetConfigLine
 100:Drivers/STM32F7xx_HAL_Driver/Src/stm32f7xx_hal_exti.c ****   * HAL_EXTI_GetConfigLine
 101:Drivers/STM32F7xx_HAL_Driver/Src/stm32f7xx_hal_exti.c ****   * HAL_EXTI_ClearConfigLine
 102:Drivers/STM32F7xx_HAL_Driver/Src/stm32f7xx_hal_exti.c ****   */
 103:Drivers/STM32F7xx_HAL_Driver/Src/stm32f7xx_hal_exti.c **** 
 104:Drivers/STM32F7xx_HAL_Driver/Src/stm32f7xx_hal_exti.c **** #ifdef HAL_EXTI_MODULE_ENABLED
 105:Drivers/STM32F7xx_HAL_Driver/Src/stm32f7xx_hal_exti.c **** 
 106:Drivers/STM32F7xx_HAL_Driver/Src/stm32f7xx_hal_exti.c **** /* Private typedef -----------------------------------------------------------*/
 107:Drivers/STM32F7xx_HAL_Driver/Src/stm32f7xx_hal_exti.c **** /* Private defines -----------------------------------------------------------*/
 108:Drivers/STM32F7xx_HAL_Driver/Src/stm32f7xx_hal_exti.c **** /** @defgroup EXTI_Private_Constants EXTI Private Constants
 109:Drivers/STM32F7xx_HAL_Driver/Src/stm32f7xx_hal_exti.c ****   * @{
 110:Drivers/STM32F7xx_HAL_Driver/Src/stm32f7xx_hal_exti.c ****   */
 111:Drivers/STM32F7xx_HAL_Driver/Src/stm32f7xx_hal_exti.c **** 
 112:Drivers/STM32F7xx_HAL_Driver/Src/stm32f7xx_hal_exti.c **** /**
 113:Drivers/STM32F7xx_HAL_Driver/Src/stm32f7xx_hal_exti.c ****   * @}
 114:Drivers/STM32F7xx_HAL_Driver/Src/stm32f7xx_hal_exti.c ****   */
 115:Drivers/STM32F7xx_HAL_Driver/Src/stm32f7xx_hal_exti.c **** 
 116:Drivers/STM32F7xx_HAL_Driver/Src/stm32f7xx_hal_exti.c **** /* Private macros ------------------------------------------------------------*/
 117:Drivers/STM32F7xx_HAL_Driver/Src/stm32f7xx_hal_exti.c **** /* Private variables ---------------------------------------------------------*/
 118:Drivers/STM32F7xx_HAL_Driver/Src/stm32f7xx_hal_exti.c **** /* Private function prototypes -----------------------------------------------*/
 119:Drivers/STM32F7xx_HAL_Driver/Src/stm32f7xx_hal_exti.c **** /* Exported functions --------------------------------------------------------*/
 120:Drivers/STM32F7xx_HAL_Driver/Src/stm32f7xx_hal_exti.c **** 
 121:Drivers/STM32F7xx_HAL_Driver/Src/stm32f7xx_hal_exti.c **** /** @addtogroup EXTI_Exported_Functions
 122:Drivers/STM32F7xx_HAL_Driver/Src/stm32f7xx_hal_exti.c ****   * @{
 123:Drivers/STM32F7xx_HAL_Driver/Src/stm32f7xx_hal_exti.c ****   */
 124:Drivers/STM32F7xx_HAL_Driver/Src/stm32f7xx_hal_exti.c **** 
 125:Drivers/STM32F7xx_HAL_Driver/Src/stm32f7xx_hal_exti.c **** /** @addtogroup EXTI_Exported_Functions_Group1
 126:Drivers/STM32F7xx_HAL_Driver/Src/stm32f7xx_hal_exti.c ****   *  @brief    Configuration functions
 127:Drivers/STM32F7xx_HAL_Driver/Src/stm32f7xx_hal_exti.c ****   *
 128:Drivers/STM32F7xx_HAL_Driver/Src/stm32f7xx_hal_exti.c **** @verbatim
 129:Drivers/STM32F7xx_HAL_Driver/Src/stm32f7xx_hal_exti.c ****  ===============================================================================
 130:Drivers/STM32F7xx_HAL_Driver/Src/stm32f7xx_hal_exti.c ****               ##### Configuration functions #####
 131:Drivers/STM32F7xx_HAL_Driver/Src/stm32f7xx_hal_exti.c ****  ===============================================================================
 132:Drivers/STM32F7xx_HAL_Driver/Src/stm32f7xx_hal_exti.c **** 
 133:Drivers/STM32F7xx_HAL_Driver/Src/stm32f7xx_hal_exti.c **** @endverbatim
 134:Drivers/STM32F7xx_HAL_Driver/Src/stm32f7xx_hal_exti.c ****   * @{
 135:Drivers/STM32F7xx_HAL_Driver/Src/stm32f7xx_hal_exti.c ****   */
 136:Drivers/STM32F7xx_HAL_Driver/Src/stm32f7xx_hal_exti.c **** 
 137:Drivers/STM32F7xx_HAL_Driver/Src/stm32f7xx_hal_exti.c **** /**
 138:Drivers/STM32F7xx_HAL_Driver/Src/stm32f7xx_hal_exti.c ****   * @brief  Set configuration of a dedicated Exti line.
 139:Drivers/STM32F7xx_HAL_Driver/Src/stm32f7xx_hal_exti.c ****   * @param  hexti Exti handle.
 140:Drivers/STM32F7xx_HAL_Driver/Src/stm32f7xx_hal_exti.c ****   * @param  pExtiConfig Pointer on EXTI configuration to be set.
 141:Drivers/STM32F7xx_HAL_Driver/Src/stm32f7xx_hal_exti.c ****   * @retval HAL Status.
 142:Drivers/STM32F7xx_HAL_Driver/Src/stm32f7xx_hal_exti.c ****   */
 143:Drivers/STM32F7xx_HAL_Driver/Src/stm32f7xx_hal_exti.c **** HAL_StatusTypeDef HAL_EXTI_SetConfigLine(EXTI_HandleTypeDef *hexti, EXTI_ConfigTypeDef *pExtiConfig
ARM GAS  C:\Users\seblo\AppData\Local\Temp\ccokrZSP.s 			page 4


 144:Drivers/STM32F7xx_HAL_Driver/Src/stm32f7xx_hal_exti.c **** {
  30              		.loc 1 144 1 view -0
  31              		.cfi_startproc
  32              		@ args = 0, pretend = 0, frame = 0
  33              		@ frame_needed = 0, uses_anonymous_args = 0
  34              		@ link register save eliminated.
 145:Drivers/STM32F7xx_HAL_Driver/Src/stm32f7xx_hal_exti.c ****   uint32_t regval;
  35              		.loc 1 145 3 view .LVU1
 146:Drivers/STM32F7xx_HAL_Driver/Src/stm32f7xx_hal_exti.c ****   uint32_t linepos;
  36              		.loc 1 146 3 view .LVU2
 147:Drivers/STM32F7xx_HAL_Driver/Src/stm32f7xx_hal_exti.c ****   uint32_t maskline;
  37              		.loc 1 147 3 view .LVU3
 148:Drivers/STM32F7xx_HAL_Driver/Src/stm32f7xx_hal_exti.c **** 
 149:Drivers/STM32F7xx_HAL_Driver/Src/stm32f7xx_hal_exti.c ****   /* Check null pointer */
 150:Drivers/STM32F7xx_HAL_Driver/Src/stm32f7xx_hal_exti.c ****   if ((hexti == NULL) || (pExtiConfig == NULL))
  38              		.loc 1 150 3 view .LVU4
  39              		.loc 1 150 6 is_stmt 0 view .LVU5
  40 0000 0029     		cmp	r1, #0
  41 0002 18BF     		it	ne
  42 0004 0028     		cmpne	r0, #0
  43 0006 5FD0     		beq	.L11
 144:Drivers/STM32F7xx_HAL_Driver/Src/stm32f7xx_hal_exti.c ****   uint32_t regval;
  44              		.loc 1 144 1 view .LVU6
  45 0008 70B4     		push	{r4, r5, r6}
  46              	.LCFI0:
  47              		.cfi_def_cfa_offset 12
  48              		.cfi_offset 4, -12
  49              		.cfi_offset 5, -8
  50              		.cfi_offset 6, -4
  51 000a 0B46     		mov	r3, r1
 151:Drivers/STM32F7xx_HAL_Driver/Src/stm32f7xx_hal_exti.c ****   {
 152:Drivers/STM32F7xx_HAL_Driver/Src/stm32f7xx_hal_exti.c ****     return HAL_ERROR;
 153:Drivers/STM32F7xx_HAL_Driver/Src/stm32f7xx_hal_exti.c ****   }
 154:Drivers/STM32F7xx_HAL_Driver/Src/stm32f7xx_hal_exti.c **** 
 155:Drivers/STM32F7xx_HAL_Driver/Src/stm32f7xx_hal_exti.c ****   /* Check parameters */
 156:Drivers/STM32F7xx_HAL_Driver/Src/stm32f7xx_hal_exti.c ****   assert_param(IS_EXTI_LINE(pExtiConfig->Line));
  52              		.loc 1 156 3 is_stmt 1 view .LVU7
 157:Drivers/STM32F7xx_HAL_Driver/Src/stm32f7xx_hal_exti.c ****   assert_param(IS_EXTI_MODE(pExtiConfig->Mode));
  53              		.loc 1 157 3 view .LVU8
 158:Drivers/STM32F7xx_HAL_Driver/Src/stm32f7xx_hal_exti.c **** 
 159:Drivers/STM32F7xx_HAL_Driver/Src/stm32f7xx_hal_exti.c ****   /* Assign line number to handle */
 160:Drivers/STM32F7xx_HAL_Driver/Src/stm32f7xx_hal_exti.c ****   hexti->Line = pExtiConfig->Line;
  54              		.loc 1 160 3 view .LVU9
  55              		.loc 1 160 28 is_stmt 0 view .LVU10
  56 000c 0968     		ldr	r1, [r1]
  57              	.LVL1:
  58              		.loc 1 160 15 view .LVU11
  59 000e 0160     		str	r1, [r0]
 161:Drivers/STM32F7xx_HAL_Driver/Src/stm32f7xx_hal_exti.c **** 
 162:Drivers/STM32F7xx_HAL_Driver/Src/stm32f7xx_hal_exti.c ****   /* Compute line mask */
 163:Drivers/STM32F7xx_HAL_Driver/Src/stm32f7xx_hal_exti.c ****   linepos = (pExtiConfig->Line & EXTI_PIN_MASK);
  60              		.loc 1 163 3 is_stmt 1 view .LVU12
  61              		.loc 1 163 11 is_stmt 0 view .LVU13
  62 0010 01F01F00 		and	r0, r1, #31
  63              	.LVL2:
 164:Drivers/STM32F7xx_HAL_Driver/Src/stm32f7xx_hal_exti.c ****   maskline = (1uL << linepos);
  64              		.loc 1 164 3 is_stmt 1 view .LVU14
ARM GAS  C:\Users\seblo\AppData\Local\Temp\ccokrZSP.s 			page 5


  65              		.loc 1 164 12 is_stmt 0 view .LVU15
  66 0014 0122     		movs	r2, #1
  67 0016 8240     		lsls	r2, r2, r0
  68              	.LVL3:
 165:Drivers/STM32F7xx_HAL_Driver/Src/stm32f7xx_hal_exti.c **** 
 166:Drivers/STM32F7xx_HAL_Driver/Src/stm32f7xx_hal_exti.c ****   /* Configure triggers for configurable lines */
 167:Drivers/STM32F7xx_HAL_Driver/Src/stm32f7xx_hal_exti.c ****   if ((pExtiConfig->Line & EXTI_CONFIG) != 0x00u)
  69              		.loc 1 167 3 is_stmt 1 view .LVU16
  70              		.loc 1 167 6 is_stmt 0 view .LVU17
  71 0018 11F0007F 		tst	r1, #33554432
  72 001c 15D0     		beq	.L3
 168:Drivers/STM32F7xx_HAL_Driver/Src/stm32f7xx_hal_exti.c ****   {
 169:Drivers/STM32F7xx_HAL_Driver/Src/stm32f7xx_hal_exti.c ****     assert_param(IS_EXTI_TRIGGER(pExtiConfig->Trigger));
  73              		.loc 1 169 5 is_stmt 1 view .LVU18
 170:Drivers/STM32F7xx_HAL_Driver/Src/stm32f7xx_hal_exti.c **** 
 171:Drivers/STM32F7xx_HAL_Driver/Src/stm32f7xx_hal_exti.c ****     /* Configure rising trigger */
 172:Drivers/STM32F7xx_HAL_Driver/Src/stm32f7xx_hal_exti.c ****     /* Mask or set line */
 173:Drivers/STM32F7xx_HAL_Driver/Src/stm32f7xx_hal_exti.c ****     if ((pExtiConfig->Trigger & EXTI_TRIGGER_RISING) != 0x00u)
  74              		.loc 1 173 5 view .LVU19
  75              		.loc 1 173 21 is_stmt 0 view .LVU20
  76 001e 9C68     		ldr	r4, [r3, #8]
  77              		.loc 1 173 8 view .LVU21
  78 0020 14F0010F 		tst	r4, #1
  79 0024 24D0     		beq	.L4
 174:Drivers/STM32F7xx_HAL_Driver/Src/stm32f7xx_hal_exti.c ****     {
 175:Drivers/STM32F7xx_HAL_Driver/Src/stm32f7xx_hal_exti.c ****       EXTI->RTSR |= maskline;
  80              		.loc 1 175 7 is_stmt 1 view .LVU22
  81              		.loc 1 175 18 is_stmt 0 view .LVU23
  82 0026 294D     		ldr	r5, .L17
  83 0028 AC68     		ldr	r4, [r5, #8]
  84 002a 1443     		orrs	r4, r4, r2
  85 002c AC60     		str	r4, [r5, #8]
  86              	.L5:
 176:Drivers/STM32F7xx_HAL_Driver/Src/stm32f7xx_hal_exti.c ****     }
 177:Drivers/STM32F7xx_HAL_Driver/Src/stm32f7xx_hal_exti.c ****     else
 178:Drivers/STM32F7xx_HAL_Driver/Src/stm32f7xx_hal_exti.c ****     {
 179:Drivers/STM32F7xx_HAL_Driver/Src/stm32f7xx_hal_exti.c ****       EXTI->RTSR &= ~maskline;
 180:Drivers/STM32F7xx_HAL_Driver/Src/stm32f7xx_hal_exti.c ****     }
 181:Drivers/STM32F7xx_HAL_Driver/Src/stm32f7xx_hal_exti.c **** 
 182:Drivers/STM32F7xx_HAL_Driver/Src/stm32f7xx_hal_exti.c ****     /* Configure falling trigger */
 183:Drivers/STM32F7xx_HAL_Driver/Src/stm32f7xx_hal_exti.c ****     /* Mask or set line */
 184:Drivers/STM32F7xx_HAL_Driver/Src/stm32f7xx_hal_exti.c ****     if ((pExtiConfig->Trigger & EXTI_TRIGGER_FALLING) != 0x00u)
  87              		.loc 1 184 5 is_stmt 1 view .LVU24
  88              		.loc 1 184 21 is_stmt 0 view .LVU25
  89 002e 9C68     		ldr	r4, [r3, #8]
  90              		.loc 1 184 8 view .LVU26
  91 0030 14F0020F 		tst	r4, #2
  92 0034 22D0     		beq	.L6
 185:Drivers/STM32F7xx_HAL_Driver/Src/stm32f7xx_hal_exti.c ****     {
 186:Drivers/STM32F7xx_HAL_Driver/Src/stm32f7xx_hal_exti.c ****       EXTI->FTSR |= maskline;
  93              		.loc 1 186 7 is_stmt 1 view .LVU27
  94              		.loc 1 186 18 is_stmt 0 view .LVU28
  95 0036 254D     		ldr	r5, .L17
  96 0038 EC68     		ldr	r4, [r5, #12]
  97 003a 1443     		orrs	r4, r4, r2
  98 003c EC60     		str	r4, [r5, #12]
  99              	.L7:
ARM GAS  C:\Users\seblo\AppData\Local\Temp\ccokrZSP.s 			page 6


 187:Drivers/STM32F7xx_HAL_Driver/Src/stm32f7xx_hal_exti.c ****     }
 188:Drivers/STM32F7xx_HAL_Driver/Src/stm32f7xx_hal_exti.c ****     else
 189:Drivers/STM32F7xx_HAL_Driver/Src/stm32f7xx_hal_exti.c ****     {
 190:Drivers/STM32F7xx_HAL_Driver/Src/stm32f7xx_hal_exti.c ****       EXTI->FTSR &= ~maskline;
 191:Drivers/STM32F7xx_HAL_Driver/Src/stm32f7xx_hal_exti.c ****     }
 192:Drivers/STM32F7xx_HAL_Driver/Src/stm32f7xx_hal_exti.c **** 
 193:Drivers/STM32F7xx_HAL_Driver/Src/stm32f7xx_hal_exti.c **** 
 194:Drivers/STM32F7xx_HAL_Driver/Src/stm32f7xx_hal_exti.c ****     /* Configure gpio port selection in case of gpio exti line */
 195:Drivers/STM32F7xx_HAL_Driver/Src/stm32f7xx_hal_exti.c ****     if ((pExtiConfig->Line & EXTI_GPIO) == EXTI_GPIO)
 100              		.loc 1 195 5 is_stmt 1 view .LVU29
 101              		.loc 1 195 28 is_stmt 0 view .LVU30
 102 003e 1C68     		ldr	r4, [r3]
 103 0040 04F0C06C 		and	ip, r4, #100663296
 104              		.loc 1 195 8 view .LVU31
 105 0044 BCF1C06F 		cmp	ip, #100663296
 106 0048 1ED0     		beq	.L16
 107              	.LVL4:
 108              	.L3:
 196:Drivers/STM32F7xx_HAL_Driver/Src/stm32f7xx_hal_exti.c ****     {
 197:Drivers/STM32F7xx_HAL_Driver/Src/stm32f7xx_hal_exti.c ****       assert_param(IS_EXTI_GPIO_PORT(pExtiConfig->GPIOSel));
 198:Drivers/STM32F7xx_HAL_Driver/Src/stm32f7xx_hal_exti.c ****       assert_param(IS_EXTI_GPIO_PIN(linepos));
 199:Drivers/STM32F7xx_HAL_Driver/Src/stm32f7xx_hal_exti.c **** 
 200:Drivers/STM32F7xx_HAL_Driver/Src/stm32f7xx_hal_exti.c ****       regval = SYSCFG->EXTICR[linepos >> 2u];
 201:Drivers/STM32F7xx_HAL_Driver/Src/stm32f7xx_hal_exti.c ****       regval &= ~(SYSCFG_EXTICR1_EXTI0 << (SYSCFG_EXTICR1_EXTI1_Pos * (linepos & 0x03u)));
 202:Drivers/STM32F7xx_HAL_Driver/Src/stm32f7xx_hal_exti.c ****       regval |= (pExtiConfig->GPIOSel << (SYSCFG_EXTICR1_EXTI1_Pos * (linepos & 0x03u)));
 203:Drivers/STM32F7xx_HAL_Driver/Src/stm32f7xx_hal_exti.c ****       SYSCFG->EXTICR[linepos >> 2u] = regval;
 204:Drivers/STM32F7xx_HAL_Driver/Src/stm32f7xx_hal_exti.c ****     }
 205:Drivers/STM32F7xx_HAL_Driver/Src/stm32f7xx_hal_exti.c ****   }
 206:Drivers/STM32F7xx_HAL_Driver/Src/stm32f7xx_hal_exti.c **** 
 207:Drivers/STM32F7xx_HAL_Driver/Src/stm32f7xx_hal_exti.c ****   /* Configure interrupt mode : read current mode */
 208:Drivers/STM32F7xx_HAL_Driver/Src/stm32f7xx_hal_exti.c ****   /* Mask or set line */
 209:Drivers/STM32F7xx_HAL_Driver/Src/stm32f7xx_hal_exti.c ****   if ((pExtiConfig->Mode & EXTI_MODE_INTERRUPT) != 0x00u)
 109              		.loc 1 209 3 is_stmt 1 view .LVU32
 110              		.loc 1 209 19 is_stmt 0 view .LVU33
 111 004a 5968     		ldr	r1, [r3, #4]
 112              		.loc 1 209 6 view .LVU34
 113 004c 11F0010F 		tst	r1, #1
 114 0050 2DD0     		beq	.L8
 210:Drivers/STM32F7xx_HAL_Driver/Src/stm32f7xx_hal_exti.c ****   {
 211:Drivers/STM32F7xx_HAL_Driver/Src/stm32f7xx_hal_exti.c ****     EXTI->IMR |= maskline;
 115              		.loc 1 211 5 is_stmt 1 view .LVU35
 116              		.loc 1 211 15 is_stmt 0 view .LVU36
 117 0052 1E48     		ldr	r0, .L17
 118 0054 0168     		ldr	r1, [r0]
 119 0056 1143     		orrs	r1, r1, r2
 120 0058 0160     		str	r1, [r0]
 121              	.L9:
 212:Drivers/STM32F7xx_HAL_Driver/Src/stm32f7xx_hal_exti.c ****   }
 213:Drivers/STM32F7xx_HAL_Driver/Src/stm32f7xx_hal_exti.c ****   else
 214:Drivers/STM32F7xx_HAL_Driver/Src/stm32f7xx_hal_exti.c ****   {
 215:Drivers/STM32F7xx_HAL_Driver/Src/stm32f7xx_hal_exti.c ****     EXTI->IMR &= ~maskline;
 216:Drivers/STM32F7xx_HAL_Driver/Src/stm32f7xx_hal_exti.c ****   }
 217:Drivers/STM32F7xx_HAL_Driver/Src/stm32f7xx_hal_exti.c **** 
 218:Drivers/STM32F7xx_HAL_Driver/Src/stm32f7xx_hal_exti.c ****   /* Configure event mode : read current mode */
 219:Drivers/STM32F7xx_HAL_Driver/Src/stm32f7xx_hal_exti.c ****   /* Mask or set line */
 220:Drivers/STM32F7xx_HAL_Driver/Src/stm32f7xx_hal_exti.c ****   if ((pExtiConfig->Mode & EXTI_MODE_EVENT) != 0x00u)
 122              		.loc 1 220 3 is_stmt 1 view .LVU37
ARM GAS  C:\Users\seblo\AppData\Local\Temp\ccokrZSP.s 			page 7


 123              		.loc 1 220 19 is_stmt 0 view .LVU38
 124 005a 5B68     		ldr	r3, [r3, #4]
 125              	.LVL5:
 126              		.loc 1 220 6 view .LVU39
 127 005c 13F0020F 		tst	r3, #2
 128 0060 2BD0     		beq	.L10
 221:Drivers/STM32F7xx_HAL_Driver/Src/stm32f7xx_hal_exti.c ****   {
 222:Drivers/STM32F7xx_HAL_Driver/Src/stm32f7xx_hal_exti.c ****     EXTI->EMR |= maskline;
 129              		.loc 1 222 5 is_stmt 1 view .LVU40
 130              		.loc 1 222 15 is_stmt 0 view .LVU41
 131 0062 1A49     		ldr	r1, .L17
 132 0064 4B68     		ldr	r3, [r1, #4]
 133 0066 1A43     		orrs	r2, r2, r3
 134              	.LVL6:
 135              		.loc 1 222 15 view .LVU42
 136 0068 4A60     		str	r2, [r1, #4]
 223:Drivers/STM32F7xx_HAL_Driver/Src/stm32f7xx_hal_exti.c ****   }
 224:Drivers/STM32F7xx_HAL_Driver/Src/stm32f7xx_hal_exti.c ****   else
 225:Drivers/STM32F7xx_HAL_Driver/Src/stm32f7xx_hal_exti.c ****   {
 226:Drivers/STM32F7xx_HAL_Driver/Src/stm32f7xx_hal_exti.c ****     EXTI->EMR &= ~maskline;
 227:Drivers/STM32F7xx_HAL_Driver/Src/stm32f7xx_hal_exti.c ****   }
 228:Drivers/STM32F7xx_HAL_Driver/Src/stm32f7xx_hal_exti.c **** 
 229:Drivers/STM32F7xx_HAL_Driver/Src/stm32f7xx_hal_exti.c ****   return HAL_OK;
 137              		.loc 1 229 10 view .LVU43
 138 006a 0020     		movs	r0, #0
 139              	.L2:
 230:Drivers/STM32F7xx_HAL_Driver/Src/stm32f7xx_hal_exti.c **** }
 140              		.loc 1 230 1 view .LVU44
 141 006c 70BC     		pop	{r4, r5, r6}
 142              	.LCFI1:
 143              		.cfi_remember_state
 144              		.cfi_restore 6
 145              		.cfi_restore 5
 146              		.cfi_restore 4
 147              		.cfi_def_cfa_offset 0
 148 006e 7047     		bx	lr
 149              	.LVL7:
 150              	.L4:
 151              	.LCFI2:
 152              		.cfi_restore_state
 179:Drivers/STM32F7xx_HAL_Driver/Src/stm32f7xx_hal_exti.c ****     }
 153              		.loc 1 179 7 is_stmt 1 view .LVU45
 179:Drivers/STM32F7xx_HAL_Driver/Src/stm32f7xx_hal_exti.c ****     }
 154              		.loc 1 179 18 is_stmt 0 view .LVU46
 155 0070 164D     		ldr	r5, .L17
 156 0072 AC68     		ldr	r4, [r5, #8]
 157 0074 24EA0204 		bic	r4, r4, r2
 158 0078 AC60     		str	r4, [r5, #8]
 159 007a D8E7     		b	.L5
 160              	.L6:
 190:Drivers/STM32F7xx_HAL_Driver/Src/stm32f7xx_hal_exti.c ****     }
 161              		.loc 1 190 7 is_stmt 1 view .LVU47
 190:Drivers/STM32F7xx_HAL_Driver/Src/stm32f7xx_hal_exti.c ****     }
 162              		.loc 1 190 18 is_stmt 0 view .LVU48
 163 007c 134D     		ldr	r5, .L17
 164 007e EC68     		ldr	r4, [r5, #12]
 165 0080 24EA0204 		bic	r4, r4, r2
ARM GAS  C:\Users\seblo\AppData\Local\Temp\ccokrZSP.s 			page 8


 166 0084 EC60     		str	r4, [r5, #12]
 167 0086 DAE7     		b	.L7
 168              	.L16:
 197:Drivers/STM32F7xx_HAL_Driver/Src/stm32f7xx_hal_exti.c ****       assert_param(IS_EXTI_GPIO_PIN(linepos));
 169              		.loc 1 197 7 is_stmt 1 view .LVU49
 198:Drivers/STM32F7xx_HAL_Driver/Src/stm32f7xx_hal_exti.c **** 
 170              		.loc 1 198 7 view .LVU50
 200:Drivers/STM32F7xx_HAL_Driver/Src/stm32f7xx_hal_exti.c ****       regval &= ~(SYSCFG_EXTICR1_EXTI0 << (SYSCFG_EXTICR1_EXTI1_Pos * (linepos & 0x03u)));
 171              		.loc 1 200 7 view .LVU51
 200:Drivers/STM32F7xx_HAL_Driver/Src/stm32f7xx_hal_exti.c ****       regval &= ~(SYSCFG_EXTICR1_EXTI0 << (SYSCFG_EXTICR1_EXTI1_Pos * (linepos & 0x03u)));
 172              		.loc 1 200 39 is_stmt 0 view .LVU52
 173 0088 8008     		lsrs	r0, r0, #2
 174              	.LVL8:
 200:Drivers/STM32F7xx_HAL_Driver/Src/stm32f7xx_hal_exti.c ****       regval &= ~(SYSCFG_EXTICR1_EXTI0 << (SYSCFG_EXTICR1_EXTI1_Pos * (linepos & 0x03u)));
 175              		.loc 1 200 14 view .LVU53
 176 008a 114E     		ldr	r6, .L17+4
 177 008c 0230     		adds	r0, r0, #2
 178 008e 56F82040 		ldr	r4, [r6, r0, lsl #2]
 179              	.LVL9:
 201:Drivers/STM32F7xx_HAL_Driver/Src/stm32f7xx_hal_exti.c ****       regval |= (pExtiConfig->GPIOSel << (SYSCFG_EXTICR1_EXTI1_Pos * (linepos & 0x03u)));
 180              		.loc 1 201 7 is_stmt 1 view .LVU54
 201:Drivers/STM32F7xx_HAL_Driver/Src/stm32f7xx_hal_exti.c ****       regval |= (pExtiConfig->GPIOSel << (SYSCFG_EXTICR1_EXTI1_Pos * (linepos & 0x03u)));
 181              		.loc 1 201 80 is_stmt 0 view .LVU55
 182 0092 01F00301 		and	r1, r1, #3
 183              	.LVL10:
 201:Drivers/STM32F7xx_HAL_Driver/Src/stm32f7xx_hal_exti.c ****       regval |= (pExtiConfig->GPIOSel << (SYSCFG_EXTICR1_EXTI1_Pos * (linepos & 0x03u)));
 184              		.loc 1 201 69 view .LVU56
 185 0096 8900     		lsls	r1, r1, #2
 201:Drivers/STM32F7xx_HAL_Driver/Src/stm32f7xx_hal_exti.c ****       regval |= (pExtiConfig->GPIOSel << (SYSCFG_EXTICR1_EXTI1_Pos * (linepos & 0x03u)));
 186              		.loc 1 201 40 view .LVU57
 187 0098 0F25     		movs	r5, #15
 188 009a 8D40     		lsls	r5, r5, r1
 201:Drivers/STM32F7xx_HAL_Driver/Src/stm32f7xx_hal_exti.c ****       regval |= (pExtiConfig->GPIOSel << (SYSCFG_EXTICR1_EXTI1_Pos * (linepos & 0x03u)));
 189              		.loc 1 201 14 view .LVU58
 190 009c 24EA0504 		bic	r4, r4, r5
 191              	.LVL11:
 202:Drivers/STM32F7xx_HAL_Driver/Src/stm32f7xx_hal_exti.c ****       SYSCFG->EXTICR[linepos >> 2u] = regval;
 192              		.loc 1 202 7 is_stmt 1 view .LVU59
 202:Drivers/STM32F7xx_HAL_Driver/Src/stm32f7xx_hal_exti.c ****       SYSCFG->EXTICR[linepos >> 2u] = regval;
 193              		.loc 1 202 39 is_stmt 0 view .LVU60
 194 00a0 DD68     		ldr	r5, [r3, #12]
 195 00a2 05FA01F1 		lsl	r1, r5, r1
 202:Drivers/STM32F7xx_HAL_Driver/Src/stm32f7xx_hal_exti.c ****       SYSCFG->EXTICR[linepos >> 2u] = regval;
 196              		.loc 1 202 14 view .LVU61
 197 00a6 2143     		orrs	r1, r1, r4
 198              	.LVL12:
 203:Drivers/STM32F7xx_HAL_Driver/Src/stm32f7xx_hal_exti.c ****     }
 199              		.loc 1 203 7 is_stmt 1 view .LVU62
 203:Drivers/STM32F7xx_HAL_Driver/Src/stm32f7xx_hal_exti.c ****     }
 200              		.loc 1 203 37 is_stmt 0 view .LVU63
 201 00a8 46F82010 		str	r1, [r6, r0, lsl #2]
 202 00ac CDE7     		b	.L3
 203              	.LVL13:
 204              	.L8:
 215:Drivers/STM32F7xx_HAL_Driver/Src/stm32f7xx_hal_exti.c ****   }
 205              		.loc 1 215 5 is_stmt 1 view .LVU64
 215:Drivers/STM32F7xx_HAL_Driver/Src/stm32f7xx_hal_exti.c ****   }
ARM GAS  C:\Users\seblo\AppData\Local\Temp\ccokrZSP.s 			page 9


 206              		.loc 1 215 15 is_stmt 0 view .LVU65
 207 00ae 0748     		ldr	r0, .L17
 208 00b0 0168     		ldr	r1, [r0]
 209 00b2 21EA0201 		bic	r1, r1, r2
 210 00b6 0160     		str	r1, [r0]
 211 00b8 CFE7     		b	.L9
 212              	.LVL14:
 213              	.L10:
 226:Drivers/STM32F7xx_HAL_Driver/Src/stm32f7xx_hal_exti.c ****   }
 214              		.loc 1 226 5 is_stmt 1 view .LVU66
 226:Drivers/STM32F7xx_HAL_Driver/Src/stm32f7xx_hal_exti.c ****   }
 215              		.loc 1 226 15 is_stmt 0 view .LVU67
 216 00ba 0449     		ldr	r1, .L17
 217 00bc 4B68     		ldr	r3, [r1, #4]
 218 00be 23EA0202 		bic	r2, r3, r2
 219              	.LVL15:
 226:Drivers/STM32F7xx_HAL_Driver/Src/stm32f7xx_hal_exti.c ****   }
 220              		.loc 1 226 15 view .LVU68
 221 00c2 4A60     		str	r2, [r1, #4]
 229:Drivers/STM32F7xx_HAL_Driver/Src/stm32f7xx_hal_exti.c **** }
 222              		.loc 1 229 10 view .LVU69
 223 00c4 0020     		movs	r0, #0
 224 00c6 D1E7     		b	.L2
 225              	.LVL16:
 226              	.L11:
 227              	.LCFI3:
 228              		.cfi_def_cfa_offset 0
 229              		.cfi_restore 4
 230              		.cfi_restore 5
 231              		.cfi_restore 6
 152:Drivers/STM32F7xx_HAL_Driver/Src/stm32f7xx_hal_exti.c ****   }
 232              		.loc 1 152 12 view .LVU70
 233 00c8 0120     		movs	r0, #1
 234              	.LVL17:
 235              		.loc 1 230 1 view .LVU71
 236 00ca 7047     		bx	lr
 237              	.L18:
 238              		.align	2
 239              	.L17:
 240 00cc 003C0140 		.word	1073822720
 241 00d0 00380140 		.word	1073821696
 242              		.cfi_endproc
 243              	.LFE141:
 245              		.section	.text.HAL_EXTI_GetConfigLine,"ax",%progbits
 246              		.align	1
 247              		.global	HAL_EXTI_GetConfigLine
 248              		.syntax unified
 249              		.thumb
 250              		.thumb_func
 251              		.fpu fpv5-sp-d16
 253              	HAL_EXTI_GetConfigLine:
 254              	.LVL18:
 255              	.LFB142:
 231:Drivers/STM32F7xx_HAL_Driver/Src/stm32f7xx_hal_exti.c **** 
 232:Drivers/STM32F7xx_HAL_Driver/Src/stm32f7xx_hal_exti.c **** /**
 233:Drivers/STM32F7xx_HAL_Driver/Src/stm32f7xx_hal_exti.c ****   * @brief  Get configuration of a dedicated Exti line.
 234:Drivers/STM32F7xx_HAL_Driver/Src/stm32f7xx_hal_exti.c ****   * @param  hexti Exti handle.
ARM GAS  C:\Users\seblo\AppData\Local\Temp\ccokrZSP.s 			page 10


 235:Drivers/STM32F7xx_HAL_Driver/Src/stm32f7xx_hal_exti.c ****   * @param  pExtiConfig Pointer on structure to store Exti configuration.
 236:Drivers/STM32F7xx_HAL_Driver/Src/stm32f7xx_hal_exti.c ****   * @retval HAL Status.
 237:Drivers/STM32F7xx_HAL_Driver/Src/stm32f7xx_hal_exti.c ****   */
 238:Drivers/STM32F7xx_HAL_Driver/Src/stm32f7xx_hal_exti.c **** HAL_StatusTypeDef HAL_EXTI_GetConfigLine(EXTI_HandleTypeDef *hexti, EXTI_ConfigTypeDef *pExtiConfig
 239:Drivers/STM32F7xx_HAL_Driver/Src/stm32f7xx_hal_exti.c **** {
 256              		.loc 1 239 1 is_stmt 1 view -0
 257              		.cfi_startproc
 258              		@ args = 0, pretend = 0, frame = 0
 259              		@ frame_needed = 0, uses_anonymous_args = 0
 260              		@ link register save eliminated.
 240:Drivers/STM32F7xx_HAL_Driver/Src/stm32f7xx_hal_exti.c ****   uint32_t regval;
 261              		.loc 1 240 3 view .LVU73
 241:Drivers/STM32F7xx_HAL_Driver/Src/stm32f7xx_hal_exti.c ****   uint32_t linepos;
 262              		.loc 1 241 3 view .LVU74
 242:Drivers/STM32F7xx_HAL_Driver/Src/stm32f7xx_hal_exti.c ****   uint32_t maskline;
 263              		.loc 1 242 3 view .LVU75
 243:Drivers/STM32F7xx_HAL_Driver/Src/stm32f7xx_hal_exti.c **** 
 244:Drivers/STM32F7xx_HAL_Driver/Src/stm32f7xx_hal_exti.c ****   /* Check null pointer */
 245:Drivers/STM32F7xx_HAL_Driver/Src/stm32f7xx_hal_exti.c ****   if ((hexti == NULL) || (pExtiConfig == NULL))
 264              		.loc 1 245 3 view .LVU76
 265              		.loc 1 245 39 is_stmt 0 view .LVU77
 266 0000 0B46     		mov	r3, r1
 267              		.loc 1 245 6 view .LVU78
 268 0002 0029     		cmp	r1, #0
 269 0004 18BF     		it	ne
 270 0006 0028     		cmpne	r0, #0
 271 0008 48D0     		beq	.L29
 246:Drivers/STM32F7xx_HAL_Driver/Src/stm32f7xx_hal_exti.c ****   {
 247:Drivers/STM32F7xx_HAL_Driver/Src/stm32f7xx_hal_exti.c ****     return HAL_ERROR;
 248:Drivers/STM32F7xx_HAL_Driver/Src/stm32f7xx_hal_exti.c ****   }
 249:Drivers/STM32F7xx_HAL_Driver/Src/stm32f7xx_hal_exti.c **** 
 250:Drivers/STM32F7xx_HAL_Driver/Src/stm32f7xx_hal_exti.c ****   /* Check the parameter */
 251:Drivers/STM32F7xx_HAL_Driver/Src/stm32f7xx_hal_exti.c ****   assert_param(IS_EXTI_LINE(hexti->Line));
 272              		.loc 1 251 3 is_stmt 1 view .LVU79
 252:Drivers/STM32F7xx_HAL_Driver/Src/stm32f7xx_hal_exti.c **** 
 253:Drivers/STM32F7xx_HAL_Driver/Src/stm32f7xx_hal_exti.c ****   /* Store handle line number to configuration structure */
 254:Drivers/STM32F7xx_HAL_Driver/Src/stm32f7xx_hal_exti.c ****   pExtiConfig->Line = hexti->Line;
 273              		.loc 1 254 3 view .LVU80
 274              		.loc 1 254 28 is_stmt 0 view .LVU81
 275 000a 0068     		ldr	r0, [r0]
 276              	.LVL19:
 277              		.loc 1 254 21 view .LVU82
 278 000c 0860     		str	r0, [r1]
 255:Drivers/STM32F7xx_HAL_Driver/Src/stm32f7xx_hal_exti.c **** 
 256:Drivers/STM32F7xx_HAL_Driver/Src/stm32f7xx_hal_exti.c ****   /* Compute line mask */
 257:Drivers/STM32F7xx_HAL_Driver/Src/stm32f7xx_hal_exti.c ****   linepos = (pExtiConfig->Line & EXTI_PIN_MASK);
 279              		.loc 1 257 3 is_stmt 1 view .LVU83
 280              		.loc 1 257 11 is_stmt 0 view .LVU84
 281 000e 00F01F0C 		and	ip, r0, #31
 282              	.LVL20:
 258:Drivers/STM32F7xx_HAL_Driver/Src/stm32f7xx_hal_exti.c ****   maskline = (1uL << linepos);
 283              		.loc 1 258 3 is_stmt 1 view .LVU85
 284              		.loc 1 258 12 is_stmt 0 view .LVU86
 285 0012 0122     		movs	r2, #1
 286 0014 02FA0CF2 		lsl	r2, r2, ip
 287              	.LVL21:
 259:Drivers/STM32F7xx_HAL_Driver/Src/stm32f7xx_hal_exti.c **** 
ARM GAS  C:\Users\seblo\AppData\Local\Temp\ccokrZSP.s 			page 11


 260:Drivers/STM32F7xx_HAL_Driver/Src/stm32f7xx_hal_exti.c ****   /* 1] Get core mode : interrupt */
 261:Drivers/STM32F7xx_HAL_Driver/Src/stm32f7xx_hal_exti.c **** 
 262:Drivers/STM32F7xx_HAL_Driver/Src/stm32f7xx_hal_exti.c ****   /* Check if selected line is enable */
 263:Drivers/STM32F7xx_HAL_Driver/Src/stm32f7xx_hal_exti.c ****   if ((EXTI->IMR & maskline) != 0x00u)
 288              		.loc 1 263 3 is_stmt 1 view .LVU87
 289              		.loc 1 263 12 is_stmt 0 view .LVU88
 290 0018 2149     		ldr	r1, .L31
 291              	.LVL22:
 292              		.loc 1 263 12 view .LVU89
 293 001a 0968     		ldr	r1, [r1]
 294              		.loc 1 263 6 view .LVU90
 295 001c 1142     		tst	r1, r2
 296 001e 22D0     		beq	.L21
 264:Drivers/STM32F7xx_HAL_Driver/Src/stm32f7xx_hal_exti.c ****   {
 265:Drivers/STM32F7xx_HAL_Driver/Src/stm32f7xx_hal_exti.c ****     pExtiConfig->Mode = EXTI_MODE_INTERRUPT;
 297              		.loc 1 265 5 is_stmt 1 view .LVU91
 298              		.loc 1 265 23 is_stmt 0 view .LVU92
 299 0020 0121     		movs	r1, #1
 300 0022 5960     		str	r1, [r3, #4]
 301              	.L22:
 266:Drivers/STM32F7xx_HAL_Driver/Src/stm32f7xx_hal_exti.c ****   }
 267:Drivers/STM32F7xx_HAL_Driver/Src/stm32f7xx_hal_exti.c ****   else
 268:Drivers/STM32F7xx_HAL_Driver/Src/stm32f7xx_hal_exti.c ****   {
 269:Drivers/STM32F7xx_HAL_Driver/Src/stm32f7xx_hal_exti.c ****     pExtiConfig->Mode = EXTI_MODE_NONE;
 270:Drivers/STM32F7xx_HAL_Driver/Src/stm32f7xx_hal_exti.c ****   }
 271:Drivers/STM32F7xx_HAL_Driver/Src/stm32f7xx_hal_exti.c **** 
 272:Drivers/STM32F7xx_HAL_Driver/Src/stm32f7xx_hal_exti.c ****   /* Get event mode */
 273:Drivers/STM32F7xx_HAL_Driver/Src/stm32f7xx_hal_exti.c ****   /* Check if selected line is enable */
 274:Drivers/STM32F7xx_HAL_Driver/Src/stm32f7xx_hal_exti.c ****   if ((EXTI->EMR & maskline) != 0x00u)
 302              		.loc 1 274 3 is_stmt 1 view .LVU93
 303              		.loc 1 274 12 is_stmt 0 view .LVU94
 304 0024 1E49     		ldr	r1, .L31
 305 0026 4968     		ldr	r1, [r1, #4]
 306              		.loc 1 274 6 view .LVU95
 307 0028 1142     		tst	r1, r2
 308 002a 03D0     		beq	.L23
 275:Drivers/STM32F7xx_HAL_Driver/Src/stm32f7xx_hal_exti.c ****   {
 276:Drivers/STM32F7xx_HAL_Driver/Src/stm32f7xx_hal_exti.c ****     pExtiConfig->Mode |= EXTI_MODE_EVENT;
 309              		.loc 1 276 5 is_stmt 1 view .LVU96
 310              		.loc 1 276 23 is_stmt 0 view .LVU97
 311 002c 5968     		ldr	r1, [r3, #4]
 312 002e 41F00201 		orr	r1, r1, #2
 313 0032 5960     		str	r1, [r3, #4]
 314              	.L23:
 277:Drivers/STM32F7xx_HAL_Driver/Src/stm32f7xx_hal_exti.c ****   }
 278:Drivers/STM32F7xx_HAL_Driver/Src/stm32f7xx_hal_exti.c **** 
 279:Drivers/STM32F7xx_HAL_Driver/Src/stm32f7xx_hal_exti.c ****   /* 2] Get trigger for configurable lines : rising */
 280:Drivers/STM32F7xx_HAL_Driver/Src/stm32f7xx_hal_exti.c ****   if ((pExtiConfig->Line & EXTI_CONFIG) != 0x00u)
 315              		.loc 1 280 3 is_stmt 1 view .LVU98
 316              		.loc 1 280 6 is_stmt 0 view .LVU99
 317 0034 10F0007F 		tst	r0, #33554432
 318 0038 2CD0     		beq	.L24
 281:Drivers/STM32F7xx_HAL_Driver/Src/stm32f7xx_hal_exti.c ****   {
 282:Drivers/STM32F7xx_HAL_Driver/Src/stm32f7xx_hal_exti.c ****     /* Check if configuration of selected line is enable */
 283:Drivers/STM32F7xx_HAL_Driver/Src/stm32f7xx_hal_exti.c ****     if ((EXTI->RTSR & maskline) != 0x00u)
 319              		.loc 1 283 5 is_stmt 1 view .LVU100
 320              		.loc 1 283 14 is_stmt 0 view .LVU101
ARM GAS  C:\Users\seblo\AppData\Local\Temp\ccokrZSP.s 			page 12


 321 003a 1949     		ldr	r1, .L31
 322 003c 8968     		ldr	r1, [r1, #8]
 323              		.loc 1 283 8 view .LVU102
 324 003e 1142     		tst	r1, r2
 325 0040 14D0     		beq	.L25
 284:Drivers/STM32F7xx_HAL_Driver/Src/stm32f7xx_hal_exti.c ****     {
 285:Drivers/STM32F7xx_HAL_Driver/Src/stm32f7xx_hal_exti.c ****       pExtiConfig->Trigger = EXTI_TRIGGER_RISING;
 326              		.loc 1 285 7 is_stmt 1 view .LVU103
 327              		.loc 1 285 28 is_stmt 0 view .LVU104
 328 0042 0121     		movs	r1, #1
 329 0044 9960     		str	r1, [r3, #8]
 330              	.L26:
 286:Drivers/STM32F7xx_HAL_Driver/Src/stm32f7xx_hal_exti.c ****     }
 287:Drivers/STM32F7xx_HAL_Driver/Src/stm32f7xx_hal_exti.c ****     else
 288:Drivers/STM32F7xx_HAL_Driver/Src/stm32f7xx_hal_exti.c ****     {
 289:Drivers/STM32F7xx_HAL_Driver/Src/stm32f7xx_hal_exti.c ****       pExtiConfig->Trigger = EXTI_TRIGGER_NONE;
 290:Drivers/STM32F7xx_HAL_Driver/Src/stm32f7xx_hal_exti.c ****     }
 291:Drivers/STM32F7xx_HAL_Driver/Src/stm32f7xx_hal_exti.c **** 
 292:Drivers/STM32F7xx_HAL_Driver/Src/stm32f7xx_hal_exti.c ****     /* Get falling configuration */
 293:Drivers/STM32F7xx_HAL_Driver/Src/stm32f7xx_hal_exti.c ****     /* Check if configuration of selected line is enable */
 294:Drivers/STM32F7xx_HAL_Driver/Src/stm32f7xx_hal_exti.c ****     if ((EXTI->FTSR & maskline) != 0x00u)
 331              		.loc 1 294 5 is_stmt 1 view .LVU105
 332              		.loc 1 294 14 is_stmt 0 view .LVU106
 333 0046 1649     		ldr	r1, .L31
 334 0048 C968     		ldr	r1, [r1, #12]
 335              		.loc 1 294 8 view .LVU107
 336 004a 1142     		tst	r1, r2
 337 004c 03D0     		beq	.L27
 295:Drivers/STM32F7xx_HAL_Driver/Src/stm32f7xx_hal_exti.c ****     {
 296:Drivers/STM32F7xx_HAL_Driver/Src/stm32f7xx_hal_exti.c ****       pExtiConfig->Trigger |= EXTI_TRIGGER_FALLING;
 338              		.loc 1 296 7 is_stmt 1 view .LVU108
 339              		.loc 1 296 28 is_stmt 0 view .LVU109
 340 004e 9A68     		ldr	r2, [r3, #8]
 341              	.LVL23:
 342              		.loc 1 296 28 view .LVU110
 343 0050 42F00202 		orr	r2, r2, #2
 344 0054 9A60     		str	r2, [r3, #8]
 345              	.L27:
 297:Drivers/STM32F7xx_HAL_Driver/Src/stm32f7xx_hal_exti.c ****     }
 298:Drivers/STM32F7xx_HAL_Driver/Src/stm32f7xx_hal_exti.c **** 
 299:Drivers/STM32F7xx_HAL_Driver/Src/stm32f7xx_hal_exti.c ****     /* Get Gpio port selection for gpio lines */
 300:Drivers/STM32F7xx_HAL_Driver/Src/stm32f7xx_hal_exti.c ****     if ((pExtiConfig->Line & EXTI_GPIO) == EXTI_GPIO)
 346              		.loc 1 300 5 is_stmt 1 view .LVU111
 347              		.loc 1 300 28 is_stmt 0 view .LVU112
 348 0056 00F0C062 		and	r2, r0, #100663296
 349              		.loc 1 300 8 view .LVU113
 350 005a B2F1C06F 		cmp	r2, #100663296
 351 005e 08D0     		beq	.L30
 301:Drivers/STM32F7xx_HAL_Driver/Src/stm32f7xx_hal_exti.c ****     {
 302:Drivers/STM32F7xx_HAL_Driver/Src/stm32f7xx_hal_exti.c ****       assert_param(IS_EXTI_GPIO_PIN(linepos));
 303:Drivers/STM32F7xx_HAL_Driver/Src/stm32f7xx_hal_exti.c **** 
 304:Drivers/STM32F7xx_HAL_Driver/Src/stm32f7xx_hal_exti.c ****       regval = SYSCFG->EXTICR[linepos >> 2u];
 305:Drivers/STM32F7xx_HAL_Driver/Src/stm32f7xx_hal_exti.c ****       pExtiConfig->GPIOSel = ((regval << (SYSCFG_EXTICR1_EXTI1_Pos * (3uL - (linepos & 0x03u)))) >>
 306:Drivers/STM32F7xx_HAL_Driver/Src/stm32f7xx_hal_exti.c ****     }
 307:Drivers/STM32F7xx_HAL_Driver/Src/stm32f7xx_hal_exti.c ****     else
 308:Drivers/STM32F7xx_HAL_Driver/Src/stm32f7xx_hal_exti.c ****     {
 309:Drivers/STM32F7xx_HAL_Driver/Src/stm32f7xx_hal_exti.c ****       pExtiConfig->GPIOSel = 0x00u;
ARM GAS  C:\Users\seblo\AppData\Local\Temp\ccokrZSP.s 			page 13


 352              		.loc 1 309 7 is_stmt 1 view .LVU114
 353              		.loc 1 309 28 is_stmt 0 view .LVU115
 354 0060 0020     		movs	r0, #0
 355 0062 D860     		str	r0, [r3, #12]
 356 0064 7047     		bx	lr
 357              	.LVL24:
 358              	.L21:
 269:Drivers/STM32F7xx_HAL_Driver/Src/stm32f7xx_hal_exti.c ****   }
 359              		.loc 1 269 5 is_stmt 1 view .LVU116
 269:Drivers/STM32F7xx_HAL_Driver/Src/stm32f7xx_hal_exti.c ****   }
 360              		.loc 1 269 23 is_stmt 0 view .LVU117
 361 0066 0021     		movs	r1, #0
 362 0068 5960     		str	r1, [r3, #4]
 363 006a DBE7     		b	.L22
 364              	.L25:
 289:Drivers/STM32F7xx_HAL_Driver/Src/stm32f7xx_hal_exti.c ****     }
 365              		.loc 1 289 7 is_stmt 1 view .LVU118
 289:Drivers/STM32F7xx_HAL_Driver/Src/stm32f7xx_hal_exti.c ****     }
 366              		.loc 1 289 28 is_stmt 0 view .LVU119
 367 006c 0021     		movs	r1, #0
 368 006e 9960     		str	r1, [r3, #8]
 369 0070 E9E7     		b	.L26
 370              	.LVL25:
 371              	.L30:
 302:Drivers/STM32F7xx_HAL_Driver/Src/stm32f7xx_hal_exti.c **** 
 372              		.loc 1 302 7 is_stmt 1 view .LVU120
 304:Drivers/STM32F7xx_HAL_Driver/Src/stm32f7xx_hal_exti.c ****       pExtiConfig->GPIOSel = ((regval << (SYSCFG_EXTICR1_EXTI1_Pos * (3uL - (linepos & 0x03u)))) >>
 373              		.loc 1 304 7 view .LVU121
 304:Drivers/STM32F7xx_HAL_Driver/Src/stm32f7xx_hal_exti.c ****       pExtiConfig->GPIOSel = ((regval << (SYSCFG_EXTICR1_EXTI1_Pos * (3uL - (linepos & 0x03u)))) >>
 374              		.loc 1 304 39 is_stmt 0 view .LVU122
 375 0072 4FEA9C02 		lsr	r2, ip, #2
 304:Drivers/STM32F7xx_HAL_Driver/Src/stm32f7xx_hal_exti.c ****       pExtiConfig->GPIOSel = ((regval << (SYSCFG_EXTICR1_EXTI1_Pos * (3uL - (linepos & 0x03u)))) >>
 376              		.loc 1 304 14 view .LVU123
 377 0076 0232     		adds	r2, r2, #2
 378 0078 0A49     		ldr	r1, .L31+4
 379 007a 51F82210 		ldr	r1, [r1, r2, lsl #2]
 380              	.LVL26:
 305:Drivers/STM32F7xx_HAL_Driver/Src/stm32f7xx_hal_exti.c ****     }
 381              		.loc 1 305 7 is_stmt 1 view .LVU124
 305:Drivers/STM32F7xx_HAL_Driver/Src/stm32f7xx_hal_exti.c ****     }
 382              		.loc 1 305 75 is_stmt 0 view .LVU125
 383 007e 6FEA0C02 		mvn	r2, ip
 384 0082 02F00302 		and	r2, r2, #3
 305:Drivers/STM32F7xx_HAL_Driver/Src/stm32f7xx_hal_exti.c ****     }
 385              		.loc 1 305 68 view .LVU126
 386 0086 9200     		lsls	r2, r2, #2
 305:Drivers/STM32F7xx_HAL_Driver/Src/stm32f7xx_hal_exti.c ****     }
 387              		.loc 1 305 39 view .LVU127
 388 0088 01FA02F2 		lsl	r2, r1, r2
 305:Drivers/STM32F7xx_HAL_Driver/Src/stm32f7xx_hal_exti.c ****     }
 389              		.loc 1 305 98 view .LVU128
 390 008c 120E     		lsrs	r2, r2, #24
 305:Drivers/STM32F7xx_HAL_Driver/Src/stm32f7xx_hal_exti.c ****     }
 391              		.loc 1 305 28 view .LVU129
 392 008e DA60     		str	r2, [r3, #12]
 310:Drivers/STM32F7xx_HAL_Driver/Src/stm32f7xx_hal_exti.c ****     }
 311:Drivers/STM32F7xx_HAL_Driver/Src/stm32f7xx_hal_exti.c ****   }
ARM GAS  C:\Users\seblo\AppData\Local\Temp\ccokrZSP.s 			page 14


 312:Drivers/STM32F7xx_HAL_Driver/Src/stm32f7xx_hal_exti.c ****   else
 313:Drivers/STM32F7xx_HAL_Driver/Src/stm32f7xx_hal_exti.c ****   {
 314:Drivers/STM32F7xx_HAL_Driver/Src/stm32f7xx_hal_exti.c ****     /* No Trigger selected */
 315:Drivers/STM32F7xx_HAL_Driver/Src/stm32f7xx_hal_exti.c ****     pExtiConfig->Trigger = EXTI_TRIGGER_NONE;
 316:Drivers/STM32F7xx_HAL_Driver/Src/stm32f7xx_hal_exti.c ****     pExtiConfig->GPIOSel = 0x00u;
 317:Drivers/STM32F7xx_HAL_Driver/Src/stm32f7xx_hal_exti.c ****   }
 318:Drivers/STM32F7xx_HAL_Driver/Src/stm32f7xx_hal_exti.c **** 
 319:Drivers/STM32F7xx_HAL_Driver/Src/stm32f7xx_hal_exti.c ****   return HAL_OK;
 393              		.loc 1 319 10 view .LVU130
 394 0090 0020     		movs	r0, #0
 395 0092 7047     		bx	lr
 396              	.LVL27:
 397              	.L24:
 315:Drivers/STM32F7xx_HAL_Driver/Src/stm32f7xx_hal_exti.c ****     pExtiConfig->GPIOSel = 0x00u;
 398              		.loc 1 315 5 is_stmt 1 view .LVU131
 315:Drivers/STM32F7xx_HAL_Driver/Src/stm32f7xx_hal_exti.c ****     pExtiConfig->GPIOSel = 0x00u;
 399              		.loc 1 315 26 is_stmt 0 view .LVU132
 400 0094 0020     		movs	r0, #0
 401 0096 9860     		str	r0, [r3, #8]
 316:Drivers/STM32F7xx_HAL_Driver/Src/stm32f7xx_hal_exti.c ****   }
 402              		.loc 1 316 5 is_stmt 1 view .LVU133
 316:Drivers/STM32F7xx_HAL_Driver/Src/stm32f7xx_hal_exti.c ****   }
 403              		.loc 1 316 26 is_stmt 0 view .LVU134
 404 0098 D860     		str	r0, [r3, #12]
 405 009a 7047     		bx	lr
 406              	.LVL28:
 407              	.L29:
 247:Drivers/STM32F7xx_HAL_Driver/Src/stm32f7xx_hal_exti.c ****   }
 408              		.loc 1 247 12 view .LVU135
 409 009c 0120     		movs	r0, #1
 410              	.LVL29:
 320:Drivers/STM32F7xx_HAL_Driver/Src/stm32f7xx_hal_exti.c **** }
 411              		.loc 1 320 1 view .LVU136
 412 009e 7047     		bx	lr
 413              	.L32:
 414              		.align	2
 415              	.L31:
 416 00a0 003C0140 		.word	1073822720
 417 00a4 00380140 		.word	1073821696
 418              		.cfi_endproc
 419              	.LFE142:
 421              		.section	.text.HAL_EXTI_ClearConfigLine,"ax",%progbits
 422              		.align	1
 423              		.global	HAL_EXTI_ClearConfigLine
 424              		.syntax unified
 425              		.thumb
 426              		.thumb_func
 427              		.fpu fpv5-sp-d16
 429              	HAL_EXTI_ClearConfigLine:
 430              	.LVL30:
 431              	.LFB143:
 321:Drivers/STM32F7xx_HAL_Driver/Src/stm32f7xx_hal_exti.c **** 
 322:Drivers/STM32F7xx_HAL_Driver/Src/stm32f7xx_hal_exti.c **** /**
 323:Drivers/STM32F7xx_HAL_Driver/Src/stm32f7xx_hal_exti.c ****   * @brief  Clear whole configuration of a dedicated Exti line.
 324:Drivers/STM32F7xx_HAL_Driver/Src/stm32f7xx_hal_exti.c ****   * @param  hexti Exti handle.
 325:Drivers/STM32F7xx_HAL_Driver/Src/stm32f7xx_hal_exti.c ****   * @retval HAL Status.
 326:Drivers/STM32F7xx_HAL_Driver/Src/stm32f7xx_hal_exti.c ****   */
ARM GAS  C:\Users\seblo\AppData\Local\Temp\ccokrZSP.s 			page 15


 327:Drivers/STM32F7xx_HAL_Driver/Src/stm32f7xx_hal_exti.c **** HAL_StatusTypeDef HAL_EXTI_ClearConfigLine(EXTI_HandleTypeDef *hexti)
 328:Drivers/STM32F7xx_HAL_Driver/Src/stm32f7xx_hal_exti.c **** {
 432              		.loc 1 328 1 is_stmt 1 view -0
 433              		.cfi_startproc
 434              		@ args = 0, pretend = 0, frame = 0
 435              		@ frame_needed = 0, uses_anonymous_args = 0
 329:Drivers/STM32F7xx_HAL_Driver/Src/stm32f7xx_hal_exti.c ****   uint32_t regval;
 436              		.loc 1 329 3 view .LVU138
 330:Drivers/STM32F7xx_HAL_Driver/Src/stm32f7xx_hal_exti.c ****   uint32_t linepos;
 437              		.loc 1 330 3 view .LVU139
 331:Drivers/STM32F7xx_HAL_Driver/Src/stm32f7xx_hal_exti.c ****   uint32_t maskline;
 438              		.loc 1 331 3 view .LVU140
 332:Drivers/STM32F7xx_HAL_Driver/Src/stm32f7xx_hal_exti.c **** 
 333:Drivers/STM32F7xx_HAL_Driver/Src/stm32f7xx_hal_exti.c ****   /* Check null pointer */
 334:Drivers/STM32F7xx_HAL_Driver/Src/stm32f7xx_hal_exti.c ****   if (hexti == NULL)
 439              		.loc 1 334 3 view .LVU141
 440              		.loc 1 334 6 is_stmt 0 view .LVU142
 441 0000 0028     		cmp	r0, #0
 442 0002 38D0     		beq	.L35
 328:Drivers/STM32F7xx_HAL_Driver/Src/stm32f7xx_hal_exti.c ****   uint32_t regval;
 443              		.loc 1 328 1 view .LVU143
 444 0004 10B5     		push	{r4, lr}
 445              	.LCFI4:
 446              		.cfi_def_cfa_offset 8
 447              		.cfi_offset 4, -8
 448              		.cfi_offset 14, -4
 449 0006 8446     		mov	ip, r0
 335:Drivers/STM32F7xx_HAL_Driver/Src/stm32f7xx_hal_exti.c ****   {
 336:Drivers/STM32F7xx_HAL_Driver/Src/stm32f7xx_hal_exti.c ****     return HAL_ERROR;
 337:Drivers/STM32F7xx_HAL_Driver/Src/stm32f7xx_hal_exti.c ****   }
 338:Drivers/STM32F7xx_HAL_Driver/Src/stm32f7xx_hal_exti.c **** 
 339:Drivers/STM32F7xx_HAL_Driver/Src/stm32f7xx_hal_exti.c ****   /* Check the parameter */
 340:Drivers/STM32F7xx_HAL_Driver/Src/stm32f7xx_hal_exti.c ****   assert_param(IS_EXTI_LINE(hexti->Line));
 450              		.loc 1 340 3 is_stmt 1 view .LVU144
 341:Drivers/STM32F7xx_HAL_Driver/Src/stm32f7xx_hal_exti.c **** 
 342:Drivers/STM32F7xx_HAL_Driver/Src/stm32f7xx_hal_exti.c ****   /* compute line mask */
 343:Drivers/STM32F7xx_HAL_Driver/Src/stm32f7xx_hal_exti.c ****   linepos = (hexti->Line & EXTI_PIN_MASK);
 451              		.loc 1 343 3 view .LVU145
 452              		.loc 1 343 19 is_stmt 0 view .LVU146
 453 0008 0468     		ldr	r4, [r0]
 454              		.loc 1 343 11 view .LVU147
 455 000a 04F01F00 		and	r0, r4, #31
 456              	.LVL31:
 344:Drivers/STM32F7xx_HAL_Driver/Src/stm32f7xx_hal_exti.c ****   maskline = (1uL << linepos);
 457              		.loc 1 344 3 is_stmt 1 view .LVU148
 458              		.loc 1 344 12 is_stmt 0 view .LVU149
 459 000e 0123     		movs	r3, #1
 460 0010 8340     		lsls	r3, r3, r0
 461              	.LVL32:
 345:Drivers/STM32F7xx_HAL_Driver/Src/stm32f7xx_hal_exti.c **** 
 346:Drivers/STM32F7xx_HAL_Driver/Src/stm32f7xx_hal_exti.c ****   /* 1] Clear interrupt mode */
 347:Drivers/STM32F7xx_HAL_Driver/Src/stm32f7xx_hal_exti.c ****   EXTI->IMR = (EXTI->IMR & ~maskline);
 462              		.loc 1 347 3 is_stmt 1 view .LVU150
 463              		.loc 1 347 20 is_stmt 0 view .LVU151
 464 0012 1B4A     		ldr	r2, .L43
 465 0014 1168     		ldr	r1, [r2]
 466              		.loc 1 347 28 view .LVU152
ARM GAS  C:\Users\seblo\AppData\Local\Temp\ccokrZSP.s 			page 16


 467 0016 6FEA030E 		mvn	lr, r3
 468              		.loc 1 347 26 view .LVU153
 469 001a 21EA0301 		bic	r1, r1, r3
 470              		.loc 1 347 13 view .LVU154
 471 001e 1160     		str	r1, [r2]
 348:Drivers/STM32F7xx_HAL_Driver/Src/stm32f7xx_hal_exti.c **** 
 349:Drivers/STM32F7xx_HAL_Driver/Src/stm32f7xx_hal_exti.c ****   /* 2] Clear event mode */
 350:Drivers/STM32F7xx_HAL_Driver/Src/stm32f7xx_hal_exti.c ****   EXTI->EMR = (EXTI->EMR & ~maskline);
 472              		.loc 1 350 3 is_stmt 1 view .LVU155
 473              		.loc 1 350 20 is_stmt 0 view .LVU156
 474 0020 5168     		ldr	r1, [r2, #4]
 475              		.loc 1 350 26 view .LVU157
 476 0022 21EA0303 		bic	r3, r1, r3
 477              	.LVL33:
 478              		.loc 1 350 13 view .LVU158
 479 0026 5360     		str	r3, [r2, #4]
 351:Drivers/STM32F7xx_HAL_Driver/Src/stm32f7xx_hal_exti.c **** 
 352:Drivers/STM32F7xx_HAL_Driver/Src/stm32f7xx_hal_exti.c ****   /* 3] Clear triggers in case of configurable lines */
 353:Drivers/STM32F7xx_HAL_Driver/Src/stm32f7xx_hal_exti.c ****   if ((hexti->Line & EXTI_CONFIG) != 0x00u)
 480              		.loc 1 353 3 is_stmt 1 view .LVU159
 481              		.loc 1 353 13 is_stmt 0 view .LVU160
 482 0028 DCF80030 		ldr	r3, [ip]
 483              		.loc 1 353 6 view .LVU161
 484 002c 13F0007F 		tst	r3, #33554432
 485 0030 23D0     		beq	.L36
 354:Drivers/STM32F7xx_HAL_Driver/Src/stm32f7xx_hal_exti.c ****   {
 355:Drivers/STM32F7xx_HAL_Driver/Src/stm32f7xx_hal_exti.c ****     EXTI->RTSR = (EXTI->RTSR & ~maskline);
 486              		.loc 1 355 5 is_stmt 1 view .LVU162
 487              		.loc 1 355 23 is_stmt 0 view .LVU163
 488 0032 9368     		ldr	r3, [r2, #8]
 489              		.loc 1 355 30 view .LVU164
 490 0034 0EEA0303 		and	r3, lr, r3
 491              		.loc 1 355 16 view .LVU165
 492 0038 9360     		str	r3, [r2, #8]
 356:Drivers/STM32F7xx_HAL_Driver/Src/stm32f7xx_hal_exti.c ****     EXTI->FTSR = (EXTI->FTSR & ~maskline);
 493              		.loc 1 356 5 is_stmt 1 view .LVU166
 494              		.loc 1 356 23 is_stmt 0 view .LVU167
 495 003a D368     		ldr	r3, [r2, #12]
 496              		.loc 1 356 30 view .LVU168
 497 003c 0EEA0303 		and	r3, lr, r3
 498              		.loc 1 356 16 view .LVU169
 499 0040 D360     		str	r3, [r2, #12]
 357:Drivers/STM32F7xx_HAL_Driver/Src/stm32f7xx_hal_exti.c **** 
 358:Drivers/STM32F7xx_HAL_Driver/Src/stm32f7xx_hal_exti.c ****     /* Get Gpio port selection for gpio lines */
 359:Drivers/STM32F7xx_HAL_Driver/Src/stm32f7xx_hal_exti.c ****     if ((hexti->Line & EXTI_GPIO) == EXTI_GPIO)
 500              		.loc 1 359 5 is_stmt 1 view .LVU170
 501              		.loc 1 359 15 is_stmt 0 view .LVU171
 502 0042 DCF80030 		ldr	r3, [ip]
 503              		.loc 1 359 22 view .LVU172
 504 0046 03F0C063 		and	r3, r3, #100663296
 505              		.loc 1 359 8 view .LVU173
 506 004a B3F1C06F 		cmp	r3, #100663296
 507 004e 01D0     		beq	.L42
 360:Drivers/STM32F7xx_HAL_Driver/Src/stm32f7xx_hal_exti.c ****     {
 361:Drivers/STM32F7xx_HAL_Driver/Src/stm32f7xx_hal_exti.c ****       assert_param(IS_EXTI_GPIO_PIN(linepos));
 362:Drivers/STM32F7xx_HAL_Driver/Src/stm32f7xx_hal_exti.c **** 
 363:Drivers/STM32F7xx_HAL_Driver/Src/stm32f7xx_hal_exti.c ****       regval = SYSCFG->EXTICR[linepos >> 2u];
ARM GAS  C:\Users\seblo\AppData\Local\Temp\ccokrZSP.s 			page 17


 364:Drivers/STM32F7xx_HAL_Driver/Src/stm32f7xx_hal_exti.c ****       regval &= ~(SYSCFG_EXTICR1_EXTI0 << (SYSCFG_EXTICR1_EXTI1_Pos * (linepos & 0x03u)));
 365:Drivers/STM32F7xx_HAL_Driver/Src/stm32f7xx_hal_exti.c ****       SYSCFG->EXTICR[linepos >> 2u] = regval;
 366:Drivers/STM32F7xx_HAL_Driver/Src/stm32f7xx_hal_exti.c ****     }
 367:Drivers/STM32F7xx_HAL_Driver/Src/stm32f7xx_hal_exti.c ****   }
 368:Drivers/STM32F7xx_HAL_Driver/Src/stm32f7xx_hal_exti.c **** 
 369:Drivers/STM32F7xx_HAL_Driver/Src/stm32f7xx_hal_exti.c ****   return HAL_OK;
 508              		.loc 1 369 10 view .LVU174
 509 0050 0020     		movs	r0, #0
 510              	.LVL34:
 511              		.loc 1 369 10 view .LVU175
 512 0052 13E0     		b	.L34
 513              	.LVL35:
 514              	.L42:
 361:Drivers/STM32F7xx_HAL_Driver/Src/stm32f7xx_hal_exti.c **** 
 515              		.loc 1 361 7 is_stmt 1 view .LVU176
 363:Drivers/STM32F7xx_HAL_Driver/Src/stm32f7xx_hal_exti.c ****       regval &= ~(SYSCFG_EXTICR1_EXTI0 << (SYSCFG_EXTICR1_EXTI1_Pos * (linepos & 0x03u)));
 516              		.loc 1 363 7 view .LVU177
 363:Drivers/STM32F7xx_HAL_Driver/Src/stm32f7xx_hal_exti.c ****       regval &= ~(SYSCFG_EXTICR1_EXTI0 << (SYSCFG_EXTICR1_EXTI1_Pos * (linepos & 0x03u)));
 517              		.loc 1 363 39 is_stmt 0 view .LVU178
 518 0054 8008     		lsrs	r0, r0, #2
 519              	.LVL36:
 363:Drivers/STM32F7xx_HAL_Driver/Src/stm32f7xx_hal_exti.c ****       regval &= ~(SYSCFG_EXTICR1_EXTI0 << (SYSCFG_EXTICR1_EXTI1_Pos * (linepos & 0x03u)));
 520              		.loc 1 363 14 view .LVU179
 521 0056 0B49     		ldr	r1, .L43+4
 522 0058 0230     		adds	r0, r0, #2
 523 005a 51F82030 		ldr	r3, [r1, r0, lsl #2]
 524              	.LVL37:
 364:Drivers/STM32F7xx_HAL_Driver/Src/stm32f7xx_hal_exti.c ****       SYSCFG->EXTICR[linepos >> 2u] = regval;
 525              		.loc 1 364 7 is_stmt 1 view .LVU180
 364:Drivers/STM32F7xx_HAL_Driver/Src/stm32f7xx_hal_exti.c ****       SYSCFG->EXTICR[linepos >> 2u] = regval;
 526              		.loc 1 364 80 is_stmt 0 view .LVU181
 527 005e 04F00304 		and	r4, r4, #3
 528              	.LVL38:
 364:Drivers/STM32F7xx_HAL_Driver/Src/stm32f7xx_hal_exti.c ****       SYSCFG->EXTICR[linepos >> 2u] = regval;
 529              		.loc 1 364 69 view .LVU182
 530 0062 A400     		lsls	r4, r4, #2
 364:Drivers/STM32F7xx_HAL_Driver/Src/stm32f7xx_hal_exti.c ****       SYSCFG->EXTICR[linepos >> 2u] = regval;
 531              		.loc 1 364 40 view .LVU183
 532 0064 0F22     		movs	r2, #15
 533 0066 02FA04F4 		lsl	r4, r2, r4
 364:Drivers/STM32F7xx_HAL_Driver/Src/stm32f7xx_hal_exti.c ****       SYSCFG->EXTICR[linepos >> 2u] = regval;
 534              		.loc 1 364 14 view .LVU184
 535 006a 23EA0404 		bic	r4, r3, r4
 536              	.LVL39:
 365:Drivers/STM32F7xx_HAL_Driver/Src/stm32f7xx_hal_exti.c ****     }
 537              		.loc 1 365 7 is_stmt 1 view .LVU185
 365:Drivers/STM32F7xx_HAL_Driver/Src/stm32f7xx_hal_exti.c ****     }
 538              		.loc 1 365 37 is_stmt 0 view .LVU186
 539 006e 41F82040 		str	r4, [r1, r0, lsl #2]
 540              		.loc 1 369 10 view .LVU187
 541 0072 0020     		movs	r0, #0
 542 0074 02E0     		b	.L34
 543              	.LVL40:
 544              	.L35:
 545              	.LCFI5:
 546              		.cfi_def_cfa_offset 0
 547              		.cfi_restore 4
ARM GAS  C:\Users\seblo\AppData\Local\Temp\ccokrZSP.s 			page 18


 548              		.cfi_restore 14
 336:Drivers/STM32F7xx_HAL_Driver/Src/stm32f7xx_hal_exti.c ****   }
 549              		.loc 1 336 12 view .LVU188
 550 0076 0120     		movs	r0, #1
 551              	.LVL41:
 370:Drivers/STM32F7xx_HAL_Driver/Src/stm32f7xx_hal_exti.c **** }
 552              		.loc 1 370 1 view .LVU189
 553 0078 7047     		bx	lr
 554              	.LVL42:
 555              	.L36:
 556              	.LCFI6:
 557              		.cfi_def_cfa_offset 8
 558              		.cfi_offset 4, -8
 559              		.cfi_offset 14, -4
 369:Drivers/STM32F7xx_HAL_Driver/Src/stm32f7xx_hal_exti.c **** }
 560              		.loc 1 369 10 view .LVU190
 561 007a 0020     		movs	r0, #0
 562              	.LVL43:
 563              	.L34:
 564              		.loc 1 370 1 view .LVU191
 565 007c 10BD     		pop	{r4, pc}
 566              	.L44:
 567 007e 00BF     		.align	2
 568              	.L43:
 569 0080 003C0140 		.word	1073822720
 570 0084 00380140 		.word	1073821696
 571              		.cfi_endproc
 572              	.LFE143:
 574              		.section	.text.HAL_EXTI_RegisterCallback,"ax",%progbits
 575              		.align	1
 576              		.global	HAL_EXTI_RegisterCallback
 577              		.syntax unified
 578              		.thumb
 579              		.thumb_func
 580              		.fpu fpv5-sp-d16
 582              	HAL_EXTI_RegisterCallback:
 583              	.LVL44:
 584              	.LFB144:
 371:Drivers/STM32F7xx_HAL_Driver/Src/stm32f7xx_hal_exti.c **** 
 372:Drivers/STM32F7xx_HAL_Driver/Src/stm32f7xx_hal_exti.c **** /**
 373:Drivers/STM32F7xx_HAL_Driver/Src/stm32f7xx_hal_exti.c ****   * @brief  Register callback for a dedicated Exti line.
 374:Drivers/STM32F7xx_HAL_Driver/Src/stm32f7xx_hal_exti.c ****   * @param  hexti Exti handle.
 375:Drivers/STM32F7xx_HAL_Driver/Src/stm32f7xx_hal_exti.c ****   * @param  CallbackID User callback identifier.
 376:Drivers/STM32F7xx_HAL_Driver/Src/stm32f7xx_hal_exti.c ****   *         This parameter can be one of @arg @ref EXTI_CallbackIDTypeDef values.
 377:Drivers/STM32F7xx_HAL_Driver/Src/stm32f7xx_hal_exti.c ****   * @param  pPendingCbfn function pointer to be stored as callback.
 378:Drivers/STM32F7xx_HAL_Driver/Src/stm32f7xx_hal_exti.c ****   * @retval HAL Status.
 379:Drivers/STM32F7xx_HAL_Driver/Src/stm32f7xx_hal_exti.c ****   */
 380:Drivers/STM32F7xx_HAL_Driver/Src/stm32f7xx_hal_exti.c **** HAL_StatusTypeDef HAL_EXTI_RegisterCallback(EXTI_HandleTypeDef *hexti, EXTI_CallbackIDTypeDef Callb
 381:Drivers/STM32F7xx_HAL_Driver/Src/stm32f7xx_hal_exti.c **** {
 585              		.loc 1 381 1 is_stmt 1 view -0
 586              		.cfi_startproc
 587              		@ args = 0, pretend = 0, frame = 0
 588              		@ frame_needed = 0, uses_anonymous_args = 0
 589              		@ link register save eliminated.
 590              		.loc 1 381 1 is_stmt 0 view .LVU193
 591 0000 0346     		mov	r3, r0
 382:Drivers/STM32F7xx_HAL_Driver/Src/stm32f7xx_hal_exti.c ****   HAL_StatusTypeDef status = HAL_OK;
ARM GAS  C:\Users\seblo\AppData\Local\Temp\ccokrZSP.s 			page 19


 592              		.loc 1 382 3 is_stmt 1 view .LVU194
 593              	.LVL45:
 383:Drivers/STM32F7xx_HAL_Driver/Src/stm32f7xx_hal_exti.c **** 
 384:Drivers/STM32F7xx_HAL_Driver/Src/stm32f7xx_hal_exti.c ****   switch (CallbackID)
 594              		.loc 1 384 3 view .LVU195
 595 0002 0846     		mov	r0, r1
 596              	.LVL46:
 597              		.loc 1 384 3 is_stmt 0 view .LVU196
 598 0004 09B9     		cbnz	r1, .L47
 385:Drivers/STM32F7xx_HAL_Driver/Src/stm32f7xx_hal_exti.c ****   {
 386:Drivers/STM32F7xx_HAL_Driver/Src/stm32f7xx_hal_exti.c ****     case  HAL_EXTI_COMMON_CB_ID:
 387:Drivers/STM32F7xx_HAL_Driver/Src/stm32f7xx_hal_exti.c ****       hexti->PendingCallback = pPendingCbfn;
 599              		.loc 1 387 7 is_stmt 1 view .LVU197
 600              		.loc 1 387 30 is_stmt 0 view .LVU198
 601 0006 5A60     		str	r2, [r3, #4]
 388:Drivers/STM32F7xx_HAL_Driver/Src/stm32f7xx_hal_exti.c ****       break;
 602              		.loc 1 388 7 is_stmt 1 view .LVU199
 603 0008 7047     		bx	lr
 604              	.L47:
 389:Drivers/STM32F7xx_HAL_Driver/Src/stm32f7xx_hal_exti.c **** 
 390:Drivers/STM32F7xx_HAL_Driver/Src/stm32f7xx_hal_exti.c ****     default:
 391:Drivers/STM32F7xx_HAL_Driver/Src/stm32f7xx_hal_exti.c ****       status = HAL_ERROR;
 605              		.loc 1 391 14 is_stmt 0 view .LVU200
 606 000a 0120     		movs	r0, #1
 607              	.LVL47:
 392:Drivers/STM32F7xx_HAL_Driver/Src/stm32f7xx_hal_exti.c ****       break;
 393:Drivers/STM32F7xx_HAL_Driver/Src/stm32f7xx_hal_exti.c ****   }
 394:Drivers/STM32F7xx_HAL_Driver/Src/stm32f7xx_hal_exti.c **** 
 395:Drivers/STM32F7xx_HAL_Driver/Src/stm32f7xx_hal_exti.c ****   return status;
 608              		.loc 1 395 3 is_stmt 1 view .LVU201
 396:Drivers/STM32F7xx_HAL_Driver/Src/stm32f7xx_hal_exti.c **** }
 609              		.loc 1 396 1 is_stmt 0 view .LVU202
 610 000c 7047     		bx	lr
 611              		.cfi_endproc
 612              	.LFE144:
 614              		.section	.text.HAL_EXTI_GetHandle,"ax",%progbits
 615              		.align	1
 616              		.global	HAL_EXTI_GetHandle
 617              		.syntax unified
 618              		.thumb
 619              		.thumb_func
 620              		.fpu fpv5-sp-d16
 622              	HAL_EXTI_GetHandle:
 623              	.LVL48:
 624              	.LFB145:
 397:Drivers/STM32F7xx_HAL_Driver/Src/stm32f7xx_hal_exti.c **** 
 398:Drivers/STM32F7xx_HAL_Driver/Src/stm32f7xx_hal_exti.c **** /**
 399:Drivers/STM32F7xx_HAL_Driver/Src/stm32f7xx_hal_exti.c ****   * @brief  Store line number as handle private field.
 400:Drivers/STM32F7xx_HAL_Driver/Src/stm32f7xx_hal_exti.c ****   * @param  hexti Exti handle.
 401:Drivers/STM32F7xx_HAL_Driver/Src/stm32f7xx_hal_exti.c ****   * @param  ExtiLine Exti line number.
 402:Drivers/STM32F7xx_HAL_Driver/Src/stm32f7xx_hal_exti.c ****   *         This parameter can be from 0 to @ref EXTI_LINE_NB.
 403:Drivers/STM32F7xx_HAL_Driver/Src/stm32f7xx_hal_exti.c ****   * @retval HAL Status.
 404:Drivers/STM32F7xx_HAL_Driver/Src/stm32f7xx_hal_exti.c ****   */
 405:Drivers/STM32F7xx_HAL_Driver/Src/stm32f7xx_hal_exti.c **** HAL_StatusTypeDef HAL_EXTI_GetHandle(EXTI_HandleTypeDef *hexti, uint32_t ExtiLine)
 406:Drivers/STM32F7xx_HAL_Driver/Src/stm32f7xx_hal_exti.c **** {
 625              		.loc 1 406 1 is_stmt 1 view -0
 626              		.cfi_startproc
ARM GAS  C:\Users\seblo\AppData\Local\Temp\ccokrZSP.s 			page 20


 627              		@ args = 0, pretend = 0, frame = 0
 628              		@ frame_needed = 0, uses_anonymous_args = 0
 629              		@ link register save eliminated.
 407:Drivers/STM32F7xx_HAL_Driver/Src/stm32f7xx_hal_exti.c ****   /* Check the parameters */
 408:Drivers/STM32F7xx_HAL_Driver/Src/stm32f7xx_hal_exti.c ****   assert_param(IS_EXTI_LINE(ExtiLine));
 630              		.loc 1 408 3 view .LVU204
 409:Drivers/STM32F7xx_HAL_Driver/Src/stm32f7xx_hal_exti.c **** 
 410:Drivers/STM32F7xx_HAL_Driver/Src/stm32f7xx_hal_exti.c ****   /* Check null pointer */
 411:Drivers/STM32F7xx_HAL_Driver/Src/stm32f7xx_hal_exti.c ****   if (hexti == NULL)
 631              		.loc 1 411 3 view .LVU205
 632              		.loc 1 411 6 is_stmt 0 view .LVU206
 633 0000 10B1     		cbz	r0, .L50
 412:Drivers/STM32F7xx_HAL_Driver/Src/stm32f7xx_hal_exti.c ****   {
 413:Drivers/STM32F7xx_HAL_Driver/Src/stm32f7xx_hal_exti.c ****     return HAL_ERROR;
 414:Drivers/STM32F7xx_HAL_Driver/Src/stm32f7xx_hal_exti.c ****   }
 415:Drivers/STM32F7xx_HAL_Driver/Src/stm32f7xx_hal_exti.c ****   else
 416:Drivers/STM32F7xx_HAL_Driver/Src/stm32f7xx_hal_exti.c ****   {
 417:Drivers/STM32F7xx_HAL_Driver/Src/stm32f7xx_hal_exti.c ****     /* Store line number as handle private field */
 418:Drivers/STM32F7xx_HAL_Driver/Src/stm32f7xx_hal_exti.c ****     hexti->Line = ExtiLine;
 634              		.loc 1 418 5 is_stmt 1 view .LVU207
 635              		.loc 1 418 17 is_stmt 0 view .LVU208
 636 0002 0160     		str	r1, [r0]
 419:Drivers/STM32F7xx_HAL_Driver/Src/stm32f7xx_hal_exti.c **** 
 420:Drivers/STM32F7xx_HAL_Driver/Src/stm32f7xx_hal_exti.c ****     return HAL_OK;
 637              		.loc 1 420 5 is_stmt 1 view .LVU209
 638              		.loc 1 420 12 is_stmt 0 view .LVU210
 639 0004 0020     		movs	r0, #0
 640              	.LVL49:
 641              		.loc 1 420 12 view .LVU211
 642 0006 7047     		bx	lr
 643              	.LVL50:
 644              	.L50:
 413:Drivers/STM32F7xx_HAL_Driver/Src/stm32f7xx_hal_exti.c ****   }
 645              		.loc 1 413 12 view .LVU212
 646 0008 0120     		movs	r0, #1
 647              	.LVL51:
 421:Drivers/STM32F7xx_HAL_Driver/Src/stm32f7xx_hal_exti.c ****   }
 422:Drivers/STM32F7xx_HAL_Driver/Src/stm32f7xx_hal_exti.c **** }
 648              		.loc 1 422 1 view .LVU213
 649 000a 7047     		bx	lr
 650              		.cfi_endproc
 651              	.LFE145:
 653              		.section	.text.HAL_EXTI_IRQHandler,"ax",%progbits
 654              		.align	1
 655              		.global	HAL_EXTI_IRQHandler
 656              		.syntax unified
 657              		.thumb
 658              		.thumb_func
 659              		.fpu fpv5-sp-d16
 661              	HAL_EXTI_IRQHandler:
 662              	.LVL52:
 663              	.LFB146:
 423:Drivers/STM32F7xx_HAL_Driver/Src/stm32f7xx_hal_exti.c **** 
 424:Drivers/STM32F7xx_HAL_Driver/Src/stm32f7xx_hal_exti.c **** /**
 425:Drivers/STM32F7xx_HAL_Driver/Src/stm32f7xx_hal_exti.c ****   * @}
 426:Drivers/STM32F7xx_HAL_Driver/Src/stm32f7xx_hal_exti.c ****   */
 427:Drivers/STM32F7xx_HAL_Driver/Src/stm32f7xx_hal_exti.c **** 
ARM GAS  C:\Users\seblo\AppData\Local\Temp\ccokrZSP.s 			page 21


 428:Drivers/STM32F7xx_HAL_Driver/Src/stm32f7xx_hal_exti.c **** /** @addtogroup EXTI_Exported_Functions_Group2
 429:Drivers/STM32F7xx_HAL_Driver/Src/stm32f7xx_hal_exti.c ****   *  @brief EXTI IO functions.
 430:Drivers/STM32F7xx_HAL_Driver/Src/stm32f7xx_hal_exti.c ****   *
 431:Drivers/STM32F7xx_HAL_Driver/Src/stm32f7xx_hal_exti.c **** @verbatim
 432:Drivers/STM32F7xx_HAL_Driver/Src/stm32f7xx_hal_exti.c ****  ===============================================================================
 433:Drivers/STM32F7xx_HAL_Driver/Src/stm32f7xx_hal_exti.c ****                        ##### IO operation functions #####
 434:Drivers/STM32F7xx_HAL_Driver/Src/stm32f7xx_hal_exti.c ****  ===============================================================================
 435:Drivers/STM32F7xx_HAL_Driver/Src/stm32f7xx_hal_exti.c **** 
 436:Drivers/STM32F7xx_HAL_Driver/Src/stm32f7xx_hal_exti.c **** @endverbatim
 437:Drivers/STM32F7xx_HAL_Driver/Src/stm32f7xx_hal_exti.c ****   * @{
 438:Drivers/STM32F7xx_HAL_Driver/Src/stm32f7xx_hal_exti.c ****   */
 439:Drivers/STM32F7xx_HAL_Driver/Src/stm32f7xx_hal_exti.c **** 
 440:Drivers/STM32F7xx_HAL_Driver/Src/stm32f7xx_hal_exti.c **** /**
 441:Drivers/STM32F7xx_HAL_Driver/Src/stm32f7xx_hal_exti.c ****   * @brief  Handle EXTI interrupt request.
 442:Drivers/STM32F7xx_HAL_Driver/Src/stm32f7xx_hal_exti.c ****   * @param  hexti Exti handle.
 443:Drivers/STM32F7xx_HAL_Driver/Src/stm32f7xx_hal_exti.c ****   * @retval none.
 444:Drivers/STM32F7xx_HAL_Driver/Src/stm32f7xx_hal_exti.c ****   */
 445:Drivers/STM32F7xx_HAL_Driver/Src/stm32f7xx_hal_exti.c **** void HAL_EXTI_IRQHandler(EXTI_HandleTypeDef *hexti)
 446:Drivers/STM32F7xx_HAL_Driver/Src/stm32f7xx_hal_exti.c **** {
 664              		.loc 1 446 1 is_stmt 1 view -0
 665              		.cfi_startproc
 666              		@ args = 0, pretend = 0, frame = 0
 667              		@ frame_needed = 0, uses_anonymous_args = 0
 668              		.loc 1 446 1 is_stmt 0 view .LVU215
 669 0000 08B5     		push	{r3, lr}
 670              	.LCFI7:
 671              		.cfi_def_cfa_offset 8
 672              		.cfi_offset 3, -8
 673              		.cfi_offset 14, -4
 447:Drivers/STM32F7xx_HAL_Driver/Src/stm32f7xx_hal_exti.c ****   uint32_t regval;
 674              		.loc 1 447 3 is_stmt 1 view .LVU216
 448:Drivers/STM32F7xx_HAL_Driver/Src/stm32f7xx_hal_exti.c ****   uint32_t maskline;
 675              		.loc 1 448 3 view .LVU217
 449:Drivers/STM32F7xx_HAL_Driver/Src/stm32f7xx_hal_exti.c **** 
 450:Drivers/STM32F7xx_HAL_Driver/Src/stm32f7xx_hal_exti.c ****   /* Compute line mask */
 451:Drivers/STM32F7xx_HAL_Driver/Src/stm32f7xx_hal_exti.c ****   maskline = (1uL << (hexti->Line & EXTI_PIN_MASK));
 676              		.loc 1 451 3 view .LVU218
 677              		.loc 1 451 28 is_stmt 0 view .LVU219
 678 0002 0368     		ldr	r3, [r0]
 679              		.loc 1 451 35 view .LVU220
 680 0004 03F01F02 		and	r2, r3, #31
 681              		.loc 1 451 12 view .LVU221
 682 0008 0123     		movs	r3, #1
 683 000a 9340     		lsls	r3, r3, r2
 684              	.LVL53:
 452:Drivers/STM32F7xx_HAL_Driver/Src/stm32f7xx_hal_exti.c **** 
 453:Drivers/STM32F7xx_HAL_Driver/Src/stm32f7xx_hal_exti.c ****   /* Get pending bit  */
 454:Drivers/STM32F7xx_HAL_Driver/Src/stm32f7xx_hal_exti.c ****   regval = (EXTI->PR & maskline);
 685              		.loc 1 454 3 is_stmt 1 view .LVU222
 686              		.loc 1 454 17 is_stmt 0 view .LVU223
 687 000c 044A     		ldr	r2, .L54
 688 000e 5269     		ldr	r2, [r2, #20]
 689              	.LVL54:
 455:Drivers/STM32F7xx_HAL_Driver/Src/stm32f7xx_hal_exti.c ****   if (regval != 0x00u)
 690              		.loc 1 455 3 is_stmt 1 view .LVU224
 691              		.loc 1 455 6 is_stmt 0 view .LVU225
 692 0010 1A42     		tst	r2, r3
ARM GAS  C:\Users\seblo\AppData\Local\Temp\ccokrZSP.s 			page 22


 693 0012 04D0     		beq	.L51
 456:Drivers/STM32F7xx_HAL_Driver/Src/stm32f7xx_hal_exti.c ****   {
 457:Drivers/STM32F7xx_HAL_Driver/Src/stm32f7xx_hal_exti.c ****     /* Clear pending bit */
 458:Drivers/STM32F7xx_HAL_Driver/Src/stm32f7xx_hal_exti.c ****     EXTI->PR = maskline;
 694              		.loc 1 458 5 is_stmt 1 view .LVU226
 695              		.loc 1 458 14 is_stmt 0 view .LVU227
 696 0014 024A     		ldr	r2, .L54
 697              	.LVL55:
 698              		.loc 1 458 14 view .LVU228
 699 0016 5361     		str	r3, [r2, #20]
 459:Drivers/STM32F7xx_HAL_Driver/Src/stm32f7xx_hal_exti.c **** 
 460:Drivers/STM32F7xx_HAL_Driver/Src/stm32f7xx_hal_exti.c ****     /* Call callback */
 461:Drivers/STM32F7xx_HAL_Driver/Src/stm32f7xx_hal_exti.c ****     if (hexti->PendingCallback != NULL)
 700              		.loc 1 461 5 is_stmt 1 view .LVU229
 701              		.loc 1 461 14 is_stmt 0 view .LVU230
 702 0018 4368     		ldr	r3, [r0, #4]
 703              	.LVL56:
 704              		.loc 1 461 8 view .LVU231
 705 001a 03B1     		cbz	r3, .L51
 462:Drivers/STM32F7xx_HAL_Driver/Src/stm32f7xx_hal_exti.c ****     {
 463:Drivers/STM32F7xx_HAL_Driver/Src/stm32f7xx_hal_exti.c ****       hexti->PendingCallback();
 706              		.loc 1 463 7 is_stmt 1 view .LVU232
 707 001c 9847     		blx	r3
 708              	.LVL57:
 709              	.L51:
 464:Drivers/STM32F7xx_HAL_Driver/Src/stm32f7xx_hal_exti.c ****     }
 465:Drivers/STM32F7xx_HAL_Driver/Src/stm32f7xx_hal_exti.c ****   }
 466:Drivers/STM32F7xx_HAL_Driver/Src/stm32f7xx_hal_exti.c **** }
 710              		.loc 1 466 1 is_stmt 0 view .LVU233
 711 001e 08BD     		pop	{r3, pc}
 712              	.L55:
 713              		.align	2
 714              	.L54:
 715 0020 003C0140 		.word	1073822720
 716              		.cfi_endproc
 717              	.LFE146:
 719              		.section	.text.HAL_EXTI_GetPending,"ax",%progbits
 720              		.align	1
 721              		.global	HAL_EXTI_GetPending
 722              		.syntax unified
 723              		.thumb
 724              		.thumb_func
 725              		.fpu fpv5-sp-d16
 727              	HAL_EXTI_GetPending:
 728              	.LVL58:
 729              	.LFB147:
 467:Drivers/STM32F7xx_HAL_Driver/Src/stm32f7xx_hal_exti.c **** 
 468:Drivers/STM32F7xx_HAL_Driver/Src/stm32f7xx_hal_exti.c **** /**
 469:Drivers/STM32F7xx_HAL_Driver/Src/stm32f7xx_hal_exti.c ****   * @brief  Get interrupt pending bit of a dedicated line.
 470:Drivers/STM32F7xx_HAL_Driver/Src/stm32f7xx_hal_exti.c ****   * @param  hexti Exti handle.
 471:Drivers/STM32F7xx_HAL_Driver/Src/stm32f7xx_hal_exti.c ****   * @param  Edge Specify which pending edge as to be checked.
 472:Drivers/STM32F7xx_HAL_Driver/Src/stm32f7xx_hal_exti.c ****   *         This parameter can be one of the following values:
 473:Drivers/STM32F7xx_HAL_Driver/Src/stm32f7xx_hal_exti.c ****   *           @arg @ref EXTI_TRIGGER_RISING_FALLING
 474:Drivers/STM32F7xx_HAL_Driver/Src/stm32f7xx_hal_exti.c ****   *         This parameter is kept for compatibility with other series.
 475:Drivers/STM32F7xx_HAL_Driver/Src/stm32f7xx_hal_exti.c ****   * @retval 1 if interrupt is pending else 0.
 476:Drivers/STM32F7xx_HAL_Driver/Src/stm32f7xx_hal_exti.c ****   */
 477:Drivers/STM32F7xx_HAL_Driver/Src/stm32f7xx_hal_exti.c **** uint32_t HAL_EXTI_GetPending(EXTI_HandleTypeDef *hexti, uint32_t Edge)
ARM GAS  C:\Users\seblo\AppData\Local\Temp\ccokrZSP.s 			page 23


 478:Drivers/STM32F7xx_HAL_Driver/Src/stm32f7xx_hal_exti.c **** {
 730              		.loc 1 478 1 is_stmt 1 view -0
 731              		.cfi_startproc
 732              		@ args = 0, pretend = 0, frame = 0
 733              		@ frame_needed = 0, uses_anonymous_args = 0
 734              		@ link register save eliminated.
 479:Drivers/STM32F7xx_HAL_Driver/Src/stm32f7xx_hal_exti.c ****   uint32_t regval;
 735              		.loc 1 479 3 view .LVU235
 480:Drivers/STM32F7xx_HAL_Driver/Src/stm32f7xx_hal_exti.c ****   uint32_t linepos;
 736              		.loc 1 480 3 view .LVU236
 481:Drivers/STM32F7xx_HAL_Driver/Src/stm32f7xx_hal_exti.c ****   uint32_t maskline;
 737              		.loc 1 481 3 view .LVU237
 482:Drivers/STM32F7xx_HAL_Driver/Src/stm32f7xx_hal_exti.c **** 
 483:Drivers/STM32F7xx_HAL_Driver/Src/stm32f7xx_hal_exti.c ****   /* Check parameters */
 484:Drivers/STM32F7xx_HAL_Driver/Src/stm32f7xx_hal_exti.c ****   assert_param(IS_EXTI_LINE(hexti->Line));
 738              		.loc 1 484 3 view .LVU238
 485:Drivers/STM32F7xx_HAL_Driver/Src/stm32f7xx_hal_exti.c ****   assert_param(IS_EXTI_CONFIG_LINE(hexti->Line));
 739              		.loc 1 485 3 view .LVU239
 486:Drivers/STM32F7xx_HAL_Driver/Src/stm32f7xx_hal_exti.c ****   assert_param(IS_EXTI_PENDING_EDGE(Edge));
 740              		.loc 1 486 3 view .LVU240
 487:Drivers/STM32F7xx_HAL_Driver/Src/stm32f7xx_hal_exti.c **** 
 488:Drivers/STM32F7xx_HAL_Driver/Src/stm32f7xx_hal_exti.c ****   /* Compute line mask */
 489:Drivers/STM32F7xx_HAL_Driver/Src/stm32f7xx_hal_exti.c ****   linepos = (hexti->Line & EXTI_PIN_MASK);
 741              		.loc 1 489 3 view .LVU241
 742              		.loc 1 489 19 is_stmt 0 view .LVU242
 743 0000 0368     		ldr	r3, [r0]
 744              		.loc 1 489 11 view .LVU243
 745 0002 03F01F03 		and	r3, r3, #31
 746              	.LVL59:
 490:Drivers/STM32F7xx_HAL_Driver/Src/stm32f7xx_hal_exti.c ****   maskline = (1uL << linepos);
 747              		.loc 1 490 3 is_stmt 1 view .LVU244
 748              		.loc 1 490 12 is_stmt 0 view .LVU245
 749 0006 0120     		movs	r0, #1
 750              	.LVL60:
 751              		.loc 1 490 12 view .LVU246
 752 0008 00FA03F2 		lsl	r2, r0, r3
 753              	.LVL61:
 491:Drivers/STM32F7xx_HAL_Driver/Src/stm32f7xx_hal_exti.c **** 
 492:Drivers/STM32F7xx_HAL_Driver/Src/stm32f7xx_hal_exti.c ****   /* return 1 if bit is set else 0 */
 493:Drivers/STM32F7xx_HAL_Driver/Src/stm32f7xx_hal_exti.c ****   regval = ((EXTI->PR & maskline) >> linepos);
 754              		.loc 1 493 3 is_stmt 1 view .LVU247
 755              		.loc 1 493 18 is_stmt 0 view .LVU248
 756 000c 0249     		ldr	r1, .L57
 757              	.LVL62:
 758              		.loc 1 493 18 view .LVU249
 759 000e 4869     		ldr	r0, [r1, #20]
 760              		.loc 1 493 23 view .LVU250
 761 0010 1040     		ands	r0, r0, r2
 762              	.LVL63:
 494:Drivers/STM32F7xx_HAL_Driver/Src/stm32f7xx_hal_exti.c ****   return regval;
 763              		.loc 1 494 3 is_stmt 1 view .LVU251
 495:Drivers/STM32F7xx_HAL_Driver/Src/stm32f7xx_hal_exti.c **** }
 764              		.loc 1 495 1 is_stmt 0 view .LVU252
 765 0012 D840     		lsrs	r0, r0, r3
 766              	.LVL64:
 767              		.loc 1 495 1 view .LVU253
 768 0014 7047     		bx	lr
ARM GAS  C:\Users\seblo\AppData\Local\Temp\ccokrZSP.s 			page 24


 769              	.L58:
 770 0016 00BF     		.align	2
 771              	.L57:
 772 0018 003C0140 		.word	1073822720
 773              		.cfi_endproc
 774              	.LFE147:
 776              		.section	.text.HAL_EXTI_ClearPending,"ax",%progbits
 777              		.align	1
 778              		.global	HAL_EXTI_ClearPending
 779              		.syntax unified
 780              		.thumb
 781              		.thumb_func
 782              		.fpu fpv5-sp-d16
 784              	HAL_EXTI_ClearPending:
 785              	.LVL65:
 786              	.LFB148:
 496:Drivers/STM32F7xx_HAL_Driver/Src/stm32f7xx_hal_exti.c **** 
 497:Drivers/STM32F7xx_HAL_Driver/Src/stm32f7xx_hal_exti.c **** /**
 498:Drivers/STM32F7xx_HAL_Driver/Src/stm32f7xx_hal_exti.c ****   * @brief  Clear interrupt pending bit of a dedicated line.
 499:Drivers/STM32F7xx_HAL_Driver/Src/stm32f7xx_hal_exti.c ****   * @param  hexti Exti handle.
 500:Drivers/STM32F7xx_HAL_Driver/Src/stm32f7xx_hal_exti.c ****   * @param  Edge Specify which pending edge as to be clear.
 501:Drivers/STM32F7xx_HAL_Driver/Src/stm32f7xx_hal_exti.c ****   *         This parameter can be one of the following values:
 502:Drivers/STM32F7xx_HAL_Driver/Src/stm32f7xx_hal_exti.c ****   *           @arg @ref EXTI_TRIGGER_RISING_FALLING
 503:Drivers/STM32F7xx_HAL_Driver/Src/stm32f7xx_hal_exti.c ****   *         This parameter is kept for compatibility with other series.
 504:Drivers/STM32F7xx_HAL_Driver/Src/stm32f7xx_hal_exti.c ****   * @retval None.
 505:Drivers/STM32F7xx_HAL_Driver/Src/stm32f7xx_hal_exti.c ****   */
 506:Drivers/STM32F7xx_HAL_Driver/Src/stm32f7xx_hal_exti.c **** void HAL_EXTI_ClearPending(EXTI_HandleTypeDef *hexti, uint32_t Edge)
 507:Drivers/STM32F7xx_HAL_Driver/Src/stm32f7xx_hal_exti.c **** {
 787              		.loc 1 507 1 is_stmt 1 view -0
 788              		.cfi_startproc
 789              		@ args = 0, pretend = 0, frame = 0
 790              		@ frame_needed = 0, uses_anonymous_args = 0
 791              		@ link register save eliminated.
 508:Drivers/STM32F7xx_HAL_Driver/Src/stm32f7xx_hal_exti.c ****   uint32_t maskline;
 792              		.loc 1 508 3 view .LVU255
 509:Drivers/STM32F7xx_HAL_Driver/Src/stm32f7xx_hal_exti.c **** 
 510:Drivers/STM32F7xx_HAL_Driver/Src/stm32f7xx_hal_exti.c ****   /* Check parameters */
 511:Drivers/STM32F7xx_HAL_Driver/Src/stm32f7xx_hal_exti.c ****   assert_param(IS_EXTI_LINE(hexti->Line));
 793              		.loc 1 511 3 view .LVU256
 512:Drivers/STM32F7xx_HAL_Driver/Src/stm32f7xx_hal_exti.c ****   assert_param(IS_EXTI_CONFIG_LINE(hexti->Line));
 794              		.loc 1 512 3 view .LVU257
 513:Drivers/STM32F7xx_HAL_Driver/Src/stm32f7xx_hal_exti.c ****   assert_param(IS_EXTI_PENDING_EDGE(Edge));
 795              		.loc 1 513 3 view .LVU258
 514:Drivers/STM32F7xx_HAL_Driver/Src/stm32f7xx_hal_exti.c **** 
 515:Drivers/STM32F7xx_HAL_Driver/Src/stm32f7xx_hal_exti.c ****   /* Compute line mask */
 516:Drivers/STM32F7xx_HAL_Driver/Src/stm32f7xx_hal_exti.c ****   maskline = (1uL << (hexti->Line & EXTI_PIN_MASK));
 796              		.loc 1 516 3 view .LVU259
 797              		.loc 1 516 28 is_stmt 0 view .LVU260
 798 0000 0268     		ldr	r2, [r0]
 799              		.loc 1 516 35 view .LVU261
 800 0002 02F01F02 		and	r2, r2, #31
 801              		.loc 1 516 12 view .LVU262
 802 0006 0123     		movs	r3, #1
 803 0008 9340     		lsls	r3, r3, r2
 804              	.LVL66:
 517:Drivers/STM32F7xx_HAL_Driver/Src/stm32f7xx_hal_exti.c **** 
 518:Drivers/STM32F7xx_HAL_Driver/Src/stm32f7xx_hal_exti.c ****   /* Clear Pending bit */
ARM GAS  C:\Users\seblo\AppData\Local\Temp\ccokrZSP.s 			page 25


 519:Drivers/STM32F7xx_HAL_Driver/Src/stm32f7xx_hal_exti.c ****   EXTI->PR =  maskline;
 805              		.loc 1 519 3 is_stmt 1 view .LVU263
 806              		.loc 1 519 12 is_stmt 0 view .LVU264
 807 000a 014A     		ldr	r2, .L60
 808 000c 5361     		str	r3, [r2, #20]
 520:Drivers/STM32F7xx_HAL_Driver/Src/stm32f7xx_hal_exti.c **** }
 809              		.loc 1 520 1 view .LVU265
 810 000e 7047     		bx	lr
 811              	.L61:
 812              		.align	2
 813              	.L60:
 814 0010 003C0140 		.word	1073822720
 815              		.cfi_endproc
 816              	.LFE148:
 818              		.section	.text.HAL_EXTI_GenerateSWI,"ax",%progbits
 819              		.align	1
 820              		.global	HAL_EXTI_GenerateSWI
 821              		.syntax unified
 822              		.thumb
 823              		.thumb_func
 824              		.fpu fpv5-sp-d16
 826              	HAL_EXTI_GenerateSWI:
 827              	.LVL67:
 828              	.LFB149:
 521:Drivers/STM32F7xx_HAL_Driver/Src/stm32f7xx_hal_exti.c **** 
 522:Drivers/STM32F7xx_HAL_Driver/Src/stm32f7xx_hal_exti.c **** /**
 523:Drivers/STM32F7xx_HAL_Driver/Src/stm32f7xx_hal_exti.c ****   * @brief  Generate a software interrupt for a dedicated line.
 524:Drivers/STM32F7xx_HAL_Driver/Src/stm32f7xx_hal_exti.c ****   * @param  hexti Exti handle.
 525:Drivers/STM32F7xx_HAL_Driver/Src/stm32f7xx_hal_exti.c ****   * @retval None.
 526:Drivers/STM32F7xx_HAL_Driver/Src/stm32f7xx_hal_exti.c ****   */
 527:Drivers/STM32F7xx_HAL_Driver/Src/stm32f7xx_hal_exti.c **** void HAL_EXTI_GenerateSWI(EXTI_HandleTypeDef *hexti)
 528:Drivers/STM32F7xx_HAL_Driver/Src/stm32f7xx_hal_exti.c **** {
 829              		.loc 1 528 1 is_stmt 1 view -0
 830              		.cfi_startproc
 831              		@ args = 0, pretend = 0, frame = 0
 832              		@ frame_needed = 0, uses_anonymous_args = 0
 833              		@ link register save eliminated.
 529:Drivers/STM32F7xx_HAL_Driver/Src/stm32f7xx_hal_exti.c ****   uint32_t maskline;
 834              		.loc 1 529 3 view .LVU267
 530:Drivers/STM32F7xx_HAL_Driver/Src/stm32f7xx_hal_exti.c **** 
 531:Drivers/STM32F7xx_HAL_Driver/Src/stm32f7xx_hal_exti.c ****   /* Check parameters */
 532:Drivers/STM32F7xx_HAL_Driver/Src/stm32f7xx_hal_exti.c ****   assert_param(IS_EXTI_LINE(hexti->Line));
 835              		.loc 1 532 3 view .LVU268
 533:Drivers/STM32F7xx_HAL_Driver/Src/stm32f7xx_hal_exti.c ****   assert_param(IS_EXTI_CONFIG_LINE(hexti->Line));
 836              		.loc 1 533 3 view .LVU269
 534:Drivers/STM32F7xx_HAL_Driver/Src/stm32f7xx_hal_exti.c **** 
 535:Drivers/STM32F7xx_HAL_Driver/Src/stm32f7xx_hal_exti.c ****   /* Compute line mask */
 536:Drivers/STM32F7xx_HAL_Driver/Src/stm32f7xx_hal_exti.c ****   maskline = (1uL << (hexti->Line & EXTI_PIN_MASK));
 837              		.loc 1 536 3 view .LVU270
 838              		.loc 1 536 28 is_stmt 0 view .LVU271
 839 0000 0268     		ldr	r2, [r0]
 840              		.loc 1 536 35 view .LVU272
 841 0002 02F01F02 		and	r2, r2, #31
 842              		.loc 1 536 12 view .LVU273
 843 0006 0123     		movs	r3, #1
 844 0008 9340     		lsls	r3, r3, r2
 845              	.LVL68:
ARM GAS  C:\Users\seblo\AppData\Local\Temp\ccokrZSP.s 			page 26


 537:Drivers/STM32F7xx_HAL_Driver/Src/stm32f7xx_hal_exti.c **** 
 538:Drivers/STM32F7xx_HAL_Driver/Src/stm32f7xx_hal_exti.c ****   /* Generate Software interrupt */
 539:Drivers/STM32F7xx_HAL_Driver/Src/stm32f7xx_hal_exti.c ****   EXTI->SWIER = maskline;
 846              		.loc 1 539 3 is_stmt 1 view .LVU274
 847              		.loc 1 539 15 is_stmt 0 view .LVU275
 848 000a 014A     		ldr	r2, .L63
 849 000c 1361     		str	r3, [r2, #16]
 540:Drivers/STM32F7xx_HAL_Driver/Src/stm32f7xx_hal_exti.c **** }
 850              		.loc 1 540 1 view .LVU276
 851 000e 7047     		bx	lr
 852              	.L64:
 853              		.align	2
 854              	.L63:
 855 0010 003C0140 		.word	1073822720
 856              		.cfi_endproc
 857              	.LFE149:
 859              		.text
 860              	.Letext0:
 861              		.file 2 "c:\\program files (x86)\\gnu arm embedded toolchain\\10 2020-q4-major\\arm-none-eabi\\inc
 862              		.file 3 "c:\\program files (x86)\\gnu arm embedded toolchain\\10 2020-q4-major\\arm-none-eabi\\inc
 863              		.file 4 "Drivers/CMSIS/Device/ST/STM32F7xx/Include/stm32f746xx.h"
 864              		.file 5 "Drivers/STM32F7xx_HAL_Driver/Inc/stm32f7xx_hal_def.h"
 865              		.file 6 "Drivers/STM32F7xx_HAL_Driver/Inc/stm32f7xx_hal_exti.h"
ARM GAS  C:\Users\seblo\AppData\Local\Temp\ccokrZSP.s 			page 27


DEFINED SYMBOLS
                            *ABS*:00000000 stm32f7xx_hal_exti.c
C:\Users\seblo\AppData\Local\Temp\ccokrZSP.s:18     .text.HAL_EXTI_SetConfigLine:00000000 $t
C:\Users\seblo\AppData\Local\Temp\ccokrZSP.s:26     .text.HAL_EXTI_SetConfigLine:00000000 HAL_EXTI_SetConfigLine
C:\Users\seblo\AppData\Local\Temp\ccokrZSP.s:240    .text.HAL_EXTI_SetConfigLine:000000cc $d
C:\Users\seblo\AppData\Local\Temp\ccokrZSP.s:246    .text.HAL_EXTI_GetConfigLine:00000000 $t
C:\Users\seblo\AppData\Local\Temp\ccokrZSP.s:253    .text.HAL_EXTI_GetConfigLine:00000000 HAL_EXTI_GetConfigLine
C:\Users\seblo\AppData\Local\Temp\ccokrZSP.s:416    .text.HAL_EXTI_GetConfigLine:000000a0 $d
C:\Users\seblo\AppData\Local\Temp\ccokrZSP.s:422    .text.HAL_EXTI_ClearConfigLine:00000000 $t
C:\Users\seblo\AppData\Local\Temp\ccokrZSP.s:429    .text.HAL_EXTI_ClearConfigLine:00000000 HAL_EXTI_ClearConfigLine
C:\Users\seblo\AppData\Local\Temp\ccokrZSP.s:569    .text.HAL_EXTI_ClearConfigLine:00000080 $d
C:\Users\seblo\AppData\Local\Temp\ccokrZSP.s:575    .text.HAL_EXTI_RegisterCallback:00000000 $t
C:\Users\seblo\AppData\Local\Temp\ccokrZSP.s:582    .text.HAL_EXTI_RegisterCallback:00000000 HAL_EXTI_RegisterCallback
C:\Users\seblo\AppData\Local\Temp\ccokrZSP.s:615    .text.HAL_EXTI_GetHandle:00000000 $t
C:\Users\seblo\AppData\Local\Temp\ccokrZSP.s:622    .text.HAL_EXTI_GetHandle:00000000 HAL_EXTI_GetHandle
C:\Users\seblo\AppData\Local\Temp\ccokrZSP.s:654    .text.HAL_EXTI_IRQHandler:00000000 $t
C:\Users\seblo\AppData\Local\Temp\ccokrZSP.s:661    .text.HAL_EXTI_IRQHandler:00000000 HAL_EXTI_IRQHandler
C:\Users\seblo\AppData\Local\Temp\ccokrZSP.s:715    .text.HAL_EXTI_IRQHandler:00000020 $d
C:\Users\seblo\AppData\Local\Temp\ccokrZSP.s:720    .text.HAL_EXTI_GetPending:00000000 $t
C:\Users\seblo\AppData\Local\Temp\ccokrZSP.s:727    .text.HAL_EXTI_GetPending:00000000 HAL_EXTI_GetPending
C:\Users\seblo\AppData\Local\Temp\ccokrZSP.s:772    .text.HAL_EXTI_GetPending:00000018 $d
C:\Users\seblo\AppData\Local\Temp\ccokrZSP.s:777    .text.HAL_EXTI_ClearPending:00000000 $t
C:\Users\seblo\AppData\Local\Temp\ccokrZSP.s:784    .text.HAL_EXTI_ClearPending:00000000 HAL_EXTI_ClearPending
C:\Users\seblo\AppData\Local\Temp\ccokrZSP.s:814    .text.HAL_EXTI_ClearPending:00000010 $d
C:\Users\seblo\AppData\Local\Temp\ccokrZSP.s:819    .text.HAL_EXTI_GenerateSWI:00000000 $t
C:\Users\seblo\AppData\Local\Temp\ccokrZSP.s:826    .text.HAL_EXTI_GenerateSWI:00000000 HAL_EXTI_GenerateSWI
C:\Users\seblo\AppData\Local\Temp\ccokrZSP.s:855    .text.HAL_EXTI_GenerateSWI:00000010 $d

NO UNDEFINED SYMBOLS
