ARM GAS  C:\Users\seblo\AppData\Local\Temp\ccAPSgal.s 			page 1


   1              		.cpu cortex-m7
   2              		.eabi_attribute 27, 1
   3              		.eabi_attribute 28, 1
   4              		.eabi_attribute 20, 1
   5              		.eabi_attribute 21, 1
   6              		.eabi_attribute 23, 3
   7              		.eabi_attribute 24, 1
   8              		.eabi_attribute 25, 1
   9              		.eabi_attribute 26, 1
  10              		.eabi_attribute 30, 1
  11              		.eabi_attribute 34, 1
  12              		.eabi_attribute 18, 4
  13              		.file	"stm32f7xx_hal_crc.c"
  14              		.text
  15              	.Ltext0:
  16              		.cfi_sections	.debug_frame
  17              		.section	.text.CRC_Handle_8,"ax",%progbits
  18              		.align	1
  19              		.arch armv7e-m
  20              		.syntax unified
  21              		.thumb
  22              		.thumb_func
  23              		.fpu fpv5-sp-d16
  25              	CRC_Handle_8:
  26              	.LVL0:
  27              	.LFB148:
  28              		.file 1 "Drivers/STM32F7xx_HAL_Driver/Src/stm32f7xx_hal_crc.c"
   1:Drivers/STM32F7xx_HAL_Driver/Src/stm32f7xx_hal_crc.c **** /**
   2:Drivers/STM32F7xx_HAL_Driver/Src/stm32f7xx_hal_crc.c ****   ******************************************************************************
   3:Drivers/STM32F7xx_HAL_Driver/Src/stm32f7xx_hal_crc.c ****   * @file    stm32f7xx_hal_crc.c
   4:Drivers/STM32F7xx_HAL_Driver/Src/stm32f7xx_hal_crc.c ****   * @author  MCD Application Team
   5:Drivers/STM32F7xx_HAL_Driver/Src/stm32f7xx_hal_crc.c ****   * @brief   CRC HAL module driver.
   6:Drivers/STM32F7xx_HAL_Driver/Src/stm32f7xx_hal_crc.c ****   *          This file provides firmware functions to manage the following
   7:Drivers/STM32F7xx_HAL_Driver/Src/stm32f7xx_hal_crc.c ****   *          functionalities of the Cyclic Redundancy Check (CRC) peripheral:
   8:Drivers/STM32F7xx_HAL_Driver/Src/stm32f7xx_hal_crc.c ****   *           + Initialization and de-initialization functions
   9:Drivers/STM32F7xx_HAL_Driver/Src/stm32f7xx_hal_crc.c ****   *           + Peripheral Control functions
  10:Drivers/STM32F7xx_HAL_Driver/Src/stm32f7xx_hal_crc.c ****   *           + Peripheral State functions
  11:Drivers/STM32F7xx_HAL_Driver/Src/stm32f7xx_hal_crc.c ****   *
  12:Drivers/STM32F7xx_HAL_Driver/Src/stm32f7xx_hal_crc.c ****   @verbatim
  13:Drivers/STM32F7xx_HAL_Driver/Src/stm32f7xx_hal_crc.c ****  ===============================================================================
  14:Drivers/STM32F7xx_HAL_Driver/Src/stm32f7xx_hal_crc.c ****                      ##### How to use this driver #####
  15:Drivers/STM32F7xx_HAL_Driver/Src/stm32f7xx_hal_crc.c ****  ===============================================================================
  16:Drivers/STM32F7xx_HAL_Driver/Src/stm32f7xx_hal_crc.c ****     [..]
  17:Drivers/STM32F7xx_HAL_Driver/Src/stm32f7xx_hal_crc.c ****          (+) Enable CRC AHB clock using __HAL_RCC_CRC_CLK_ENABLE();
  18:Drivers/STM32F7xx_HAL_Driver/Src/stm32f7xx_hal_crc.c ****          (+) Initialize CRC calculator
  19:Drivers/STM32F7xx_HAL_Driver/Src/stm32f7xx_hal_crc.c ****              (++) specify generating polynomial (peripheral default or non-default one)
  20:Drivers/STM32F7xx_HAL_Driver/Src/stm32f7xx_hal_crc.c ****              (++) specify initialization value (peripheral default or non-default one)
  21:Drivers/STM32F7xx_HAL_Driver/Src/stm32f7xx_hal_crc.c ****              (++) specify input data format
  22:Drivers/STM32F7xx_HAL_Driver/Src/stm32f7xx_hal_crc.c ****              (++) specify input or output data inversion mode if any
  23:Drivers/STM32F7xx_HAL_Driver/Src/stm32f7xx_hal_crc.c ****          (+) Use HAL_CRC_Accumulate() function to compute the CRC value of the
  24:Drivers/STM32F7xx_HAL_Driver/Src/stm32f7xx_hal_crc.c ****              input data buffer starting with the previously computed CRC as
  25:Drivers/STM32F7xx_HAL_Driver/Src/stm32f7xx_hal_crc.c ****              initialization value
  26:Drivers/STM32F7xx_HAL_Driver/Src/stm32f7xx_hal_crc.c ****          (+) Use HAL_CRC_Calculate() function to compute the CRC value of the
  27:Drivers/STM32F7xx_HAL_Driver/Src/stm32f7xx_hal_crc.c ****              input data buffer starting with the defined initialization value
  28:Drivers/STM32F7xx_HAL_Driver/Src/stm32f7xx_hal_crc.c ****              (default or non-default) to initiate CRC calculation
  29:Drivers/STM32F7xx_HAL_Driver/Src/stm32f7xx_hal_crc.c **** 
  30:Drivers/STM32F7xx_HAL_Driver/Src/stm32f7xx_hal_crc.c ****   @endverbatim
ARM GAS  C:\Users\seblo\AppData\Local\Temp\ccAPSgal.s 			page 2


  31:Drivers/STM32F7xx_HAL_Driver/Src/stm32f7xx_hal_crc.c ****   ******************************************************************************
  32:Drivers/STM32F7xx_HAL_Driver/Src/stm32f7xx_hal_crc.c ****   * @attention
  33:Drivers/STM32F7xx_HAL_Driver/Src/stm32f7xx_hal_crc.c ****   *
  34:Drivers/STM32F7xx_HAL_Driver/Src/stm32f7xx_hal_crc.c ****   * <h2><center>&copy; Copyright (c) 2017 STMicroelectronics.
  35:Drivers/STM32F7xx_HAL_Driver/Src/stm32f7xx_hal_crc.c ****   * All rights reserved.</center></h2>
  36:Drivers/STM32F7xx_HAL_Driver/Src/stm32f7xx_hal_crc.c ****   *
  37:Drivers/STM32F7xx_HAL_Driver/Src/stm32f7xx_hal_crc.c ****   * This software component is licensed by ST under BSD 3-Clause license,
  38:Drivers/STM32F7xx_HAL_Driver/Src/stm32f7xx_hal_crc.c ****   * the "License"; You may not use this file except in compliance with the
  39:Drivers/STM32F7xx_HAL_Driver/Src/stm32f7xx_hal_crc.c ****   * License. You may obtain a copy of the License at:
  40:Drivers/STM32F7xx_HAL_Driver/Src/stm32f7xx_hal_crc.c ****   *                        opensource.org/licenses/BSD-3-Clause
  41:Drivers/STM32F7xx_HAL_Driver/Src/stm32f7xx_hal_crc.c ****   *
  42:Drivers/STM32F7xx_HAL_Driver/Src/stm32f7xx_hal_crc.c ****   ******************************************************************************
  43:Drivers/STM32F7xx_HAL_Driver/Src/stm32f7xx_hal_crc.c ****   */
  44:Drivers/STM32F7xx_HAL_Driver/Src/stm32f7xx_hal_crc.c **** 
  45:Drivers/STM32F7xx_HAL_Driver/Src/stm32f7xx_hal_crc.c **** /* Includes ------------------------------------------------------------------*/
  46:Drivers/STM32F7xx_HAL_Driver/Src/stm32f7xx_hal_crc.c **** #include "stm32f7xx_hal.h"
  47:Drivers/STM32F7xx_HAL_Driver/Src/stm32f7xx_hal_crc.c **** 
  48:Drivers/STM32F7xx_HAL_Driver/Src/stm32f7xx_hal_crc.c **** /** @addtogroup STM32F7xx_HAL_Driver
  49:Drivers/STM32F7xx_HAL_Driver/Src/stm32f7xx_hal_crc.c ****   * @{
  50:Drivers/STM32F7xx_HAL_Driver/Src/stm32f7xx_hal_crc.c ****   */
  51:Drivers/STM32F7xx_HAL_Driver/Src/stm32f7xx_hal_crc.c **** 
  52:Drivers/STM32F7xx_HAL_Driver/Src/stm32f7xx_hal_crc.c **** /** @defgroup CRC CRC
  53:Drivers/STM32F7xx_HAL_Driver/Src/stm32f7xx_hal_crc.c ****   * @brief CRC HAL module driver.
  54:Drivers/STM32F7xx_HAL_Driver/Src/stm32f7xx_hal_crc.c ****   * @{
  55:Drivers/STM32F7xx_HAL_Driver/Src/stm32f7xx_hal_crc.c ****   */
  56:Drivers/STM32F7xx_HAL_Driver/Src/stm32f7xx_hal_crc.c **** 
  57:Drivers/STM32F7xx_HAL_Driver/Src/stm32f7xx_hal_crc.c **** #ifdef HAL_CRC_MODULE_ENABLED
  58:Drivers/STM32F7xx_HAL_Driver/Src/stm32f7xx_hal_crc.c **** 
  59:Drivers/STM32F7xx_HAL_Driver/Src/stm32f7xx_hal_crc.c **** /* Private typedef -----------------------------------------------------------*/
  60:Drivers/STM32F7xx_HAL_Driver/Src/stm32f7xx_hal_crc.c **** /* Private define ------------------------------------------------------------*/
  61:Drivers/STM32F7xx_HAL_Driver/Src/stm32f7xx_hal_crc.c **** /* Private macro -------------------------------------------------------------*/
  62:Drivers/STM32F7xx_HAL_Driver/Src/stm32f7xx_hal_crc.c **** /* Private variables ---------------------------------------------------------*/
  63:Drivers/STM32F7xx_HAL_Driver/Src/stm32f7xx_hal_crc.c **** /* Private function prototypes -----------------------------------------------*/
  64:Drivers/STM32F7xx_HAL_Driver/Src/stm32f7xx_hal_crc.c **** /** @defgroup CRC_Private_Functions CRC Private Functions
  65:Drivers/STM32F7xx_HAL_Driver/Src/stm32f7xx_hal_crc.c ****  * @{
  66:Drivers/STM32F7xx_HAL_Driver/Src/stm32f7xx_hal_crc.c ****  */
  67:Drivers/STM32F7xx_HAL_Driver/Src/stm32f7xx_hal_crc.c **** static uint32_t CRC_Handle_8(CRC_HandleTypeDef *hcrc, uint8_t pBuffer[], uint32_t BufferLength);
  68:Drivers/STM32F7xx_HAL_Driver/Src/stm32f7xx_hal_crc.c **** static uint32_t CRC_Handle_16(CRC_HandleTypeDef *hcrc, uint16_t pBuffer[], uint32_t BufferLength);
  69:Drivers/STM32F7xx_HAL_Driver/Src/stm32f7xx_hal_crc.c **** /**
  70:Drivers/STM32F7xx_HAL_Driver/Src/stm32f7xx_hal_crc.c ****   * @}
  71:Drivers/STM32F7xx_HAL_Driver/Src/stm32f7xx_hal_crc.c ****   */
  72:Drivers/STM32F7xx_HAL_Driver/Src/stm32f7xx_hal_crc.c **** 
  73:Drivers/STM32F7xx_HAL_Driver/Src/stm32f7xx_hal_crc.c **** /* Exported functions --------------------------------------------------------*/
  74:Drivers/STM32F7xx_HAL_Driver/Src/stm32f7xx_hal_crc.c **** 
  75:Drivers/STM32F7xx_HAL_Driver/Src/stm32f7xx_hal_crc.c **** /** @defgroup CRC_Exported_Functions CRC Exported Functions
  76:Drivers/STM32F7xx_HAL_Driver/Src/stm32f7xx_hal_crc.c ****   * @{
  77:Drivers/STM32F7xx_HAL_Driver/Src/stm32f7xx_hal_crc.c ****   */
  78:Drivers/STM32F7xx_HAL_Driver/Src/stm32f7xx_hal_crc.c **** 
  79:Drivers/STM32F7xx_HAL_Driver/Src/stm32f7xx_hal_crc.c **** /** @defgroup CRC_Exported_Functions_Group1 Initialization and de-initialization functions
  80:Drivers/STM32F7xx_HAL_Driver/Src/stm32f7xx_hal_crc.c ****  *  @brief    Initialization and Configuration functions.
  81:Drivers/STM32F7xx_HAL_Driver/Src/stm32f7xx_hal_crc.c ****  *
  82:Drivers/STM32F7xx_HAL_Driver/Src/stm32f7xx_hal_crc.c **** @verbatim
  83:Drivers/STM32F7xx_HAL_Driver/Src/stm32f7xx_hal_crc.c ****  ===============================================================================
  84:Drivers/STM32F7xx_HAL_Driver/Src/stm32f7xx_hal_crc.c ****             ##### Initialization and de-initialization functions #####
  85:Drivers/STM32F7xx_HAL_Driver/Src/stm32f7xx_hal_crc.c ****  ===============================================================================
  86:Drivers/STM32F7xx_HAL_Driver/Src/stm32f7xx_hal_crc.c ****     [..]  This section provides functions allowing to:
  87:Drivers/STM32F7xx_HAL_Driver/Src/stm32f7xx_hal_crc.c ****       (+) Initialize the CRC according to the specified parameters
ARM GAS  C:\Users\seblo\AppData\Local\Temp\ccAPSgal.s 			page 3


  88:Drivers/STM32F7xx_HAL_Driver/Src/stm32f7xx_hal_crc.c ****           in the CRC_InitTypeDef and create the associated handle
  89:Drivers/STM32F7xx_HAL_Driver/Src/stm32f7xx_hal_crc.c ****       (+) DeInitialize the CRC peripheral
  90:Drivers/STM32F7xx_HAL_Driver/Src/stm32f7xx_hal_crc.c ****       (+) Initialize the CRC MSP (MCU Specific Package)
  91:Drivers/STM32F7xx_HAL_Driver/Src/stm32f7xx_hal_crc.c ****       (+) DeInitialize the CRC MSP
  92:Drivers/STM32F7xx_HAL_Driver/Src/stm32f7xx_hal_crc.c **** 
  93:Drivers/STM32F7xx_HAL_Driver/Src/stm32f7xx_hal_crc.c **** @endverbatim
  94:Drivers/STM32F7xx_HAL_Driver/Src/stm32f7xx_hal_crc.c ****   * @{
  95:Drivers/STM32F7xx_HAL_Driver/Src/stm32f7xx_hal_crc.c ****   */
  96:Drivers/STM32F7xx_HAL_Driver/Src/stm32f7xx_hal_crc.c **** 
  97:Drivers/STM32F7xx_HAL_Driver/Src/stm32f7xx_hal_crc.c **** /**
  98:Drivers/STM32F7xx_HAL_Driver/Src/stm32f7xx_hal_crc.c ****   * @brief  Initialize the CRC according to the specified
  99:Drivers/STM32F7xx_HAL_Driver/Src/stm32f7xx_hal_crc.c ****   *         parameters in the CRC_InitTypeDef and create the associated handle.
 100:Drivers/STM32F7xx_HAL_Driver/Src/stm32f7xx_hal_crc.c ****   * @param  hcrc CRC handle
 101:Drivers/STM32F7xx_HAL_Driver/Src/stm32f7xx_hal_crc.c ****   * @retval HAL status
 102:Drivers/STM32F7xx_HAL_Driver/Src/stm32f7xx_hal_crc.c ****   */
 103:Drivers/STM32F7xx_HAL_Driver/Src/stm32f7xx_hal_crc.c **** HAL_StatusTypeDef HAL_CRC_Init(CRC_HandleTypeDef *hcrc)
 104:Drivers/STM32F7xx_HAL_Driver/Src/stm32f7xx_hal_crc.c **** {
 105:Drivers/STM32F7xx_HAL_Driver/Src/stm32f7xx_hal_crc.c ****   /* Check the CRC handle allocation */
 106:Drivers/STM32F7xx_HAL_Driver/Src/stm32f7xx_hal_crc.c ****   if (hcrc == NULL)
 107:Drivers/STM32F7xx_HAL_Driver/Src/stm32f7xx_hal_crc.c ****   {
 108:Drivers/STM32F7xx_HAL_Driver/Src/stm32f7xx_hal_crc.c ****     return HAL_ERROR;
 109:Drivers/STM32F7xx_HAL_Driver/Src/stm32f7xx_hal_crc.c ****   }
 110:Drivers/STM32F7xx_HAL_Driver/Src/stm32f7xx_hal_crc.c **** 
 111:Drivers/STM32F7xx_HAL_Driver/Src/stm32f7xx_hal_crc.c ****   /* Check the parameters */
 112:Drivers/STM32F7xx_HAL_Driver/Src/stm32f7xx_hal_crc.c ****   assert_param(IS_CRC_ALL_INSTANCE(hcrc->Instance));
 113:Drivers/STM32F7xx_HAL_Driver/Src/stm32f7xx_hal_crc.c **** 
 114:Drivers/STM32F7xx_HAL_Driver/Src/stm32f7xx_hal_crc.c ****   if (hcrc->State == HAL_CRC_STATE_RESET)
 115:Drivers/STM32F7xx_HAL_Driver/Src/stm32f7xx_hal_crc.c ****   {
 116:Drivers/STM32F7xx_HAL_Driver/Src/stm32f7xx_hal_crc.c ****     /* Allocate lock resource and initialize it */
 117:Drivers/STM32F7xx_HAL_Driver/Src/stm32f7xx_hal_crc.c ****     hcrc->Lock = HAL_UNLOCKED;
 118:Drivers/STM32F7xx_HAL_Driver/Src/stm32f7xx_hal_crc.c ****     /* Init the low level hardware */
 119:Drivers/STM32F7xx_HAL_Driver/Src/stm32f7xx_hal_crc.c ****     HAL_CRC_MspInit(hcrc);
 120:Drivers/STM32F7xx_HAL_Driver/Src/stm32f7xx_hal_crc.c ****   }
 121:Drivers/STM32F7xx_HAL_Driver/Src/stm32f7xx_hal_crc.c **** 
 122:Drivers/STM32F7xx_HAL_Driver/Src/stm32f7xx_hal_crc.c ****   hcrc->State = HAL_CRC_STATE_BUSY;
 123:Drivers/STM32F7xx_HAL_Driver/Src/stm32f7xx_hal_crc.c **** 
 124:Drivers/STM32F7xx_HAL_Driver/Src/stm32f7xx_hal_crc.c ****   /* check whether or not non-default generating polynomial has been
 125:Drivers/STM32F7xx_HAL_Driver/Src/stm32f7xx_hal_crc.c ****    * picked up by user */
 126:Drivers/STM32F7xx_HAL_Driver/Src/stm32f7xx_hal_crc.c ****   assert_param(IS_DEFAULT_POLYNOMIAL(hcrc->Init.DefaultPolynomialUse));
 127:Drivers/STM32F7xx_HAL_Driver/Src/stm32f7xx_hal_crc.c ****   if (hcrc->Init.DefaultPolynomialUse == DEFAULT_POLYNOMIAL_ENABLE)
 128:Drivers/STM32F7xx_HAL_Driver/Src/stm32f7xx_hal_crc.c ****   {
 129:Drivers/STM32F7xx_HAL_Driver/Src/stm32f7xx_hal_crc.c ****     /* initialize peripheral with default generating polynomial */
 130:Drivers/STM32F7xx_HAL_Driver/Src/stm32f7xx_hal_crc.c ****     WRITE_REG(hcrc->Instance->POL, DEFAULT_CRC32_POLY);
 131:Drivers/STM32F7xx_HAL_Driver/Src/stm32f7xx_hal_crc.c ****     MODIFY_REG(hcrc->Instance->CR, CRC_CR_POLYSIZE, CRC_POLYLENGTH_32B);
 132:Drivers/STM32F7xx_HAL_Driver/Src/stm32f7xx_hal_crc.c ****   }
 133:Drivers/STM32F7xx_HAL_Driver/Src/stm32f7xx_hal_crc.c ****   else
 134:Drivers/STM32F7xx_HAL_Driver/Src/stm32f7xx_hal_crc.c ****   {
 135:Drivers/STM32F7xx_HAL_Driver/Src/stm32f7xx_hal_crc.c ****     /* initialize CRC peripheral with generating polynomial defined by user */
 136:Drivers/STM32F7xx_HAL_Driver/Src/stm32f7xx_hal_crc.c ****     if (HAL_CRCEx_Polynomial_Set(hcrc, hcrc->Init.GeneratingPolynomial, hcrc->Init.CRCLength) != HA
 137:Drivers/STM32F7xx_HAL_Driver/Src/stm32f7xx_hal_crc.c ****     {
 138:Drivers/STM32F7xx_HAL_Driver/Src/stm32f7xx_hal_crc.c ****       return HAL_ERROR;
 139:Drivers/STM32F7xx_HAL_Driver/Src/stm32f7xx_hal_crc.c ****     }
 140:Drivers/STM32F7xx_HAL_Driver/Src/stm32f7xx_hal_crc.c ****   }
 141:Drivers/STM32F7xx_HAL_Driver/Src/stm32f7xx_hal_crc.c **** 
 142:Drivers/STM32F7xx_HAL_Driver/Src/stm32f7xx_hal_crc.c ****   /* check whether or not non-default CRC initial value has been
 143:Drivers/STM32F7xx_HAL_Driver/Src/stm32f7xx_hal_crc.c ****    * picked up by user */
 144:Drivers/STM32F7xx_HAL_Driver/Src/stm32f7xx_hal_crc.c ****   assert_param(IS_DEFAULT_INIT_VALUE(hcrc->Init.DefaultInitValueUse));
ARM GAS  C:\Users\seblo\AppData\Local\Temp\ccAPSgal.s 			page 4


 145:Drivers/STM32F7xx_HAL_Driver/Src/stm32f7xx_hal_crc.c ****   if (hcrc->Init.DefaultInitValueUse == DEFAULT_INIT_VALUE_ENABLE)
 146:Drivers/STM32F7xx_HAL_Driver/Src/stm32f7xx_hal_crc.c ****   {
 147:Drivers/STM32F7xx_HAL_Driver/Src/stm32f7xx_hal_crc.c ****     WRITE_REG(hcrc->Instance->INIT, DEFAULT_CRC_INITVALUE);
 148:Drivers/STM32F7xx_HAL_Driver/Src/stm32f7xx_hal_crc.c ****   }
 149:Drivers/STM32F7xx_HAL_Driver/Src/stm32f7xx_hal_crc.c ****   else
 150:Drivers/STM32F7xx_HAL_Driver/Src/stm32f7xx_hal_crc.c ****   {
 151:Drivers/STM32F7xx_HAL_Driver/Src/stm32f7xx_hal_crc.c ****     WRITE_REG(hcrc->Instance->INIT, hcrc->Init.InitValue);
 152:Drivers/STM32F7xx_HAL_Driver/Src/stm32f7xx_hal_crc.c ****   }
 153:Drivers/STM32F7xx_HAL_Driver/Src/stm32f7xx_hal_crc.c **** 
 154:Drivers/STM32F7xx_HAL_Driver/Src/stm32f7xx_hal_crc.c **** 
 155:Drivers/STM32F7xx_HAL_Driver/Src/stm32f7xx_hal_crc.c ****   /* set input data inversion mode */
 156:Drivers/STM32F7xx_HAL_Driver/Src/stm32f7xx_hal_crc.c ****   assert_param(IS_CRC_INPUTDATA_INVERSION_MODE(hcrc->Init.InputDataInversionMode));
 157:Drivers/STM32F7xx_HAL_Driver/Src/stm32f7xx_hal_crc.c ****   MODIFY_REG(hcrc->Instance->CR, CRC_CR_REV_IN, hcrc->Init.InputDataInversionMode);
 158:Drivers/STM32F7xx_HAL_Driver/Src/stm32f7xx_hal_crc.c **** 
 159:Drivers/STM32F7xx_HAL_Driver/Src/stm32f7xx_hal_crc.c ****   /* set output data inversion mode */
 160:Drivers/STM32F7xx_HAL_Driver/Src/stm32f7xx_hal_crc.c ****   assert_param(IS_CRC_OUTPUTDATA_INVERSION_MODE(hcrc->Init.OutputDataInversionMode));
 161:Drivers/STM32F7xx_HAL_Driver/Src/stm32f7xx_hal_crc.c ****   MODIFY_REG(hcrc->Instance->CR, CRC_CR_REV_OUT, hcrc->Init.OutputDataInversionMode);
 162:Drivers/STM32F7xx_HAL_Driver/Src/stm32f7xx_hal_crc.c **** 
 163:Drivers/STM32F7xx_HAL_Driver/Src/stm32f7xx_hal_crc.c ****   /* makes sure the input data format (bytes, halfwords or words stream)
 164:Drivers/STM32F7xx_HAL_Driver/Src/stm32f7xx_hal_crc.c ****    * is properly specified by user */
 165:Drivers/STM32F7xx_HAL_Driver/Src/stm32f7xx_hal_crc.c ****   assert_param(IS_CRC_INPUTDATA_FORMAT(hcrc->InputDataFormat));
 166:Drivers/STM32F7xx_HAL_Driver/Src/stm32f7xx_hal_crc.c **** 
 167:Drivers/STM32F7xx_HAL_Driver/Src/stm32f7xx_hal_crc.c ****   /* Change CRC peripheral state */
 168:Drivers/STM32F7xx_HAL_Driver/Src/stm32f7xx_hal_crc.c ****   hcrc->State = HAL_CRC_STATE_READY;
 169:Drivers/STM32F7xx_HAL_Driver/Src/stm32f7xx_hal_crc.c **** 
 170:Drivers/STM32F7xx_HAL_Driver/Src/stm32f7xx_hal_crc.c ****   /* Return function status */
 171:Drivers/STM32F7xx_HAL_Driver/Src/stm32f7xx_hal_crc.c ****   return HAL_OK;
 172:Drivers/STM32F7xx_HAL_Driver/Src/stm32f7xx_hal_crc.c **** }
 173:Drivers/STM32F7xx_HAL_Driver/Src/stm32f7xx_hal_crc.c **** 
 174:Drivers/STM32F7xx_HAL_Driver/Src/stm32f7xx_hal_crc.c **** /**
 175:Drivers/STM32F7xx_HAL_Driver/Src/stm32f7xx_hal_crc.c ****   * @brief  DeInitialize the CRC peripheral.
 176:Drivers/STM32F7xx_HAL_Driver/Src/stm32f7xx_hal_crc.c ****   * @param  hcrc CRC handle
 177:Drivers/STM32F7xx_HAL_Driver/Src/stm32f7xx_hal_crc.c ****   * @retval HAL status
 178:Drivers/STM32F7xx_HAL_Driver/Src/stm32f7xx_hal_crc.c ****   */
 179:Drivers/STM32F7xx_HAL_Driver/Src/stm32f7xx_hal_crc.c **** HAL_StatusTypeDef HAL_CRC_DeInit(CRC_HandleTypeDef *hcrc)
 180:Drivers/STM32F7xx_HAL_Driver/Src/stm32f7xx_hal_crc.c **** {
 181:Drivers/STM32F7xx_HAL_Driver/Src/stm32f7xx_hal_crc.c ****   /* Check the CRC handle allocation */
 182:Drivers/STM32F7xx_HAL_Driver/Src/stm32f7xx_hal_crc.c ****   if (hcrc == NULL)
 183:Drivers/STM32F7xx_HAL_Driver/Src/stm32f7xx_hal_crc.c ****   {
 184:Drivers/STM32F7xx_HAL_Driver/Src/stm32f7xx_hal_crc.c ****     return HAL_ERROR;
 185:Drivers/STM32F7xx_HAL_Driver/Src/stm32f7xx_hal_crc.c ****   }
 186:Drivers/STM32F7xx_HAL_Driver/Src/stm32f7xx_hal_crc.c **** 
 187:Drivers/STM32F7xx_HAL_Driver/Src/stm32f7xx_hal_crc.c ****   /* Check the parameters */
 188:Drivers/STM32F7xx_HAL_Driver/Src/stm32f7xx_hal_crc.c ****   assert_param(IS_CRC_ALL_INSTANCE(hcrc->Instance));
 189:Drivers/STM32F7xx_HAL_Driver/Src/stm32f7xx_hal_crc.c **** 
 190:Drivers/STM32F7xx_HAL_Driver/Src/stm32f7xx_hal_crc.c ****   /* Check the CRC peripheral state */
 191:Drivers/STM32F7xx_HAL_Driver/Src/stm32f7xx_hal_crc.c ****   if (hcrc->State == HAL_CRC_STATE_BUSY)
 192:Drivers/STM32F7xx_HAL_Driver/Src/stm32f7xx_hal_crc.c ****   {
 193:Drivers/STM32F7xx_HAL_Driver/Src/stm32f7xx_hal_crc.c ****     return HAL_BUSY;
 194:Drivers/STM32F7xx_HAL_Driver/Src/stm32f7xx_hal_crc.c ****   }
 195:Drivers/STM32F7xx_HAL_Driver/Src/stm32f7xx_hal_crc.c **** 
 196:Drivers/STM32F7xx_HAL_Driver/Src/stm32f7xx_hal_crc.c ****   /* Change CRC peripheral state */
 197:Drivers/STM32F7xx_HAL_Driver/Src/stm32f7xx_hal_crc.c ****   hcrc->State = HAL_CRC_STATE_BUSY;
 198:Drivers/STM32F7xx_HAL_Driver/Src/stm32f7xx_hal_crc.c **** 
 199:Drivers/STM32F7xx_HAL_Driver/Src/stm32f7xx_hal_crc.c ****   /* Reset CRC calculation unit */
 200:Drivers/STM32F7xx_HAL_Driver/Src/stm32f7xx_hal_crc.c ****   __HAL_CRC_DR_RESET(hcrc);
 201:Drivers/STM32F7xx_HAL_Driver/Src/stm32f7xx_hal_crc.c **** 
ARM GAS  C:\Users\seblo\AppData\Local\Temp\ccAPSgal.s 			page 5


 202:Drivers/STM32F7xx_HAL_Driver/Src/stm32f7xx_hal_crc.c ****   /* Reset IDR register content */
 203:Drivers/STM32F7xx_HAL_Driver/Src/stm32f7xx_hal_crc.c ****   CLEAR_BIT(hcrc->Instance->IDR, CRC_IDR_IDR);
 204:Drivers/STM32F7xx_HAL_Driver/Src/stm32f7xx_hal_crc.c **** 
 205:Drivers/STM32F7xx_HAL_Driver/Src/stm32f7xx_hal_crc.c ****   /* DeInit the low level hardware */
 206:Drivers/STM32F7xx_HAL_Driver/Src/stm32f7xx_hal_crc.c ****   HAL_CRC_MspDeInit(hcrc);
 207:Drivers/STM32F7xx_HAL_Driver/Src/stm32f7xx_hal_crc.c **** 
 208:Drivers/STM32F7xx_HAL_Driver/Src/stm32f7xx_hal_crc.c ****   /* Change CRC peripheral state */
 209:Drivers/STM32F7xx_HAL_Driver/Src/stm32f7xx_hal_crc.c ****   hcrc->State = HAL_CRC_STATE_RESET;
 210:Drivers/STM32F7xx_HAL_Driver/Src/stm32f7xx_hal_crc.c **** 
 211:Drivers/STM32F7xx_HAL_Driver/Src/stm32f7xx_hal_crc.c ****   /* Process unlocked */
 212:Drivers/STM32F7xx_HAL_Driver/Src/stm32f7xx_hal_crc.c ****   __HAL_UNLOCK(hcrc);
 213:Drivers/STM32F7xx_HAL_Driver/Src/stm32f7xx_hal_crc.c **** 
 214:Drivers/STM32F7xx_HAL_Driver/Src/stm32f7xx_hal_crc.c ****   /* Return function status */
 215:Drivers/STM32F7xx_HAL_Driver/Src/stm32f7xx_hal_crc.c ****   return HAL_OK;
 216:Drivers/STM32F7xx_HAL_Driver/Src/stm32f7xx_hal_crc.c **** }
 217:Drivers/STM32F7xx_HAL_Driver/Src/stm32f7xx_hal_crc.c **** 
 218:Drivers/STM32F7xx_HAL_Driver/Src/stm32f7xx_hal_crc.c **** /**
 219:Drivers/STM32F7xx_HAL_Driver/Src/stm32f7xx_hal_crc.c ****   * @brief  Initializes the CRC MSP.
 220:Drivers/STM32F7xx_HAL_Driver/Src/stm32f7xx_hal_crc.c ****   * @param  hcrc CRC handle
 221:Drivers/STM32F7xx_HAL_Driver/Src/stm32f7xx_hal_crc.c ****   * @retval None
 222:Drivers/STM32F7xx_HAL_Driver/Src/stm32f7xx_hal_crc.c ****   */
 223:Drivers/STM32F7xx_HAL_Driver/Src/stm32f7xx_hal_crc.c **** __weak void HAL_CRC_MspInit(CRC_HandleTypeDef *hcrc)
 224:Drivers/STM32F7xx_HAL_Driver/Src/stm32f7xx_hal_crc.c **** {
 225:Drivers/STM32F7xx_HAL_Driver/Src/stm32f7xx_hal_crc.c ****   /* Prevent unused argument(s) compilation warning */
 226:Drivers/STM32F7xx_HAL_Driver/Src/stm32f7xx_hal_crc.c ****   UNUSED(hcrc);
 227:Drivers/STM32F7xx_HAL_Driver/Src/stm32f7xx_hal_crc.c **** 
 228:Drivers/STM32F7xx_HAL_Driver/Src/stm32f7xx_hal_crc.c ****   /* NOTE : This function should not be modified, when the callback is needed,
 229:Drivers/STM32F7xx_HAL_Driver/Src/stm32f7xx_hal_crc.c ****             the HAL_CRC_MspInit can be implemented in the user file
 230:Drivers/STM32F7xx_HAL_Driver/Src/stm32f7xx_hal_crc.c ****    */
 231:Drivers/STM32F7xx_HAL_Driver/Src/stm32f7xx_hal_crc.c **** }
 232:Drivers/STM32F7xx_HAL_Driver/Src/stm32f7xx_hal_crc.c **** 
 233:Drivers/STM32F7xx_HAL_Driver/Src/stm32f7xx_hal_crc.c **** /**
 234:Drivers/STM32F7xx_HAL_Driver/Src/stm32f7xx_hal_crc.c ****   * @brief  DeInitialize the CRC MSP.
 235:Drivers/STM32F7xx_HAL_Driver/Src/stm32f7xx_hal_crc.c ****   * @param  hcrc CRC handle
 236:Drivers/STM32F7xx_HAL_Driver/Src/stm32f7xx_hal_crc.c ****   * @retval None
 237:Drivers/STM32F7xx_HAL_Driver/Src/stm32f7xx_hal_crc.c ****   */
 238:Drivers/STM32F7xx_HAL_Driver/Src/stm32f7xx_hal_crc.c **** __weak void HAL_CRC_MspDeInit(CRC_HandleTypeDef *hcrc)
 239:Drivers/STM32F7xx_HAL_Driver/Src/stm32f7xx_hal_crc.c **** {
 240:Drivers/STM32F7xx_HAL_Driver/Src/stm32f7xx_hal_crc.c ****   /* Prevent unused argument(s) compilation warning */
 241:Drivers/STM32F7xx_HAL_Driver/Src/stm32f7xx_hal_crc.c ****   UNUSED(hcrc);
 242:Drivers/STM32F7xx_HAL_Driver/Src/stm32f7xx_hal_crc.c **** 
 243:Drivers/STM32F7xx_HAL_Driver/Src/stm32f7xx_hal_crc.c ****   /* NOTE : This function should not be modified, when the callback is needed,
 244:Drivers/STM32F7xx_HAL_Driver/Src/stm32f7xx_hal_crc.c ****             the HAL_CRC_MspDeInit can be implemented in the user file
 245:Drivers/STM32F7xx_HAL_Driver/Src/stm32f7xx_hal_crc.c ****    */
 246:Drivers/STM32F7xx_HAL_Driver/Src/stm32f7xx_hal_crc.c **** }
 247:Drivers/STM32F7xx_HAL_Driver/Src/stm32f7xx_hal_crc.c **** 
 248:Drivers/STM32F7xx_HAL_Driver/Src/stm32f7xx_hal_crc.c **** /**
 249:Drivers/STM32F7xx_HAL_Driver/Src/stm32f7xx_hal_crc.c ****   * @}
 250:Drivers/STM32F7xx_HAL_Driver/Src/stm32f7xx_hal_crc.c ****   */
 251:Drivers/STM32F7xx_HAL_Driver/Src/stm32f7xx_hal_crc.c **** 
 252:Drivers/STM32F7xx_HAL_Driver/Src/stm32f7xx_hal_crc.c **** /** @defgroup CRC_Exported_Functions_Group2 Peripheral Control functions
 253:Drivers/STM32F7xx_HAL_Driver/Src/stm32f7xx_hal_crc.c ****  *  @brief    management functions.
 254:Drivers/STM32F7xx_HAL_Driver/Src/stm32f7xx_hal_crc.c ****  *
 255:Drivers/STM32F7xx_HAL_Driver/Src/stm32f7xx_hal_crc.c **** @verbatim
 256:Drivers/STM32F7xx_HAL_Driver/Src/stm32f7xx_hal_crc.c ****  ===============================================================================
 257:Drivers/STM32F7xx_HAL_Driver/Src/stm32f7xx_hal_crc.c ****                       ##### Peripheral Control functions #####
 258:Drivers/STM32F7xx_HAL_Driver/Src/stm32f7xx_hal_crc.c ****  ===============================================================================
ARM GAS  C:\Users\seblo\AppData\Local\Temp\ccAPSgal.s 			page 6


 259:Drivers/STM32F7xx_HAL_Driver/Src/stm32f7xx_hal_crc.c ****     [..]  This section provides functions allowing to:
 260:Drivers/STM32F7xx_HAL_Driver/Src/stm32f7xx_hal_crc.c ****       (+) compute the 7, 8, 16 or 32-bit CRC value of an 8, 16 or 32-bit data buffer
 261:Drivers/STM32F7xx_HAL_Driver/Src/stm32f7xx_hal_crc.c ****           using combination of the previous CRC value and the new one.
 262:Drivers/STM32F7xx_HAL_Driver/Src/stm32f7xx_hal_crc.c **** 
 263:Drivers/STM32F7xx_HAL_Driver/Src/stm32f7xx_hal_crc.c ****        [..]  or
 264:Drivers/STM32F7xx_HAL_Driver/Src/stm32f7xx_hal_crc.c **** 
 265:Drivers/STM32F7xx_HAL_Driver/Src/stm32f7xx_hal_crc.c ****       (+) compute the 7, 8, 16 or 32-bit CRC value of an 8, 16 or 32-bit data buffer
 266:Drivers/STM32F7xx_HAL_Driver/Src/stm32f7xx_hal_crc.c ****           independently of the previous CRC value.
 267:Drivers/STM32F7xx_HAL_Driver/Src/stm32f7xx_hal_crc.c **** 
 268:Drivers/STM32F7xx_HAL_Driver/Src/stm32f7xx_hal_crc.c **** @endverbatim
 269:Drivers/STM32F7xx_HAL_Driver/Src/stm32f7xx_hal_crc.c ****   * @{
 270:Drivers/STM32F7xx_HAL_Driver/Src/stm32f7xx_hal_crc.c ****   */
 271:Drivers/STM32F7xx_HAL_Driver/Src/stm32f7xx_hal_crc.c **** 
 272:Drivers/STM32F7xx_HAL_Driver/Src/stm32f7xx_hal_crc.c **** /**
 273:Drivers/STM32F7xx_HAL_Driver/Src/stm32f7xx_hal_crc.c ****   * @brief  Compute the 7, 8, 16 or 32-bit CRC value of an 8, 16 or 32-bit data buffer
 274:Drivers/STM32F7xx_HAL_Driver/Src/stm32f7xx_hal_crc.c ****   *         starting with the previously computed CRC as initialization value.
 275:Drivers/STM32F7xx_HAL_Driver/Src/stm32f7xx_hal_crc.c ****   * @param  hcrc CRC handle
 276:Drivers/STM32F7xx_HAL_Driver/Src/stm32f7xx_hal_crc.c ****   * @param  pBuffer pointer to the input data buffer, exact input data format is
 277:Drivers/STM32F7xx_HAL_Driver/Src/stm32f7xx_hal_crc.c ****   *         provided by hcrc->InputDataFormat.
 278:Drivers/STM32F7xx_HAL_Driver/Src/stm32f7xx_hal_crc.c ****   * @param  BufferLength input data buffer length (number of bytes if pBuffer
 279:Drivers/STM32F7xx_HAL_Driver/Src/stm32f7xx_hal_crc.c ****   *         type is * uint8_t, number of half-words if pBuffer type is * uint16_t,
 280:Drivers/STM32F7xx_HAL_Driver/Src/stm32f7xx_hal_crc.c ****   *         number of words if pBuffer type is * uint32_t).
 281:Drivers/STM32F7xx_HAL_Driver/Src/stm32f7xx_hal_crc.c ****   * @note  By default, the API expects a uint32_t pointer as input buffer parameter.
 282:Drivers/STM32F7xx_HAL_Driver/Src/stm32f7xx_hal_crc.c ****   *        Input buffer pointers with other types simply need to be cast in uint32_t
 283:Drivers/STM32F7xx_HAL_Driver/Src/stm32f7xx_hal_crc.c ****   *        and the API will internally adjust its input data processing based on the
 284:Drivers/STM32F7xx_HAL_Driver/Src/stm32f7xx_hal_crc.c ****   *        handle field hcrc->InputDataFormat.
 285:Drivers/STM32F7xx_HAL_Driver/Src/stm32f7xx_hal_crc.c ****   * @retval uint32_t CRC (returned value LSBs for CRC shorter than 32 bits)
 286:Drivers/STM32F7xx_HAL_Driver/Src/stm32f7xx_hal_crc.c ****   */
 287:Drivers/STM32F7xx_HAL_Driver/Src/stm32f7xx_hal_crc.c **** uint32_t HAL_CRC_Accumulate(CRC_HandleTypeDef *hcrc, uint32_t pBuffer[], uint32_t BufferLength)
 288:Drivers/STM32F7xx_HAL_Driver/Src/stm32f7xx_hal_crc.c **** {
 289:Drivers/STM32F7xx_HAL_Driver/Src/stm32f7xx_hal_crc.c ****   uint32_t index;      /* CRC input data buffer index */
 290:Drivers/STM32F7xx_HAL_Driver/Src/stm32f7xx_hal_crc.c ****   uint32_t temp = 0U;  /* CRC output (read from hcrc->Instance->DR register) */
 291:Drivers/STM32F7xx_HAL_Driver/Src/stm32f7xx_hal_crc.c **** 
 292:Drivers/STM32F7xx_HAL_Driver/Src/stm32f7xx_hal_crc.c ****   /* Change CRC peripheral state */
 293:Drivers/STM32F7xx_HAL_Driver/Src/stm32f7xx_hal_crc.c ****   hcrc->State = HAL_CRC_STATE_BUSY;
 294:Drivers/STM32F7xx_HAL_Driver/Src/stm32f7xx_hal_crc.c **** 
 295:Drivers/STM32F7xx_HAL_Driver/Src/stm32f7xx_hal_crc.c ****   switch (hcrc->InputDataFormat)
 296:Drivers/STM32F7xx_HAL_Driver/Src/stm32f7xx_hal_crc.c ****   {
 297:Drivers/STM32F7xx_HAL_Driver/Src/stm32f7xx_hal_crc.c ****     case CRC_INPUTDATA_FORMAT_WORDS:
 298:Drivers/STM32F7xx_HAL_Driver/Src/stm32f7xx_hal_crc.c ****       /* Enter Data to the CRC calculator */
 299:Drivers/STM32F7xx_HAL_Driver/Src/stm32f7xx_hal_crc.c ****       for (index = 0U; index < BufferLength; index++)
 300:Drivers/STM32F7xx_HAL_Driver/Src/stm32f7xx_hal_crc.c ****       {
 301:Drivers/STM32F7xx_HAL_Driver/Src/stm32f7xx_hal_crc.c ****         hcrc->Instance->DR = pBuffer[index];
 302:Drivers/STM32F7xx_HAL_Driver/Src/stm32f7xx_hal_crc.c ****       }
 303:Drivers/STM32F7xx_HAL_Driver/Src/stm32f7xx_hal_crc.c ****       temp = hcrc->Instance->DR;
 304:Drivers/STM32F7xx_HAL_Driver/Src/stm32f7xx_hal_crc.c ****       break;
 305:Drivers/STM32F7xx_HAL_Driver/Src/stm32f7xx_hal_crc.c **** 
 306:Drivers/STM32F7xx_HAL_Driver/Src/stm32f7xx_hal_crc.c ****     case CRC_INPUTDATA_FORMAT_BYTES:
 307:Drivers/STM32F7xx_HAL_Driver/Src/stm32f7xx_hal_crc.c ****       temp = CRC_Handle_8(hcrc, (uint8_t *)pBuffer, BufferLength);
 308:Drivers/STM32F7xx_HAL_Driver/Src/stm32f7xx_hal_crc.c ****       break;
 309:Drivers/STM32F7xx_HAL_Driver/Src/stm32f7xx_hal_crc.c **** 
 310:Drivers/STM32F7xx_HAL_Driver/Src/stm32f7xx_hal_crc.c ****     case CRC_INPUTDATA_FORMAT_HALFWORDS:
 311:Drivers/STM32F7xx_HAL_Driver/Src/stm32f7xx_hal_crc.c ****       temp = CRC_Handle_16(hcrc, (uint16_t *)(void *)pBuffer, BufferLength);    /* Derogation Misra
 312:Drivers/STM32F7xx_HAL_Driver/Src/stm32f7xx_hal_crc.c ****       break;
 313:Drivers/STM32F7xx_HAL_Driver/Src/stm32f7xx_hal_crc.c ****     default:
 314:Drivers/STM32F7xx_HAL_Driver/Src/stm32f7xx_hal_crc.c ****       break;
 315:Drivers/STM32F7xx_HAL_Driver/Src/stm32f7xx_hal_crc.c ****   }
ARM GAS  C:\Users\seblo\AppData\Local\Temp\ccAPSgal.s 			page 7


 316:Drivers/STM32F7xx_HAL_Driver/Src/stm32f7xx_hal_crc.c **** 
 317:Drivers/STM32F7xx_HAL_Driver/Src/stm32f7xx_hal_crc.c ****   /* Change CRC peripheral state */
 318:Drivers/STM32F7xx_HAL_Driver/Src/stm32f7xx_hal_crc.c ****   hcrc->State = HAL_CRC_STATE_READY;
 319:Drivers/STM32F7xx_HAL_Driver/Src/stm32f7xx_hal_crc.c **** 
 320:Drivers/STM32F7xx_HAL_Driver/Src/stm32f7xx_hal_crc.c ****   /* Return the CRC computed value */
 321:Drivers/STM32F7xx_HAL_Driver/Src/stm32f7xx_hal_crc.c ****   return temp;
 322:Drivers/STM32F7xx_HAL_Driver/Src/stm32f7xx_hal_crc.c **** }
 323:Drivers/STM32F7xx_HAL_Driver/Src/stm32f7xx_hal_crc.c **** 
 324:Drivers/STM32F7xx_HAL_Driver/Src/stm32f7xx_hal_crc.c **** /**
 325:Drivers/STM32F7xx_HAL_Driver/Src/stm32f7xx_hal_crc.c ****   * @brief  Compute the 7, 8, 16 or 32-bit CRC value of an 8, 16 or 32-bit data buffer
 326:Drivers/STM32F7xx_HAL_Driver/Src/stm32f7xx_hal_crc.c ****   *         starting with hcrc->Instance->INIT as initialization value.
 327:Drivers/STM32F7xx_HAL_Driver/Src/stm32f7xx_hal_crc.c ****   * @param  hcrc CRC handle
 328:Drivers/STM32F7xx_HAL_Driver/Src/stm32f7xx_hal_crc.c ****   * @param  pBuffer pointer to the input data buffer, exact input data format is
 329:Drivers/STM32F7xx_HAL_Driver/Src/stm32f7xx_hal_crc.c ****   *         provided by hcrc->InputDataFormat.
 330:Drivers/STM32F7xx_HAL_Driver/Src/stm32f7xx_hal_crc.c ****   * @param  BufferLength input data buffer length (number of bytes if pBuffer
 331:Drivers/STM32F7xx_HAL_Driver/Src/stm32f7xx_hal_crc.c ****   *         type is * uint8_t, number of half-words if pBuffer type is * uint16_t,
 332:Drivers/STM32F7xx_HAL_Driver/Src/stm32f7xx_hal_crc.c ****   *         number of words if pBuffer type is * uint32_t).
 333:Drivers/STM32F7xx_HAL_Driver/Src/stm32f7xx_hal_crc.c ****   * @note  By default, the API expects a uint32_t pointer as input buffer parameter.
 334:Drivers/STM32F7xx_HAL_Driver/Src/stm32f7xx_hal_crc.c ****   *        Input buffer pointers with other types simply need to be cast in uint32_t
 335:Drivers/STM32F7xx_HAL_Driver/Src/stm32f7xx_hal_crc.c ****   *        and the API will internally adjust its input data processing based on the
 336:Drivers/STM32F7xx_HAL_Driver/Src/stm32f7xx_hal_crc.c ****   *        handle field hcrc->InputDataFormat.
 337:Drivers/STM32F7xx_HAL_Driver/Src/stm32f7xx_hal_crc.c ****   * @retval uint32_t CRC (returned value LSBs for CRC shorter than 32 bits)
 338:Drivers/STM32F7xx_HAL_Driver/Src/stm32f7xx_hal_crc.c ****   */
 339:Drivers/STM32F7xx_HAL_Driver/Src/stm32f7xx_hal_crc.c **** uint32_t HAL_CRC_Calculate(CRC_HandleTypeDef *hcrc, uint32_t pBuffer[], uint32_t BufferLength)
 340:Drivers/STM32F7xx_HAL_Driver/Src/stm32f7xx_hal_crc.c **** {
 341:Drivers/STM32F7xx_HAL_Driver/Src/stm32f7xx_hal_crc.c ****   uint32_t index;      /* CRC input data buffer index */
 342:Drivers/STM32F7xx_HAL_Driver/Src/stm32f7xx_hal_crc.c ****   uint32_t temp = 0U;  /* CRC output (read from hcrc->Instance->DR register) */
 343:Drivers/STM32F7xx_HAL_Driver/Src/stm32f7xx_hal_crc.c **** 
 344:Drivers/STM32F7xx_HAL_Driver/Src/stm32f7xx_hal_crc.c ****   /* Change CRC peripheral state */
 345:Drivers/STM32F7xx_HAL_Driver/Src/stm32f7xx_hal_crc.c ****   hcrc->State = HAL_CRC_STATE_BUSY;
 346:Drivers/STM32F7xx_HAL_Driver/Src/stm32f7xx_hal_crc.c **** 
 347:Drivers/STM32F7xx_HAL_Driver/Src/stm32f7xx_hal_crc.c ****   /* Reset CRC Calculation Unit (hcrc->Instance->INIT is
 348:Drivers/STM32F7xx_HAL_Driver/Src/stm32f7xx_hal_crc.c ****   *  written in hcrc->Instance->DR) */
 349:Drivers/STM32F7xx_HAL_Driver/Src/stm32f7xx_hal_crc.c ****   __HAL_CRC_DR_RESET(hcrc);
 350:Drivers/STM32F7xx_HAL_Driver/Src/stm32f7xx_hal_crc.c **** 
 351:Drivers/STM32F7xx_HAL_Driver/Src/stm32f7xx_hal_crc.c ****   switch (hcrc->InputDataFormat)
 352:Drivers/STM32F7xx_HAL_Driver/Src/stm32f7xx_hal_crc.c ****   {
 353:Drivers/STM32F7xx_HAL_Driver/Src/stm32f7xx_hal_crc.c ****     case CRC_INPUTDATA_FORMAT_WORDS:
 354:Drivers/STM32F7xx_HAL_Driver/Src/stm32f7xx_hal_crc.c ****       /* Enter 32-bit input data to the CRC calculator */
 355:Drivers/STM32F7xx_HAL_Driver/Src/stm32f7xx_hal_crc.c ****       for (index = 0U; index < BufferLength; index++)
 356:Drivers/STM32F7xx_HAL_Driver/Src/stm32f7xx_hal_crc.c ****       {
 357:Drivers/STM32F7xx_HAL_Driver/Src/stm32f7xx_hal_crc.c ****         hcrc->Instance->DR = pBuffer[index];
 358:Drivers/STM32F7xx_HAL_Driver/Src/stm32f7xx_hal_crc.c ****       }
 359:Drivers/STM32F7xx_HAL_Driver/Src/stm32f7xx_hal_crc.c ****       temp = hcrc->Instance->DR;
 360:Drivers/STM32F7xx_HAL_Driver/Src/stm32f7xx_hal_crc.c ****       break;
 361:Drivers/STM32F7xx_HAL_Driver/Src/stm32f7xx_hal_crc.c **** 
 362:Drivers/STM32F7xx_HAL_Driver/Src/stm32f7xx_hal_crc.c ****     case CRC_INPUTDATA_FORMAT_BYTES:
 363:Drivers/STM32F7xx_HAL_Driver/Src/stm32f7xx_hal_crc.c ****       /* Specific 8-bit input data handling  */
 364:Drivers/STM32F7xx_HAL_Driver/Src/stm32f7xx_hal_crc.c ****       temp = CRC_Handle_8(hcrc, (uint8_t *)pBuffer, BufferLength);
 365:Drivers/STM32F7xx_HAL_Driver/Src/stm32f7xx_hal_crc.c ****       break;
 366:Drivers/STM32F7xx_HAL_Driver/Src/stm32f7xx_hal_crc.c **** 
 367:Drivers/STM32F7xx_HAL_Driver/Src/stm32f7xx_hal_crc.c ****     case CRC_INPUTDATA_FORMAT_HALFWORDS:
 368:Drivers/STM32F7xx_HAL_Driver/Src/stm32f7xx_hal_crc.c ****       /* Specific 16-bit input data handling  */
 369:Drivers/STM32F7xx_HAL_Driver/Src/stm32f7xx_hal_crc.c ****       temp = CRC_Handle_16(hcrc, (uint16_t *)(void *)pBuffer, BufferLength);    /* Derogation Misra
 370:Drivers/STM32F7xx_HAL_Driver/Src/stm32f7xx_hal_crc.c ****       break;
 371:Drivers/STM32F7xx_HAL_Driver/Src/stm32f7xx_hal_crc.c **** 
 372:Drivers/STM32F7xx_HAL_Driver/Src/stm32f7xx_hal_crc.c ****     default:
ARM GAS  C:\Users\seblo\AppData\Local\Temp\ccAPSgal.s 			page 8


 373:Drivers/STM32F7xx_HAL_Driver/Src/stm32f7xx_hal_crc.c ****       break;
 374:Drivers/STM32F7xx_HAL_Driver/Src/stm32f7xx_hal_crc.c ****   }
 375:Drivers/STM32F7xx_HAL_Driver/Src/stm32f7xx_hal_crc.c **** 
 376:Drivers/STM32F7xx_HAL_Driver/Src/stm32f7xx_hal_crc.c ****   /* Change CRC peripheral state */
 377:Drivers/STM32F7xx_HAL_Driver/Src/stm32f7xx_hal_crc.c ****   hcrc->State = HAL_CRC_STATE_READY;
 378:Drivers/STM32F7xx_HAL_Driver/Src/stm32f7xx_hal_crc.c **** 
 379:Drivers/STM32F7xx_HAL_Driver/Src/stm32f7xx_hal_crc.c ****   /* Return the CRC computed value */
 380:Drivers/STM32F7xx_HAL_Driver/Src/stm32f7xx_hal_crc.c ****   return temp;
 381:Drivers/STM32F7xx_HAL_Driver/Src/stm32f7xx_hal_crc.c **** }
 382:Drivers/STM32F7xx_HAL_Driver/Src/stm32f7xx_hal_crc.c **** 
 383:Drivers/STM32F7xx_HAL_Driver/Src/stm32f7xx_hal_crc.c **** /**
 384:Drivers/STM32F7xx_HAL_Driver/Src/stm32f7xx_hal_crc.c ****   * @}
 385:Drivers/STM32F7xx_HAL_Driver/Src/stm32f7xx_hal_crc.c ****   */
 386:Drivers/STM32F7xx_HAL_Driver/Src/stm32f7xx_hal_crc.c **** 
 387:Drivers/STM32F7xx_HAL_Driver/Src/stm32f7xx_hal_crc.c **** /** @defgroup CRC_Exported_Functions_Group3 Peripheral State functions
 388:Drivers/STM32F7xx_HAL_Driver/Src/stm32f7xx_hal_crc.c ****  *  @brief    Peripheral State functions.
 389:Drivers/STM32F7xx_HAL_Driver/Src/stm32f7xx_hal_crc.c ****  *
 390:Drivers/STM32F7xx_HAL_Driver/Src/stm32f7xx_hal_crc.c **** @verbatim
 391:Drivers/STM32F7xx_HAL_Driver/Src/stm32f7xx_hal_crc.c ****  ===============================================================================
 392:Drivers/STM32F7xx_HAL_Driver/Src/stm32f7xx_hal_crc.c ****                       ##### Peripheral State functions #####
 393:Drivers/STM32F7xx_HAL_Driver/Src/stm32f7xx_hal_crc.c ****  ===============================================================================
 394:Drivers/STM32F7xx_HAL_Driver/Src/stm32f7xx_hal_crc.c ****     [..]
 395:Drivers/STM32F7xx_HAL_Driver/Src/stm32f7xx_hal_crc.c ****     This subsection permits to get in run-time the status of the peripheral.
 396:Drivers/STM32F7xx_HAL_Driver/Src/stm32f7xx_hal_crc.c **** 
 397:Drivers/STM32F7xx_HAL_Driver/Src/stm32f7xx_hal_crc.c **** @endverbatim
 398:Drivers/STM32F7xx_HAL_Driver/Src/stm32f7xx_hal_crc.c ****   * @{
 399:Drivers/STM32F7xx_HAL_Driver/Src/stm32f7xx_hal_crc.c ****   */
 400:Drivers/STM32F7xx_HAL_Driver/Src/stm32f7xx_hal_crc.c **** 
 401:Drivers/STM32F7xx_HAL_Driver/Src/stm32f7xx_hal_crc.c **** /**
 402:Drivers/STM32F7xx_HAL_Driver/Src/stm32f7xx_hal_crc.c ****   * @brief  Return the CRC handle state.
 403:Drivers/STM32F7xx_HAL_Driver/Src/stm32f7xx_hal_crc.c ****   * @param  hcrc CRC handle
 404:Drivers/STM32F7xx_HAL_Driver/Src/stm32f7xx_hal_crc.c ****   * @retval HAL state
 405:Drivers/STM32F7xx_HAL_Driver/Src/stm32f7xx_hal_crc.c ****   */
 406:Drivers/STM32F7xx_HAL_Driver/Src/stm32f7xx_hal_crc.c **** HAL_CRC_StateTypeDef HAL_CRC_GetState(CRC_HandleTypeDef *hcrc)
 407:Drivers/STM32F7xx_HAL_Driver/Src/stm32f7xx_hal_crc.c **** {
 408:Drivers/STM32F7xx_HAL_Driver/Src/stm32f7xx_hal_crc.c ****   /* Return CRC handle state */
 409:Drivers/STM32F7xx_HAL_Driver/Src/stm32f7xx_hal_crc.c ****   return hcrc->State;
 410:Drivers/STM32F7xx_HAL_Driver/Src/stm32f7xx_hal_crc.c **** }
 411:Drivers/STM32F7xx_HAL_Driver/Src/stm32f7xx_hal_crc.c **** 
 412:Drivers/STM32F7xx_HAL_Driver/Src/stm32f7xx_hal_crc.c **** /**
 413:Drivers/STM32F7xx_HAL_Driver/Src/stm32f7xx_hal_crc.c ****   * @}
 414:Drivers/STM32F7xx_HAL_Driver/Src/stm32f7xx_hal_crc.c ****   */
 415:Drivers/STM32F7xx_HAL_Driver/Src/stm32f7xx_hal_crc.c **** 
 416:Drivers/STM32F7xx_HAL_Driver/Src/stm32f7xx_hal_crc.c **** /**
 417:Drivers/STM32F7xx_HAL_Driver/Src/stm32f7xx_hal_crc.c ****   * @}
 418:Drivers/STM32F7xx_HAL_Driver/Src/stm32f7xx_hal_crc.c ****   */
 419:Drivers/STM32F7xx_HAL_Driver/Src/stm32f7xx_hal_crc.c **** 
 420:Drivers/STM32F7xx_HAL_Driver/Src/stm32f7xx_hal_crc.c **** /** @addtogroup CRC_Private_Functions
 421:Drivers/STM32F7xx_HAL_Driver/Src/stm32f7xx_hal_crc.c ****  * @{
 422:Drivers/STM32F7xx_HAL_Driver/Src/stm32f7xx_hal_crc.c ****  */
 423:Drivers/STM32F7xx_HAL_Driver/Src/stm32f7xx_hal_crc.c **** 
 424:Drivers/STM32F7xx_HAL_Driver/Src/stm32f7xx_hal_crc.c **** /**
 425:Drivers/STM32F7xx_HAL_Driver/Src/stm32f7xx_hal_crc.c ****   * @brief  Enter 8-bit input data to the CRC calculator.
 426:Drivers/STM32F7xx_HAL_Driver/Src/stm32f7xx_hal_crc.c ****   *         Specific data handling to optimize processing time.
 427:Drivers/STM32F7xx_HAL_Driver/Src/stm32f7xx_hal_crc.c ****   * @param  hcrc CRC handle
 428:Drivers/STM32F7xx_HAL_Driver/Src/stm32f7xx_hal_crc.c ****   * @param  pBuffer pointer to the input data buffer
 429:Drivers/STM32F7xx_HAL_Driver/Src/stm32f7xx_hal_crc.c ****   * @param  BufferLength input data buffer length
ARM GAS  C:\Users\seblo\AppData\Local\Temp\ccAPSgal.s 			page 9


 430:Drivers/STM32F7xx_HAL_Driver/Src/stm32f7xx_hal_crc.c ****   * @retval uint32_t CRC (returned value LSBs for CRC shorter than 32 bits)
 431:Drivers/STM32F7xx_HAL_Driver/Src/stm32f7xx_hal_crc.c ****   */
 432:Drivers/STM32F7xx_HAL_Driver/Src/stm32f7xx_hal_crc.c **** static uint32_t CRC_Handle_8(CRC_HandleTypeDef *hcrc, uint8_t pBuffer[], uint32_t BufferLength)
 433:Drivers/STM32F7xx_HAL_Driver/Src/stm32f7xx_hal_crc.c **** {
  29              		.loc 1 433 1 view -0
  30              		.cfi_startproc
  31              		@ args = 0, pretend = 0, frame = 0
  32              		@ frame_needed = 0, uses_anonymous_args = 0
  33              		.loc 1 433 1 is_stmt 0 view .LVU1
  34 0000 10B5     		push	{r4, lr}
  35              	.LCFI0:
  36              		.cfi_def_cfa_offset 8
  37              		.cfi_offset 4, -8
  38              		.cfi_offset 14, -4
 434:Drivers/STM32F7xx_HAL_Driver/Src/stm32f7xx_hal_crc.c ****   uint32_t i; /* input data buffer index */
  39              		.loc 1 434 3 is_stmt 1 view .LVU2
 435:Drivers/STM32F7xx_HAL_Driver/Src/stm32f7xx_hal_crc.c ****   uint16_t data;
  40              		.loc 1 435 3 view .LVU3
 436:Drivers/STM32F7xx_HAL_Driver/Src/stm32f7xx_hal_crc.c ****   __IO uint16_t *pReg;
  41              		.loc 1 436 3 view .LVU4
 437:Drivers/STM32F7xx_HAL_Driver/Src/stm32f7xx_hal_crc.c **** 
 438:Drivers/STM32F7xx_HAL_Driver/Src/stm32f7xx_hal_crc.c ****   /* Processing time optimization: 4 bytes are entered in a row with a single word write,
 439:Drivers/STM32F7xx_HAL_Driver/Src/stm32f7xx_hal_crc.c ****    * last bytes must be carefully fed to the CRC calculator to ensure a correct type
 440:Drivers/STM32F7xx_HAL_Driver/Src/stm32f7xx_hal_crc.c ****    * handling by the peripheral */
 441:Drivers/STM32F7xx_HAL_Driver/Src/stm32f7xx_hal_crc.c ****   for (i = 0U; i < (BufferLength / 4U); i++)
  42              		.loc 1 441 3 view .LVU5
  43              	.LVL1:
  44              		.loc 1 441 10 is_stmt 0 view .LVU6
  45 0002 4FF0000C 		mov	ip, #0
  46              		.loc 1 441 3 view .LVU7
  47 0006 14E0     		b	.L2
  48              	.LVL2:
  49              	.L3:
 442:Drivers/STM32F7xx_HAL_Driver/Src/stm32f7xx_hal_crc.c ****   {
 443:Drivers/STM32F7xx_HAL_Driver/Src/stm32f7xx_hal_crc.c ****     hcrc->Instance->DR = ((uint32_t)pBuffer[4U * i] << 24U) | \
  50              		.loc 1 443 5 is_stmt 1 discriminator 3 view .LVU8
  51              		.loc 1 443 44 is_stmt 0 discriminator 3 view .LVU9
  52 0008 11F82C40 		ldrb	r4, [r1, ip, lsl #2]	@ zero_extendqisi2
 444:Drivers/STM32F7xx_HAL_Driver/Src/stm32f7xx_hal_crc.c ****                          ((uint32_t)pBuffer[(4U * i) + 1U] << 16U) | \
  53              		.loc 1 444 44 discriminator 3 view .LVU10
  54 000c 01EB8C0E 		add	lr, r1, ip, lsl #2
  55 0010 9EF80130 		ldrb	r3, [lr, #1]	@ zero_extendqisi2
  56              		.loc 1 444 60 discriminator 3 view .LVU11
  57 0014 1B04     		lsls	r3, r3, #16
 443:Drivers/STM32F7xx_HAL_Driver/Src/stm32f7xx_hal_crc.c ****                          ((uint32_t)pBuffer[(4U * i) + 1U] << 16U) | \
  58              		.loc 1 443 61 discriminator 3 view .LVU12
  59 0016 43EA0463 		orr	r3, r3, r4, lsl #24
 445:Drivers/STM32F7xx_HAL_Driver/Src/stm32f7xx_hal_crc.c ****                          ((uint32_t)pBuffer[(4U * i) + 2U] << 8U)  | \
  60              		.loc 1 445 44 discriminator 3 view .LVU13
  61 001a 9EF80240 		ldrb	r4, [lr, #2]	@ zero_extendqisi2
 444:Drivers/STM32F7xx_HAL_Driver/Src/stm32f7xx_hal_crc.c ****                          ((uint32_t)pBuffer[(4U * i) + 1U] << 16U) | \
  62              		.loc 1 444 68 discriminator 3 view .LVU14
  63 001e 43EA0423 		orr	r3, r3, r4, lsl #8
 446:Drivers/STM32F7xx_HAL_Driver/Src/stm32f7xx_hal_crc.c ****                          (uint32_t)pBuffer[(4U * i) + 3U];
  64              		.loc 1 446 43 discriminator 3 view .LVU15
  65 0022 9EF803E0 		ldrb	lr, [lr, #3]	@ zero_extendqisi2
 445:Drivers/STM32F7xx_HAL_Driver/Src/stm32f7xx_hal_crc.c ****                          ((uint32_t)pBuffer[(4U * i) + 2U] << 8U)  | \
ARM GAS  C:\Users\seblo\AppData\Local\Temp\ccAPSgal.s 			page 10


  66              		.loc 1 445 68 discriminator 3 view .LVU16
  67 0026 43EA0E03 		orr	r3, r3, lr
 443:Drivers/STM32F7xx_HAL_Driver/Src/stm32f7xx_hal_crc.c ****                          ((uint32_t)pBuffer[(4U * i) + 1U] << 16U) | \
  68              		.loc 1 443 24 discriminator 3 view .LVU17
  69 002a 0468     		ldr	r4, [r0]
  70 002c 2360     		str	r3, [r4]
 441:Drivers/STM32F7xx_HAL_Driver/Src/stm32f7xx_hal_crc.c ****   {
  71              		.loc 1 441 41 is_stmt 1 discriminator 3 view .LVU18
 441:Drivers/STM32F7xx_HAL_Driver/Src/stm32f7xx_hal_crc.c ****   {
  72              		.loc 1 441 42 is_stmt 0 discriminator 3 view .LVU19
  73 002e 0CF1010C 		add	ip, ip, #1
  74              	.LVL3:
  75              	.L2:
 441:Drivers/STM32F7xx_HAL_Driver/Src/stm32f7xx_hal_crc.c ****   {
  76              		.loc 1 441 16 is_stmt 1 discriminator 1 view .LVU20
 441:Drivers/STM32F7xx_HAL_Driver/Src/stm32f7xx_hal_crc.c ****   {
  77              		.loc 1 441 3 is_stmt 0 discriminator 1 view .LVU21
  78 0032 BCEB920F 		cmp	ip, r2, lsr #2
  79 0036 E7D3     		bcc	.L3
 447:Drivers/STM32F7xx_HAL_Driver/Src/stm32f7xx_hal_crc.c ****   }
 448:Drivers/STM32F7xx_HAL_Driver/Src/stm32f7xx_hal_crc.c ****   /* last bytes specific handling */
 449:Drivers/STM32F7xx_HAL_Driver/Src/stm32f7xx_hal_crc.c ****   if ((BufferLength % 4U) != 0U)
  80              		.loc 1 449 3 is_stmt 1 view .LVU22
  81              		.loc 1 449 6 is_stmt 0 view .LVU23
  82 0038 12F00302 		ands	r2, r2, #3
  83              	.LVL4:
  84              		.loc 1 449 6 view .LVU24
  85 003c 05D0     		beq	.L4
 450:Drivers/STM32F7xx_HAL_Driver/Src/stm32f7xx_hal_crc.c ****   {
 451:Drivers/STM32F7xx_HAL_Driver/Src/stm32f7xx_hal_crc.c ****     if ((BufferLength % 4U) == 1U)
  86              		.loc 1 451 5 is_stmt 1 view .LVU25
  87              		.loc 1 451 8 is_stmt 0 view .LVU26
  88 003e 012A     		cmp	r2, #1
  89 0040 06D0     		beq	.L8
  90              	.L5:
 452:Drivers/STM32F7xx_HAL_Driver/Src/stm32f7xx_hal_crc.c ****     {
 453:Drivers/STM32F7xx_HAL_Driver/Src/stm32f7xx_hal_crc.c ****       *(__IO uint8_t *)(__IO void *)(&hcrc->Instance->DR) = pBuffer[4U * i];         /* Derogation 
 454:Drivers/STM32F7xx_HAL_Driver/Src/stm32f7xx_hal_crc.c ****     }
 455:Drivers/STM32F7xx_HAL_Driver/Src/stm32f7xx_hal_crc.c ****     if ((BufferLength % 4U) == 2U)
  91              		.loc 1 455 5 is_stmt 1 view .LVU27
  92              		.loc 1 455 8 is_stmt 0 view .LVU28
  93 0042 022A     		cmp	r2, #2
  94 0044 09D0     		beq	.L9
  95              	.L6:
 456:Drivers/STM32F7xx_HAL_Driver/Src/stm32f7xx_hal_crc.c ****     {
 457:Drivers/STM32F7xx_HAL_Driver/Src/stm32f7xx_hal_crc.c ****       data = ((uint16_t)(pBuffer[4U * i]) << 8U) | (uint16_t)pBuffer[(4U * i) + 1U];
 458:Drivers/STM32F7xx_HAL_Driver/Src/stm32f7xx_hal_crc.c ****       pReg = (__IO uint16_t *)(__IO void *)(&hcrc->Instance->DR);                    /* Derogation 
 459:Drivers/STM32F7xx_HAL_Driver/Src/stm32f7xx_hal_crc.c ****       *pReg = data;
 460:Drivers/STM32F7xx_HAL_Driver/Src/stm32f7xx_hal_crc.c ****     }
 461:Drivers/STM32F7xx_HAL_Driver/Src/stm32f7xx_hal_crc.c ****     if ((BufferLength % 4U) == 3U)
  96              		.loc 1 461 5 is_stmt 1 view .LVU29
  97              		.loc 1 461 8 is_stmt 0 view .LVU30
  98 0046 032A     		cmp	r2, #3
  99 0048 11D0     		beq	.L10
 100              	.LVL5:
 101              	.L4:
 462:Drivers/STM32F7xx_HAL_Driver/Src/stm32f7xx_hal_crc.c ****     {
ARM GAS  C:\Users\seblo\AppData\Local\Temp\ccAPSgal.s 			page 11


 463:Drivers/STM32F7xx_HAL_Driver/Src/stm32f7xx_hal_crc.c ****       data = ((uint16_t)(pBuffer[4U * i]) << 8U) | (uint16_t)pBuffer[(4U * i) + 1U];
 464:Drivers/STM32F7xx_HAL_Driver/Src/stm32f7xx_hal_crc.c ****       pReg = (__IO uint16_t *)(__IO void *)(&hcrc->Instance->DR);                    /* Derogation 
 465:Drivers/STM32F7xx_HAL_Driver/Src/stm32f7xx_hal_crc.c ****       *pReg = data;
 466:Drivers/STM32F7xx_HAL_Driver/Src/stm32f7xx_hal_crc.c **** 
 467:Drivers/STM32F7xx_HAL_Driver/Src/stm32f7xx_hal_crc.c ****       *(__IO uint8_t *)(__IO void *)(&hcrc->Instance->DR) = pBuffer[(4U * i) + 2U];  /* Derogation 
 468:Drivers/STM32F7xx_HAL_Driver/Src/stm32f7xx_hal_crc.c ****     }
 469:Drivers/STM32F7xx_HAL_Driver/Src/stm32f7xx_hal_crc.c ****   }
 470:Drivers/STM32F7xx_HAL_Driver/Src/stm32f7xx_hal_crc.c **** 
 471:Drivers/STM32F7xx_HAL_Driver/Src/stm32f7xx_hal_crc.c ****   /* Return the CRC computed value */
 472:Drivers/STM32F7xx_HAL_Driver/Src/stm32f7xx_hal_crc.c ****   return hcrc->Instance->DR;
 102              		.loc 1 472 3 is_stmt 1 view .LVU31
 103              		.loc 1 472 14 is_stmt 0 view .LVU32
 104 004a 0368     		ldr	r3, [r0]
 105              		.loc 1 472 24 view .LVU33
 106 004c 1868     		ldr	r0, [r3]
 107              	.LVL6:
 473:Drivers/STM32F7xx_HAL_Driver/Src/stm32f7xx_hal_crc.c **** }
 108              		.loc 1 473 1 view .LVU34
 109 004e 10BD     		pop	{r4, pc}
 110              	.LVL7:
 111              	.L8:
 453:Drivers/STM32F7xx_HAL_Driver/Src/stm32f7xx_hal_crc.c ****     }
 112              		.loc 1 453 7 is_stmt 1 view .LVU35
 453:Drivers/STM32F7xx_HAL_Driver/Src/stm32f7xx_hal_crc.c ****     }
 113              		.loc 1 453 43 is_stmt 0 view .LVU36
 114 0050 0368     		ldr	r3, [r0]
 453:Drivers/STM32F7xx_HAL_Driver/Src/stm32f7xx_hal_crc.c ****     }
 115              		.loc 1 453 68 view .LVU37
 116 0052 11F82C40 		ldrb	r4, [r1, ip, lsl #2]	@ zero_extendqisi2
 453:Drivers/STM32F7xx_HAL_Driver/Src/stm32f7xx_hal_crc.c ****     }
 117              		.loc 1 453 59 view .LVU38
 118 0056 1C70     		strb	r4, [r3]
 119 0058 F3E7     		b	.L5
 120              	.L9:
 457:Drivers/STM32F7xx_HAL_Driver/Src/stm32f7xx_hal_crc.c ****       pReg = (__IO uint16_t *)(__IO void *)(&hcrc->Instance->DR);                    /* Derogation 
 121              		.loc 1 457 7 is_stmt 1 view .LVU39
 457:Drivers/STM32F7xx_HAL_Driver/Src/stm32f7xx_hal_crc.c ****       pReg = (__IO uint16_t *)(__IO void *)(&hcrc->Instance->DR);                    /* Derogation 
 122              		.loc 1 457 33 is_stmt 0 view .LVU40
 123 005a 11F82C40 		ldrb	r4, [r1, ip, lsl #2]	@ zero_extendqisi2
 457:Drivers/STM32F7xx_HAL_Driver/Src/stm32f7xx_hal_crc.c ****       pReg = (__IO uint16_t *)(__IO void *)(&hcrc->Instance->DR);                    /* Derogation 
 124              		.loc 1 457 69 view .LVU41
 125 005e 01EB8C03 		add	r3, r1, ip, lsl #2
 126 0062 5B78     		ldrb	r3, [r3, #1]	@ zero_extendqisi2
 457:Drivers/STM32F7xx_HAL_Driver/Src/stm32f7xx_hal_crc.c ****       pReg = (__IO uint16_t *)(__IO void *)(&hcrc->Instance->DR);                    /* Derogation 
 127              		.loc 1 457 12 view .LVU42
 128 0064 43EA0423 		orr	r3, r3, r4, lsl #8
 129              	.LVL8:
 458:Drivers/STM32F7xx_HAL_Driver/Src/stm32f7xx_hal_crc.c ****       *pReg = data;
 130              		.loc 1 458 7 is_stmt 1 view .LVU43
 458:Drivers/STM32F7xx_HAL_Driver/Src/stm32f7xx_hal_crc.c ****       *pReg = data;
 131              		.loc 1 458 50 is_stmt 0 view .LVU44
 132 0068 0468     		ldr	r4, [r0]
 133              	.LVL9:
 459:Drivers/STM32F7xx_HAL_Driver/Src/stm32f7xx_hal_crc.c ****     }
 134              		.loc 1 459 7 is_stmt 1 view .LVU45
 459:Drivers/STM32F7xx_HAL_Driver/Src/stm32f7xx_hal_crc.c ****     }
 135              		.loc 1 459 13 is_stmt 0 view .LVU46
ARM GAS  C:\Users\seblo\AppData\Local\Temp\ccAPSgal.s 			page 12


 136 006a 2380     		strh	r3, [r4]	@ movhi
 137 006c EBE7     		b	.L6
 138              	.LVL10:
 139              	.L10:
 463:Drivers/STM32F7xx_HAL_Driver/Src/stm32f7xx_hal_crc.c ****       pReg = (__IO uint16_t *)(__IO void *)(&hcrc->Instance->DR);                    /* Derogation 
 140              		.loc 1 463 7 is_stmt 1 view .LVU47
 463:Drivers/STM32F7xx_HAL_Driver/Src/stm32f7xx_hal_crc.c ****       pReg = (__IO uint16_t *)(__IO void *)(&hcrc->Instance->DR);                    /* Derogation 
 141              		.loc 1 463 33 is_stmt 0 view .LVU48
 142 006e 11F82C20 		ldrb	r2, [r1, ip, lsl #2]	@ zero_extendqisi2
 463:Drivers/STM32F7xx_HAL_Driver/Src/stm32f7xx_hal_crc.c ****       pReg = (__IO uint16_t *)(__IO void *)(&hcrc->Instance->DR);                    /* Derogation 
 143              		.loc 1 463 69 view .LVU49
 144 0072 01EB8C01 		add	r1, r1, ip, lsl #2
 145              	.LVL11:
 463:Drivers/STM32F7xx_HAL_Driver/Src/stm32f7xx_hal_crc.c ****       pReg = (__IO uint16_t *)(__IO void *)(&hcrc->Instance->DR);                    /* Derogation 
 146              		.loc 1 463 69 view .LVU50
 147 0076 4B78     		ldrb	r3, [r1, #1]	@ zero_extendqisi2
 463:Drivers/STM32F7xx_HAL_Driver/Src/stm32f7xx_hal_crc.c ****       pReg = (__IO uint16_t *)(__IO void *)(&hcrc->Instance->DR);                    /* Derogation 
 148              		.loc 1 463 12 view .LVU51
 149 0078 43EA0223 		orr	r3, r3, r2, lsl #8
 150              	.LVL12:
 464:Drivers/STM32F7xx_HAL_Driver/Src/stm32f7xx_hal_crc.c ****       *pReg = data;
 151              		.loc 1 464 7 is_stmt 1 view .LVU52
 464:Drivers/STM32F7xx_HAL_Driver/Src/stm32f7xx_hal_crc.c ****       *pReg = data;
 152              		.loc 1 464 50 is_stmt 0 view .LVU53
 153 007c 0268     		ldr	r2, [r0]
 154              	.LVL13:
 465:Drivers/STM32F7xx_HAL_Driver/Src/stm32f7xx_hal_crc.c **** 
 155              		.loc 1 465 7 is_stmt 1 view .LVU54
 465:Drivers/STM32F7xx_HAL_Driver/Src/stm32f7xx_hal_crc.c **** 
 156              		.loc 1 465 13 is_stmt 0 view .LVU55
 157 007e 1380     		strh	r3, [r2]	@ movhi
 467:Drivers/STM32F7xx_HAL_Driver/Src/stm32f7xx_hal_crc.c ****     }
 158              		.loc 1 467 7 is_stmt 1 view .LVU56
 467:Drivers/STM32F7xx_HAL_Driver/Src/stm32f7xx_hal_crc.c ****     }
 159              		.loc 1 467 43 is_stmt 0 view .LVU57
 160 0080 0368     		ldr	r3, [r0]
 161              	.LVL14:
 467:Drivers/STM32F7xx_HAL_Driver/Src/stm32f7xx_hal_crc.c ****     }
 162              		.loc 1 467 68 view .LVU58
 163 0082 8A78     		ldrb	r2, [r1, #2]	@ zero_extendqisi2
 164              	.LVL15:
 467:Drivers/STM32F7xx_HAL_Driver/Src/stm32f7xx_hal_crc.c ****     }
 165              		.loc 1 467 59 view .LVU59
 166 0084 1A70     		strb	r2, [r3]
 467:Drivers/STM32F7xx_HAL_Driver/Src/stm32f7xx_hal_crc.c ****     }
 167              		.loc 1 467 59 view .LVU60
 168 0086 E0E7     		b	.L4
 169              		.cfi_endproc
 170              	.LFE148:
 172              		.section	.text.CRC_Handle_16,"ax",%progbits
 173              		.align	1
 174              		.syntax unified
 175              		.thumb
 176              		.thumb_func
 177              		.fpu fpv5-sp-d16
 179              	CRC_Handle_16:
 180              	.LVL16:
ARM GAS  C:\Users\seblo\AppData\Local\Temp\ccAPSgal.s 			page 13


 181              	.LFB149:
 474:Drivers/STM32F7xx_HAL_Driver/Src/stm32f7xx_hal_crc.c **** 
 475:Drivers/STM32F7xx_HAL_Driver/Src/stm32f7xx_hal_crc.c **** /**
 476:Drivers/STM32F7xx_HAL_Driver/Src/stm32f7xx_hal_crc.c ****   * @brief  Enter 16-bit input data to the CRC calculator.
 477:Drivers/STM32F7xx_HAL_Driver/Src/stm32f7xx_hal_crc.c ****   *         Specific data handling to optimize processing time.
 478:Drivers/STM32F7xx_HAL_Driver/Src/stm32f7xx_hal_crc.c ****   * @param  hcrc CRC handle
 479:Drivers/STM32F7xx_HAL_Driver/Src/stm32f7xx_hal_crc.c ****   * @param  pBuffer pointer to the input data buffer
 480:Drivers/STM32F7xx_HAL_Driver/Src/stm32f7xx_hal_crc.c ****   * @param  BufferLength input data buffer length
 481:Drivers/STM32F7xx_HAL_Driver/Src/stm32f7xx_hal_crc.c ****   * @retval uint32_t CRC (returned value LSBs for CRC shorter than 32 bits)
 482:Drivers/STM32F7xx_HAL_Driver/Src/stm32f7xx_hal_crc.c ****   */
 483:Drivers/STM32F7xx_HAL_Driver/Src/stm32f7xx_hal_crc.c **** static uint32_t CRC_Handle_16(CRC_HandleTypeDef *hcrc, uint16_t pBuffer[], uint32_t BufferLength)
 484:Drivers/STM32F7xx_HAL_Driver/Src/stm32f7xx_hal_crc.c **** {
 182              		.loc 1 484 1 is_stmt 1 view -0
 183              		.cfi_startproc
 184              		@ args = 0, pretend = 0, frame = 0
 185              		@ frame_needed = 0, uses_anonymous_args = 0
 186              		@ link register save eliminated.
 485:Drivers/STM32F7xx_HAL_Driver/Src/stm32f7xx_hal_crc.c ****   uint32_t i;  /* input data buffer index */
 187              		.loc 1 485 3 view .LVU62
 486:Drivers/STM32F7xx_HAL_Driver/Src/stm32f7xx_hal_crc.c ****   __IO uint16_t *pReg;
 188              		.loc 1 486 3 view .LVU63
 487:Drivers/STM32F7xx_HAL_Driver/Src/stm32f7xx_hal_crc.c **** 
 488:Drivers/STM32F7xx_HAL_Driver/Src/stm32f7xx_hal_crc.c ****   /* Processing time optimization: 2 HalfWords are entered in a row with a single word write,
 489:Drivers/STM32F7xx_HAL_Driver/Src/stm32f7xx_hal_crc.c ****    * in case of odd length, last HalfWord must be carefully fed to the CRC calculator to ensure
 490:Drivers/STM32F7xx_HAL_Driver/Src/stm32f7xx_hal_crc.c ****    * a correct type handling by the peripheral */
 491:Drivers/STM32F7xx_HAL_Driver/Src/stm32f7xx_hal_crc.c ****   for (i = 0U; i < (BufferLength / 2U); i++)
 189              		.loc 1 491 3 view .LVU64
 190              		.loc 1 491 10 is_stmt 0 view .LVU65
 191 0000 0023     		movs	r3, #0
 192              	.LVL17:
 193              		.loc 1 491 16 is_stmt 1 view .LVU66
 194              		.loc 1 491 3 is_stmt 0 view .LVU67
 195 0002 B3EB520F 		cmp	r3, r2, lsr #1
 196 0006 18D2     		bcs	.L21
 484:Drivers/STM32F7xx_HAL_Driver/Src/stm32f7xx_hal_crc.c ****   uint32_t i;  /* input data buffer index */
 197              		.loc 1 484 1 view .LVU68
 198 0008 30B4     		push	{r4, r5}
 199              	.LCFI1:
 200              		.cfi_def_cfa_offset 8
 201              		.cfi_offset 4, -8
 202              		.cfi_offset 5, -4
 203              	.L13:
 492:Drivers/STM32F7xx_HAL_Driver/Src/stm32f7xx_hal_crc.c ****   {
 493:Drivers/STM32F7xx_HAL_Driver/Src/stm32f7xx_hal_crc.c ****     hcrc->Instance->DR = ((uint32_t)pBuffer[2U * i] << 16U) | (uint32_t)pBuffer[(2U * i) + 1U];
 204              		.loc 1 493 5 is_stmt 1 discriminator 3 view .LVU69
 205              		.loc 1 493 44 is_stmt 0 discriminator 3 view .LVU70
 206 000a 31F823C0 		ldrh	ip, [r1, r3, lsl #2]
 207              		.loc 1 493 80 discriminator 3 view .LVU71
 208 000e 01EB8304 		add	r4, r1, r3, lsl #2
 209 0012 6488     		ldrh	r4, [r4, #2]
 210              		.loc 1 493 61 discriminator 3 view .LVU72
 211 0014 44EA0C44 		orr	r4, r4, ip, lsl #16
 212              		.loc 1 493 24 discriminator 3 view .LVU73
 213 0018 0568     		ldr	r5, [r0]
 214 001a 2C60     		str	r4, [r5]
 491:Drivers/STM32F7xx_HAL_Driver/Src/stm32f7xx_hal_crc.c ****   {
 215              		.loc 1 491 41 is_stmt 1 discriminator 3 view .LVU74
ARM GAS  C:\Users\seblo\AppData\Local\Temp\ccAPSgal.s 			page 14


 491:Drivers/STM32F7xx_HAL_Driver/Src/stm32f7xx_hal_crc.c ****   {
 216              		.loc 1 491 42 is_stmt 0 discriminator 3 view .LVU75
 217 001c 0133     		adds	r3, r3, #1
 218              	.LVL18:
 491:Drivers/STM32F7xx_HAL_Driver/Src/stm32f7xx_hal_crc.c ****   {
 219              		.loc 1 491 16 is_stmt 1 discriminator 3 view .LVU76
 491:Drivers/STM32F7xx_HAL_Driver/Src/stm32f7xx_hal_crc.c ****   {
 220              		.loc 1 491 3 is_stmt 0 discriminator 3 view .LVU77
 221 001e B3EB520F 		cmp	r3, r2, lsr #1
 222 0022 F2D3     		bcc	.L13
 494:Drivers/STM32F7xx_HAL_Driver/Src/stm32f7xx_hal_crc.c ****   }
 495:Drivers/STM32F7xx_HAL_Driver/Src/stm32f7xx_hal_crc.c ****   if ((BufferLength % 2U) != 0U)
 223              		.loc 1 495 3 is_stmt 1 view .LVU78
 224              		.loc 1 495 6 is_stmt 0 view .LVU79
 225 0024 12F0010F 		tst	r2, #1
 226 0028 03D0     		beq	.L14
 496:Drivers/STM32F7xx_HAL_Driver/Src/stm32f7xx_hal_crc.c ****   {
 497:Drivers/STM32F7xx_HAL_Driver/Src/stm32f7xx_hal_crc.c ****     pReg = (__IO uint16_t *)(__IO void *)(&hcrc->Instance->DR);                 /* Derogation Misra
 227              		.loc 1 497 5 is_stmt 1 view .LVU80
 228              		.loc 1 497 48 is_stmt 0 view .LVU81
 229 002a 0268     		ldr	r2, [r0]
 230              	.LVL19:
 498:Drivers/STM32F7xx_HAL_Driver/Src/stm32f7xx_hal_crc.c ****     *pReg = pBuffer[2U * i];
 231              		.loc 1 498 5 is_stmt 1 view .LVU82
 232              		.loc 1 498 20 is_stmt 0 view .LVU83
 233 002c 31F82330 		ldrh	r3, [r1, r3, lsl #2]
 234              	.LVL20:
 235              		.loc 1 498 11 view .LVU84
 236 0030 1380     		strh	r3, [r2]	@ movhi
 237              	.LVL21:
 238              	.L14:
 499:Drivers/STM32F7xx_HAL_Driver/Src/stm32f7xx_hal_crc.c ****   }
 500:Drivers/STM32F7xx_HAL_Driver/Src/stm32f7xx_hal_crc.c **** 
 501:Drivers/STM32F7xx_HAL_Driver/Src/stm32f7xx_hal_crc.c ****   /* Return the CRC computed value */
 502:Drivers/STM32F7xx_HAL_Driver/Src/stm32f7xx_hal_crc.c ****   return hcrc->Instance->DR;
 239              		.loc 1 502 3 is_stmt 1 view .LVU85
 240              		.loc 1 502 14 is_stmt 0 view .LVU86
 241 0032 0368     		ldr	r3, [r0]
 242              		.loc 1 502 24 view .LVU87
 243 0034 1868     		ldr	r0, [r3]
 244              	.LVL22:
 503:Drivers/STM32F7xx_HAL_Driver/Src/stm32f7xx_hal_crc.c **** }
 245              		.loc 1 503 1 view .LVU88
 246 0036 30BC     		pop	{r4, r5}
 247              	.LCFI2:
 248              		.cfi_restore 5
 249              		.cfi_restore 4
 250              		.cfi_def_cfa_offset 0
 251 0038 7047     		bx	lr
 252              	.LVL23:
 253              	.L21:
 495:Drivers/STM32F7xx_HAL_Driver/Src/stm32f7xx_hal_crc.c ****   {
 254              		.loc 1 495 3 is_stmt 1 view .LVU89
 495:Drivers/STM32F7xx_HAL_Driver/Src/stm32f7xx_hal_crc.c ****   {
 255              		.loc 1 495 6 is_stmt 0 view .LVU90
 256 003a 12F0010F 		tst	r2, #1
 257 003e 03D0     		beq	.L19
ARM GAS  C:\Users\seblo\AppData\Local\Temp\ccAPSgal.s 			page 15


 497:Drivers/STM32F7xx_HAL_Driver/Src/stm32f7xx_hal_crc.c ****     *pReg = pBuffer[2U * i];
 258              		.loc 1 497 5 is_stmt 1 view .LVU91
 497:Drivers/STM32F7xx_HAL_Driver/Src/stm32f7xx_hal_crc.c ****     *pReg = pBuffer[2U * i];
 259              		.loc 1 497 48 is_stmt 0 view .LVU92
 260 0040 0268     		ldr	r2, [r0]
 261              	.LVL24:
 498:Drivers/STM32F7xx_HAL_Driver/Src/stm32f7xx_hal_crc.c ****   }
 262              		.loc 1 498 5 is_stmt 1 view .LVU93
 498:Drivers/STM32F7xx_HAL_Driver/Src/stm32f7xx_hal_crc.c ****   }
 263              		.loc 1 498 20 is_stmt 0 view .LVU94
 264 0042 31F82330 		ldrh	r3, [r1, r3, lsl #2]
 265              	.LVL25:
 498:Drivers/STM32F7xx_HAL_Driver/Src/stm32f7xx_hal_crc.c ****   }
 266              		.loc 1 498 11 view .LVU95
 267 0046 1380     		strh	r3, [r2]	@ movhi
 268              	.LVL26:
 269              	.L19:
 502:Drivers/STM32F7xx_HAL_Driver/Src/stm32f7xx_hal_crc.c **** }
 270              		.loc 1 502 3 is_stmt 1 view .LVU96
 502:Drivers/STM32F7xx_HAL_Driver/Src/stm32f7xx_hal_crc.c **** }
 271              		.loc 1 502 14 is_stmt 0 view .LVU97
 272 0048 0368     		ldr	r3, [r0]
 502:Drivers/STM32F7xx_HAL_Driver/Src/stm32f7xx_hal_crc.c **** }
 273              		.loc 1 502 24 view .LVU98
 274 004a 1868     		ldr	r0, [r3]
 275              	.LVL27:
 276              		.loc 1 503 1 view .LVU99
 277 004c 7047     		bx	lr
 278              		.cfi_endproc
 279              	.LFE149:
 281              		.section	.text.HAL_CRC_MspInit,"ax",%progbits
 282              		.align	1
 283              		.weak	HAL_CRC_MspInit
 284              		.syntax unified
 285              		.thumb
 286              		.thumb_func
 287              		.fpu fpv5-sp-d16
 289              	HAL_CRC_MspInit:
 290              	.LVL28:
 291              	.LFB143:
 224:Drivers/STM32F7xx_HAL_Driver/Src/stm32f7xx_hal_crc.c ****   /* Prevent unused argument(s) compilation warning */
 292              		.loc 1 224 1 is_stmt 1 view -0
 293              		.cfi_startproc
 294              		@ args = 0, pretend = 0, frame = 0
 295              		@ frame_needed = 0, uses_anonymous_args = 0
 296              		@ link register save eliminated.
 226:Drivers/STM32F7xx_HAL_Driver/Src/stm32f7xx_hal_crc.c **** 
 297              		.loc 1 226 3 view .LVU101
 231:Drivers/STM32F7xx_HAL_Driver/Src/stm32f7xx_hal_crc.c **** 
 298              		.loc 1 231 1 is_stmt 0 view .LVU102
 299 0000 7047     		bx	lr
 300              		.cfi_endproc
 301              	.LFE143:
 303              		.section	.text.HAL_CRC_Init,"ax",%progbits
 304              		.align	1
 305              		.global	HAL_CRC_Init
 306              		.syntax unified
ARM GAS  C:\Users\seblo\AppData\Local\Temp\ccAPSgal.s 			page 16


 307              		.thumb
 308              		.thumb_func
 309              		.fpu fpv5-sp-d16
 311              	HAL_CRC_Init:
 312              	.LVL29:
 313              	.LFB141:
 104:Drivers/STM32F7xx_HAL_Driver/Src/stm32f7xx_hal_crc.c ****   /* Check the CRC handle allocation */
 314              		.loc 1 104 1 is_stmt 1 view -0
 315              		.cfi_startproc
 316              		@ args = 0, pretend = 0, frame = 0
 317              		@ frame_needed = 0, uses_anonymous_args = 0
 106:Drivers/STM32F7xx_HAL_Driver/Src/stm32f7xx_hal_crc.c ****   {
 318              		.loc 1 106 3 view .LVU104
 106:Drivers/STM32F7xx_HAL_Driver/Src/stm32f7xx_hal_crc.c ****   {
 319              		.loc 1 106 6 is_stmt 0 view .LVU105
 320 0000 0028     		cmp	r0, #0
 321 0002 38D0     		beq	.L30
 104:Drivers/STM32F7xx_HAL_Driver/Src/stm32f7xx_hal_crc.c ****   /* Check the CRC handle allocation */
 322              		.loc 1 104 1 view .LVU106
 323 0004 10B5     		push	{r4, lr}
 324              	.LCFI3:
 325              		.cfi_def_cfa_offset 8
 326              		.cfi_offset 4, -8
 327              		.cfi_offset 14, -4
 328 0006 0446     		mov	r4, r0
 112:Drivers/STM32F7xx_HAL_Driver/Src/stm32f7xx_hal_crc.c **** 
 329              		.loc 1 112 3 is_stmt 1 view .LVU107
 114:Drivers/STM32F7xx_HAL_Driver/Src/stm32f7xx_hal_crc.c ****   {
 330              		.loc 1 114 3 view .LVU108
 114:Drivers/STM32F7xx_HAL_Driver/Src/stm32f7xx_hal_crc.c ****   {
 331              		.loc 1 114 11 is_stmt 0 view .LVU109
 332 0008 437F     		ldrb	r3, [r0, #29]	@ zero_extendqisi2
 114:Drivers/STM32F7xx_HAL_Driver/Src/stm32f7xx_hal_crc.c ****   {
 333              		.loc 1 114 6 view .LVU110
 334 000a 1BB3     		cbz	r3, .L36
 335              	.LVL30:
 336              	.L25:
 122:Drivers/STM32F7xx_HAL_Driver/Src/stm32f7xx_hal_crc.c **** 
 337              		.loc 1 122 3 is_stmt 1 view .LVU111
 122:Drivers/STM32F7xx_HAL_Driver/Src/stm32f7xx_hal_crc.c **** 
 338              		.loc 1 122 15 is_stmt 0 view .LVU112
 339 000c 0223     		movs	r3, #2
 340 000e 6377     		strb	r3, [r4, #29]
 126:Drivers/STM32F7xx_HAL_Driver/Src/stm32f7xx_hal_crc.c ****   if (hcrc->Init.DefaultPolynomialUse == DEFAULT_POLYNOMIAL_ENABLE)
 341              		.loc 1 126 3 is_stmt 1 view .LVU113
 127:Drivers/STM32F7xx_HAL_Driver/Src/stm32f7xx_hal_crc.c ****   {
 342              		.loc 1 127 3 view .LVU114
 127:Drivers/STM32F7xx_HAL_Driver/Src/stm32f7xx_hal_crc.c ****   {
 343              		.loc 1 127 17 is_stmt 0 view .LVU115
 344 0010 2379     		ldrb	r3, [r4, #4]	@ zero_extendqisi2
 127:Drivers/STM32F7xx_HAL_Driver/Src/stm32f7xx_hal_crc.c ****   {
 345              		.loc 1 127 6 view .LVU116
 346 0012 1BBB     		cbnz	r3, .L26
 130:Drivers/STM32F7xx_HAL_Driver/Src/stm32f7xx_hal_crc.c ****     MODIFY_REG(hcrc->Instance->CR, CRC_CR_POLYSIZE, CRC_POLYLENGTH_32B);
 347              		.loc 1 130 5 is_stmt 1 view .LVU117
 348 0014 2368     		ldr	r3, [r4]
 349 0016 194A     		ldr	r2, .L37
ARM GAS  C:\Users\seblo\AppData\Local\Temp\ccAPSgal.s 			page 17


 350 0018 5A61     		str	r2, [r3, #20]
 131:Drivers/STM32F7xx_HAL_Driver/Src/stm32f7xx_hal_crc.c ****   }
 351              		.loc 1 131 5 view .LVU118
 352 001a 2268     		ldr	r2, [r4]
 353 001c 9368     		ldr	r3, [r2, #8]
 354 001e 23F01803 		bic	r3, r3, #24
 355 0022 9360     		str	r3, [r2, #8]
 356              	.L27:
 144:Drivers/STM32F7xx_HAL_Driver/Src/stm32f7xx_hal_crc.c ****   if (hcrc->Init.DefaultInitValueUse == DEFAULT_INIT_VALUE_ENABLE)
 357              		.loc 1 144 3 view .LVU119
 145:Drivers/STM32F7xx_HAL_Driver/Src/stm32f7xx_hal_crc.c ****   {
 358              		.loc 1 145 3 view .LVU120
 145:Drivers/STM32F7xx_HAL_Driver/Src/stm32f7xx_hal_crc.c ****   {
 359              		.loc 1 145 17 is_stmt 0 view .LVU121
 360 0024 6379     		ldrb	r3, [r4, #5]	@ zero_extendqisi2
 145:Drivers/STM32F7xx_HAL_Driver/Src/stm32f7xx_hal_crc.c ****   {
 361              		.loc 1 145 6 view .LVU122
 362 0026 13BB     		cbnz	r3, .L28
 147:Drivers/STM32F7xx_HAL_Driver/Src/stm32f7xx_hal_crc.c ****   }
 363              		.loc 1 147 5 is_stmt 1 view .LVU123
 364 0028 2368     		ldr	r3, [r4]
 365 002a 4FF0FF32 		mov	r2, #-1
 366 002e 1A61     		str	r2, [r3, #16]
 367              	.L29:
 156:Drivers/STM32F7xx_HAL_Driver/Src/stm32f7xx_hal_crc.c ****   MODIFY_REG(hcrc->Instance->CR, CRC_CR_REV_IN, hcrc->Init.InputDataInversionMode);
 368              		.loc 1 156 3 view .LVU124
 157:Drivers/STM32F7xx_HAL_Driver/Src/stm32f7xx_hal_crc.c **** 
 369              		.loc 1 157 3 view .LVU125
 370 0030 2268     		ldr	r2, [r4]
 371 0032 9368     		ldr	r3, [r2, #8]
 372 0034 23F06003 		bic	r3, r3, #96
 373 0038 6169     		ldr	r1, [r4, #20]
 374 003a 0B43     		orrs	r3, r3, r1
 375 003c 9360     		str	r3, [r2, #8]
 160:Drivers/STM32F7xx_HAL_Driver/Src/stm32f7xx_hal_crc.c ****   MODIFY_REG(hcrc->Instance->CR, CRC_CR_REV_OUT, hcrc->Init.OutputDataInversionMode);
 376              		.loc 1 160 3 view .LVU126
 161:Drivers/STM32F7xx_HAL_Driver/Src/stm32f7xx_hal_crc.c **** 
 377              		.loc 1 161 3 view .LVU127
 378 003e 2268     		ldr	r2, [r4]
 379 0040 9368     		ldr	r3, [r2, #8]
 380 0042 23F08003 		bic	r3, r3, #128
 381 0046 A169     		ldr	r1, [r4, #24]
 382 0048 0B43     		orrs	r3, r3, r1
 383 004a 9360     		str	r3, [r2, #8]
 165:Drivers/STM32F7xx_HAL_Driver/Src/stm32f7xx_hal_crc.c **** 
 384              		.loc 1 165 3 view .LVU128
 168:Drivers/STM32F7xx_HAL_Driver/Src/stm32f7xx_hal_crc.c **** 
 385              		.loc 1 168 3 view .LVU129
 168:Drivers/STM32F7xx_HAL_Driver/Src/stm32f7xx_hal_crc.c **** 
 386              		.loc 1 168 15 is_stmt 0 view .LVU130
 387 004c 0123     		movs	r3, #1
 388 004e 6377     		strb	r3, [r4, #29]
 171:Drivers/STM32F7xx_HAL_Driver/Src/stm32f7xx_hal_crc.c **** }
 389              		.loc 1 171 3 is_stmt 1 view .LVU131
 171:Drivers/STM32F7xx_HAL_Driver/Src/stm32f7xx_hal_crc.c **** }
 390              		.loc 1 171 10 is_stmt 0 view .LVU132
 391 0050 0020     		movs	r0, #0
ARM GAS  C:\Users\seblo\AppData\Local\Temp\ccAPSgal.s 			page 18


 392              	.L24:
 172:Drivers/STM32F7xx_HAL_Driver/Src/stm32f7xx_hal_crc.c **** 
 393              		.loc 1 172 1 view .LVU133
 394 0052 10BD     		pop	{r4, pc}
 395              	.LVL31:
 396              	.L36:
 117:Drivers/STM32F7xx_HAL_Driver/Src/stm32f7xx_hal_crc.c ****     /* Init the low level hardware */
 397              		.loc 1 117 5 is_stmt 1 view .LVU134
 117:Drivers/STM32F7xx_HAL_Driver/Src/stm32f7xx_hal_crc.c ****     /* Init the low level hardware */
 398              		.loc 1 117 16 is_stmt 0 view .LVU135
 399 0054 0377     		strb	r3, [r0, #28]
 119:Drivers/STM32F7xx_HAL_Driver/Src/stm32f7xx_hal_crc.c ****   }
 400              		.loc 1 119 5 is_stmt 1 view .LVU136
 401 0056 FFF7FEFF 		bl	HAL_CRC_MspInit
 402              	.LVL32:
 119:Drivers/STM32F7xx_HAL_Driver/Src/stm32f7xx_hal_crc.c ****   }
 403              		.loc 1 119 5 is_stmt 0 view .LVU137
 404 005a D7E7     		b	.L25
 405              	.L26:
 136:Drivers/STM32F7xx_HAL_Driver/Src/stm32f7xx_hal_crc.c ****     {
 406              		.loc 1 136 5 is_stmt 1 view .LVU138
 136:Drivers/STM32F7xx_HAL_Driver/Src/stm32f7xx_hal_crc.c ****     {
 407              		.loc 1 136 9 is_stmt 0 view .LVU139
 408 005c E268     		ldr	r2, [r4, #12]
 409 005e A168     		ldr	r1, [r4, #8]
 410 0060 2046     		mov	r0, r4
 411 0062 FFF7FEFF 		bl	HAL_CRCEx_Polynomial_Set
 412              	.LVL33:
 136:Drivers/STM32F7xx_HAL_Driver/Src/stm32f7xx_hal_crc.c ****     {
 413              		.loc 1 136 8 view .LVU140
 414 0066 0028     		cmp	r0, #0
 415 0068 DCD0     		beq	.L27
 138:Drivers/STM32F7xx_HAL_Driver/Src/stm32f7xx_hal_crc.c ****     }
 416              		.loc 1 138 14 view .LVU141
 417 006a 0120     		movs	r0, #1
 418 006c F1E7     		b	.L24
 419              	.L28:
 151:Drivers/STM32F7xx_HAL_Driver/Src/stm32f7xx_hal_crc.c ****   }
 420              		.loc 1 151 5 is_stmt 1 view .LVU142
 421 006e 2368     		ldr	r3, [r4]
 422 0070 2269     		ldr	r2, [r4, #16]
 423 0072 1A61     		str	r2, [r3, #16]
 424 0074 DCE7     		b	.L29
 425              	.LVL34:
 426              	.L30:
 427              	.LCFI4:
 428              		.cfi_def_cfa_offset 0
 429              		.cfi_restore 4
 430              		.cfi_restore 14
 108:Drivers/STM32F7xx_HAL_Driver/Src/stm32f7xx_hal_crc.c ****   }
 431              		.loc 1 108 12 is_stmt 0 view .LVU143
 432 0076 0120     		movs	r0, #1
 433              	.LVL35:
 172:Drivers/STM32F7xx_HAL_Driver/Src/stm32f7xx_hal_crc.c **** 
 434              		.loc 1 172 1 view .LVU144
 435 0078 7047     		bx	lr
 436              	.L38:
ARM GAS  C:\Users\seblo\AppData\Local\Temp\ccAPSgal.s 			page 19


 437 007a 00BF     		.align	2
 438              	.L37:
 439 007c B71DC104 		.word	79764919
 440              		.cfi_endproc
 441              	.LFE141:
 443              		.section	.text.HAL_CRC_MspDeInit,"ax",%progbits
 444              		.align	1
 445              		.weak	HAL_CRC_MspDeInit
 446              		.syntax unified
 447              		.thumb
 448              		.thumb_func
 449              		.fpu fpv5-sp-d16
 451              	HAL_CRC_MspDeInit:
 452              	.LVL36:
 453              	.LFB144:
 239:Drivers/STM32F7xx_HAL_Driver/Src/stm32f7xx_hal_crc.c ****   /* Prevent unused argument(s) compilation warning */
 454              		.loc 1 239 1 is_stmt 1 view -0
 455              		.cfi_startproc
 456              		@ args = 0, pretend = 0, frame = 0
 457              		@ frame_needed = 0, uses_anonymous_args = 0
 458              		@ link register save eliminated.
 241:Drivers/STM32F7xx_HAL_Driver/Src/stm32f7xx_hal_crc.c **** 
 459              		.loc 1 241 3 view .LVU146
 246:Drivers/STM32F7xx_HAL_Driver/Src/stm32f7xx_hal_crc.c **** 
 460              		.loc 1 246 1 is_stmt 0 view .LVU147
 461 0000 7047     		bx	lr
 462              		.cfi_endproc
 463              	.LFE144:
 465              		.section	.text.HAL_CRC_DeInit,"ax",%progbits
 466              		.align	1
 467              		.global	HAL_CRC_DeInit
 468              		.syntax unified
 469              		.thumb
 470              		.thumb_func
 471              		.fpu fpv5-sp-d16
 473              	HAL_CRC_DeInit:
 474              	.LVL37:
 475              	.LFB142:
 180:Drivers/STM32F7xx_HAL_Driver/Src/stm32f7xx_hal_crc.c ****   /* Check the CRC handle allocation */
 476              		.loc 1 180 1 is_stmt 1 view -0
 477              		.cfi_startproc
 478              		@ args = 0, pretend = 0, frame = 0
 479              		@ frame_needed = 0, uses_anonymous_args = 0
 182:Drivers/STM32F7xx_HAL_Driver/Src/stm32f7xx_hal_crc.c ****   {
 480              		.loc 1 182 3 view .LVU149
 182:Drivers/STM32F7xx_HAL_Driver/Src/stm32f7xx_hal_crc.c ****   {
 481              		.loc 1 182 6 is_stmt 0 view .LVU150
 482 0000 B8B1     		cbz	r0, .L42
 180:Drivers/STM32F7xx_HAL_Driver/Src/stm32f7xx_hal_crc.c ****   /* Check the CRC handle allocation */
 483              		.loc 1 180 1 view .LVU151
 484 0002 38B5     		push	{r3, r4, r5, lr}
 485              	.LCFI5:
 486              		.cfi_def_cfa_offset 16
 487              		.cfi_offset 3, -16
 488              		.cfi_offset 4, -12
 489              		.cfi_offset 5, -8
 490              		.cfi_offset 14, -4
ARM GAS  C:\Users\seblo\AppData\Local\Temp\ccAPSgal.s 			page 20


 491 0004 0546     		mov	r5, r0
 188:Drivers/STM32F7xx_HAL_Driver/Src/stm32f7xx_hal_crc.c **** 
 492              		.loc 1 188 3 is_stmt 1 view .LVU152
 191:Drivers/STM32F7xx_HAL_Driver/Src/stm32f7xx_hal_crc.c ****   {
 493              		.loc 1 191 3 view .LVU153
 191:Drivers/STM32F7xx_HAL_Driver/Src/stm32f7xx_hal_crc.c ****   {
 494              		.loc 1 191 11 is_stmt 0 view .LVU154
 495 0006 407F     		ldrb	r0, [r0, #29]	@ zero_extendqisi2
 496              	.LVL38:
 191:Drivers/STM32F7xx_HAL_Driver/Src/stm32f7xx_hal_crc.c ****   {
 497              		.loc 1 191 11 view .LVU155
 498 0008 C0B2     		uxtb	r0, r0
 191:Drivers/STM32F7xx_HAL_Driver/Src/stm32f7xx_hal_crc.c ****   {
 499              		.loc 1 191 6 view .LVU156
 500 000a 0228     		cmp	r0, #2
 501 000c 10D0     		beq	.L41
 197:Drivers/STM32F7xx_HAL_Driver/Src/stm32f7xx_hal_crc.c **** 
 502              		.loc 1 197 3 is_stmt 1 view .LVU157
 197:Drivers/STM32F7xx_HAL_Driver/Src/stm32f7xx_hal_crc.c **** 
 503              		.loc 1 197 15 is_stmt 0 view .LVU158
 504 000e 0223     		movs	r3, #2
 505 0010 6B77     		strb	r3, [r5, #29]
 200:Drivers/STM32F7xx_HAL_Driver/Src/stm32f7xx_hal_crc.c **** 
 506              		.loc 1 200 3 is_stmt 1 view .LVU159
 507 0012 2A68     		ldr	r2, [r5]
 508 0014 9368     		ldr	r3, [r2, #8]
 509 0016 43F00103 		orr	r3, r3, #1
 510 001a 9360     		str	r3, [r2, #8]
 203:Drivers/STM32F7xx_HAL_Driver/Src/stm32f7xx_hal_crc.c **** 
 511              		.loc 1 203 3 view .LVU160
 512 001c 2B68     		ldr	r3, [r5]
 513 001e 1A79     		ldrb	r2, [r3, #4]	@ zero_extendqisi2
 514 0020 0024     		movs	r4, #0
 515 0022 1C71     		strb	r4, [r3, #4]
 206:Drivers/STM32F7xx_HAL_Driver/Src/stm32f7xx_hal_crc.c **** 
 516              		.loc 1 206 3 view .LVU161
 517 0024 2846     		mov	r0, r5
 518 0026 FFF7FEFF 		bl	HAL_CRC_MspDeInit
 519              	.LVL39:
 209:Drivers/STM32F7xx_HAL_Driver/Src/stm32f7xx_hal_crc.c **** 
 520              		.loc 1 209 3 view .LVU162
 209:Drivers/STM32F7xx_HAL_Driver/Src/stm32f7xx_hal_crc.c **** 
 521              		.loc 1 209 15 is_stmt 0 view .LVU163
 522 002a 6C77     		strb	r4, [r5, #29]
 212:Drivers/STM32F7xx_HAL_Driver/Src/stm32f7xx_hal_crc.c **** 
 523              		.loc 1 212 3 is_stmt 1 view .LVU164
 212:Drivers/STM32F7xx_HAL_Driver/Src/stm32f7xx_hal_crc.c **** 
 524              		.loc 1 212 3 view .LVU165
 525 002c 2C77     		strb	r4, [r5, #28]
 212:Drivers/STM32F7xx_HAL_Driver/Src/stm32f7xx_hal_crc.c **** 
 526              		.loc 1 212 3 view .LVU166
 215:Drivers/STM32F7xx_HAL_Driver/Src/stm32f7xx_hal_crc.c **** }
 527              		.loc 1 215 3 view .LVU167
 215:Drivers/STM32F7xx_HAL_Driver/Src/stm32f7xx_hal_crc.c **** }
 528              		.loc 1 215 10 is_stmt 0 view .LVU168
 529 002e 2046     		mov	r0, r4
 530              	.L41:
ARM GAS  C:\Users\seblo\AppData\Local\Temp\ccAPSgal.s 			page 21


 216:Drivers/STM32F7xx_HAL_Driver/Src/stm32f7xx_hal_crc.c **** 
 531              		.loc 1 216 1 view .LVU169
 532 0030 38BD     		pop	{r3, r4, r5, pc}
 533              	.LVL40:
 534              	.L42:
 535              	.LCFI6:
 536              		.cfi_def_cfa_offset 0
 537              		.cfi_restore 3
 538              		.cfi_restore 4
 539              		.cfi_restore 5
 540              		.cfi_restore 14
 184:Drivers/STM32F7xx_HAL_Driver/Src/stm32f7xx_hal_crc.c ****   }
 541              		.loc 1 184 12 view .LVU170
 542 0032 0120     		movs	r0, #1
 543              	.LVL41:
 216:Drivers/STM32F7xx_HAL_Driver/Src/stm32f7xx_hal_crc.c **** 
 544              		.loc 1 216 1 view .LVU171
 545 0034 7047     		bx	lr
 546              		.cfi_endproc
 547              	.LFE142:
 549              		.section	.text.HAL_CRC_Accumulate,"ax",%progbits
 550              		.align	1
 551              		.global	HAL_CRC_Accumulate
 552              		.syntax unified
 553              		.thumb
 554              		.thumb_func
 555              		.fpu fpv5-sp-d16
 557              	HAL_CRC_Accumulate:
 558              	.LVL42:
 559              	.LFB145:
 288:Drivers/STM32F7xx_HAL_Driver/Src/stm32f7xx_hal_crc.c ****   uint32_t index;      /* CRC input data buffer index */
 560              		.loc 1 288 1 is_stmt 1 view -0
 561              		.cfi_startproc
 562              		@ args = 0, pretend = 0, frame = 0
 563              		@ frame_needed = 0, uses_anonymous_args = 0
 288:Drivers/STM32F7xx_HAL_Driver/Src/stm32f7xx_hal_crc.c ****   uint32_t index;      /* CRC input data buffer index */
 564              		.loc 1 288 1 is_stmt 0 view .LVU173
 565 0000 38B5     		push	{r3, r4, r5, lr}
 566              	.LCFI7:
 567              		.cfi_def_cfa_offset 16
 568              		.cfi_offset 3, -16
 569              		.cfi_offset 4, -12
 570              		.cfi_offset 5, -8
 571              		.cfi_offset 14, -4
 572 0002 0446     		mov	r4, r0
 289:Drivers/STM32F7xx_HAL_Driver/Src/stm32f7xx_hal_crc.c ****   uint32_t temp = 0U;  /* CRC output (read from hcrc->Instance->DR register) */
 573              		.loc 1 289 3 is_stmt 1 view .LVU174
 290:Drivers/STM32F7xx_HAL_Driver/Src/stm32f7xx_hal_crc.c **** 
 574              		.loc 1 290 3 view .LVU175
 575              	.LVL43:
 293:Drivers/STM32F7xx_HAL_Driver/Src/stm32f7xx_hal_crc.c **** 
 576              		.loc 1 293 3 view .LVU176
 293:Drivers/STM32F7xx_HAL_Driver/Src/stm32f7xx_hal_crc.c **** 
 577              		.loc 1 293 15 is_stmt 0 view .LVU177
 578 0004 0223     		movs	r3, #2
 579 0006 4377     		strb	r3, [r0, #29]
 295:Drivers/STM32F7xx_HAL_Driver/Src/stm32f7xx_hal_crc.c ****   {
ARM GAS  C:\Users\seblo\AppData\Local\Temp\ccAPSgal.s 			page 22


 580              		.loc 1 295 3 is_stmt 1 view .LVU178
 295:Drivers/STM32F7xx_HAL_Driver/Src/stm32f7xx_hal_crc.c ****   {
 581              		.loc 1 295 15 is_stmt 0 view .LVU179
 582 0008 036A     		ldr	r3, [r0, #32]
 295:Drivers/STM32F7xx_HAL_Driver/Src/stm32f7xx_hal_crc.c ****   {
 583              		.loc 1 295 3 view .LVU180
 584 000a 022B     		cmp	r3, #2
 585 000c 16D0     		beq	.L48
 586 000e 032B     		cmp	r3, #3
 587 0010 0FD0     		beq	.L53
 588 0012 012B     		cmp	r3, #1
 589 0014 0FD0     		beq	.L50
 590 0016 0020     		movs	r0, #0
 591              	.LVL44:
 592              	.L51:
 318:Drivers/STM32F7xx_HAL_Driver/Src/stm32f7xx_hal_crc.c **** 
 593              		.loc 1 318 3 is_stmt 1 view .LVU181
 318:Drivers/STM32F7xx_HAL_Driver/Src/stm32f7xx_hal_crc.c **** 
 594              		.loc 1 318 15 is_stmt 0 view .LVU182
 595 0018 0123     		movs	r3, #1
 596 001a 6377     		strb	r3, [r4, #29]
 321:Drivers/STM32F7xx_HAL_Driver/Src/stm32f7xx_hal_crc.c **** }
 597              		.loc 1 321 3 is_stmt 1 view .LVU183
 322:Drivers/STM32F7xx_HAL_Driver/Src/stm32f7xx_hal_crc.c **** 
 598              		.loc 1 322 1 is_stmt 0 view .LVU184
 599 001c 38BD     		pop	{r3, r4, r5, pc}
 600              	.LVL45:
 601              	.L52:
 301:Drivers/STM32F7xx_HAL_Driver/Src/stm32f7xx_hal_crc.c ****       }
 602              		.loc 1 301 9 is_stmt 1 discriminator 3 view .LVU185
 301:Drivers/STM32F7xx_HAL_Driver/Src/stm32f7xx_hal_crc.c ****       }
 603              		.loc 1 301 13 is_stmt 0 discriminator 3 view .LVU186
 604 001e 2068     		ldr	r0, [r4]
 301:Drivers/STM32F7xx_HAL_Driver/Src/stm32f7xx_hal_crc.c ****       }
 605              		.loc 1 301 28 discriminator 3 view .LVU187
 606 0020 51F82350 		ldr	r5, [r1, r3, lsl #2]
 607 0024 0560     		str	r5, [r0]
 299:Drivers/STM32F7xx_HAL_Driver/Src/stm32f7xx_hal_crc.c ****       {
 608              		.loc 1 299 46 is_stmt 1 discriminator 3 view .LVU188
 299:Drivers/STM32F7xx_HAL_Driver/Src/stm32f7xx_hal_crc.c ****       {
 609              		.loc 1 299 51 is_stmt 0 discriminator 3 view .LVU189
 610 0026 0133     		adds	r3, r3, #1
 611              	.LVL46:
 612              	.L49:
 299:Drivers/STM32F7xx_HAL_Driver/Src/stm32f7xx_hal_crc.c ****       {
 613              		.loc 1 299 24 is_stmt 1 discriminator 1 view .LVU190
 299:Drivers/STM32F7xx_HAL_Driver/Src/stm32f7xx_hal_crc.c ****       {
 614              		.loc 1 299 7 is_stmt 0 discriminator 1 view .LVU191
 615 0028 9342     		cmp	r3, r2
 616 002a F8D3     		bcc	.L52
 303:Drivers/STM32F7xx_HAL_Driver/Src/stm32f7xx_hal_crc.c ****       break;
 617              		.loc 1 303 7 is_stmt 1 view .LVU192
 303:Drivers/STM32F7xx_HAL_Driver/Src/stm32f7xx_hal_crc.c ****       break;
 618              		.loc 1 303 18 is_stmt 0 view .LVU193
 619 002c 2368     		ldr	r3, [r4]
 620              	.LVL47:
 303:Drivers/STM32F7xx_HAL_Driver/Src/stm32f7xx_hal_crc.c ****       break;
ARM GAS  C:\Users\seblo\AppData\Local\Temp\ccAPSgal.s 			page 23


 621              		.loc 1 303 12 view .LVU194
 622 002e 1868     		ldr	r0, [r3]
 623              	.LVL48:
 304:Drivers/STM32F7xx_HAL_Driver/Src/stm32f7xx_hal_crc.c **** 
 624              		.loc 1 304 7 is_stmt 1 view .LVU195
 625 0030 F2E7     		b	.L51
 626              	.LVL49:
 627              	.L53:
 295:Drivers/STM32F7xx_HAL_Driver/Src/stm32f7xx_hal_crc.c ****   {
 628              		.loc 1 295 3 is_stmt 0 view .LVU196
 629 0032 0023     		movs	r3, #0
 630 0034 F8E7     		b	.L49
 631              	.L50:
 307:Drivers/STM32F7xx_HAL_Driver/Src/stm32f7xx_hal_crc.c ****       break;
 632              		.loc 1 307 7 is_stmt 1 view .LVU197
 307:Drivers/STM32F7xx_HAL_Driver/Src/stm32f7xx_hal_crc.c ****       break;
 633              		.loc 1 307 14 is_stmt 0 view .LVU198
 634 0036 FFF7FEFF 		bl	CRC_Handle_8
 635              	.LVL50:
 308:Drivers/STM32F7xx_HAL_Driver/Src/stm32f7xx_hal_crc.c **** 
 636              		.loc 1 308 7 is_stmt 1 view .LVU199
 637 003a EDE7     		b	.L51
 638              	.LVL51:
 639              	.L48:
 311:Drivers/STM32F7xx_HAL_Driver/Src/stm32f7xx_hal_crc.c ****       break;
 640              		.loc 1 311 7 view .LVU200
 311:Drivers/STM32F7xx_HAL_Driver/Src/stm32f7xx_hal_crc.c ****       break;
 641              		.loc 1 311 14 is_stmt 0 view .LVU201
 642 003c FFF7FEFF 		bl	CRC_Handle_16
 643              	.LVL52:
 312:Drivers/STM32F7xx_HAL_Driver/Src/stm32f7xx_hal_crc.c ****     default:
 644              		.loc 1 312 7 is_stmt 1 view .LVU202
 645 0040 EAE7     		b	.L51
 646              		.cfi_endproc
 647              	.LFE145:
 649              		.section	.text.HAL_CRC_Calculate,"ax",%progbits
 650              		.align	1
 651              		.global	HAL_CRC_Calculate
 652              		.syntax unified
 653              		.thumb
 654              		.thumb_func
 655              		.fpu fpv5-sp-d16
 657              	HAL_CRC_Calculate:
 658              	.LVL53:
 659              	.LFB146:
 340:Drivers/STM32F7xx_HAL_Driver/Src/stm32f7xx_hal_crc.c ****   uint32_t index;      /* CRC input data buffer index */
 660              		.loc 1 340 1 view -0
 661              		.cfi_startproc
 662              		@ args = 0, pretend = 0, frame = 0
 663              		@ frame_needed = 0, uses_anonymous_args = 0
 340:Drivers/STM32F7xx_HAL_Driver/Src/stm32f7xx_hal_crc.c ****   uint32_t index;      /* CRC input data buffer index */
 664              		.loc 1 340 1 is_stmt 0 view .LVU204
 665 0000 38B5     		push	{r3, r4, r5, lr}
 666              	.LCFI8:
 667              		.cfi_def_cfa_offset 16
 668              		.cfi_offset 3, -16
 669              		.cfi_offset 4, -12
ARM GAS  C:\Users\seblo\AppData\Local\Temp\ccAPSgal.s 			page 24


 670              		.cfi_offset 5, -8
 671              		.cfi_offset 14, -4
 672 0002 0446     		mov	r4, r0
 341:Drivers/STM32F7xx_HAL_Driver/Src/stm32f7xx_hal_crc.c ****   uint32_t temp = 0U;  /* CRC output (read from hcrc->Instance->DR register) */
 673              		.loc 1 341 3 is_stmt 1 view .LVU205
 342:Drivers/STM32F7xx_HAL_Driver/Src/stm32f7xx_hal_crc.c **** 
 674              		.loc 1 342 3 view .LVU206
 675              	.LVL54:
 345:Drivers/STM32F7xx_HAL_Driver/Src/stm32f7xx_hal_crc.c **** 
 676              		.loc 1 345 3 view .LVU207
 345:Drivers/STM32F7xx_HAL_Driver/Src/stm32f7xx_hal_crc.c **** 
 677              		.loc 1 345 15 is_stmt 0 view .LVU208
 678 0004 0223     		movs	r3, #2
 679 0006 4377     		strb	r3, [r0, #29]
 349:Drivers/STM32F7xx_HAL_Driver/Src/stm32f7xx_hal_crc.c **** 
 680              		.loc 1 349 3 is_stmt 1 view .LVU209
 681 0008 0068     		ldr	r0, [r0]
 682              	.LVL55:
 349:Drivers/STM32F7xx_HAL_Driver/Src/stm32f7xx_hal_crc.c **** 
 683              		.loc 1 349 3 is_stmt 0 view .LVU210
 684 000a 8368     		ldr	r3, [r0, #8]
 685 000c 43F00103 		orr	r3, r3, #1
 686 0010 8360     		str	r3, [r0, #8]
 351:Drivers/STM32F7xx_HAL_Driver/Src/stm32f7xx_hal_crc.c ****   {
 687              		.loc 1 351 3 is_stmt 1 view .LVU211
 351:Drivers/STM32F7xx_HAL_Driver/Src/stm32f7xx_hal_crc.c ****   {
 688              		.loc 1 351 15 is_stmt 0 view .LVU212
 689 0012 236A     		ldr	r3, [r4, #32]
 351:Drivers/STM32F7xx_HAL_Driver/Src/stm32f7xx_hal_crc.c ****   {
 690              		.loc 1 351 3 view .LVU213
 691 0014 022B     		cmp	r3, #2
 692 0016 17D0     		beq	.L56
 693 0018 032B     		cmp	r3, #3
 694 001a 0FD0     		beq	.L61
 695 001c 012B     		cmp	r3, #1
 696 001e 0FD0     		beq	.L58
 697 0020 0020     		movs	r0, #0
 698              	.LVL56:
 699              	.L59:
 377:Drivers/STM32F7xx_HAL_Driver/Src/stm32f7xx_hal_crc.c **** 
 700              		.loc 1 377 3 is_stmt 1 view .LVU214
 377:Drivers/STM32F7xx_HAL_Driver/Src/stm32f7xx_hal_crc.c **** 
 701              		.loc 1 377 15 is_stmt 0 view .LVU215
 702 0022 0123     		movs	r3, #1
 703 0024 6377     		strb	r3, [r4, #29]
 380:Drivers/STM32F7xx_HAL_Driver/Src/stm32f7xx_hal_crc.c **** }
 704              		.loc 1 380 3 is_stmt 1 view .LVU216
 381:Drivers/STM32F7xx_HAL_Driver/Src/stm32f7xx_hal_crc.c **** 
 705              		.loc 1 381 1 is_stmt 0 view .LVU217
 706 0026 38BD     		pop	{r3, r4, r5, pc}
 707              	.LVL57:
 708              	.L60:
 357:Drivers/STM32F7xx_HAL_Driver/Src/stm32f7xx_hal_crc.c ****       }
 709              		.loc 1 357 9 is_stmt 1 discriminator 3 view .LVU218
 357:Drivers/STM32F7xx_HAL_Driver/Src/stm32f7xx_hal_crc.c ****       }
 710              		.loc 1 357 13 is_stmt 0 discriminator 3 view .LVU219
 711 0028 2068     		ldr	r0, [r4]
ARM GAS  C:\Users\seblo\AppData\Local\Temp\ccAPSgal.s 			page 25


 357:Drivers/STM32F7xx_HAL_Driver/Src/stm32f7xx_hal_crc.c ****       }
 712              		.loc 1 357 28 discriminator 3 view .LVU220
 713 002a 51F82350 		ldr	r5, [r1, r3, lsl #2]
 714 002e 0560     		str	r5, [r0]
 355:Drivers/STM32F7xx_HAL_Driver/Src/stm32f7xx_hal_crc.c ****       {
 715              		.loc 1 355 46 is_stmt 1 discriminator 3 view .LVU221
 355:Drivers/STM32F7xx_HAL_Driver/Src/stm32f7xx_hal_crc.c ****       {
 716              		.loc 1 355 51 is_stmt 0 discriminator 3 view .LVU222
 717 0030 0133     		adds	r3, r3, #1
 718              	.LVL58:
 719              	.L57:
 355:Drivers/STM32F7xx_HAL_Driver/Src/stm32f7xx_hal_crc.c ****       {
 720              		.loc 1 355 24 is_stmt 1 discriminator 1 view .LVU223
 355:Drivers/STM32F7xx_HAL_Driver/Src/stm32f7xx_hal_crc.c ****       {
 721              		.loc 1 355 7 is_stmt 0 discriminator 1 view .LVU224
 722 0032 9342     		cmp	r3, r2
 723 0034 F8D3     		bcc	.L60
 359:Drivers/STM32F7xx_HAL_Driver/Src/stm32f7xx_hal_crc.c ****       break;
 724              		.loc 1 359 7 is_stmt 1 view .LVU225
 359:Drivers/STM32F7xx_HAL_Driver/Src/stm32f7xx_hal_crc.c ****       break;
 725              		.loc 1 359 18 is_stmt 0 view .LVU226
 726 0036 2368     		ldr	r3, [r4]
 727              	.LVL59:
 359:Drivers/STM32F7xx_HAL_Driver/Src/stm32f7xx_hal_crc.c ****       break;
 728              		.loc 1 359 12 view .LVU227
 729 0038 1868     		ldr	r0, [r3]
 730              	.LVL60:
 360:Drivers/STM32F7xx_HAL_Driver/Src/stm32f7xx_hal_crc.c **** 
 731              		.loc 1 360 7 is_stmt 1 view .LVU228
 732 003a F2E7     		b	.L59
 733              	.LVL61:
 734              	.L61:
 351:Drivers/STM32F7xx_HAL_Driver/Src/stm32f7xx_hal_crc.c ****   {
 735              		.loc 1 351 3 is_stmt 0 view .LVU229
 736 003c 0023     		movs	r3, #0
 737 003e F8E7     		b	.L57
 738              	.L58:
 364:Drivers/STM32F7xx_HAL_Driver/Src/stm32f7xx_hal_crc.c ****       break;
 739              		.loc 1 364 7 is_stmt 1 view .LVU230
 364:Drivers/STM32F7xx_HAL_Driver/Src/stm32f7xx_hal_crc.c ****       break;
 740              		.loc 1 364 14 is_stmt 0 view .LVU231
 741 0040 2046     		mov	r0, r4
 742 0042 FFF7FEFF 		bl	CRC_Handle_8
 743              	.LVL62:
 365:Drivers/STM32F7xx_HAL_Driver/Src/stm32f7xx_hal_crc.c **** 
 744              		.loc 1 365 7 is_stmt 1 view .LVU232
 745 0046 ECE7     		b	.L59
 746              	.LVL63:
 747              	.L56:
 369:Drivers/STM32F7xx_HAL_Driver/Src/stm32f7xx_hal_crc.c ****       break;
 748              		.loc 1 369 7 view .LVU233
 369:Drivers/STM32F7xx_HAL_Driver/Src/stm32f7xx_hal_crc.c ****       break;
 749              		.loc 1 369 14 is_stmt 0 view .LVU234
 750 0048 2046     		mov	r0, r4
 751 004a FFF7FEFF 		bl	CRC_Handle_16
 752              	.LVL64:
 370:Drivers/STM32F7xx_HAL_Driver/Src/stm32f7xx_hal_crc.c **** 
ARM GAS  C:\Users\seblo\AppData\Local\Temp\ccAPSgal.s 			page 26


 753              		.loc 1 370 7 is_stmt 1 view .LVU235
 754 004e E8E7     		b	.L59
 755              		.cfi_endproc
 756              	.LFE146:
 758              		.section	.text.HAL_CRC_GetState,"ax",%progbits
 759              		.align	1
 760              		.global	HAL_CRC_GetState
 761              		.syntax unified
 762              		.thumb
 763              		.thumb_func
 764              		.fpu fpv5-sp-d16
 766              	HAL_CRC_GetState:
 767              	.LVL65:
 768              	.LFB147:
 407:Drivers/STM32F7xx_HAL_Driver/Src/stm32f7xx_hal_crc.c ****   /* Return CRC handle state */
 769              		.loc 1 407 1 view -0
 770              		.cfi_startproc
 771              		@ args = 0, pretend = 0, frame = 0
 772              		@ frame_needed = 0, uses_anonymous_args = 0
 773              		@ link register save eliminated.
 409:Drivers/STM32F7xx_HAL_Driver/Src/stm32f7xx_hal_crc.c **** }
 774              		.loc 1 409 3 view .LVU237
 409:Drivers/STM32F7xx_HAL_Driver/Src/stm32f7xx_hal_crc.c **** }
 775              		.loc 1 409 14 is_stmt 0 view .LVU238
 776 0000 407F     		ldrb	r0, [r0, #29]	@ zero_extendqisi2
 777              	.LVL66:
 410:Drivers/STM32F7xx_HAL_Driver/Src/stm32f7xx_hal_crc.c **** 
 778              		.loc 1 410 1 view .LVU239
 779 0002 7047     		bx	lr
 780              		.cfi_endproc
 781              	.LFE147:
 783              		.text
 784              	.Letext0:
 785              		.file 2 "c:\\program files (x86)\\gnu arm embedded toolchain\\10 2020-q4-major\\arm-none-eabi\\inc
 786              		.file 3 "c:\\program files (x86)\\gnu arm embedded toolchain\\10 2020-q4-major\\arm-none-eabi\\inc
 787              		.file 4 "Drivers/CMSIS/Device/ST/STM32F7xx/Include/stm32f746xx.h"
 788              		.file 5 "Drivers/STM32F7xx_HAL_Driver/Inc/stm32f7xx_hal_def.h"
 789              		.file 6 "Drivers/STM32F7xx_HAL_Driver/Inc/stm32f7xx_hal_crc.h"
 790              		.file 7 "Drivers/STM32F7xx_HAL_Driver/Inc/stm32f7xx_hal_crc_ex.h"
ARM GAS  C:\Users\seblo\AppData\Local\Temp\ccAPSgal.s 			page 27


DEFINED SYMBOLS
                            *ABS*:00000000 stm32f7xx_hal_crc.c
C:\Users\seblo\AppData\Local\Temp\ccAPSgal.s:18     .text.CRC_Handle_8:00000000 $t
C:\Users\seblo\AppData\Local\Temp\ccAPSgal.s:25     .text.CRC_Handle_8:00000000 CRC_Handle_8
C:\Users\seblo\AppData\Local\Temp\ccAPSgal.s:173    .text.CRC_Handle_16:00000000 $t
C:\Users\seblo\AppData\Local\Temp\ccAPSgal.s:179    .text.CRC_Handle_16:00000000 CRC_Handle_16
C:\Users\seblo\AppData\Local\Temp\ccAPSgal.s:282    .text.HAL_CRC_MspInit:00000000 $t
C:\Users\seblo\AppData\Local\Temp\ccAPSgal.s:289    .text.HAL_CRC_MspInit:00000000 HAL_CRC_MspInit
C:\Users\seblo\AppData\Local\Temp\ccAPSgal.s:304    .text.HAL_CRC_Init:00000000 $t
C:\Users\seblo\AppData\Local\Temp\ccAPSgal.s:311    .text.HAL_CRC_Init:00000000 HAL_CRC_Init
C:\Users\seblo\AppData\Local\Temp\ccAPSgal.s:439    .text.HAL_CRC_Init:0000007c $d
C:\Users\seblo\AppData\Local\Temp\ccAPSgal.s:444    .text.HAL_CRC_MspDeInit:00000000 $t
C:\Users\seblo\AppData\Local\Temp\ccAPSgal.s:451    .text.HAL_CRC_MspDeInit:00000000 HAL_CRC_MspDeInit
C:\Users\seblo\AppData\Local\Temp\ccAPSgal.s:466    .text.HAL_CRC_DeInit:00000000 $t
C:\Users\seblo\AppData\Local\Temp\ccAPSgal.s:473    .text.HAL_CRC_DeInit:00000000 HAL_CRC_DeInit
C:\Users\seblo\AppData\Local\Temp\ccAPSgal.s:550    .text.HAL_CRC_Accumulate:00000000 $t
C:\Users\seblo\AppData\Local\Temp\ccAPSgal.s:557    .text.HAL_CRC_Accumulate:00000000 HAL_CRC_Accumulate
C:\Users\seblo\AppData\Local\Temp\ccAPSgal.s:650    .text.HAL_CRC_Calculate:00000000 $t
C:\Users\seblo\AppData\Local\Temp\ccAPSgal.s:657    .text.HAL_CRC_Calculate:00000000 HAL_CRC_Calculate
C:\Users\seblo\AppData\Local\Temp\ccAPSgal.s:759    .text.HAL_CRC_GetState:00000000 $t
C:\Users\seblo\AppData\Local\Temp\ccAPSgal.s:766    .text.HAL_CRC_GetState:00000000 HAL_CRC_GetState

UNDEFINED SYMBOLS
HAL_CRCEx_Polynomial_Set
