ARM GAS  C:\Users\seblo\AppData\Local\Temp\cc7xBVFP.s 			page 1


   1              		.cpu cortex-m7
   2              		.eabi_attribute 27, 1
   3              		.eabi_attribute 28, 1
   4              		.eabi_attribute 20, 1
   5              		.eabi_attribute 21, 1
   6              		.eabi_attribute 23, 3
   7              		.eabi_attribute 24, 1
   8              		.eabi_attribute 25, 1
   9              		.eabi_attribute 26, 1
  10              		.eabi_attribute 30, 1
  11              		.eabi_attribute 34, 1
  12              		.eabi_attribute 18, 4
  13              		.file	"syscall.c"
  14              		.text
  15              	.Ltext0:
  16              		.cfi_sections	.debug_frame
  17              		.section	.text.ff_cre_syncobj,"ax",%progbits
  18              		.align	1
  19              		.global	ff_cre_syncobj
  20              		.arch armv7e-m
  21              		.syntax unified
  22              		.thumb
  23              		.thumb_func
  24              		.fpu fpv5-sp-d16
  26              	ff_cre_syncobj:
  27              	.LVL0:
  28              	.LFB146:
  29              		.file 1 "Middlewares/Third_Party/FatFs/src/option/syscall.c"
   1:Middlewares/Third_Party/FatFs/src/option/syscall.c **** /*------------------------------------------------------------------------*/
   2:Middlewares/Third_Party/FatFs/src/option/syscall.c **** /* Sample code of OS dependent controls for FatFs                         */
   3:Middlewares/Third_Party/FatFs/src/option/syscall.c **** /* (C)ChaN, 2014                                                          */
   4:Middlewares/Third_Party/FatFs/src/option/syscall.c **** /*   Portions COPYRIGHT 2017 STMicroelectronics                           */
   5:Middlewares/Third_Party/FatFs/src/option/syscall.c **** /*   Portions Copyright (C) 2014, ChaN, all right reserved                */
   6:Middlewares/Third_Party/FatFs/src/option/syscall.c **** /*------------------------------------------------------------------------*/
   7:Middlewares/Third_Party/FatFs/src/option/syscall.c **** 
   8:Middlewares/Third_Party/FatFs/src/option/syscall.c **** /**
   9:Middlewares/Third_Party/FatFs/src/option/syscall.c ****   ******************************************************************************
  10:Middlewares/Third_Party/FatFs/src/option/syscall.c ****   * @attention
  11:Middlewares/Third_Party/FatFs/src/option/syscall.c ****   *
  12:Middlewares/Third_Party/FatFs/src/option/syscall.c ****   * Copyright (c) 2017 STMicroelectronics. All rights reserved.
  13:Middlewares/Third_Party/FatFs/src/option/syscall.c ****   *
  14:Middlewares/Third_Party/FatFs/src/option/syscall.c ****   * This software component is licensed by ST under BSD 3-Clause license,
  15:Middlewares/Third_Party/FatFs/src/option/syscall.c ****   * the "License"; You may not use this file except in compliance with the
  16:Middlewares/Third_Party/FatFs/src/option/syscall.c ****   * License. You may obtain a copy of the License at:
  17:Middlewares/Third_Party/FatFs/src/option/syscall.c ****   *                       opensource.org/licenses/BSD-3-Clause
  18:Middlewares/Third_Party/FatFs/src/option/syscall.c ****   *
  19:Middlewares/Third_Party/FatFs/src/option/syscall.c ****   ******************************************************************************
  20:Middlewares/Third_Party/FatFs/src/option/syscall.c **** **/
  21:Middlewares/Third_Party/FatFs/src/option/syscall.c **** 
  22:Middlewares/Third_Party/FatFs/src/option/syscall.c **** 
  23:Middlewares/Third_Party/FatFs/src/option/syscall.c **** 
  24:Middlewares/Third_Party/FatFs/src/option/syscall.c **** #include "../ff.h"
  25:Middlewares/Third_Party/FatFs/src/option/syscall.c **** 
  26:Middlewares/Third_Party/FatFs/src/option/syscall.c **** 
  27:Middlewares/Third_Party/FatFs/src/option/syscall.c **** #if _FS_REENTRANT
  28:Middlewares/Third_Party/FatFs/src/option/syscall.c **** /*------------------------------------------------------------------------*/
  29:Middlewares/Third_Party/FatFs/src/option/syscall.c **** /* Create a Synchronization Object                                        */
ARM GAS  C:\Users\seblo\AppData\Local\Temp\cc7xBVFP.s 			page 2


  30:Middlewares/Third_Party/FatFs/src/option/syscall.c **** /*------------------------------------------------------------------------*/
  31:Middlewares/Third_Party/FatFs/src/option/syscall.c **** /* This function is called in f_mount() function to create a new
  32:Middlewares/Third_Party/FatFs/src/option/syscall.c **** /  synchronization object, such as semaphore and mutex. When a 0 is returned,
  33:Middlewares/Third_Party/FatFs/src/option/syscall.c **** /  the f_mount() function fails with FR_INT_ERR.
  34:Middlewares/Third_Party/FatFs/src/option/syscall.c **** */
  35:Middlewares/Third_Party/FatFs/src/option/syscall.c **** 
  36:Middlewares/Third_Party/FatFs/src/option/syscall.c **** int ff_cre_syncobj (	/* 1:Function succeeded, 0:Could not create the sync object */
  37:Middlewares/Third_Party/FatFs/src/option/syscall.c **** 	BYTE vol,			/* Corresponding volume (logical drive number) */
  38:Middlewares/Third_Party/FatFs/src/option/syscall.c **** 	_SYNC_t *sobj		/* Pointer to return the created sync object */
  39:Middlewares/Third_Party/FatFs/src/option/syscall.c **** )
  40:Middlewares/Third_Party/FatFs/src/option/syscall.c **** {
  30              		.loc 1 40 1 view -0
  31              		.cfi_startproc
  32              		@ args = 0, pretend = 0, frame = 8
  33              		@ frame_needed = 0, uses_anonymous_args = 0
  34              		.loc 1 40 1 is_stmt 0 view .LVU1
  35 0000 10B5     		push	{r4, lr}
  36              	.LCFI0:
  37              		.cfi_def_cfa_offset 8
  38              		.cfi_offset 4, -8
  39              		.cfi_offset 14, -4
  40 0002 82B0     		sub	sp, sp, #8
  41              	.LCFI1:
  42              		.cfi_def_cfa_offset 16
  43 0004 0C46     		mov	r4, r1
  41:Middlewares/Third_Party/FatFs/src/option/syscall.c **** 
  42:Middlewares/Third_Party/FatFs/src/option/syscall.c ****     int ret;
  44              		.loc 1 42 5 is_stmt 1 view .LVU2
  43:Middlewares/Third_Party/FatFs/src/option/syscall.c **** #if _USE_MUTEX
  44:Middlewares/Third_Party/FatFs/src/option/syscall.c **** 
  45:Middlewares/Third_Party/FatFs/src/option/syscall.c **** #if (osCMSIS < 0x20000U)
  46:Middlewares/Third_Party/FatFs/src/option/syscall.c ****     osMutexDef(MTX);
  47:Middlewares/Third_Party/FatFs/src/option/syscall.c ****     *sobj = osMutexCreate(osMutex(MTX));
  48:Middlewares/Third_Party/FatFs/src/option/syscall.c **** #else
  49:Middlewares/Third_Party/FatFs/src/option/syscall.c ****     *sobj = osMutexNew(NULL);
  50:Middlewares/Third_Party/FatFs/src/option/syscall.c **** #endif
  51:Middlewares/Third_Party/FatFs/src/option/syscall.c **** 
  52:Middlewares/Third_Party/FatFs/src/option/syscall.c **** #else
  53:Middlewares/Third_Party/FatFs/src/option/syscall.c **** 
  54:Middlewares/Third_Party/FatFs/src/option/syscall.c **** #if (osCMSIS < 0x20000U)
  55:Middlewares/Third_Party/FatFs/src/option/syscall.c ****     osSemaphoreDef(SEM);
  45              		.loc 1 55 5 view .LVU3
  46 0006 0023     		movs	r3, #0
  47 0008 0093     		str	r3, [sp]
  48 000a 0193     		str	r3, [sp, #4]
  56:Middlewares/Third_Party/FatFs/src/option/syscall.c ****     *sobj = osSemaphoreCreate(osSemaphore(SEM), 1);
  49              		.loc 1 56 5 view .LVU4
  50              		.loc 1 56 13 is_stmt 0 view .LVU5
  51 000c 0121     		movs	r1, #1
  52              	.LVL1:
  53              		.loc 1 56 13 view .LVU6
  54 000e 6846     		mov	r0, sp
  55              	.LVL2:
  56              		.loc 1 56 13 view .LVU7
  57 0010 FFF7FEFF 		bl	osSemaphoreCreate
  58              	.LVL3:
  59              		.loc 1 56 11 view .LVU8
ARM GAS  C:\Users\seblo\AppData\Local\Temp\cc7xBVFP.s 			page 3


  60 0014 2060     		str	r0, [r4]
  57:Middlewares/Third_Party/FatFs/src/option/syscall.c **** #else
  58:Middlewares/Third_Party/FatFs/src/option/syscall.c ****     *sobj = osSemaphoreNew(1, 1, NULL);
  59:Middlewares/Third_Party/FatFs/src/option/syscall.c **** #endif
  60:Middlewares/Third_Party/FatFs/src/option/syscall.c **** 
  61:Middlewares/Third_Party/FatFs/src/option/syscall.c **** #endif
  62:Middlewares/Third_Party/FatFs/src/option/syscall.c ****     ret = (*sobj != NULL);
  61              		.loc 1 62 5 is_stmt 1 view .LVU9
  62              	.LVL4:
  63:Middlewares/Third_Party/FatFs/src/option/syscall.c **** 
  64:Middlewares/Third_Party/FatFs/src/option/syscall.c ****     return ret;
  63              		.loc 1 64 5 view .LVU10
  65:Middlewares/Third_Party/FatFs/src/option/syscall.c **** }
  64              		.loc 1 65 1 is_stmt 0 view .LVU11
  65 0016 0038     		subs	r0, r0, #0
  66              	.LVL5:
  67              		.loc 1 65 1 view .LVU12
  68 0018 18BF     		it	ne
  69 001a 0120     		movne	r0, #1
  70 001c 02B0     		add	sp, sp, #8
  71              	.LCFI2:
  72              		.cfi_def_cfa_offset 8
  73              		@ sp needed
  74 001e 10BD     		pop	{r4, pc}
  75              		.loc 1 65 1 view .LVU13
  76              		.cfi_endproc
  77              	.LFE146:
  79              		.section	.text.ff_del_syncobj,"ax",%progbits
  80              		.align	1
  81              		.global	ff_del_syncobj
  82              		.syntax unified
  83              		.thumb
  84              		.thumb_func
  85              		.fpu fpv5-sp-d16
  87              	ff_del_syncobj:
  88              	.LVL6:
  89              	.LFB147:
  66:Middlewares/Third_Party/FatFs/src/option/syscall.c **** 
  67:Middlewares/Third_Party/FatFs/src/option/syscall.c **** 
  68:Middlewares/Third_Party/FatFs/src/option/syscall.c **** 
  69:Middlewares/Third_Party/FatFs/src/option/syscall.c **** /*------------------------------------------------------------------------*/
  70:Middlewares/Third_Party/FatFs/src/option/syscall.c **** /* Delete a Synchronization Object                                        */
  71:Middlewares/Third_Party/FatFs/src/option/syscall.c **** /*------------------------------------------------------------------------*/
  72:Middlewares/Third_Party/FatFs/src/option/syscall.c **** /* This function is called in f_mount() function to delete a synchronization
  73:Middlewares/Third_Party/FatFs/src/option/syscall.c **** /  object that created with ff_cre_syncobj() function. When a 0 is returned,
  74:Middlewares/Third_Party/FatFs/src/option/syscall.c **** /  the f_mount() function fails with FR_INT_ERR.
  75:Middlewares/Third_Party/FatFs/src/option/syscall.c **** */
  76:Middlewares/Third_Party/FatFs/src/option/syscall.c **** 
  77:Middlewares/Third_Party/FatFs/src/option/syscall.c **** int ff_del_syncobj (	/* 1:Function succeeded, 0:Could not delete due to any error */
  78:Middlewares/Third_Party/FatFs/src/option/syscall.c **** 	_SYNC_t sobj		/* Sync object tied to the logical drive to be deleted */
  79:Middlewares/Third_Party/FatFs/src/option/syscall.c **** )
  80:Middlewares/Third_Party/FatFs/src/option/syscall.c **** {
  90              		.loc 1 80 1 is_stmt 1 view -0
  91              		.cfi_startproc
  92              		@ args = 0, pretend = 0, frame = 0
  93              		@ frame_needed = 0, uses_anonymous_args = 0
  94              		.loc 1 80 1 is_stmt 0 view .LVU15
ARM GAS  C:\Users\seblo\AppData\Local\Temp\cc7xBVFP.s 			page 4


  95 0000 08B5     		push	{r3, lr}
  96              	.LCFI3:
  97              		.cfi_def_cfa_offset 8
  98              		.cfi_offset 3, -8
  99              		.cfi_offset 14, -4
  81:Middlewares/Third_Party/FatFs/src/option/syscall.c **** #if _USE_MUTEX
  82:Middlewares/Third_Party/FatFs/src/option/syscall.c ****     osMutexDelete (sobj);
  83:Middlewares/Third_Party/FatFs/src/option/syscall.c **** #else
  84:Middlewares/Third_Party/FatFs/src/option/syscall.c ****     osSemaphoreDelete (sobj);
 100              		.loc 1 84 5 is_stmt 1 view .LVU16
 101 0002 FFF7FEFF 		bl	osSemaphoreDelete
 102              	.LVL7:
  85:Middlewares/Third_Party/FatFs/src/option/syscall.c **** #endif
  86:Middlewares/Third_Party/FatFs/src/option/syscall.c ****     return 1;
 103              		.loc 1 86 5 view .LVU17
  87:Middlewares/Third_Party/FatFs/src/option/syscall.c **** }
 104              		.loc 1 87 1 is_stmt 0 view .LVU18
 105 0006 0120     		movs	r0, #1
 106 0008 08BD     		pop	{r3, pc}
 107              		.cfi_endproc
 108              	.LFE147:
 110              		.section	.text.ff_req_grant,"ax",%progbits
 111              		.align	1
 112              		.global	ff_req_grant
 113              		.syntax unified
 114              		.thumb
 115              		.thumb_func
 116              		.fpu fpv5-sp-d16
 118              	ff_req_grant:
 119              	.LVL8:
 120              	.LFB148:
  88:Middlewares/Third_Party/FatFs/src/option/syscall.c **** 
  89:Middlewares/Third_Party/FatFs/src/option/syscall.c **** 
  90:Middlewares/Third_Party/FatFs/src/option/syscall.c **** 
  91:Middlewares/Third_Party/FatFs/src/option/syscall.c **** /*------------------------------------------------------------------------*/
  92:Middlewares/Third_Party/FatFs/src/option/syscall.c **** /* Request Grant to Access the Volume                                     */
  93:Middlewares/Third_Party/FatFs/src/option/syscall.c **** /*------------------------------------------------------------------------*/
  94:Middlewares/Third_Party/FatFs/src/option/syscall.c **** /* This function is called on entering file functions to lock the volume.
  95:Middlewares/Third_Party/FatFs/src/option/syscall.c **** /  When a 0 is returned, the file function fails with FR_TIMEOUT.
  96:Middlewares/Third_Party/FatFs/src/option/syscall.c **** */
  97:Middlewares/Third_Party/FatFs/src/option/syscall.c **** 
  98:Middlewares/Third_Party/FatFs/src/option/syscall.c **** int ff_req_grant (	/* 1:Got a grant to access the volume, 0:Could not get a grant */
  99:Middlewares/Third_Party/FatFs/src/option/syscall.c **** 	_SYNC_t sobj	/* Sync object to wait */
 100:Middlewares/Third_Party/FatFs/src/option/syscall.c **** )
 101:Middlewares/Third_Party/FatFs/src/option/syscall.c **** {
 121              		.loc 1 101 1 is_stmt 1 view -0
 122              		.cfi_startproc
 123              		@ args = 0, pretend = 0, frame = 0
 124              		@ frame_needed = 0, uses_anonymous_args = 0
 125              		.loc 1 101 1 is_stmt 0 view .LVU20
 126 0000 08B5     		push	{r3, lr}
 127              	.LCFI4:
 128              		.cfi_def_cfa_offset 8
 129              		.cfi_offset 3, -8
 130              		.cfi_offset 14, -4
 102:Middlewares/Third_Party/FatFs/src/option/syscall.c ****   int ret = 0;
 131              		.loc 1 102 3 is_stmt 1 view .LVU21
ARM GAS  C:\Users\seblo\AppData\Local\Temp\cc7xBVFP.s 			page 5


 132              	.LVL9:
 103:Middlewares/Third_Party/FatFs/src/option/syscall.c **** #if (osCMSIS < 0x20000U)
 104:Middlewares/Third_Party/FatFs/src/option/syscall.c **** 
 105:Middlewares/Third_Party/FatFs/src/option/syscall.c **** #if _USE_MUTEX
 106:Middlewares/Third_Party/FatFs/src/option/syscall.c ****   if(osMutexWait(sobj, _FS_TIMEOUT) == osOK)
 107:Middlewares/Third_Party/FatFs/src/option/syscall.c **** #else
 108:Middlewares/Third_Party/FatFs/src/option/syscall.c ****   if(osSemaphoreWait(sobj, _FS_TIMEOUT) == osOK)
 133              		.loc 1 108 3 view .LVU22
 134              		.loc 1 108 6 is_stmt 0 view .LVU23
 135 0002 4FF47A71 		mov	r1, #1000
 136 0006 FFF7FEFF 		bl	osSemaphoreWait
 137              	.LVL10:
 138              		.loc 1 108 5 view .LVU24
 139 000a 08B1     		cbz	r0, .L7
 102:Middlewares/Third_Party/FatFs/src/option/syscall.c ****   int ret = 0;
 140              		.loc 1 102 7 view .LVU25
 141 000c 0020     		movs	r0, #0
 142              	.LVL11:
 143              	.L5:
 109:Middlewares/Third_Party/FatFs/src/option/syscall.c **** #endif
 110:Middlewares/Third_Party/FatFs/src/option/syscall.c **** 
 111:Middlewares/Third_Party/FatFs/src/option/syscall.c **** #else
 112:Middlewares/Third_Party/FatFs/src/option/syscall.c **** 
 113:Middlewares/Third_Party/FatFs/src/option/syscall.c **** #if _USE_MUTEX
 114:Middlewares/Third_Party/FatFs/src/option/syscall.c ****    if(osMutexAcquire(sobj, _FS_TIMEOUT) == osOK)
 115:Middlewares/Third_Party/FatFs/src/option/syscall.c **** #else
 116:Middlewares/Third_Party/FatFs/src/option/syscall.c ****    if(osSemaphoreAcquire(sobj, _FS_TIMEOUT) == osOK)
 117:Middlewares/Third_Party/FatFs/src/option/syscall.c **** #endif
 118:Middlewares/Third_Party/FatFs/src/option/syscall.c **** 
 119:Middlewares/Third_Party/FatFs/src/option/syscall.c **** #endif
 120:Middlewares/Third_Party/FatFs/src/option/syscall.c ****   {
 121:Middlewares/Third_Party/FatFs/src/option/syscall.c ****     ret = 1;
 122:Middlewares/Third_Party/FatFs/src/option/syscall.c ****   }
 123:Middlewares/Third_Party/FatFs/src/option/syscall.c **** 
 124:Middlewares/Third_Party/FatFs/src/option/syscall.c ****   return ret;
 125:Middlewares/Third_Party/FatFs/src/option/syscall.c **** }
 144              		.loc 1 125 1 view .LVU26
 145 000e 08BD     		pop	{r3, pc}
 146              	.LVL12:
 147              	.L7:
 121:Middlewares/Third_Party/FatFs/src/option/syscall.c ****   }
 148              		.loc 1 121 9 view .LVU27
 149 0010 0120     		movs	r0, #1
 150              	.LVL13:
 124:Middlewares/Third_Party/FatFs/src/option/syscall.c **** }
 151              		.loc 1 124 3 is_stmt 1 view .LVU28
 124:Middlewares/Third_Party/FatFs/src/option/syscall.c **** }
 152              		.loc 1 124 10 is_stmt 0 view .LVU29
 153 0012 FCE7     		b	.L5
 154              		.cfi_endproc
 155              	.LFE148:
 157              		.section	.text.ff_rel_grant,"ax",%progbits
 158              		.align	1
 159              		.global	ff_rel_grant
 160              		.syntax unified
 161              		.thumb
 162              		.thumb_func
ARM GAS  C:\Users\seblo\AppData\Local\Temp\cc7xBVFP.s 			page 6


 163              		.fpu fpv5-sp-d16
 165              	ff_rel_grant:
 166              	.LVL14:
 167              	.LFB149:
 126:Middlewares/Third_Party/FatFs/src/option/syscall.c **** 
 127:Middlewares/Third_Party/FatFs/src/option/syscall.c **** 
 128:Middlewares/Third_Party/FatFs/src/option/syscall.c **** 
 129:Middlewares/Third_Party/FatFs/src/option/syscall.c **** /*------------------------------------------------------------------------*/
 130:Middlewares/Third_Party/FatFs/src/option/syscall.c **** /* Release Grant to Access the Volume                                     */
 131:Middlewares/Third_Party/FatFs/src/option/syscall.c **** /*------------------------------------------------------------------------*/
 132:Middlewares/Third_Party/FatFs/src/option/syscall.c **** /* This function is called on leaving file functions to unlock the volume.
 133:Middlewares/Third_Party/FatFs/src/option/syscall.c **** */
 134:Middlewares/Third_Party/FatFs/src/option/syscall.c **** 
 135:Middlewares/Third_Party/FatFs/src/option/syscall.c **** void ff_rel_grant (
 136:Middlewares/Third_Party/FatFs/src/option/syscall.c **** 	_SYNC_t sobj	/* Sync object to be signaled */
 137:Middlewares/Third_Party/FatFs/src/option/syscall.c **** )
 138:Middlewares/Third_Party/FatFs/src/option/syscall.c **** {
 168              		.loc 1 138 1 is_stmt 1 view -0
 169              		.cfi_startproc
 170              		@ args = 0, pretend = 0, frame = 0
 171              		@ frame_needed = 0, uses_anonymous_args = 0
 172              		.loc 1 138 1 is_stmt 0 view .LVU31
 173 0000 08B5     		push	{r3, lr}
 174              	.LCFI5:
 175              		.cfi_def_cfa_offset 8
 176              		.cfi_offset 3, -8
 177              		.cfi_offset 14, -4
 139:Middlewares/Third_Party/FatFs/src/option/syscall.c **** #if _USE_MUTEX
 140:Middlewares/Third_Party/FatFs/src/option/syscall.c ****   osMutexRelease(sobj);
 141:Middlewares/Third_Party/FatFs/src/option/syscall.c **** #else
 142:Middlewares/Third_Party/FatFs/src/option/syscall.c ****   osSemaphoreRelease(sobj);
 178              		.loc 1 142 3 is_stmt 1 view .LVU32
 179 0002 FFF7FEFF 		bl	osSemaphoreRelease
 180              	.LVL15:
 143:Middlewares/Third_Party/FatFs/src/option/syscall.c **** #endif
 144:Middlewares/Third_Party/FatFs/src/option/syscall.c **** }
 181              		.loc 1 144 1 is_stmt 0 view .LVU33
 182 0006 08BD     		pop	{r3, pc}
 183              		.cfi_endproc
 184              	.LFE149:
 186              		.text
 187              	.Letext0:
 188              		.file 2 "Middlewares/Third_Party/FatFs/src/option/../integer.h"
 189              		.file 3 "c:\\program files (x86)\\gnu arm embedded toolchain\\10 2020-q4-major\\arm-none-eabi\\inc
 190              		.file 4 "c:\\program files (x86)\\gnu arm embedded toolchain\\10 2020-q4-major\\arm-none-eabi\\inc
 191              		.file 5 "Middlewares/Third_Party/FreeRTOS/Source/portable/GCC/ARM_CM7/r0p1/portmacro.h"
 192              		.file 6 "Middlewares/Third_Party/FreeRTOS/Source/include/FreeRTOS.h"
 193              		.file 7 "Middlewares/Third_Party/FreeRTOS/Source/include/queue.h"
 194              		.file 8 "Middlewares/Third_Party/FreeRTOS/Source/include/semphr.h"
 195              		.file 9 "Middlewares/Third_Party/FreeRTOS/Source/CMSIS_RTOS/cmsis_os.h"
ARM GAS  C:\Users\seblo\AppData\Local\Temp\cc7xBVFP.s 			page 7


DEFINED SYMBOLS
                            *ABS*:00000000 syscall.c
C:\Users\seblo\AppData\Local\Temp\cc7xBVFP.s:18     .text.ff_cre_syncobj:00000000 $t
C:\Users\seblo\AppData\Local\Temp\cc7xBVFP.s:26     .text.ff_cre_syncobj:00000000 ff_cre_syncobj
C:\Users\seblo\AppData\Local\Temp\cc7xBVFP.s:80     .text.ff_del_syncobj:00000000 $t
C:\Users\seblo\AppData\Local\Temp\cc7xBVFP.s:87     .text.ff_del_syncobj:00000000 ff_del_syncobj
C:\Users\seblo\AppData\Local\Temp\cc7xBVFP.s:111    .text.ff_req_grant:00000000 $t
C:\Users\seblo\AppData\Local\Temp\cc7xBVFP.s:118    .text.ff_req_grant:00000000 ff_req_grant
C:\Users\seblo\AppData\Local\Temp\cc7xBVFP.s:158    .text.ff_rel_grant:00000000 $t
C:\Users\seblo\AppData\Local\Temp\cc7xBVFP.s:165    .text.ff_rel_grant:00000000 ff_rel_grant

UNDEFINED SYMBOLS
osSemaphoreCreate
osSemaphoreDelete
osSemaphoreWait
osSemaphoreRelease
