ARM GAS  C:\Users\seblo\AppData\Local\Temp\cc9XMz3N.s 			page 1


   1              		.cpu cortex-m7
   2              		.eabi_attribute 27, 1
   3              		.eabi_attribute 28, 1
   4              		.eabi_attribute 20, 1
   5              		.eabi_attribute 21, 1
   6              		.eabi_attribute 23, 3
   7              		.eabi_attribute 24, 1
   8              		.eabi_attribute 25, 1
   9              		.eabi_attribute 26, 1
  10              		.eabi_attribute 30, 1
  11              		.eabi_attribute 34, 1
  12              		.eabi_attribute 18, 4
  13              		.file	"usbh_ioreq.c"
  14              		.text
  15              	.Ltext0:
  16              		.cfi_sections	.debug_frame
  17              		.section	.text.USBH_CtlSendSetup,"ax",%progbits
  18              		.align	1
  19              		.global	USBH_CtlSendSetup
  20              		.arch armv7e-m
  21              		.syntax unified
  22              		.thumb
  23              		.thumb_func
  24              		.fpu fpv5-sp-d16
  26              	USBH_CtlSendSetup:
  27              	.LVL0:
  28              	.LFB149:
  29              		.file 1 "Middlewares/ST/STM32_USB_Host_Library/Core/Src/usbh_ioreq.c"
   1:Middlewares/ST/STM32_USB_Host_Library/Core/Src/usbh_ioreq.c **** /**
   2:Middlewares/ST/STM32_USB_Host_Library/Core/Src/usbh_ioreq.c ****   ******************************************************************************
   3:Middlewares/ST/STM32_USB_Host_Library/Core/Src/usbh_ioreq.c ****   * @file    usbh_ioreq.c
   4:Middlewares/ST/STM32_USB_Host_Library/Core/Src/usbh_ioreq.c ****   * @author  MCD Application Team
   5:Middlewares/ST/STM32_USB_Host_Library/Core/Src/usbh_ioreq.c ****   * @brief   This file handles the issuing of the USB transactions
   6:Middlewares/ST/STM32_USB_Host_Library/Core/Src/usbh_ioreq.c ****   ******************************************************************************
   7:Middlewares/ST/STM32_USB_Host_Library/Core/Src/usbh_ioreq.c ****   * @attention
   8:Middlewares/ST/STM32_USB_Host_Library/Core/Src/usbh_ioreq.c ****   *
   9:Middlewares/ST/STM32_USB_Host_Library/Core/Src/usbh_ioreq.c ****   * <h2><center>&copy; Copyright (c) 2015 STMicroelectronics.
  10:Middlewares/ST/STM32_USB_Host_Library/Core/Src/usbh_ioreq.c ****   * All rights reserved.</center></h2>
  11:Middlewares/ST/STM32_USB_Host_Library/Core/Src/usbh_ioreq.c ****   *
  12:Middlewares/ST/STM32_USB_Host_Library/Core/Src/usbh_ioreq.c ****   * This software component is licensed by ST under Ultimate Liberty license
  13:Middlewares/ST/STM32_USB_Host_Library/Core/Src/usbh_ioreq.c ****   * SLA0044, the "License"; You may not use this file except in compliance with
  14:Middlewares/ST/STM32_USB_Host_Library/Core/Src/usbh_ioreq.c ****   * the License. You may obtain a copy of the License at:
  15:Middlewares/ST/STM32_USB_Host_Library/Core/Src/usbh_ioreq.c ****   *                      www.st.com/SLA0044
  16:Middlewares/ST/STM32_USB_Host_Library/Core/Src/usbh_ioreq.c ****   *
  17:Middlewares/ST/STM32_USB_Host_Library/Core/Src/usbh_ioreq.c ****   ******************************************************************************
  18:Middlewares/ST/STM32_USB_Host_Library/Core/Src/usbh_ioreq.c ****   */
  19:Middlewares/ST/STM32_USB_Host_Library/Core/Src/usbh_ioreq.c **** 
  20:Middlewares/ST/STM32_USB_Host_Library/Core/Src/usbh_ioreq.c **** /* Includes ------------------------------------------------------------------*/
  21:Middlewares/ST/STM32_USB_Host_Library/Core/Src/usbh_ioreq.c **** #include "usbh_ioreq.h"
  22:Middlewares/ST/STM32_USB_Host_Library/Core/Src/usbh_ioreq.c **** 
  23:Middlewares/ST/STM32_USB_Host_Library/Core/Src/usbh_ioreq.c **** /** @addtogroup USBH_LIB
  24:Middlewares/ST/STM32_USB_Host_Library/Core/Src/usbh_ioreq.c ****   * @{
  25:Middlewares/ST/STM32_USB_Host_Library/Core/Src/usbh_ioreq.c ****   */
  26:Middlewares/ST/STM32_USB_Host_Library/Core/Src/usbh_ioreq.c **** 
  27:Middlewares/ST/STM32_USB_Host_Library/Core/Src/usbh_ioreq.c **** /** @addtogroup USBH_LIB_CORE
  28:Middlewares/ST/STM32_USB_Host_Library/Core/Src/usbh_ioreq.c **** * @{
  29:Middlewares/ST/STM32_USB_Host_Library/Core/Src/usbh_ioreq.c **** */
ARM GAS  C:\Users\seblo\AppData\Local\Temp\cc9XMz3N.s 			page 2


  30:Middlewares/ST/STM32_USB_Host_Library/Core/Src/usbh_ioreq.c **** 
  31:Middlewares/ST/STM32_USB_Host_Library/Core/Src/usbh_ioreq.c **** /** @defgroup USBH_IOREQ
  32:Middlewares/ST/STM32_USB_Host_Library/Core/Src/usbh_ioreq.c ****   * @brief This file handles the standard protocol processing (USB v2.0)
  33:Middlewares/ST/STM32_USB_Host_Library/Core/Src/usbh_ioreq.c ****   * @{
  34:Middlewares/ST/STM32_USB_Host_Library/Core/Src/usbh_ioreq.c ****   */
  35:Middlewares/ST/STM32_USB_Host_Library/Core/Src/usbh_ioreq.c **** 
  36:Middlewares/ST/STM32_USB_Host_Library/Core/Src/usbh_ioreq.c **** 
  37:Middlewares/ST/STM32_USB_Host_Library/Core/Src/usbh_ioreq.c **** /** @defgroup USBH_IOREQ_Private_Defines
  38:Middlewares/ST/STM32_USB_Host_Library/Core/Src/usbh_ioreq.c ****   * @{
  39:Middlewares/ST/STM32_USB_Host_Library/Core/Src/usbh_ioreq.c ****   */
  40:Middlewares/ST/STM32_USB_Host_Library/Core/Src/usbh_ioreq.c **** 
  41:Middlewares/ST/STM32_USB_Host_Library/Core/Src/usbh_ioreq.c **** /**
  42:Middlewares/ST/STM32_USB_Host_Library/Core/Src/usbh_ioreq.c ****   * @}
  43:Middlewares/ST/STM32_USB_Host_Library/Core/Src/usbh_ioreq.c ****   */
  44:Middlewares/ST/STM32_USB_Host_Library/Core/Src/usbh_ioreq.c **** 
  45:Middlewares/ST/STM32_USB_Host_Library/Core/Src/usbh_ioreq.c **** 
  46:Middlewares/ST/STM32_USB_Host_Library/Core/Src/usbh_ioreq.c **** /** @defgroup USBH_IOREQ_Private_TypesDefinitions
  47:Middlewares/ST/STM32_USB_Host_Library/Core/Src/usbh_ioreq.c ****   * @{
  48:Middlewares/ST/STM32_USB_Host_Library/Core/Src/usbh_ioreq.c ****   */
  49:Middlewares/ST/STM32_USB_Host_Library/Core/Src/usbh_ioreq.c **** /**
  50:Middlewares/ST/STM32_USB_Host_Library/Core/Src/usbh_ioreq.c ****   * @}
  51:Middlewares/ST/STM32_USB_Host_Library/Core/Src/usbh_ioreq.c ****   */
  52:Middlewares/ST/STM32_USB_Host_Library/Core/Src/usbh_ioreq.c **** 
  53:Middlewares/ST/STM32_USB_Host_Library/Core/Src/usbh_ioreq.c **** 
  54:Middlewares/ST/STM32_USB_Host_Library/Core/Src/usbh_ioreq.c **** 
  55:Middlewares/ST/STM32_USB_Host_Library/Core/Src/usbh_ioreq.c **** /** @defgroup USBH_IOREQ_Private_Macros
  56:Middlewares/ST/STM32_USB_Host_Library/Core/Src/usbh_ioreq.c ****   * @{
  57:Middlewares/ST/STM32_USB_Host_Library/Core/Src/usbh_ioreq.c ****   */
  58:Middlewares/ST/STM32_USB_Host_Library/Core/Src/usbh_ioreq.c **** /**
  59:Middlewares/ST/STM32_USB_Host_Library/Core/Src/usbh_ioreq.c ****   * @}
  60:Middlewares/ST/STM32_USB_Host_Library/Core/Src/usbh_ioreq.c ****   */
  61:Middlewares/ST/STM32_USB_Host_Library/Core/Src/usbh_ioreq.c **** 
  62:Middlewares/ST/STM32_USB_Host_Library/Core/Src/usbh_ioreq.c **** 
  63:Middlewares/ST/STM32_USB_Host_Library/Core/Src/usbh_ioreq.c **** /** @defgroup USBH_IOREQ_Private_Variables
  64:Middlewares/ST/STM32_USB_Host_Library/Core/Src/usbh_ioreq.c ****   * @{
  65:Middlewares/ST/STM32_USB_Host_Library/Core/Src/usbh_ioreq.c ****   */
  66:Middlewares/ST/STM32_USB_Host_Library/Core/Src/usbh_ioreq.c **** /**
  67:Middlewares/ST/STM32_USB_Host_Library/Core/Src/usbh_ioreq.c ****   * @}
  68:Middlewares/ST/STM32_USB_Host_Library/Core/Src/usbh_ioreq.c ****   */
  69:Middlewares/ST/STM32_USB_Host_Library/Core/Src/usbh_ioreq.c **** /** @defgroup USBH_IOREQ_Private_FunctionPrototypes
  70:Middlewares/ST/STM32_USB_Host_Library/Core/Src/usbh_ioreq.c ****   * @{
  71:Middlewares/ST/STM32_USB_Host_Library/Core/Src/usbh_ioreq.c ****   */
  72:Middlewares/ST/STM32_USB_Host_Library/Core/Src/usbh_ioreq.c **** 
  73:Middlewares/ST/STM32_USB_Host_Library/Core/Src/usbh_ioreq.c **** /**
  74:Middlewares/ST/STM32_USB_Host_Library/Core/Src/usbh_ioreq.c ****   * @}
  75:Middlewares/ST/STM32_USB_Host_Library/Core/Src/usbh_ioreq.c ****   */
  76:Middlewares/ST/STM32_USB_Host_Library/Core/Src/usbh_ioreq.c **** 
  77:Middlewares/ST/STM32_USB_Host_Library/Core/Src/usbh_ioreq.c **** 
  78:Middlewares/ST/STM32_USB_Host_Library/Core/Src/usbh_ioreq.c **** /** @defgroup USBH_IOREQ_Private_Functions
  79:Middlewares/ST/STM32_USB_Host_Library/Core/Src/usbh_ioreq.c ****   * @{
  80:Middlewares/ST/STM32_USB_Host_Library/Core/Src/usbh_ioreq.c ****   */
  81:Middlewares/ST/STM32_USB_Host_Library/Core/Src/usbh_ioreq.c **** 
  82:Middlewares/ST/STM32_USB_Host_Library/Core/Src/usbh_ioreq.c **** 
  83:Middlewares/ST/STM32_USB_Host_Library/Core/Src/usbh_ioreq.c **** 
  84:Middlewares/ST/STM32_USB_Host_Library/Core/Src/usbh_ioreq.c **** /**
  85:Middlewares/ST/STM32_USB_Host_Library/Core/Src/usbh_ioreq.c ****   * @brief  USBH_CtlSendSetup
  86:Middlewares/ST/STM32_USB_Host_Library/Core/Src/usbh_ioreq.c ****   *         Sends the Setup Packet to the Device
ARM GAS  C:\Users\seblo\AppData\Local\Temp\cc9XMz3N.s 			page 3


  87:Middlewares/ST/STM32_USB_Host_Library/Core/Src/usbh_ioreq.c ****   * @param  phost: Host Handle
  88:Middlewares/ST/STM32_USB_Host_Library/Core/Src/usbh_ioreq.c ****   * @param  buff: Buffer pointer from which the Data will be send to Device
  89:Middlewares/ST/STM32_USB_Host_Library/Core/Src/usbh_ioreq.c ****   * @param  pipe_num: Pipe Number
  90:Middlewares/ST/STM32_USB_Host_Library/Core/Src/usbh_ioreq.c ****   * @retval USBH Status
  91:Middlewares/ST/STM32_USB_Host_Library/Core/Src/usbh_ioreq.c ****   */
  92:Middlewares/ST/STM32_USB_Host_Library/Core/Src/usbh_ioreq.c **** USBH_StatusTypeDef USBH_CtlSendSetup(USBH_HandleTypeDef *phost,
  93:Middlewares/ST/STM32_USB_Host_Library/Core/Src/usbh_ioreq.c ****                                      uint8_t *buff,
  94:Middlewares/ST/STM32_USB_Host_Library/Core/Src/usbh_ioreq.c ****                                      uint8_t pipe_num)
  95:Middlewares/ST/STM32_USB_Host_Library/Core/Src/usbh_ioreq.c **** {
  30              		.loc 1 95 1 view -0
  31              		.cfi_startproc
  32              		@ args = 0, pretend = 0, frame = 0
  33              		@ frame_needed = 0, uses_anonymous_args = 0
  34              		.loc 1 95 1 is_stmt 0 view .LVU1
  35 0000 10B5     		push	{r4, lr}
  36              	.LCFI0:
  37              		.cfi_def_cfa_offset 8
  38              		.cfi_offset 4, -8
  39              		.cfi_offset 14, -4
  40 0002 84B0     		sub	sp, sp, #16
  41              	.LCFI1:
  42              		.cfi_def_cfa_offset 24
  43 0004 0B46     		mov	r3, r1
  44 0006 1146     		mov	r1, r2
  45              	.LVL1:
  96:Middlewares/ST/STM32_USB_Host_Library/Core/Src/usbh_ioreq.c **** 
  97:Middlewares/ST/STM32_USB_Host_Library/Core/Src/usbh_ioreq.c ****   USBH_LL_SubmitURB(phost,                      /* Driver handle    */
  46              		.loc 1 97 3 is_stmt 1 view .LVU2
  47 0008 0024     		movs	r4, #0
  48 000a 0394     		str	r4, [sp, #12]
  49 000c 0822     		movs	r2, #8
  50              	.LVL2:
  51              		.loc 1 97 3 is_stmt 0 view .LVU3
  52 000e 0292     		str	r2, [sp, #8]
  53 0010 0193     		str	r3, [sp, #4]
  54 0012 0094     		str	r4, [sp]
  55 0014 2346     		mov	r3, r4
  56              	.LVL3:
  57              		.loc 1 97 3 view .LVU4
  58 0016 2246     		mov	r2, r4
  59 0018 FFF7FEFF 		bl	USBH_LL_SubmitURB
  60              	.LVL4:
  98:Middlewares/ST/STM32_USB_Host_Library/Core/Src/usbh_ioreq.c ****                     pipe_num,             /* Pipe index       */
  99:Middlewares/ST/STM32_USB_Host_Library/Core/Src/usbh_ioreq.c ****                     0U,                    /* Direction : OUT  */
 100:Middlewares/ST/STM32_USB_Host_Library/Core/Src/usbh_ioreq.c ****                     USBH_EP_CONTROL,      /* EP type          */
 101:Middlewares/ST/STM32_USB_Host_Library/Core/Src/usbh_ioreq.c ****                     USBH_PID_SETUP,       /* Type setup       */
 102:Middlewares/ST/STM32_USB_Host_Library/Core/Src/usbh_ioreq.c ****                     buff,                 /* data buffer      */
 103:Middlewares/ST/STM32_USB_Host_Library/Core/Src/usbh_ioreq.c ****                     USBH_SETUP_PKT_SIZE,  /* data length      */
 104:Middlewares/ST/STM32_USB_Host_Library/Core/Src/usbh_ioreq.c ****                     0U);
 105:Middlewares/ST/STM32_USB_Host_Library/Core/Src/usbh_ioreq.c ****   return USBH_OK;
  61              		.loc 1 105 3 is_stmt 1 view .LVU5
 106:Middlewares/ST/STM32_USB_Host_Library/Core/Src/usbh_ioreq.c **** }
  62              		.loc 1 106 1 is_stmt 0 view .LVU6
  63 001c 2046     		mov	r0, r4
  64 001e 04B0     		add	sp, sp, #16
  65              	.LCFI2:
  66              		.cfi_def_cfa_offset 8
ARM GAS  C:\Users\seblo\AppData\Local\Temp\cc9XMz3N.s 			page 4


  67              		@ sp needed
  68 0020 10BD     		pop	{r4, pc}
  69              		.cfi_endproc
  70              	.LFE149:
  72              		.section	.text.USBH_CtlSendData,"ax",%progbits
  73              		.align	1
  74              		.global	USBH_CtlSendData
  75              		.syntax unified
  76              		.thumb
  77              		.thumb_func
  78              		.fpu fpv5-sp-d16
  80              	USBH_CtlSendData:
  81              	.LVL5:
  82              	.LFB150:
 107:Middlewares/ST/STM32_USB_Host_Library/Core/Src/usbh_ioreq.c **** 
 108:Middlewares/ST/STM32_USB_Host_Library/Core/Src/usbh_ioreq.c **** 
 109:Middlewares/ST/STM32_USB_Host_Library/Core/Src/usbh_ioreq.c **** /**
 110:Middlewares/ST/STM32_USB_Host_Library/Core/Src/usbh_ioreq.c ****   * @brief  USBH_CtlSendData
 111:Middlewares/ST/STM32_USB_Host_Library/Core/Src/usbh_ioreq.c ****   *         Sends a data Packet to the Device
 112:Middlewares/ST/STM32_USB_Host_Library/Core/Src/usbh_ioreq.c ****   * @param  phost: Host Handle
 113:Middlewares/ST/STM32_USB_Host_Library/Core/Src/usbh_ioreq.c ****   * @param  buff: Buffer pointer from which the Data will be sent to Device
 114:Middlewares/ST/STM32_USB_Host_Library/Core/Src/usbh_ioreq.c ****   * @param  length: Length of the data to be sent
 115:Middlewares/ST/STM32_USB_Host_Library/Core/Src/usbh_ioreq.c ****   * @param  pipe_num: Pipe Number
 116:Middlewares/ST/STM32_USB_Host_Library/Core/Src/usbh_ioreq.c ****   * @retval USBH Status
 117:Middlewares/ST/STM32_USB_Host_Library/Core/Src/usbh_ioreq.c ****   */
 118:Middlewares/ST/STM32_USB_Host_Library/Core/Src/usbh_ioreq.c **** USBH_StatusTypeDef USBH_CtlSendData(USBH_HandleTypeDef *phost,
 119:Middlewares/ST/STM32_USB_Host_Library/Core/Src/usbh_ioreq.c ****                                     uint8_t *buff,
 120:Middlewares/ST/STM32_USB_Host_Library/Core/Src/usbh_ioreq.c ****                                     uint16_t length,
 121:Middlewares/ST/STM32_USB_Host_Library/Core/Src/usbh_ioreq.c ****                                     uint8_t pipe_num,
 122:Middlewares/ST/STM32_USB_Host_Library/Core/Src/usbh_ioreq.c ****                                     uint8_t do_ping)
 123:Middlewares/ST/STM32_USB_Host_Library/Core/Src/usbh_ioreq.c **** {
  83              		.loc 1 123 1 is_stmt 1 view -0
  84              		.cfi_startproc
  85              		@ args = 4, pretend = 0, frame = 0
  86              		@ frame_needed = 0, uses_anonymous_args = 0
  87              		.loc 1 123 1 is_stmt 0 view .LVU8
  88 0000 30B5     		push	{r4, r5, lr}
  89              	.LCFI3:
  90              		.cfi_def_cfa_offset 12
  91              		.cfi_offset 4, -12
  92              		.cfi_offset 5, -8
  93              		.cfi_offset 14, -4
  94 0002 85B0     		sub	sp, sp, #20
  95              	.LCFI4:
  96              		.cfi_def_cfa_offset 32
  97 0004 0C46     		mov	r4, r1
  98 0006 1946     		mov	r1, r3
  99              	.LVL6:
 100              		.loc 1 123 1 view .LVU9
 101 0008 9DF82030 		ldrb	r3, [sp, #32]	@ zero_extendqisi2
 102              	.LVL7:
 124:Middlewares/ST/STM32_USB_Host_Library/Core/Src/usbh_ioreq.c ****   if (phost->device.speed != USBH_SPEED_HIGH)
 103              		.loc 1 124 3 is_stmt 1 view .LVU10
 104              		.loc 1 124 20 is_stmt 0 view .LVU11
 105 000c 90F81D53 		ldrb	r5, [r0, #797]	@ zero_extendqisi2
 106              		.loc 1 124 6 view .LVU12
 107 0010 05B1     		cbz	r5, .L4
ARM GAS  C:\Users\seblo\AppData\Local\Temp\cc9XMz3N.s 			page 5


 125:Middlewares/ST/STM32_USB_Host_Library/Core/Src/usbh_ioreq.c ****   {
 126:Middlewares/ST/STM32_USB_Host_Library/Core/Src/usbh_ioreq.c ****     do_ping = 0U;
 108              		.loc 1 126 13 view .LVU13
 109 0012 0023     		movs	r3, #0
 110              	.L4:
 111              	.LVL8:
 127:Middlewares/ST/STM32_USB_Host_Library/Core/Src/usbh_ioreq.c ****   }
 128:Middlewares/ST/STM32_USB_Host_Library/Core/Src/usbh_ioreq.c **** 
 129:Middlewares/ST/STM32_USB_Host_Library/Core/Src/usbh_ioreq.c ****   USBH_LL_SubmitURB(phost,                      /* Driver handle    */
 112              		.loc 1 129 3 is_stmt 1 view .LVU14
 113 0014 0393     		str	r3, [sp, #12]
 114 0016 0292     		str	r2, [sp, #8]
 115 0018 0194     		str	r4, [sp, #4]
 116 001a 0123     		movs	r3, #1
 117              	.LVL9:
 118              		.loc 1 129 3 is_stmt 0 view .LVU15
 119 001c 0093     		str	r3, [sp]
 120 001e 0023     		movs	r3, #0
 121 0020 1A46     		mov	r2, r3
 122              	.LVL10:
 123              		.loc 1 129 3 view .LVU16
 124 0022 FFF7FEFF 		bl	USBH_LL_SubmitURB
 125              	.LVL11:
 130:Middlewares/ST/STM32_USB_Host_Library/Core/Src/usbh_ioreq.c ****                     pipe_num,             /* Pipe index       */
 131:Middlewares/ST/STM32_USB_Host_Library/Core/Src/usbh_ioreq.c ****                     0U,                   /* Direction : OUT  */
 132:Middlewares/ST/STM32_USB_Host_Library/Core/Src/usbh_ioreq.c ****                     USBH_EP_CONTROL,      /* EP type          */
 133:Middlewares/ST/STM32_USB_Host_Library/Core/Src/usbh_ioreq.c ****                     USBH_PID_DATA,        /* Type Data        */
 134:Middlewares/ST/STM32_USB_Host_Library/Core/Src/usbh_ioreq.c ****                     buff,                 /* data buffer      */
 135:Middlewares/ST/STM32_USB_Host_Library/Core/Src/usbh_ioreq.c ****                     length,               /* data length      */
 136:Middlewares/ST/STM32_USB_Host_Library/Core/Src/usbh_ioreq.c ****                     do_ping);             /* do ping (HS Only)*/
 137:Middlewares/ST/STM32_USB_Host_Library/Core/Src/usbh_ioreq.c **** 
 138:Middlewares/ST/STM32_USB_Host_Library/Core/Src/usbh_ioreq.c ****   return USBH_OK;
 126              		.loc 1 138 3 is_stmt 1 view .LVU17
 139:Middlewares/ST/STM32_USB_Host_Library/Core/Src/usbh_ioreq.c **** }
 127              		.loc 1 139 1 is_stmt 0 view .LVU18
 128 0026 0020     		movs	r0, #0
 129 0028 05B0     		add	sp, sp, #20
 130              	.LCFI5:
 131              		.cfi_def_cfa_offset 12
 132              		@ sp needed
 133 002a 30BD     		pop	{r4, r5, pc}
 134              		.loc 1 139 1 view .LVU19
 135              		.cfi_endproc
 136              	.LFE150:
 138              		.section	.text.USBH_CtlReceiveData,"ax",%progbits
 139              		.align	1
 140              		.global	USBH_CtlReceiveData
 141              		.syntax unified
 142              		.thumb
 143              		.thumb_func
 144              		.fpu fpv5-sp-d16
 146              	USBH_CtlReceiveData:
 147              	.LVL12:
 148              	.LFB151:
 140:Middlewares/ST/STM32_USB_Host_Library/Core/Src/usbh_ioreq.c **** 
 141:Middlewares/ST/STM32_USB_Host_Library/Core/Src/usbh_ioreq.c **** 
 142:Middlewares/ST/STM32_USB_Host_Library/Core/Src/usbh_ioreq.c **** /**
ARM GAS  C:\Users\seblo\AppData\Local\Temp\cc9XMz3N.s 			page 6


 143:Middlewares/ST/STM32_USB_Host_Library/Core/Src/usbh_ioreq.c ****   * @brief  USBH_CtlReceiveData
 144:Middlewares/ST/STM32_USB_Host_Library/Core/Src/usbh_ioreq.c ****   *         Receives the Device Response to the Setup Packet
 145:Middlewares/ST/STM32_USB_Host_Library/Core/Src/usbh_ioreq.c ****   * @param  phost: Host Handle
 146:Middlewares/ST/STM32_USB_Host_Library/Core/Src/usbh_ioreq.c ****   * @param  buff: Buffer pointer in which the response needs to be copied
 147:Middlewares/ST/STM32_USB_Host_Library/Core/Src/usbh_ioreq.c ****   * @param  length: Length of the data to be received
 148:Middlewares/ST/STM32_USB_Host_Library/Core/Src/usbh_ioreq.c ****   * @param  pipe_num: Pipe Number
 149:Middlewares/ST/STM32_USB_Host_Library/Core/Src/usbh_ioreq.c ****   * @retval USBH Status.
 150:Middlewares/ST/STM32_USB_Host_Library/Core/Src/usbh_ioreq.c ****   */
 151:Middlewares/ST/STM32_USB_Host_Library/Core/Src/usbh_ioreq.c **** USBH_StatusTypeDef USBH_CtlReceiveData(USBH_HandleTypeDef *phost,
 152:Middlewares/ST/STM32_USB_Host_Library/Core/Src/usbh_ioreq.c ****                                        uint8_t *buff,
 153:Middlewares/ST/STM32_USB_Host_Library/Core/Src/usbh_ioreq.c ****                                        uint16_t length,
 154:Middlewares/ST/STM32_USB_Host_Library/Core/Src/usbh_ioreq.c ****                                        uint8_t pipe_num)
 155:Middlewares/ST/STM32_USB_Host_Library/Core/Src/usbh_ioreq.c **** {
 149              		.loc 1 155 1 is_stmt 1 view -0
 150              		.cfi_startproc
 151              		@ args = 0, pretend = 0, frame = 0
 152              		@ frame_needed = 0, uses_anonymous_args = 0
 153              		.loc 1 155 1 is_stmt 0 view .LVU21
 154 0000 30B5     		push	{r4, r5, lr}
 155              	.LCFI6:
 156              		.cfi_def_cfa_offset 12
 157              		.cfi_offset 4, -12
 158              		.cfi_offset 5, -8
 159              		.cfi_offset 14, -4
 160 0002 85B0     		sub	sp, sp, #20
 161              	.LCFI7:
 162              		.cfi_def_cfa_offset 32
 163 0004 0D46     		mov	r5, r1
 164 0006 1946     		mov	r1, r3
 165              	.LVL13:
 156:Middlewares/ST/STM32_USB_Host_Library/Core/Src/usbh_ioreq.c ****   USBH_LL_SubmitURB(phost,                      /* Driver handle    */
 166              		.loc 1 156 3 is_stmt 1 view .LVU22
 167 0008 0024     		movs	r4, #0
 168 000a 0394     		str	r4, [sp, #12]
 169 000c 0292     		str	r2, [sp, #8]
 170 000e 0195     		str	r5, [sp, #4]
 171 0010 0122     		movs	r2, #1
 172              	.LVL14:
 173              		.loc 1 156 3 is_stmt 0 view .LVU23
 174 0012 0092     		str	r2, [sp]
 175 0014 2346     		mov	r3, r4
 176              	.LVL15:
 177              		.loc 1 156 3 view .LVU24
 178 0016 FFF7FEFF 		bl	USBH_LL_SubmitURB
 179              	.LVL16:
 157:Middlewares/ST/STM32_USB_Host_Library/Core/Src/usbh_ioreq.c ****                     pipe_num,             /* Pipe index       */
 158:Middlewares/ST/STM32_USB_Host_Library/Core/Src/usbh_ioreq.c ****                     1U,                    /* Direction : IN   */
 159:Middlewares/ST/STM32_USB_Host_Library/Core/Src/usbh_ioreq.c ****                     USBH_EP_CONTROL,      /* EP type          */
 160:Middlewares/ST/STM32_USB_Host_Library/Core/Src/usbh_ioreq.c ****                     USBH_PID_DATA,        /* Type Data        */
 161:Middlewares/ST/STM32_USB_Host_Library/Core/Src/usbh_ioreq.c ****                     buff,                 /* data buffer      */
 162:Middlewares/ST/STM32_USB_Host_Library/Core/Src/usbh_ioreq.c ****                     length,               /* data length      */
 163:Middlewares/ST/STM32_USB_Host_Library/Core/Src/usbh_ioreq.c ****                     0U);
 164:Middlewares/ST/STM32_USB_Host_Library/Core/Src/usbh_ioreq.c ****   return USBH_OK;
 180              		.loc 1 164 3 is_stmt 1 view .LVU25
 165:Middlewares/ST/STM32_USB_Host_Library/Core/Src/usbh_ioreq.c **** 
 166:Middlewares/ST/STM32_USB_Host_Library/Core/Src/usbh_ioreq.c **** }
 181              		.loc 1 166 1 is_stmt 0 view .LVU26
ARM GAS  C:\Users\seblo\AppData\Local\Temp\cc9XMz3N.s 			page 7


 182 001a 2046     		mov	r0, r4
 183 001c 05B0     		add	sp, sp, #20
 184              	.LCFI8:
 185              		.cfi_def_cfa_offset 12
 186              		@ sp needed
 187 001e 30BD     		pop	{r4, r5, pc}
 188              		.loc 1 166 1 view .LVU27
 189              		.cfi_endproc
 190              	.LFE151:
 192              		.section	.text.USBH_BulkSendData,"ax",%progbits
 193              		.align	1
 194              		.global	USBH_BulkSendData
 195              		.syntax unified
 196              		.thumb
 197              		.thumb_func
 198              		.fpu fpv5-sp-d16
 200              	USBH_BulkSendData:
 201              	.LVL17:
 202              	.LFB152:
 167:Middlewares/ST/STM32_USB_Host_Library/Core/Src/usbh_ioreq.c **** 
 168:Middlewares/ST/STM32_USB_Host_Library/Core/Src/usbh_ioreq.c **** 
 169:Middlewares/ST/STM32_USB_Host_Library/Core/Src/usbh_ioreq.c **** /**
 170:Middlewares/ST/STM32_USB_Host_Library/Core/Src/usbh_ioreq.c ****   * @brief  USBH_BulkSendData
 171:Middlewares/ST/STM32_USB_Host_Library/Core/Src/usbh_ioreq.c ****   *         Sends the Bulk Packet to the device
 172:Middlewares/ST/STM32_USB_Host_Library/Core/Src/usbh_ioreq.c ****   * @param  phost: Host Handle
 173:Middlewares/ST/STM32_USB_Host_Library/Core/Src/usbh_ioreq.c ****   * @param  buff: Buffer pointer from which the Data will be sent to Device
 174:Middlewares/ST/STM32_USB_Host_Library/Core/Src/usbh_ioreq.c ****   * @param  length: Length of the data to be sent
 175:Middlewares/ST/STM32_USB_Host_Library/Core/Src/usbh_ioreq.c ****   * @param  pipe_num: Pipe Number
 176:Middlewares/ST/STM32_USB_Host_Library/Core/Src/usbh_ioreq.c ****   * @retval USBH Status
 177:Middlewares/ST/STM32_USB_Host_Library/Core/Src/usbh_ioreq.c ****   */
 178:Middlewares/ST/STM32_USB_Host_Library/Core/Src/usbh_ioreq.c **** USBH_StatusTypeDef USBH_BulkSendData(USBH_HandleTypeDef *phost,
 179:Middlewares/ST/STM32_USB_Host_Library/Core/Src/usbh_ioreq.c ****                                      uint8_t *buff,
 180:Middlewares/ST/STM32_USB_Host_Library/Core/Src/usbh_ioreq.c ****                                      uint16_t length,
 181:Middlewares/ST/STM32_USB_Host_Library/Core/Src/usbh_ioreq.c ****                                      uint8_t pipe_num,
 182:Middlewares/ST/STM32_USB_Host_Library/Core/Src/usbh_ioreq.c ****                                      uint8_t do_ping)
 183:Middlewares/ST/STM32_USB_Host_Library/Core/Src/usbh_ioreq.c **** {
 203              		.loc 1 183 1 is_stmt 1 view -0
 204              		.cfi_startproc
 205              		@ args = 4, pretend = 0, frame = 0
 206              		@ frame_needed = 0, uses_anonymous_args = 0
 207              		.loc 1 183 1 is_stmt 0 view .LVU29
 208 0000 30B5     		push	{r4, r5, lr}
 209              	.LCFI9:
 210              		.cfi_def_cfa_offset 12
 211              		.cfi_offset 4, -12
 212              		.cfi_offset 5, -8
 213              		.cfi_offset 14, -4
 214 0002 85B0     		sub	sp, sp, #20
 215              	.LCFI10:
 216              		.cfi_def_cfa_offset 32
 217 0004 0C46     		mov	r4, r1
 218 0006 1946     		mov	r1, r3
 219              	.LVL18:
 220              		.loc 1 183 1 view .LVU30
 221 0008 9DF82030 		ldrb	r3, [sp, #32]	@ zero_extendqisi2
 222              	.LVL19:
 184:Middlewares/ST/STM32_USB_Host_Library/Core/Src/usbh_ioreq.c ****   if (phost->device.speed != USBH_SPEED_HIGH)
ARM GAS  C:\Users\seblo\AppData\Local\Temp\cc9XMz3N.s 			page 8


 223              		.loc 1 184 3 is_stmt 1 view .LVU31
 224              		.loc 1 184 20 is_stmt 0 view .LVU32
 225 000c 90F81D53 		ldrb	r5, [r0, #797]	@ zero_extendqisi2
 226              		.loc 1 184 6 view .LVU33
 227 0010 05B1     		cbz	r5, .L10
 185:Middlewares/ST/STM32_USB_Host_Library/Core/Src/usbh_ioreq.c ****   {
 186:Middlewares/ST/STM32_USB_Host_Library/Core/Src/usbh_ioreq.c ****     do_ping = 0U;
 228              		.loc 1 186 13 view .LVU34
 229 0012 0023     		movs	r3, #0
 230              	.L10:
 231              	.LVL20:
 187:Middlewares/ST/STM32_USB_Host_Library/Core/Src/usbh_ioreq.c ****   }
 188:Middlewares/ST/STM32_USB_Host_Library/Core/Src/usbh_ioreq.c **** 
 189:Middlewares/ST/STM32_USB_Host_Library/Core/Src/usbh_ioreq.c ****   USBH_LL_SubmitURB(phost,                      /* Driver handle    */
 232              		.loc 1 189 3 is_stmt 1 view .LVU35
 233 0014 0393     		str	r3, [sp, #12]
 234 0016 0292     		str	r2, [sp, #8]
 235 0018 0194     		str	r4, [sp, #4]
 236 001a 0123     		movs	r3, #1
 237              	.LVL21:
 238              		.loc 1 189 3 is_stmt 0 view .LVU36
 239 001c 0093     		str	r3, [sp]
 240 001e 0223     		movs	r3, #2
 241 0020 0022     		movs	r2, #0
 242              	.LVL22:
 243              		.loc 1 189 3 view .LVU37
 244 0022 FFF7FEFF 		bl	USBH_LL_SubmitURB
 245              	.LVL23:
 190:Middlewares/ST/STM32_USB_Host_Library/Core/Src/usbh_ioreq.c ****                     pipe_num,             /* Pipe index       */
 191:Middlewares/ST/STM32_USB_Host_Library/Core/Src/usbh_ioreq.c ****                     0U,                    /* Direction : IN   */
 192:Middlewares/ST/STM32_USB_Host_Library/Core/Src/usbh_ioreq.c ****                     USBH_EP_BULK,         /* EP type          */
 193:Middlewares/ST/STM32_USB_Host_Library/Core/Src/usbh_ioreq.c ****                     USBH_PID_DATA,        /* Type Data        */
 194:Middlewares/ST/STM32_USB_Host_Library/Core/Src/usbh_ioreq.c ****                     buff,                 /* data buffer      */
 195:Middlewares/ST/STM32_USB_Host_Library/Core/Src/usbh_ioreq.c ****                     length,               /* data length      */
 196:Middlewares/ST/STM32_USB_Host_Library/Core/Src/usbh_ioreq.c ****                     do_ping);             /* do ping (HS Only)*/
 197:Middlewares/ST/STM32_USB_Host_Library/Core/Src/usbh_ioreq.c ****   return USBH_OK;
 246              		.loc 1 197 3 is_stmt 1 view .LVU38
 198:Middlewares/ST/STM32_USB_Host_Library/Core/Src/usbh_ioreq.c **** }
 247              		.loc 1 198 1 is_stmt 0 view .LVU39
 248 0026 0020     		movs	r0, #0
 249 0028 05B0     		add	sp, sp, #20
 250              	.LCFI11:
 251              		.cfi_def_cfa_offset 12
 252              		@ sp needed
 253 002a 30BD     		pop	{r4, r5, pc}
 254              		.loc 1 198 1 view .LVU40
 255              		.cfi_endproc
 256              	.LFE152:
 258              		.section	.text.USBH_BulkReceiveData,"ax",%progbits
 259              		.align	1
 260              		.global	USBH_BulkReceiveData
 261              		.syntax unified
 262              		.thumb
 263              		.thumb_func
 264              		.fpu fpv5-sp-d16
 266              	USBH_BulkReceiveData:
 267              	.LVL24:
ARM GAS  C:\Users\seblo\AppData\Local\Temp\cc9XMz3N.s 			page 9


 268              	.LFB153:
 199:Middlewares/ST/STM32_USB_Host_Library/Core/Src/usbh_ioreq.c **** 
 200:Middlewares/ST/STM32_USB_Host_Library/Core/Src/usbh_ioreq.c **** 
 201:Middlewares/ST/STM32_USB_Host_Library/Core/Src/usbh_ioreq.c **** /**
 202:Middlewares/ST/STM32_USB_Host_Library/Core/Src/usbh_ioreq.c ****   * @brief  USBH_BulkReceiveData
 203:Middlewares/ST/STM32_USB_Host_Library/Core/Src/usbh_ioreq.c ****   *         Receives IN bulk packet from device
 204:Middlewares/ST/STM32_USB_Host_Library/Core/Src/usbh_ioreq.c ****   * @param  phost: Host Handle
 205:Middlewares/ST/STM32_USB_Host_Library/Core/Src/usbh_ioreq.c ****   * @param  buff: Buffer pointer in which the received data packet to be copied
 206:Middlewares/ST/STM32_USB_Host_Library/Core/Src/usbh_ioreq.c ****   * @param  length: Length of the data to be received
 207:Middlewares/ST/STM32_USB_Host_Library/Core/Src/usbh_ioreq.c ****   * @param  pipe_num: Pipe Number
 208:Middlewares/ST/STM32_USB_Host_Library/Core/Src/usbh_ioreq.c ****   * @retval USBH Status.
 209:Middlewares/ST/STM32_USB_Host_Library/Core/Src/usbh_ioreq.c ****   */
 210:Middlewares/ST/STM32_USB_Host_Library/Core/Src/usbh_ioreq.c **** USBH_StatusTypeDef USBH_BulkReceiveData(USBH_HandleTypeDef *phost,
 211:Middlewares/ST/STM32_USB_Host_Library/Core/Src/usbh_ioreq.c ****                                         uint8_t *buff,
 212:Middlewares/ST/STM32_USB_Host_Library/Core/Src/usbh_ioreq.c ****                                         uint16_t length,
 213:Middlewares/ST/STM32_USB_Host_Library/Core/Src/usbh_ioreq.c ****                                         uint8_t pipe_num)
 214:Middlewares/ST/STM32_USB_Host_Library/Core/Src/usbh_ioreq.c **** {
 269              		.loc 1 214 1 is_stmt 1 view -0
 270              		.cfi_startproc
 271              		@ args = 0, pretend = 0, frame = 0
 272              		@ frame_needed = 0, uses_anonymous_args = 0
 273              		.loc 1 214 1 is_stmt 0 view .LVU42
 274 0000 30B5     		push	{r4, r5, lr}
 275              	.LCFI12:
 276              		.cfi_def_cfa_offset 12
 277              		.cfi_offset 4, -12
 278              		.cfi_offset 5, -8
 279              		.cfi_offset 14, -4
 280 0002 85B0     		sub	sp, sp, #20
 281              	.LCFI13:
 282              		.cfi_def_cfa_offset 32
 283 0004 0D46     		mov	r5, r1
 284 0006 1946     		mov	r1, r3
 285              	.LVL25:
 215:Middlewares/ST/STM32_USB_Host_Library/Core/Src/usbh_ioreq.c ****   USBH_LL_SubmitURB(phost,                      /* Driver handle    */
 286              		.loc 1 215 3 is_stmt 1 view .LVU43
 287 0008 0024     		movs	r4, #0
 288 000a 0394     		str	r4, [sp, #12]
 289 000c 0292     		str	r2, [sp, #8]
 290 000e 0195     		str	r5, [sp, #4]
 291 0010 0122     		movs	r2, #1
 292              	.LVL26:
 293              		.loc 1 215 3 is_stmt 0 view .LVU44
 294 0012 0092     		str	r2, [sp]
 295 0014 0223     		movs	r3, #2
 296              	.LVL27:
 297              		.loc 1 215 3 view .LVU45
 298 0016 FFF7FEFF 		bl	USBH_LL_SubmitURB
 299              	.LVL28:
 216:Middlewares/ST/STM32_USB_Host_Library/Core/Src/usbh_ioreq.c ****                     pipe_num,             /* Pipe index       */
 217:Middlewares/ST/STM32_USB_Host_Library/Core/Src/usbh_ioreq.c ****                     1U,                    /* Direction : IN   */
 218:Middlewares/ST/STM32_USB_Host_Library/Core/Src/usbh_ioreq.c ****                     USBH_EP_BULK,         /* EP type          */
 219:Middlewares/ST/STM32_USB_Host_Library/Core/Src/usbh_ioreq.c ****                     USBH_PID_DATA,        /* Type Data        */
 220:Middlewares/ST/STM32_USB_Host_Library/Core/Src/usbh_ioreq.c ****                     buff,                 /* data buffer      */
 221:Middlewares/ST/STM32_USB_Host_Library/Core/Src/usbh_ioreq.c ****                     length,               /* data length      */
 222:Middlewares/ST/STM32_USB_Host_Library/Core/Src/usbh_ioreq.c ****                     0U);
 223:Middlewares/ST/STM32_USB_Host_Library/Core/Src/usbh_ioreq.c ****   return USBH_OK;
ARM GAS  C:\Users\seblo\AppData\Local\Temp\cc9XMz3N.s 			page 10


 300              		.loc 1 223 3 is_stmt 1 view .LVU46
 224:Middlewares/ST/STM32_USB_Host_Library/Core/Src/usbh_ioreq.c **** }
 301              		.loc 1 224 1 is_stmt 0 view .LVU47
 302 001a 2046     		mov	r0, r4
 303 001c 05B0     		add	sp, sp, #20
 304              	.LCFI14:
 305              		.cfi_def_cfa_offset 12
 306              		@ sp needed
 307 001e 30BD     		pop	{r4, r5, pc}
 308              		.loc 1 224 1 view .LVU48
 309              		.cfi_endproc
 310              	.LFE153:
 312              		.section	.text.USBH_InterruptReceiveData,"ax",%progbits
 313              		.align	1
 314              		.global	USBH_InterruptReceiveData
 315              		.syntax unified
 316              		.thumb
 317              		.thumb_func
 318              		.fpu fpv5-sp-d16
 320              	USBH_InterruptReceiveData:
 321              	.LVL29:
 322              	.LFB154:
 225:Middlewares/ST/STM32_USB_Host_Library/Core/Src/usbh_ioreq.c **** 
 226:Middlewares/ST/STM32_USB_Host_Library/Core/Src/usbh_ioreq.c **** 
 227:Middlewares/ST/STM32_USB_Host_Library/Core/Src/usbh_ioreq.c **** /**
 228:Middlewares/ST/STM32_USB_Host_Library/Core/Src/usbh_ioreq.c ****   * @brief  USBH_InterruptReceiveData
 229:Middlewares/ST/STM32_USB_Host_Library/Core/Src/usbh_ioreq.c ****   *         Receives the Device Response to the Interrupt IN token
 230:Middlewares/ST/STM32_USB_Host_Library/Core/Src/usbh_ioreq.c ****   * @param  phost: Host Handle
 231:Middlewares/ST/STM32_USB_Host_Library/Core/Src/usbh_ioreq.c ****   * @param  buff: Buffer pointer in which the response needs to be copied
 232:Middlewares/ST/STM32_USB_Host_Library/Core/Src/usbh_ioreq.c ****   * @param  length: Length of the data to be received
 233:Middlewares/ST/STM32_USB_Host_Library/Core/Src/usbh_ioreq.c ****   * @param  pipe_num: Pipe Number
 234:Middlewares/ST/STM32_USB_Host_Library/Core/Src/usbh_ioreq.c ****   * @retval USBH Status.
 235:Middlewares/ST/STM32_USB_Host_Library/Core/Src/usbh_ioreq.c ****   */
 236:Middlewares/ST/STM32_USB_Host_Library/Core/Src/usbh_ioreq.c **** USBH_StatusTypeDef USBH_InterruptReceiveData(USBH_HandleTypeDef *phost,
 237:Middlewares/ST/STM32_USB_Host_Library/Core/Src/usbh_ioreq.c ****                                              uint8_t *buff,
 238:Middlewares/ST/STM32_USB_Host_Library/Core/Src/usbh_ioreq.c ****                                              uint8_t length,
 239:Middlewares/ST/STM32_USB_Host_Library/Core/Src/usbh_ioreq.c ****                                              uint8_t pipe_num)
 240:Middlewares/ST/STM32_USB_Host_Library/Core/Src/usbh_ioreq.c **** {
 323              		.loc 1 240 1 is_stmt 1 view -0
 324              		.cfi_startproc
 325              		@ args = 0, pretend = 0, frame = 0
 326              		@ frame_needed = 0, uses_anonymous_args = 0
 327              		.loc 1 240 1 is_stmt 0 view .LVU50
 328 0000 30B5     		push	{r4, r5, lr}
 329              	.LCFI15:
 330              		.cfi_def_cfa_offset 12
 331              		.cfi_offset 4, -12
 332              		.cfi_offset 5, -8
 333              		.cfi_offset 14, -4
 334 0002 85B0     		sub	sp, sp, #20
 335              	.LCFI16:
 336              		.cfi_def_cfa_offset 32
 337 0004 0D46     		mov	r5, r1
 338 0006 1946     		mov	r1, r3
 339              	.LVL30:
 241:Middlewares/ST/STM32_USB_Host_Library/Core/Src/usbh_ioreq.c ****   USBH_LL_SubmitURB(phost,                      /* Driver handle    */
 340              		.loc 1 241 3 is_stmt 1 view .LVU51
ARM GAS  C:\Users\seblo\AppData\Local\Temp\cc9XMz3N.s 			page 11


 341 0008 0024     		movs	r4, #0
 342 000a 0394     		str	r4, [sp, #12]
 343 000c 0292     		str	r2, [sp, #8]
 344 000e 0195     		str	r5, [sp, #4]
 345 0010 0122     		movs	r2, #1
 346              	.LVL31:
 347              		.loc 1 241 3 is_stmt 0 view .LVU52
 348 0012 0092     		str	r2, [sp]
 349 0014 0323     		movs	r3, #3
 350              	.LVL32:
 351              		.loc 1 241 3 view .LVU53
 352 0016 FFF7FEFF 		bl	USBH_LL_SubmitURB
 353              	.LVL33:
 242:Middlewares/ST/STM32_USB_Host_Library/Core/Src/usbh_ioreq.c ****                     pipe_num,             /* Pipe index       */
 243:Middlewares/ST/STM32_USB_Host_Library/Core/Src/usbh_ioreq.c ****                     1U,                   /* Direction : IN   */
 244:Middlewares/ST/STM32_USB_Host_Library/Core/Src/usbh_ioreq.c ****                     USBH_EP_INTERRUPT,    /* EP type          */
 245:Middlewares/ST/STM32_USB_Host_Library/Core/Src/usbh_ioreq.c ****                     USBH_PID_DATA,        /* Type Data        */
 246:Middlewares/ST/STM32_USB_Host_Library/Core/Src/usbh_ioreq.c ****                     buff,                 /* data buffer      */
 247:Middlewares/ST/STM32_USB_Host_Library/Core/Src/usbh_ioreq.c ****                     (uint16_t)length,     /* data length      */
 248:Middlewares/ST/STM32_USB_Host_Library/Core/Src/usbh_ioreq.c ****                     0U);
 249:Middlewares/ST/STM32_USB_Host_Library/Core/Src/usbh_ioreq.c **** 
 250:Middlewares/ST/STM32_USB_Host_Library/Core/Src/usbh_ioreq.c ****   return USBH_OK;
 354              		.loc 1 250 3 is_stmt 1 view .LVU54
 251:Middlewares/ST/STM32_USB_Host_Library/Core/Src/usbh_ioreq.c **** }
 355              		.loc 1 251 1 is_stmt 0 view .LVU55
 356 001a 2046     		mov	r0, r4
 357 001c 05B0     		add	sp, sp, #20
 358              	.LCFI17:
 359              		.cfi_def_cfa_offset 12
 360              		@ sp needed
 361 001e 30BD     		pop	{r4, r5, pc}
 362              		.loc 1 251 1 view .LVU56
 363              		.cfi_endproc
 364              	.LFE154:
 366              		.section	.text.USBH_InterruptSendData,"ax",%progbits
 367              		.align	1
 368              		.global	USBH_InterruptSendData
 369              		.syntax unified
 370              		.thumb
 371              		.thumb_func
 372              		.fpu fpv5-sp-d16
 374              	USBH_InterruptSendData:
 375              	.LVL34:
 376              	.LFB155:
 252:Middlewares/ST/STM32_USB_Host_Library/Core/Src/usbh_ioreq.c **** 
 253:Middlewares/ST/STM32_USB_Host_Library/Core/Src/usbh_ioreq.c **** /**
 254:Middlewares/ST/STM32_USB_Host_Library/Core/Src/usbh_ioreq.c ****   * @brief  USBH_InterruptSendData
 255:Middlewares/ST/STM32_USB_Host_Library/Core/Src/usbh_ioreq.c ****   *         Sends the data on Interrupt OUT Endpoint
 256:Middlewares/ST/STM32_USB_Host_Library/Core/Src/usbh_ioreq.c ****   * @param  phost: Host Handle
 257:Middlewares/ST/STM32_USB_Host_Library/Core/Src/usbh_ioreq.c ****   * @param  buff: Buffer pointer from where the data needs to be copied
 258:Middlewares/ST/STM32_USB_Host_Library/Core/Src/usbh_ioreq.c ****   * @param  length: Length of the data to be sent
 259:Middlewares/ST/STM32_USB_Host_Library/Core/Src/usbh_ioreq.c ****   * @param  pipe_num: Pipe Number
 260:Middlewares/ST/STM32_USB_Host_Library/Core/Src/usbh_ioreq.c ****   * @retval USBH Status.
 261:Middlewares/ST/STM32_USB_Host_Library/Core/Src/usbh_ioreq.c ****   */
 262:Middlewares/ST/STM32_USB_Host_Library/Core/Src/usbh_ioreq.c **** USBH_StatusTypeDef USBH_InterruptSendData(USBH_HandleTypeDef *phost,
 263:Middlewares/ST/STM32_USB_Host_Library/Core/Src/usbh_ioreq.c ****                                           uint8_t *buff,
 264:Middlewares/ST/STM32_USB_Host_Library/Core/Src/usbh_ioreq.c ****                                           uint8_t length,
ARM GAS  C:\Users\seblo\AppData\Local\Temp\cc9XMz3N.s 			page 12


 265:Middlewares/ST/STM32_USB_Host_Library/Core/Src/usbh_ioreq.c ****                                           uint8_t pipe_num)
 266:Middlewares/ST/STM32_USB_Host_Library/Core/Src/usbh_ioreq.c **** {
 377              		.loc 1 266 1 is_stmt 1 view -0
 378              		.cfi_startproc
 379              		@ args = 0, pretend = 0, frame = 0
 380              		@ frame_needed = 0, uses_anonymous_args = 0
 381              		.loc 1 266 1 is_stmt 0 view .LVU58
 382 0000 30B5     		push	{r4, r5, lr}
 383              	.LCFI18:
 384              		.cfi_def_cfa_offset 12
 385              		.cfi_offset 4, -12
 386              		.cfi_offset 5, -8
 387              		.cfi_offset 14, -4
 388 0002 85B0     		sub	sp, sp, #20
 389              	.LCFI19:
 390              		.cfi_def_cfa_offset 32
 391 0004 0D46     		mov	r5, r1
 392 0006 1946     		mov	r1, r3
 393              	.LVL35:
 267:Middlewares/ST/STM32_USB_Host_Library/Core/Src/usbh_ioreq.c ****   USBH_LL_SubmitURB(phost,                      /* Driver handle    */
 394              		.loc 1 267 3 is_stmt 1 view .LVU59
 395 0008 0024     		movs	r4, #0
 396 000a 0394     		str	r4, [sp, #12]
 397 000c 0292     		str	r2, [sp, #8]
 398 000e 0195     		str	r5, [sp, #4]
 399 0010 0123     		movs	r3, #1
 400              	.LVL36:
 401              		.loc 1 267 3 is_stmt 0 view .LVU60
 402 0012 0093     		str	r3, [sp]
 403 0014 0323     		movs	r3, #3
 404 0016 2246     		mov	r2, r4
 405              	.LVL37:
 406              		.loc 1 267 3 view .LVU61
 407 0018 FFF7FEFF 		bl	USBH_LL_SubmitURB
 408              	.LVL38:
 268:Middlewares/ST/STM32_USB_Host_Library/Core/Src/usbh_ioreq.c ****                     pipe_num,             /* Pipe index       */
 269:Middlewares/ST/STM32_USB_Host_Library/Core/Src/usbh_ioreq.c ****                     0U,                   /* Direction : OUT   */
 270:Middlewares/ST/STM32_USB_Host_Library/Core/Src/usbh_ioreq.c ****                     USBH_EP_INTERRUPT,    /* EP type          */
 271:Middlewares/ST/STM32_USB_Host_Library/Core/Src/usbh_ioreq.c ****                     USBH_PID_DATA,        /* Type Data        */
 272:Middlewares/ST/STM32_USB_Host_Library/Core/Src/usbh_ioreq.c ****                     buff,                 /* data buffer      */
 273:Middlewares/ST/STM32_USB_Host_Library/Core/Src/usbh_ioreq.c ****                     (uint16_t)length,     /* data length      */
 274:Middlewares/ST/STM32_USB_Host_Library/Core/Src/usbh_ioreq.c ****                     0U);
 275:Middlewares/ST/STM32_USB_Host_Library/Core/Src/usbh_ioreq.c **** 
 276:Middlewares/ST/STM32_USB_Host_Library/Core/Src/usbh_ioreq.c ****   return USBH_OK;
 409              		.loc 1 276 3 is_stmt 1 view .LVU62
 277:Middlewares/ST/STM32_USB_Host_Library/Core/Src/usbh_ioreq.c **** }
 410              		.loc 1 277 1 is_stmt 0 view .LVU63
 411 001c 2046     		mov	r0, r4
 412 001e 05B0     		add	sp, sp, #20
 413              	.LCFI20:
 414              		.cfi_def_cfa_offset 12
 415              		@ sp needed
 416 0020 30BD     		pop	{r4, r5, pc}
 417              		.loc 1 277 1 view .LVU64
 418              		.cfi_endproc
 419              	.LFE155:
 421              		.section	.text.USBH_IsocReceiveData,"ax",%progbits
ARM GAS  C:\Users\seblo\AppData\Local\Temp\cc9XMz3N.s 			page 13


 422              		.align	1
 423              		.global	USBH_IsocReceiveData
 424              		.syntax unified
 425              		.thumb
 426              		.thumb_func
 427              		.fpu fpv5-sp-d16
 429              	USBH_IsocReceiveData:
 430              	.LVL39:
 431              	.LFB156:
 278:Middlewares/ST/STM32_USB_Host_Library/Core/Src/usbh_ioreq.c **** 
 279:Middlewares/ST/STM32_USB_Host_Library/Core/Src/usbh_ioreq.c **** /**
 280:Middlewares/ST/STM32_USB_Host_Library/Core/Src/usbh_ioreq.c ****   * @brief  USBH_IsocReceiveData
 281:Middlewares/ST/STM32_USB_Host_Library/Core/Src/usbh_ioreq.c ****   *         Receives the Device Response to the Isochronous IN token
 282:Middlewares/ST/STM32_USB_Host_Library/Core/Src/usbh_ioreq.c ****   * @param  phost: Host Handle
 283:Middlewares/ST/STM32_USB_Host_Library/Core/Src/usbh_ioreq.c ****   * @param  buff: Buffer pointer in which the response needs to be copied
 284:Middlewares/ST/STM32_USB_Host_Library/Core/Src/usbh_ioreq.c ****   * @param  length: Length of the data to be received
 285:Middlewares/ST/STM32_USB_Host_Library/Core/Src/usbh_ioreq.c ****   * @param  pipe_num: Pipe Number
 286:Middlewares/ST/STM32_USB_Host_Library/Core/Src/usbh_ioreq.c ****   * @retval USBH Status.
 287:Middlewares/ST/STM32_USB_Host_Library/Core/Src/usbh_ioreq.c ****   */
 288:Middlewares/ST/STM32_USB_Host_Library/Core/Src/usbh_ioreq.c **** USBH_StatusTypeDef USBH_IsocReceiveData(USBH_HandleTypeDef *phost,
 289:Middlewares/ST/STM32_USB_Host_Library/Core/Src/usbh_ioreq.c ****                                         uint8_t *buff,
 290:Middlewares/ST/STM32_USB_Host_Library/Core/Src/usbh_ioreq.c ****                                         uint32_t length,
 291:Middlewares/ST/STM32_USB_Host_Library/Core/Src/usbh_ioreq.c ****                                         uint8_t pipe_num)
 292:Middlewares/ST/STM32_USB_Host_Library/Core/Src/usbh_ioreq.c **** {
 432              		.loc 1 292 1 is_stmt 1 view -0
 433              		.cfi_startproc
 434              		@ args = 0, pretend = 0, frame = 0
 435              		@ frame_needed = 0, uses_anonymous_args = 0
 436              		.loc 1 292 1 is_stmt 0 view .LVU66
 437 0000 30B5     		push	{r4, r5, lr}
 438              	.LCFI21:
 439              		.cfi_def_cfa_offset 12
 440              		.cfi_offset 4, -12
 441              		.cfi_offset 5, -8
 442              		.cfi_offset 14, -4
 443 0002 85B0     		sub	sp, sp, #20
 444              	.LCFI22:
 445              		.cfi_def_cfa_offset 32
 446 0004 0D46     		mov	r5, r1
 447 0006 1946     		mov	r1, r3
 448              	.LVL40:
 293:Middlewares/ST/STM32_USB_Host_Library/Core/Src/usbh_ioreq.c ****   USBH_LL_SubmitURB(phost,                      /* Driver handle    */
 449              		.loc 1 293 3 is_stmt 1 view .LVU67
 450 0008 0024     		movs	r4, #0
 451 000a 0394     		str	r4, [sp, #12]
 452 000c 92B2     		uxth	r2, r2
 453              	.LVL41:
 454              		.loc 1 293 3 is_stmt 0 view .LVU68
 455 000e 0292     		str	r2, [sp, #8]
 456 0010 0195     		str	r5, [sp, #4]
 457 0012 0122     		movs	r2, #1
 458 0014 0092     		str	r2, [sp]
 459 0016 1346     		mov	r3, r2
 460              	.LVL42:
 461              		.loc 1 293 3 view .LVU69
 462 0018 FFF7FEFF 		bl	USBH_LL_SubmitURB
 463              	.LVL43:
ARM GAS  C:\Users\seblo\AppData\Local\Temp\cc9XMz3N.s 			page 14


 294:Middlewares/ST/STM32_USB_Host_Library/Core/Src/usbh_ioreq.c ****                     pipe_num,             /* Pipe index       */
 295:Middlewares/ST/STM32_USB_Host_Library/Core/Src/usbh_ioreq.c ****                     1U,                   /* Direction : IN   */
 296:Middlewares/ST/STM32_USB_Host_Library/Core/Src/usbh_ioreq.c ****                     USBH_EP_ISO,          /* EP type          */
 297:Middlewares/ST/STM32_USB_Host_Library/Core/Src/usbh_ioreq.c ****                     USBH_PID_DATA,        /* Type Data        */
 298:Middlewares/ST/STM32_USB_Host_Library/Core/Src/usbh_ioreq.c ****                     buff,                 /* data buffer      */
 299:Middlewares/ST/STM32_USB_Host_Library/Core/Src/usbh_ioreq.c ****                     (uint16_t)length,     /* data length      */
 300:Middlewares/ST/STM32_USB_Host_Library/Core/Src/usbh_ioreq.c ****                     0U);
 301:Middlewares/ST/STM32_USB_Host_Library/Core/Src/usbh_ioreq.c **** 
 302:Middlewares/ST/STM32_USB_Host_Library/Core/Src/usbh_ioreq.c **** 
 303:Middlewares/ST/STM32_USB_Host_Library/Core/Src/usbh_ioreq.c ****   return USBH_OK;
 464              		.loc 1 303 3 is_stmt 1 view .LVU70
 304:Middlewares/ST/STM32_USB_Host_Library/Core/Src/usbh_ioreq.c **** }
 465              		.loc 1 304 1 is_stmt 0 view .LVU71
 466 001c 2046     		mov	r0, r4
 467 001e 05B0     		add	sp, sp, #20
 468              	.LCFI23:
 469              		.cfi_def_cfa_offset 12
 470              		@ sp needed
 471 0020 30BD     		pop	{r4, r5, pc}
 472              		.loc 1 304 1 view .LVU72
 473              		.cfi_endproc
 474              	.LFE156:
 476              		.section	.text.USBH_IsocSendData,"ax",%progbits
 477              		.align	1
 478              		.global	USBH_IsocSendData
 479              		.syntax unified
 480              		.thumb
 481              		.thumb_func
 482              		.fpu fpv5-sp-d16
 484              	USBH_IsocSendData:
 485              	.LVL44:
 486              	.LFB157:
 305:Middlewares/ST/STM32_USB_Host_Library/Core/Src/usbh_ioreq.c **** 
 306:Middlewares/ST/STM32_USB_Host_Library/Core/Src/usbh_ioreq.c **** /**
 307:Middlewares/ST/STM32_USB_Host_Library/Core/Src/usbh_ioreq.c ****   * @brief  USBH_IsocSendData
 308:Middlewares/ST/STM32_USB_Host_Library/Core/Src/usbh_ioreq.c ****   *         Sends the data on Isochronous OUT Endpoint
 309:Middlewares/ST/STM32_USB_Host_Library/Core/Src/usbh_ioreq.c ****   * @param  phost: Host Handle
 310:Middlewares/ST/STM32_USB_Host_Library/Core/Src/usbh_ioreq.c ****   * @param  buff: Buffer pointer from where the data needs to be copied
 311:Middlewares/ST/STM32_USB_Host_Library/Core/Src/usbh_ioreq.c ****   * @param  length: Length of the data to be sent
 312:Middlewares/ST/STM32_USB_Host_Library/Core/Src/usbh_ioreq.c ****   * @param  pipe_num: Pipe Number
 313:Middlewares/ST/STM32_USB_Host_Library/Core/Src/usbh_ioreq.c ****   * @retval USBH Status.
 314:Middlewares/ST/STM32_USB_Host_Library/Core/Src/usbh_ioreq.c ****   */
 315:Middlewares/ST/STM32_USB_Host_Library/Core/Src/usbh_ioreq.c **** USBH_StatusTypeDef USBH_IsocSendData(USBH_HandleTypeDef *phost,
 316:Middlewares/ST/STM32_USB_Host_Library/Core/Src/usbh_ioreq.c ****                                      uint8_t *buff,
 317:Middlewares/ST/STM32_USB_Host_Library/Core/Src/usbh_ioreq.c ****                                      uint32_t length,
 318:Middlewares/ST/STM32_USB_Host_Library/Core/Src/usbh_ioreq.c ****                                      uint8_t pipe_num)
 319:Middlewares/ST/STM32_USB_Host_Library/Core/Src/usbh_ioreq.c **** {
 487              		.loc 1 319 1 is_stmt 1 view -0
 488              		.cfi_startproc
 489              		@ args = 0, pretend = 0, frame = 0
 490              		@ frame_needed = 0, uses_anonymous_args = 0
 491              		.loc 1 319 1 is_stmt 0 view .LVU74
 492 0000 30B5     		push	{r4, r5, lr}
 493              	.LCFI24:
 494              		.cfi_def_cfa_offset 12
 495              		.cfi_offset 4, -12
 496              		.cfi_offset 5, -8
ARM GAS  C:\Users\seblo\AppData\Local\Temp\cc9XMz3N.s 			page 15


 497              		.cfi_offset 14, -4
 498 0002 85B0     		sub	sp, sp, #20
 499              	.LCFI25:
 500              		.cfi_def_cfa_offset 32
 501 0004 0D46     		mov	r5, r1
 502 0006 1946     		mov	r1, r3
 503              	.LVL45:
 320:Middlewares/ST/STM32_USB_Host_Library/Core/Src/usbh_ioreq.c ****   USBH_LL_SubmitURB(phost,                      /* Driver handle    */
 504              		.loc 1 320 3 is_stmt 1 view .LVU75
 505 0008 0024     		movs	r4, #0
 506 000a 0394     		str	r4, [sp, #12]
 507 000c 92B2     		uxth	r2, r2
 508              	.LVL46:
 509              		.loc 1 320 3 is_stmt 0 view .LVU76
 510 000e 0292     		str	r2, [sp, #8]
 511 0010 0195     		str	r5, [sp, #4]
 512 0012 0123     		movs	r3, #1
 513              	.LVL47:
 514              		.loc 1 320 3 view .LVU77
 515 0014 0093     		str	r3, [sp]
 516 0016 2246     		mov	r2, r4
 517 0018 FFF7FEFF 		bl	USBH_LL_SubmitURB
 518              	.LVL48:
 321:Middlewares/ST/STM32_USB_Host_Library/Core/Src/usbh_ioreq.c ****                     pipe_num,             /* Pipe index       */
 322:Middlewares/ST/STM32_USB_Host_Library/Core/Src/usbh_ioreq.c ****                     0U,                   /* Direction : OUT   */
 323:Middlewares/ST/STM32_USB_Host_Library/Core/Src/usbh_ioreq.c ****                     USBH_EP_ISO,          /* EP type          */
 324:Middlewares/ST/STM32_USB_Host_Library/Core/Src/usbh_ioreq.c ****                     USBH_PID_DATA,        /* Type Data        */
 325:Middlewares/ST/STM32_USB_Host_Library/Core/Src/usbh_ioreq.c ****                     buff,                 /* data buffer      */
 326:Middlewares/ST/STM32_USB_Host_Library/Core/Src/usbh_ioreq.c ****                     (uint16_t)length,     /* data length      */
 327:Middlewares/ST/STM32_USB_Host_Library/Core/Src/usbh_ioreq.c ****                     0U);
 328:Middlewares/ST/STM32_USB_Host_Library/Core/Src/usbh_ioreq.c **** 
 329:Middlewares/ST/STM32_USB_Host_Library/Core/Src/usbh_ioreq.c ****   return USBH_OK;
 519              		.loc 1 329 3 is_stmt 1 view .LVU78
 330:Middlewares/ST/STM32_USB_Host_Library/Core/Src/usbh_ioreq.c **** }
 520              		.loc 1 330 1 is_stmt 0 view .LVU79
 521 001c 2046     		mov	r0, r4
 522 001e 05B0     		add	sp, sp, #20
 523              	.LCFI26:
 524              		.cfi_def_cfa_offset 12
 525              		@ sp needed
 526 0020 30BD     		pop	{r4, r5, pc}
 527              		.loc 1 330 1 view .LVU80
 528              		.cfi_endproc
 529              	.LFE157:
 531              		.text
 532              	.Letext0:
 533              		.file 2 "c:\\program files (x86)\\gnu arm embedded toolchain\\10 2020-q4-major\\arm-none-eabi\\inc
 534              		.file 3 "c:\\program files (x86)\\gnu arm embedded toolchain\\10 2020-q4-major\\arm-none-eabi\\inc
 535              		.file 4 "Middlewares/Third_Party/FreeRTOS/Source/include/task.h"
 536              		.file 5 "Middlewares/Third_Party/FreeRTOS/Source/include/queue.h"
 537              		.file 6 "Middlewares/Third_Party/FreeRTOS/Source/CMSIS_RTOS/cmsis_os.h"
 538              		.file 7 "Middlewares/ST/STM32_USB_Host_Library/Core/Inc/usbh_def.h"
 539              		.file 8 "Middlewares/ST/STM32_USB_Host_Library/Core/Inc/usbh_core.h"
ARM GAS  C:\Users\seblo\AppData\Local\Temp\cc9XMz3N.s 			page 16


DEFINED SYMBOLS
                            *ABS*:00000000 usbh_ioreq.c
C:\Users\seblo\AppData\Local\Temp\cc9XMz3N.s:18     .text.USBH_CtlSendSetup:00000000 $t
C:\Users\seblo\AppData\Local\Temp\cc9XMz3N.s:26     .text.USBH_CtlSendSetup:00000000 USBH_CtlSendSetup
C:\Users\seblo\AppData\Local\Temp\cc9XMz3N.s:73     .text.USBH_CtlSendData:00000000 $t
C:\Users\seblo\AppData\Local\Temp\cc9XMz3N.s:80     .text.USBH_CtlSendData:00000000 USBH_CtlSendData
C:\Users\seblo\AppData\Local\Temp\cc9XMz3N.s:139    .text.USBH_CtlReceiveData:00000000 $t
C:\Users\seblo\AppData\Local\Temp\cc9XMz3N.s:146    .text.USBH_CtlReceiveData:00000000 USBH_CtlReceiveData
C:\Users\seblo\AppData\Local\Temp\cc9XMz3N.s:193    .text.USBH_BulkSendData:00000000 $t
C:\Users\seblo\AppData\Local\Temp\cc9XMz3N.s:200    .text.USBH_BulkSendData:00000000 USBH_BulkSendData
C:\Users\seblo\AppData\Local\Temp\cc9XMz3N.s:259    .text.USBH_BulkReceiveData:00000000 $t
C:\Users\seblo\AppData\Local\Temp\cc9XMz3N.s:266    .text.USBH_BulkReceiveData:00000000 USBH_BulkReceiveData
C:\Users\seblo\AppData\Local\Temp\cc9XMz3N.s:313    .text.USBH_InterruptReceiveData:00000000 $t
C:\Users\seblo\AppData\Local\Temp\cc9XMz3N.s:320    .text.USBH_InterruptReceiveData:00000000 USBH_InterruptReceiveData
C:\Users\seblo\AppData\Local\Temp\cc9XMz3N.s:367    .text.USBH_InterruptSendData:00000000 $t
C:\Users\seblo\AppData\Local\Temp\cc9XMz3N.s:374    .text.USBH_InterruptSendData:00000000 USBH_InterruptSendData
C:\Users\seblo\AppData\Local\Temp\cc9XMz3N.s:422    .text.USBH_IsocReceiveData:00000000 $t
C:\Users\seblo\AppData\Local\Temp\cc9XMz3N.s:429    .text.USBH_IsocReceiveData:00000000 USBH_IsocReceiveData
C:\Users\seblo\AppData\Local\Temp\cc9XMz3N.s:477    .text.USBH_IsocSendData:00000000 $t
C:\Users\seblo\AppData\Local\Temp\cc9XMz3N.s:484    .text.USBH_IsocSendData:00000000 USBH_IsocSendData

UNDEFINED SYMBOLS
USBH_LL_SubmitURB
