ARM GAS  C:\Users\seblo\AppData\Local\Temp\ccdLLwCK.s 			page 1


   1              		.cpu cortex-m7
   2              		.eabi_attribute 27, 1
   3              		.eabi_attribute 28, 1
   4              		.eabi_attribute 20, 1
   5              		.eabi_attribute 21, 1
   6              		.eabi_attribute 23, 3
   7              		.eabi_attribute 24, 1
   8              		.eabi_attribute 25, 1
   9              		.eabi_attribute 26, 1
  10              		.eabi_attribute 30, 1
  11              		.eabi_attribute 34, 1
  12              		.eabi_attribute 18, 4
  13              		.file	"usbh_platform.c"
  14              		.text
  15              	.Ltext0:
  16              		.cfi_sections	.debug_frame
  17              		.section	.text.MX_DriverVbusFS,"ax",%progbits
  18              		.align	1
  19              		.global	MX_DriverVbusFS
  20              		.arch armv7e-m
  21              		.syntax unified
  22              		.thumb
  23              		.thumb_func
  24              		.fpu fpv5-sp-d16
  26              	MX_DriverVbusFS:
  27              	.LVL0:
  28              	.LFB141:
  29              		.file 1 "USB_HOST/Target/usbh_platform.c"
   1:USB_HOST/Target/usbh_platform.c **** /* USER CODE BEGIN Header */
   2:USB_HOST/Target/usbh_platform.c **** /**
   3:USB_HOST/Target/usbh_platform.c ****   ******************************************************************************
   4:USB_HOST/Target/usbh_platform.c ****   * @file           : usbh_platform.c
   5:USB_HOST/Target/usbh_platform.c **** 
   6:USB_HOST/Target/usbh_platform.c ****   * @brief          : This file implements the USB platform
   7:USB_HOST/Target/usbh_platform.c ****   ******************************************************************************
   8:USB_HOST/Target/usbh_platform.c ****   * @attention
   9:USB_HOST/Target/usbh_platform.c ****   *
  10:USB_HOST/Target/usbh_platform.c ****   * <h2><center>&copy; Copyright (c) 2021 STMicroelectronics.
  11:USB_HOST/Target/usbh_platform.c ****   * All rights reserved.</center></h2>
  12:USB_HOST/Target/usbh_platform.c ****   *
  13:USB_HOST/Target/usbh_platform.c ****   * This software component is licensed by ST under Ultimate Liberty license
  14:USB_HOST/Target/usbh_platform.c ****   * SLA0044, the "License"; You may not use this file except in compliance with
  15:USB_HOST/Target/usbh_platform.c ****   * the License. You may obtain a copy of the License at:
  16:USB_HOST/Target/usbh_platform.c ****   *                             www.st.com/SLA0044
  17:USB_HOST/Target/usbh_platform.c ****   *
  18:USB_HOST/Target/usbh_platform.c ****   ******************************************************************************
  19:USB_HOST/Target/usbh_platform.c ****   */
  20:USB_HOST/Target/usbh_platform.c **** /* USER CODE END Header */
  21:USB_HOST/Target/usbh_platform.c **** 
  22:USB_HOST/Target/usbh_platform.c **** /* Includes ------------------------------------------------------------------*/
  23:USB_HOST/Target/usbh_platform.c **** #include "usbh_platform.h"
  24:USB_HOST/Target/usbh_platform.c **** 
  25:USB_HOST/Target/usbh_platform.c **** /* USER CODE BEGIN INCLUDE */
  26:USB_HOST/Target/usbh_platform.c **** 
  27:USB_HOST/Target/usbh_platform.c **** /* USER CODE END INCLUDE */
  28:USB_HOST/Target/usbh_platform.c **** 
  29:USB_HOST/Target/usbh_platform.c **** /**
ARM GAS  C:\Users\seblo\AppData\Local\Temp\ccdLLwCK.s 			page 2


  30:USB_HOST/Target/usbh_platform.c ****   * @brief  Drive VBUS.
  31:USB_HOST/Target/usbh_platform.c ****   * @param  state : VBUS state
  32:USB_HOST/Target/usbh_platform.c ****   *          This parameter can be one of the these values:
  33:USB_HOST/Target/usbh_platform.c ****   *           - 1 : VBUS Active
  34:USB_HOST/Target/usbh_platform.c ****   *           - 0 : VBUS Inactive
  35:USB_HOST/Target/usbh_platform.c ****   */
  36:USB_HOST/Target/usbh_platform.c **** void MX_DriverVbusFS(uint8_t state)
  37:USB_HOST/Target/usbh_platform.c **** {
  30              		.loc 1 37 1 view -0
  31              		.cfi_startproc
  32              		@ args = 0, pretend = 0, frame = 0
  33              		@ frame_needed = 0, uses_anonymous_args = 0
  34              		.loc 1 37 1 is_stmt 0 view .LVU1
  35 0000 08B5     		push	{r3, lr}
  36              	.LCFI0:
  37              		.cfi_def_cfa_offset 8
  38              		.cfi_offset 3, -8
  39              		.cfi_offset 14, -4
  38:USB_HOST/Target/usbh_platform.c ****   uint8_t data = state;
  40              		.loc 1 38 3 is_stmt 1 view .LVU2
  41              	.LVL1:
  39:USB_HOST/Target/usbh_platform.c ****   /* USER CODE BEGIN PREPARE_GPIO_DATA_VBUS_FS */
  40:USB_HOST/Target/usbh_platform.c ****   if(state == 0)
  42              		.loc 1 40 3 view .LVU3
  43              		.loc 1 40 5 is_stmt 0 view .LVU4
  44 0002 28B9     		cbnz	r0, .L3
  41:USB_HOST/Target/usbh_platform.c ****   {
  42:USB_HOST/Target/usbh_platform.c ****     /* Drive high Charge pump */
  43:USB_HOST/Target/usbh_platform.c ****     data = GPIO_PIN_SET;
  45              		.loc 1 43 10 view .LVU5
  46 0004 0122     		movs	r2, #1
  47              	.L2:
  48              	.LVL2:
  44:USB_HOST/Target/usbh_platform.c ****   }
  45:USB_HOST/Target/usbh_platform.c ****   else
  46:USB_HOST/Target/usbh_platform.c ****   {
  47:USB_HOST/Target/usbh_platform.c ****     /* Drive low Charge pump */
  48:USB_HOST/Target/usbh_platform.c ****     data = GPIO_PIN_RESET;
  49:USB_HOST/Target/usbh_platform.c ****   }
  50:USB_HOST/Target/usbh_platform.c ****   /* USER CODE END PREPARE_GPIO_DATA_VBUS_FS */
  51:USB_HOST/Target/usbh_platform.c ****   HAL_GPIO_WritePin(GPIOD,GPIO_PIN_5,(GPIO_PinState)data);
  49              		.loc 1 51 3 is_stmt 1 view .LVU6
  50 0006 2021     		movs	r1, #32
  51 0008 0248     		ldr	r0, .L5
  52              	.LVL3:
  53              		.loc 1 51 3 is_stmt 0 view .LVU7
  54 000a FFF7FEFF 		bl	HAL_GPIO_WritePin
  55              	.LVL4:
  52:USB_HOST/Target/usbh_platform.c **** }
  56              		.loc 1 52 1 view .LVU8
  57 000e 08BD     		pop	{r3, pc}
  58              	.LVL5:
  59              	.L3:
  48:USB_HOST/Target/usbh_platform.c ****   }
  60              		.loc 1 48 10 view .LVU9
  61 0010 0022     		movs	r2, #0
  62 0012 F8E7     		b	.L2
ARM GAS  C:\Users\seblo\AppData\Local\Temp\ccdLLwCK.s 			page 3


  63              	.L6:
  64              		.align	2
  65              	.L5:
  66 0014 000C0240 		.word	1073875968
  67              		.cfi_endproc
  68              	.LFE141:
  70              		.text
  71              	.Letext0:
  72              		.file 2 "c:\\program files (x86)\\gnu arm embedded toolchain\\10 2020-q4-major\\arm-none-eabi\\inc
  73              		.file 3 "c:\\program files (x86)\\gnu arm embedded toolchain\\10 2020-q4-major\\arm-none-eabi\\inc
  74              		.file 4 "Drivers/CMSIS/Device/ST/STM32F7xx/Include/stm32f746xx.h"
  75              		.file 5 "Drivers/STM32F7xx_HAL_Driver/Inc/stm32f7xx_hal_gpio.h"
ARM GAS  C:\Users\seblo\AppData\Local\Temp\ccdLLwCK.s 			page 4


DEFINED SYMBOLS
                            *ABS*:00000000 usbh_platform.c
C:\Users\seblo\AppData\Local\Temp\ccdLLwCK.s:18     .text.MX_DriverVbusFS:00000000 $t
C:\Users\seblo\AppData\Local\Temp\ccdLLwCK.s:26     .text.MX_DriverVbusFS:00000000 MX_DriverVbusFS
C:\Users\seblo\AppData\Local\Temp\ccdLLwCK.s:66     .text.MX_DriverVbusFS:00000014 $d

UNDEFINED SYMBOLS
HAL_GPIO_WritePin
